Traceback (most recent call last):
  File "/home/lee-j/github/SHINE-EMNLP21/SHINE-Torch/train.py", line 48, in <module>
    trainer = Trainer(params)
  File "/home/lee-j/github/SHINE-EMNLP21/SHINE-Torch/Trainer.py", line 31, in __init__
    self.adj_dict, self.features_dict, self.train_idx, self.valid_idx, self.test_idx, self.labels, self.nums_node = self.load_data()
  File "/home/lee-j/github/SHINE-EMNLP21/SHINE-Torch/Trainer.py", line 153, in load_data
    open(self.data_path + './adj_{}2{}.pkl'.format(self.type_names[0], self.type_names[i]), 'rb'))
FileNotFoundError: [Errno 2] No such file or directory: '../data/./arg_data/./adj_query2tag.pkl'
/home/lee-j/github/SHINE-EMNLP21/SHINE-Torch/utils.py:9: UserWarning: To copy construct from a tensor, it is recommended to use sourceTensor.clone().detach() or sourceTensor.clone().detach().requires_grad_(True), rather than torch.tensor(sourceTensor).
  return torch.tensor(dicts[dict_type], dtype=torch.float, device=device)
/home/lee-j/github/SHINE-EMNLP21/.shine/lib/python3.10/site-packages/sklearn/metrics/_classification.py:1469: UndefinedMetricWarning: Precision and F-score are ill-defined and being set to 0.0 in labels with no predicted samples. Use `zero_division` parameter to control this behavior.
  _warn_prf(average, modifier, msg_start, len(result))
/home/lee-j/github/SHINE-EMNLP21/.shine/lib/python3.10/site-packages/sklearn/metrics/_classification.py:1469: UndefinedMetricWarning: Precision and F-score are ill-defined and being set to 0.0 in labels with no predicted samples. Use `zero_division` parameter to control this behavior.
  _warn_prf(average, modifier, msg_start, len(result))
/home/lee-j/github/SHINE-EMNLP21/.shine/lib/python3.10/site-packages/sklearn/metrics/_classification.py:1469: UndefinedMetricWarning: Precision and F-score are ill-defined and being set to 0.0 in labels with no predicted samples. Use `zero_division` parameter to control this behavior.
  _warn_prf(average, modifier, msg_start, len(result))
80
80
1097
data process time: 1.9990251064300537
261,404 training parameters.
Epoch 1  loss: 1.3854 acc: 0.2500 time0.3615
Epoch 2  loss: 1.3869 acc: 0.2750 time0.0126
Epoch 3  loss: 1.3841 acc: 0.2750 time0.0124
Epoch 4  loss: 1.3886 acc: 0.2750 time0.0124
Epoch 5  loss: 1.3818 acc: 0.2625 time0.0123
Epoch 5  loss: 1.3866 acc: 0.2500 Valid  loss: 1.3866  acc: 0.2500  f1: 0.1000
Test  loss: 1.3911 acc: 0.1404 f1: 0.0616 time: 0.0101
[[  0 416   0   0]
 [  0 154   0   0]
 [  0 130   0   0]
 [  0 397   0   0]]
              precision    recall  f1-score   support

           0       0.00      0.00      0.00       416
           1       0.14      1.00      0.25       154
           2       0.00      0.00      0.00       130
           3       0.00      0.00      0.00       397

    accuracy                           0.14      1097
   macro avg       0.04      0.25      0.06      1097
weighted avg       0.02      0.14      0.03      1097

macro f1:  0.061550759392486006
micro f1:  0.14038286235186873
Traceback (most recent call last):
  File "/home/lee-j/github/SHINE-EMNLP21/SHINE-Torch/train.py", line 49, in <module>
    test_acc,best_f1 = trainer.train()
  File "/home/lee-j/github/SHINE-EMNLP21/SHINE-Torch/Trainer.py", line 87, in train
    self.cm(y_true.cpu().numpy(), y_pred.cpu().numpy())
  File "/home/lee-j/github/SHINE-EMNLP21/SHINE-Torch/Trainer.py", line 136, in cm
    cm_df = pd.DataFrame(cf_matrix,
  File "/home/lee-j/github/SHINE-EMNLP21/.shine/lib/python3.10/site-packages/pandas/core/frame.py", line 785, in __init__
    mgr = ndarray_to_mgr(
  File "/home/lee-j/github/SHINE-EMNLP21/.shine/lib/python3.10/site-packages/pandas/core/internals/construction.py", line 336, in ndarray_to_mgr
    _check_values_indices_shape_match(values, index, columns)
  File "/home/lee-j/github/SHINE-EMNLP21/.shine/lib/python3.10/site-packages/pandas/core/internals/construction.py", line 420, in _check_values_indices_shape_match
    raise ValueError(f"Shape of passed values is {passed}, indices imply {implied}")
ValueError: Shape of passed values is (4, 4), indices imply (3, 3)
/home/lee-j/github/SHINE-EMNLP21/SHINE-Torch/utils.py:9: UserWarning: To copy construct from a tensor, it is recommended to use sourceTensor.clone().detach() or sourceTensor.clone().detach().requires_grad_(True), rather than torch.tensor(sourceTensor).
  return torch.tensor(dicts[dict_type], dtype=torch.float, device=device)
/home/lee-j/github/SHINE-EMNLP21/.shine/lib/python3.10/site-packages/sklearn/metrics/_classification.py:1469: UndefinedMetricWarning: Precision and F-score are ill-defined and being set to 0.0 in labels with no predicted samples. Use `zero_division` parameter to control this behavior.
  _warn_prf(average, modifier, msg_start, len(result))
/home/lee-j/github/SHINE-EMNLP21/.shine/lib/python3.10/site-packages/sklearn/metrics/_classification.py:1469: UndefinedMetricWarning: Precision and F-score are ill-defined and being set to 0.0 in labels with no predicted samples. Use `zero_division` parameter to control this behavior.
  _warn_prf(average, modifier, msg_start, len(result))
/home/lee-j/github/SHINE-EMNLP21/.shine/lib/python3.10/site-packages/sklearn/metrics/_classification.py:1469: UndefinedMetricWarning: Precision and F-score are ill-defined and being set to 0.0 in labels with no predicted samples. Use `zero_division` parameter to control this behavior.
  _warn_prf(average, modifier, msg_start, len(result))
80
80
1097
data process time: 1.6547431945800781
261,404 training parameters.
Epoch 1  loss: 1.3854 acc: 0.2500 time0.3705
Epoch 2  loss: 1.3869 acc: 0.2750 time0.0126
Epoch 3  loss: 1.3841 acc: 0.2750 time0.0125
Epoch 4  loss: 1.3886 acc: 0.2750 time0.0124
Epoch 5  loss: 1.3818 acc: 0.2625 time0.0123
Epoch 5  loss: 1.3866 acc: 0.2500 Valid  loss: 1.3866  acc: 0.2500  f1: 0.1000
Test  loss: 1.3911 acc: 0.1404 f1: 0.0616 time: 0.0116
[[  0 416   0   0]
 [  0 154   0   0]
 [  0 130   0   0]
 [  0 397   0   0]]
              precision    recall  f1-score   support

           0       0.00      0.00      0.00       416
           1       0.14      1.00      0.25       154
           2       0.00      0.00      0.00       130
           3       0.00      0.00      0.00       397

    accuracy                           0.14      1097
   macro avg       0.04      0.25      0.06      1097
weighted avg       0.02      0.14      0.03      1097

macro f1:  0.061550759392486006
micro f1:  0.14038286235186873
Epoch 6  loss: 1.3850 acc: 0.2250 time0.0126
Epoch 7  loss: 1.3844 acc: 0.2500 time0.0123
Epoch 8  loss: 1.3743 acc: 0.3250 time0.0125
Epoch 9  loss: 1.3829 acc: 0.3000 time0.0124
Epoch 10  loss: 1.3758 acc: 0.3500 time0.0124
Epoch 10  loss: 1.3864 acc: 0.2500 Valid  loss: 1.3864  acc: 0.2500  f1: 0.1000
Test  loss: 1.3931 acc: 0.1404 f1: 0.0616 time: 0.0104
Epoch 11  loss: 1.3779 acc: 0.3375 time0.0124
Epoch 12  loss: 1.3837 acc: 0.3000 time0.0123
Epoch 13  loss: 1.3663 acc: 0.3750 time0.0125
Epoch 14  loss: 1.3473 acc: 0.4750 time0.0125
Epoch 15  loss: 1.3385 acc: 0.5500 time0.0126
Epoch 15  loss: 1.3392 acc: 0.6375 Valid  loss: 1.3709  acc: 0.3875  f1: 0.3258
Test  loss: 1.3682 acc: 0.3610 f1: 0.2972 time: 0.0102
[[ 18  22 194 182]
 [  4  30  37  83]
 [  6   3  82  39]
 [ 14  31  86 266]]
              precision    recall  f1-score   support

           0       0.43      0.04      0.08       416
           1       0.35      0.19      0.25       154
           2       0.21      0.63      0.31       130
           3       0.47      0.67      0.55       397

    accuracy                           0.36      1097
   macro avg       0.36      0.38      0.30      1097
weighted avg       0.40      0.36      0.30      1097

macro f1:  0.2971941606508819
micro f1:  0.3609845031905196
Epoch 16  loss: 1.3321 acc: 0.5125 time0.0126
Epoch 17  loss: 1.2889 acc: 0.6000 time0.0126
Epoch 18  loss: 1.2604 acc: 0.7625 time0.0125
Epoch 19  loss: 1.2333 acc: 0.7250 time0.0125
Epoch 20  loss: 1.1931 acc: 0.7375 time0.0125
Epoch 20  loss: 1.0852 acc: 0.7500 Valid  loss: 1.3233  acc: 0.4250  f1: 0.3791
Test  loss: 1.2997 acc: 0.3592 f1: 0.3185 time: 0.0105
Epoch 21  loss: 1.1195 acc: 0.7750 time0.0123
Epoch 22  loss: 1.0508 acc: 0.7750 time0.0124
Epoch 23  loss: 0.9549 acc: 0.8625 time0.0124
Epoch 24  loss: 0.9096 acc: 0.7500 time0.0123
Epoch 25  loss: 0.7726 acc: 0.8250 time0.0124
Epoch 25  loss: 0.6747 acc: 0.7625 Valid  loss: 1.4906  acc: 0.3750  f1: 0.3440
Test  loss: 1.4215 acc: 0.3747 f1: 0.3178 time: 0.0103
[[ 13  51 195 157]
 [  3  49  23  79]
 [  5   8  83  34]
 [  8  53  70 266]]
              precision    recall  f1-score   support

           0       0.45      0.03      0.06       416
           1       0.30      0.32      0.31       154
           2       0.22      0.64      0.33       130
           3       0.50      0.67      0.57       397

    accuracy                           0.37      1097
   macro avg       0.37      0.41      0.32      1097
weighted avg       0.42      0.37      0.31      1097

macro f1:  0.31776976172779386
micro f1:  0.37465815861440294
Epoch 26  loss: 0.7074 acc: 0.7750 time0.0125
Epoch 27  loss: 0.5924 acc: 0.8375 time0.0120
Epoch 28  loss: 0.4720 acc: 0.8375 time0.0129
Epoch 29  loss: 0.4380 acc: 0.8250 time0.0123
Epoch 30  loss: 0.3845 acc: 0.8625 time0.0123
Epoch 30  loss: 0.3571 acc: 0.8500 Valid  loss: 2.3398  acc: 0.4000  f1: 0.3786
Test  loss: 2.3780 acc: 0.3500 f1: 0.3519 time: 0.0103
Epoch 31  loss: 0.3559 acc: 0.8500 time0.0123
Epoch 32  loss: 0.3552 acc: 0.8375 time0.0123
Epoch 33  loss: 0.2817 acc: 0.8750 time0.0120
Epoch 34  loss: 0.2262 acc: 0.9375 time0.0120
Epoch 35  loss: 0.2471 acc: 0.9125 time0.0120
Epoch 35  loss: 0.1958 acc: 0.9125 Valid  loss: 4.0621  acc: 0.4250  f1: 0.4125
Test  loss: 3.9133 acc: 0.3345 f1: 0.3198 time: 0.0101
Epoch 36  loss: 0.1806 acc: 0.9375 time0.0123
Epoch 37  loss: 0.2245 acc: 0.9250 time0.0123
Epoch 38  loss: 0.1956 acc: 0.9250 time0.0120
Epoch 39  loss: 0.1596 acc: 0.9500 time0.0121
Epoch 40  loss: 0.0986 acc: 0.9750 time0.0120
Epoch 40  loss: 0.1553 acc: 0.9250 Valid  loss: 4.4376  acc: 0.4250  f1: 0.4156
Test  loss: 4.0691 acc: 0.4221 f1: 0.3803 time: 0.0101
[[188  79  29 120]
 [ 18  74  10  52]
 [ 67  19  27  17]
 [ 75 114  34 174]]
              precision    recall  f1-score   support

           0       0.54      0.45      0.49       416
           1       0.26      0.48      0.34       154
           2       0.27      0.21      0.23       130
           3       0.48      0.44      0.46       397

    accuracy                           0.42      1097
   macro avg       0.39      0.39      0.38      1097
weighted avg       0.45      0.42      0.43      1097

macro f1:  0.38029689469000816
micro f1:  0.4220601640838651
Epoch 41  loss: 0.1821 acc: 0.9250 time0.0123
Epoch 42  loss: 0.1866 acc: 0.9625 time0.0115
Epoch 43  loss: 0.0734 acc: 0.9750 time0.0110
Epoch 44  loss: 0.0774 acc: 0.9625 time0.0112
Epoch 45  loss: 0.0993 acc: 0.9625 time0.0112
Epoch 45  loss: 0.0367 acc: 0.9750 Valid  loss: 5.7825  acc: 0.4250  f1: 0.4238
Test  loss: 5.2987 acc: 0.4321 f1: 0.4095 time: 0.0102
[[190  30 102  94]
 [ 13  63  25  53]
 [ 49   6  59  16]
 [ 87  79  69 162]]
              precision    recall  f1-score   support

           0       0.56      0.46      0.50       416
           1       0.35      0.41      0.38       154
           2       0.23      0.45      0.31       130
           3       0.50      0.41      0.45       397

    accuracy                           0.43      1097
   macro avg       0.41      0.43      0.41      1097
weighted avg       0.47      0.43      0.44      1097

macro f1:  0.4095190749161718
micro f1:  0.43208751139471285
Epoch 46  loss: 0.0403 acc: 0.9875 time0.0127
Epoch 47  loss: 0.0951 acc: 0.9375 time0.0114
Epoch 48  loss: 0.0388 acc: 0.9875 time0.0111
Epoch 49  loss: 0.0289 acc: 0.9875 time0.0113
Epoch 50  loss: 0.0207 acc: 1.0000 time0.0112
Epoch 50  loss: 0.0817 acc: 0.9750 Valid  loss: 6.3012  acc: 0.4125  f1: 0.4041
Test  loss: 5.6559 acc: 0.4157 f1: 0.3824 time: 0.0105
VALID: VALID ACC 0.42500001192092896  VALID F1 0.37908685142727694 EPOCH 20
VALID: TEST ACC 0.3591613471508026 TEST F1 0.31847364274514656 EPOCH 20
GLOBAL: TEST ACC 0.4320875108242035 TEST F1 0.4095190749161718 EPOCH 45
Epoch 51  loss: 0.0450 acc: 0.9750 time0.0113
Epoch 52  loss: 0.0295 acc: 0.9875 time0.0114
Epoch 53  loss: 0.0347 acc: 0.9875 time0.0113
Epoch 54  loss: 0.0340 acc: 0.9875 time0.0112
Epoch 55  loss: 0.0118 acc: 1.0000 time0.0112
Epoch 55  loss: 0.0384 acc: 0.9875 Valid  loss: 6.8955  acc: 0.4125  f1: 0.3875
Test  loss: 6.8104 acc: 0.4002 f1: 0.3885 time: 0.0098
Epoch 56  loss: 0.0342 acc: 0.9875 time0.0118
Epoch 57  loss: 0.0224 acc: 0.9875 time0.0114
Epoch 58  loss: 0.0116 acc: 0.9875 time0.0112
Epoch 59  loss: 0.0094 acc: 1.0000 time0.0112
Epoch 60  loss: 0.0222 acc: 0.9875 time0.0106
Epoch 60  loss: 0.0320 acc: 0.9875 Valid  loss: 6.5894  acc: 0.4250  f1: 0.4286
Test  loss: 6.1960 acc: 0.4166 f1: 0.3949 time: 0.0096
Epoch 61  loss: 0.0347 acc: 0.9875 time0.0173
Epoch 62  loss: 0.0220 acc: 0.9875 time0.0107
Epoch 63  loss: 0.0048 acc: 1.0000 time0.0107
Epoch 64  loss: 0.0616 acc: 0.9875 time0.0107
Epoch 65  loss: 0.0266 acc: 0.9750 time0.0106
Epoch 65  loss: 0.0579 acc: 0.9750 Valid  loss: 6.6382  acc: 0.4125  f1: 0.3858
Test  loss: 8.0605 acc: 0.3510 f1: 0.3487 time: 0.0096
Epoch 66  loss: 0.0500 acc: 0.9875 time0.0107
Epoch 67  loss: 0.0384 acc: 0.9875 time0.0107
Epoch 68  loss: 0.0257 acc: 0.9875 time0.0105
Epoch 69  loss: 0.0243 acc: 0.9875 time0.0106
Epoch 70  loss: 0.0351 acc: 0.9875 time0.0108
Epoch 70  loss: 0.0699 acc: 0.9875 Valid  loss: 7.3431  acc: 0.3875  f1: 0.3466
Test  loss: 7.1800 acc: 0.4011 f1: 0.3750 time: 0.0096
Epoch 71  loss: 0.0224 acc: 0.9875 time0.0106
Epoch 72  loss: 0.0271 acc: 0.9875 time0.0108
Epoch 73  loss: 0.0452 acc: 0.9750 time0.0106
Epoch 74  loss: 0.0750 acc: 0.9875 time0.0106
Epoch 75  loss: 0.0557 acc: 0.9875 time0.0106
Epoch 75  loss: 0.0454 acc: 0.9875 Valid  loss: 6.9568  acc: 0.3875  f1: 0.3825
Test  loss: 7.0802 acc: 0.4157 f1: 0.3892 time: 0.0096
Epoch 76  loss: 0.0581 acc: 0.9875 time0.0114
Epoch 77  loss: 0.0497 acc: 0.9875 time0.0113
Epoch 78  loss: 0.0902 acc: 0.9875 time0.0106
Epoch 79  loss: 0.0267 acc: 0.9875 time0.0108
Epoch 80  loss: 0.0176 acc: 0.9875 time0.0106
Epoch 80  loss: 0.1045 acc: 0.9875 Valid  loss: 6.9817  acc: 0.3750  f1: 0.3365
Test  loss: 8.3217 acc: 0.3263 f1: 0.3251 time: 0.0097
Epoch 81  loss: 0.0674 acc: 0.9875 time0.0106
Epoch 82  loss: 0.0178 acc: 0.9875 time0.0108
Epoch 83  loss: 0.0777 acc: 0.9875 time0.0107
Epoch 84  loss: 0.0248 acc: 0.9875 time0.0106
Epoch 85  loss: 0.0555 acc: 0.9875 time0.0106
Epoch 85  loss: 0.0745 acc: 0.9875 Valid  loss: 6.2910  acc: 0.4250  f1: 0.4152
Test  loss: 5.8857 acc: 0.4540 f1: 0.4069 time: 0.0096
[[229  47  46  94]
 [ 27  63  14  50]
 [ 70   8  35  17]
 [ 95  91  40 171]]
              precision    recall  f1-score   support

           0       0.54      0.55      0.55       416
           1       0.30      0.41      0.35       154
           2       0.26      0.27      0.26       130
           3       0.52      0.43      0.47       397

    accuracy                           0.45      1097
   macro avg       0.40      0.41      0.41      1097
weighted avg       0.47      0.45      0.46      1097

macro f1:  0.40689663438146445
micro f1:  0.45396536007292615
Epoch 86  loss: 0.0179 acc: 0.9875 time0.0112
Epoch 87  loss: 0.0192 acc: 0.9875 time0.0107
Epoch 88  loss: 0.0523 acc: 0.9875 time0.0105
Epoch 89  loss: 0.0686 acc: 0.9875 time0.0107
Epoch 90  loss: 0.0886 acc: 0.9750 time0.0107
Epoch 90  loss: 0.0521 acc: 0.9875 Valid  loss: 6.5155  acc: 0.4125  f1: 0.3852
Test  loss: 7.5876 acc: 0.3391 f1: 0.3326 time: 0.0101
Epoch 91  loss: 0.0591 acc: 0.9875 time0.0108
Epoch 92  loss: 0.0510 acc: 0.9875 time0.0108
Epoch 93  loss: 0.0316 acc: 0.9875 time0.0105
Epoch 94  loss: 0.0719 acc: 0.9500 time0.0107
Epoch 95  loss: 0.0313 acc: 0.9875 time0.0107
Epoch 95  loss: 0.1474 acc: 0.9750 Valid  loss: 6.5952  acc: 0.4125  f1: 0.3717
Test  loss: 8.1029 acc: 0.3273 f1: 0.3236 time: 0.0142
Epoch 96  loss: 0.0628 acc: 0.9750 time0.0107
Epoch 97  loss: 0.0535 acc: 0.9875 time0.0106
Epoch 98  loss: 0.0189 acc: 0.9875 time0.0106
Epoch 99  loss: 0.0569 acc: 0.9750 time0.0106
Epoch 100  loss: 0.0538 acc: 0.9750 time0.0107
Epoch 100  loss: 0.0230 acc: 0.9875 Valid  loss: 6.6685  acc: 0.4875  f1: 0.4922
Test  loss: 7.0271 acc: 0.4029 f1: 0.3905 time: 0.0096
VALID: VALID ACC 0.48750001192092896  VALID F1 0.4921970624235006 EPOCH 100
VALID: TEST ACC 0.4029170572757721 TEST F1 0.3904680259957024 EPOCH 100
GLOBAL: TEST ACC 0.45396536588668823 TEST F1 0.40689663438146445 EPOCH 85
Epoch 101  loss: 0.0355 acc: 0.9875 time0.0112
Epoch 102  loss: 0.0104 acc: 1.0000 time0.0109
Epoch 103  loss: 0.1868 acc: 0.9250 time0.0106
Epoch 104  loss: 0.0554 acc: 0.9875 time0.0107
Epoch 105  loss: 1.9963 acc: 0.7250 time0.0106
Epoch 105  loss: 0.0326 acc: 0.9875 Valid  loss: 6.4675  acc: 0.4125  f1: 0.4026
Test  loss: 6.1698 acc: 0.4257 f1: 0.3985 time: 0.0096
Epoch 106  loss: 0.0288 acc: 0.9875 time0.0107
Epoch 107  loss: 0.1079 acc: 0.9625 time0.0108
Epoch 108  loss: 0.9460 acc: 0.7125 time0.0107
Epoch 109  loss: 0.2190 acc: 0.9250 time0.0107
Epoch 110  loss: 0.0740 acc: 0.9750 time0.0107
Epoch 110  loss: 0.1736 acc: 0.9250 Valid  loss: 5.8687  acc: 0.3500  f1: 0.3180
Test  loss: 5.7042 acc: 0.3710 f1: 0.3469 time: 0.0097
Epoch 111  loss: 0.1014 acc: 0.9500 time0.0107
Epoch 112  loss: 0.4525 acc: 0.8375 time0.0107
Epoch 113  loss: 0.4194 acc: 0.8125 time0.0106
Epoch 114  loss: 0.0970 acc: 0.9750 time0.0107
Epoch 115  loss: 0.0320 acc: 0.9875 time0.0107
Epoch 115  loss: 0.0241 acc: 0.9875 Valid  loss: 4.6097  acc: 0.4125  f1: 0.4068
Test  loss: 4.4815 acc: 0.3965 f1: 0.3849 time: 0.0095
Epoch 116  loss: 0.0263 acc: 0.9875 time0.0105
Epoch 117  loss: 0.0538 acc: 0.9875 time0.0106
Epoch 118  loss: 0.0578 acc: 0.9875 time0.0106
Epoch 119  loss: 0.0679 acc: 0.9750 time0.0106
Epoch 120  loss: 0.0979 acc: 0.9625 time0.0106
Epoch 120  loss: 0.1110 acc: 0.9875 Valid  loss: 4.2585  acc: 0.4000  f1: 0.3842
Test  loss: 4.2897 acc: 0.4175 f1: 0.3675 time: 0.0097
Epoch 121  loss: 0.0642 acc: 0.9750 time0.0107
Epoch 122  loss: 0.0394 acc: 0.9875 time0.0108
Epoch 123  loss: 0.0583 acc: 0.9750 time0.0106
Epoch 124  loss: 0.0650 acc: 0.9625 time0.0106
Epoch 125  loss: 0.0515 acc: 0.9875 time0.0106
Epoch 125  loss: 0.0839 acc: 0.9875 Valid  loss: 4.3950  acc: 0.4000  f1: 0.4018
Test  loss: 4.2576 acc: 0.4257 f1: 0.3831 time: 0.0122
Epoch 126  loss: 0.0500 acc: 0.9875 time0.0109
Epoch 127  loss: 0.0294 acc: 0.9875 time0.0108
Epoch 128  loss: 0.0272 acc: 1.0000 time0.0106
Epoch 129  loss: 0.0507 acc: 0.9750 time0.0106
Epoch 130  loss: 0.0649 acc: 0.9875 time0.0107
Epoch 130  loss: 0.0209 acc: 0.9875 Valid  loss: 4.9228  acc: 0.3500  f1: 0.3365
Test  loss: 5.2072 acc: 0.3692 f1: 0.3602 time: 0.0098
Epoch 131  loss: 0.0311 acc: 0.9875 time0.0108
Epoch 132  loss: 0.0650 acc: 0.9750 time0.0109
Epoch 133  loss: 0.0286 acc: 0.9875 time0.0108
Epoch 134  loss: 0.0554 acc: 0.9750 time0.0106
Epoch 135  loss: 0.0456 acc: 0.9875 time0.0106
Epoch 135  loss: 0.0337 acc: 0.9875 Valid  loss: 5.1388  acc: 0.3625  f1: 0.3598
Test  loss: 5.0421 acc: 0.3865 f1: 0.3666 time: 0.0099
Epoch 136  loss: 0.0384 acc: 0.9875 time0.0108
Epoch 137  loss: 0.0279 acc: 0.9875 time0.0110
Epoch 138  loss: 0.0351 acc: 0.9875 time0.0106
Epoch 139  loss: 0.0526 acc: 0.9750 time0.0106
Epoch 140  loss: 0.0454 acc: 0.9750 time0.0106
Epoch 140  loss: 0.0333 acc: 0.9875 Valid  loss: 5.3409  acc: 0.4000  f1: 0.3949
Test  loss: 5.2138 acc: 0.4002 f1: 0.3841 time: 0.0095
Epoch 141  loss: 0.0288 acc: 0.9875 time0.0106
Epoch 142  loss: 0.0214 acc: 0.9875 time0.0108
Epoch 143  loss: 0.0228 acc: 0.9875 time0.0106
Epoch 144  loss: 0.0344 acc: 0.9875 time0.0106
Epoch 145  loss: 0.0337 acc: 0.9875 time0.0107
Epoch 145  loss: 0.0185 acc: 0.9875 Valid  loss: 5.8989  acc: 0.4375  f1: 0.4077
Test  loss: 5.7642 acc: 0.3710 f1: 0.3622 time: 0.0095
Epoch 146  loss: 0.0846 acc: 0.9875 time0.0107
Epoch 147  loss: 0.0584 acc: 0.9750 time0.0107
Epoch 148  loss: 0.0621 acc: 0.9875 time0.0108
Epoch 149  loss: 0.0264 acc: 0.9875 time0.0108
Epoch 150  loss: 0.0460 acc: 0.9875 time0.0106
Epoch 150  loss: 0.0213 acc: 0.9875 Valid  loss: 6.1126  acc: 0.4125  f1: 0.3996
Test  loss: 5.6792 acc: 0.3820 f1: 0.3648 time: 0.0095
VALID: VALID ACC 0.48750001192092896  VALID F1 0.4921970624235006 EPOCH 100
VALID: TEST ACC 0.4029170572757721 TEST F1 0.3904680259957024 EPOCH 100
GLOBAL: TEST ACC 0.45396536588668823 TEST F1 0.40689663438146445 EPOCH 85
Epoch 151  loss: 0.0415 acc: 0.9750 time0.0108
Epoch 152  loss: 0.0389 acc: 0.9875 time0.0107
Epoch 153  loss: 0.0176 acc: 0.9875 time0.0106
Epoch 154  loss: 0.0228 acc: 0.9875 time0.0107
Epoch 155  loss: 0.0183 acc: 1.0000 time0.0107
Epoch 155  loss: 0.0216 acc: 0.9875 Valid  loss: 5.4553  acc: 0.4625  f1: 0.4450
Test  loss: 5.6043 acc: 0.3783 f1: 0.3728 time: 0.0095
Epoch 156  loss: 0.0253 acc: 0.9875 time0.0107
Epoch 157  loss: 0.0281 acc: 0.9875 time0.0108
Epoch 158  loss: 0.0466 acc: 0.9875 time0.0107
Epoch 159  loss: 0.0350 acc: 0.9875 time0.0106
Epoch 160  loss: 0.0251 acc: 0.9875 time0.0106
Epoch 160  loss: 0.0200 acc: 0.9875 Valid  loss: 5.7235  acc: 0.4500  f1: 0.4229
Test  loss: 6.1547 acc: 0.3537 f1: 0.3534 time: 0.0098
Epoch 161  loss: 0.0407 acc: 0.9875 time0.0108
Epoch 162  loss: 0.0300 acc: 0.9875 time0.0108
Epoch 163  loss: 0.0385 acc: 0.9875 time0.0108
Epoch 164  loss: 0.0153 acc: 0.9875 time0.0107
Epoch 165  loss: 0.0172 acc: 0.9875 time0.0107
Epoch 165  loss: 0.0543 acc: 0.9875 Valid  loss: 5.1818  acc: 0.4625  f1: 0.4645
Test  loss: 5.1640 acc: 0.4294 f1: 0.3991 time: 0.0095
Epoch 166  loss: 0.0626 acc: 0.9875 time0.0107
Epoch 167  loss: 0.0221 acc: 0.9875 time0.0107
Epoch 168  loss: 0.0402 acc: 0.9875 time0.0107
Epoch 169  loss: 0.0453 acc: 0.9875 time0.0106
Epoch 170  loss: 0.0484 acc: 0.9875 time0.0106
Epoch 170  loss: 0.0478 acc: 0.9875 Valid  loss: 6.1254  acc: 0.4500  f1: 0.4303
Test  loss: 6.1357 acc: 0.3710 f1: 0.3649 time: 0.0096
Epoch 171  loss: 0.0284 acc: 0.9875 time0.0106
Epoch 172  loss: 0.0387 acc: 0.9875 time0.0108
Epoch 173  loss: 0.0195 acc: 0.9875 time0.0106
Epoch 174  loss: 0.0154 acc: 0.9875 time0.0107
Epoch 175  loss: 0.0228 acc: 0.9875 time0.0106
Epoch 175  loss: 0.0228 acc: 0.9875 Valid  loss: 5.3803  acc: 0.4000  f1: 0.3956
Test  loss: 5.3268 acc: 0.3929 f1: 0.3775 time: 0.0096
Epoch 176  loss: 0.0262 acc: 0.9875 time0.0107
Epoch 177  loss: 0.0309 acc: 0.9875 time0.0108
Epoch 178  loss: 0.0315 acc: 0.9875 time0.0107
Epoch 179  loss: 0.0240 acc: 0.9750 time0.0107
Epoch 180  loss: 0.0189 acc: 0.9875 time0.0106
Epoch 180  loss: 0.0394 acc: 0.9875 Valid  loss: 4.9845  acc: 0.4750  f1: 0.4704
Test  loss: 5.3525 acc: 0.4075 f1: 0.3893 time: 0.0095
Epoch 181  loss: 0.0168 acc: 1.0000 time0.0108
Epoch 182  loss: 0.0189 acc: 0.9875 time0.0107
Epoch 183  loss: 0.0386 acc: 0.9875 time0.0106
Epoch 184  loss: 0.0145 acc: 1.0000 time0.0107
Epoch 185  loss: 0.0203 acc: 0.9875 time0.0107
Epoch 185  loss: 0.0352 acc: 0.9875 Valid  loss: 5.7264  acc: 0.4250  f1: 0.3946
Test  loss: 6.3153 acc: 0.3473 f1: 0.3454 time: 0.0095
Epoch 186  loss: 0.0411 acc: 0.9875 time0.0107
Epoch 187  loss: 0.0262 acc: 0.9875 time0.0107
Epoch 188  loss: 0.0398 acc: 0.9875 time0.0106
Epoch 189  loss: 0.0198 acc: 0.9875 time0.0106
Epoch 190  loss: 0.0321 acc: 0.9875 time0.0105
Epoch 190  loss: 0.0203 acc: 0.9875 Valid  loss: 5.4817  acc: 0.4375  f1: 0.4098
Test  loss: 5.8736 acc: 0.3582 f1: 0.3555 time: 0.0096
Epoch 191  loss: 0.0291 acc: 0.9875 time0.0107
Epoch 192  loss: 0.0258 acc: 0.9875 time0.0108
Epoch 193  loss: 0.0205 acc: 0.9875 time0.0107
Epoch 194  loss: 0.0224 acc: 0.9750 time0.0106
Epoch 195  loss: 0.0307 acc: 0.9875 time0.0106
Epoch 195  loss: 0.0225 acc: 0.9875 Valid  loss: 5.6199  acc: 0.4625  f1: 0.4417
Test  loss: 5.8078 acc: 0.3628 f1: 0.3585 time: 0.0095
Epoch 196  loss: 0.0306 acc: 0.9875 time0.0107
Epoch 197  loss: 0.0641 acc: 0.9875 time0.0107
Epoch 198  loss: 0.0528 acc: 0.9875 time0.0107
Epoch 199  loss: 0.0581 acc: 0.9875 time0.0108
Epoch 200  loss: 0.0628 acc: 0.9875 time0.0107
Epoch 200  loss: 0.0570 acc: 0.9875 Valid  loss: 4.9198  acc: 0.4750  f1: 0.4766
Test  loss: 5.1698 acc: 0.4166 f1: 0.3936 time: 0.0096
VALID: VALID ACC 0.48750001192092896  VALID F1 0.4921970624235006 EPOCH 100
VALID: TEST ACC 0.4029170572757721 TEST F1 0.3904680259957024 EPOCH 100
GLOBAL: TEST ACC 0.45396536588668823 TEST F1 0.40689663438146445 EPOCH 85
Epoch 201  loss: 0.0458 acc: 0.9875 time0.0112
Epoch 202  loss: 0.0325 acc: 0.9875 time0.0109
Epoch 203  loss: 0.0157 acc: 0.9875 time0.0105
Epoch 204  loss: 0.0096 acc: 1.0000 time0.0107
Epoch 205  loss: 0.0476 acc: 0.9875 time0.0106
Epoch 205  loss: 0.0480 acc: 0.9875 Valid  loss: 5.6082  acc: 0.4250  f1: 0.3921
Test  loss: 6.3941 acc: 0.3409 f1: 0.3389 time: 0.0097
Epoch 206  loss: 0.0493 acc: 0.9875 time0.0106
Epoch 207  loss: 0.0236 acc: 0.9875 time0.0108
Epoch 208  loss: 0.0285 acc: 0.9875 time0.0106
Epoch 209  loss: 0.0216 acc: 0.9875 time0.0106
Epoch 210  loss: 0.0332 acc: 0.9750 time0.0107
Epoch 210  loss: 0.0323 acc: 0.9875 Valid  loss: 4.7807  acc: 0.4625  f1: 0.4586
Test  loss: 5.1844 acc: 0.4011 f1: 0.3877 time: 0.0095
Epoch 211  loss: 0.0319 acc: 0.9875 time0.0108
Epoch 212  loss: 0.0480 acc: 0.9875 time0.0109
Epoch 213  loss: 0.0279 acc: 0.9875 time0.0108
Epoch 214  loss: 0.0120 acc: 1.0000 time0.0107
Epoch 215  loss: 0.0245 acc: 0.9875 time0.0107
Epoch 215  loss: 0.0467 acc: 0.9875 Valid  loss: 5.6058  acc: 0.4500  f1: 0.4169
Test  loss: 5.8409 acc: 0.3555 f1: 0.3459 time: 0.0095
Epoch 216  loss: 0.0180 acc: 1.0000 time0.0106
Epoch 217  loss: 0.0368 acc: 0.9875 time0.0110
Epoch 218  loss: 0.0471 acc: 0.9875 time0.0106
Epoch 219  loss: 0.0264 acc: 0.9875 time0.0106
Epoch 220  loss: 0.0101 acc: 1.0000 time0.0106
Epoch 220  loss: 0.0239 acc: 0.9875 Valid  loss: 4.6567  acc: 0.4750  f1: 0.4739
Test  loss: 5.0596 acc: 0.4029 f1: 0.3897 time: 0.0095
Epoch 221  loss: 0.0165 acc: 0.9875 time0.0111
Epoch 222  loss: 0.0245 acc: 0.9750 time0.0111
Epoch 223  loss: 0.0237 acc: 0.9875 time0.0105
Epoch 224  loss: 0.0274 acc: 0.9875 time0.0107
Epoch 225  loss: 0.0496 acc: 0.9875 time0.0107
Epoch 225  loss: 0.0187 acc: 0.9875 Valid  loss: 4.9404  acc: 0.4375  f1: 0.4145
Test  loss: 5.3275 acc: 0.3838 f1: 0.3780 time: 0.0095
Epoch 226  loss: 0.0224 acc: 0.9750 time0.0108
Epoch 227  loss: 0.0121 acc: 1.0000 time0.0107
Epoch 228  loss: 0.0572 acc: 0.9875 time0.0106
Epoch 229  loss: 0.0531 acc: 0.9875 time0.0106
Epoch 230  loss: 0.0270 acc: 0.9875 time0.0106
Epoch 230  loss: 0.0205 acc: 0.9875 Valid  loss: 5.0311  acc: 0.4375  f1: 0.4175
Test  loss: 5.3626 acc: 0.3692 f1: 0.3649 time: 0.0095
Epoch 231  loss: 0.0288 acc: 0.9875 time0.0108
Epoch 232  loss: 0.0265 acc: 0.9875 time0.0107
Epoch 233  loss: 0.0215 acc: 0.9875 time0.0106
Epoch 234  loss: 0.0141 acc: 0.9875 time0.0106
Epoch 235  loss: 0.0408 acc: 0.9875 time0.0107
Epoch 235  loss: 0.0212 acc: 0.9875 Valid  loss: 4.8145  acc: 0.4625  f1: 0.4481
Test  loss: 5.3600 acc: 0.3947 f1: 0.3860 time: 0.0095
Epoch 236  loss: 0.0249 acc: 0.9750 time0.0107
Epoch 237  loss: 0.0222 acc: 0.9875 time0.0108
Epoch 238  loss: 0.0308 acc: 0.9750 time0.0106
Epoch 239  loss: 0.0276 acc: 0.9875 time0.0107
Epoch 240  loss: 0.0272 acc: 0.9750 time0.0107
Epoch 240  loss: 0.0184 acc: 0.9875 Valid  loss: 5.0142  acc: 0.4500  f1: 0.4283
Test  loss: 5.5790 acc: 0.3582 f1: 0.3586 time: 0.0096
Epoch 241  loss: 0.0178 acc: 0.9875 time0.0108
Epoch 242  loss: 0.0224 acc: 0.9875 time0.0110
Epoch 243  loss: 0.0207 acc: 0.9875 time0.0106
Epoch 244  loss: 0.0286 acc: 0.9875 time0.0108
Epoch 245  loss: 0.0280 acc: 0.9875 time0.0106
Epoch 245  loss: 0.0181 acc: 0.9875 Valid  loss: 4.9607  acc: 0.4500  f1: 0.4324
Test  loss: 5.4205 acc: 0.3674 f1: 0.3683 time: 0.0095
Epoch 246  loss: 0.0226 acc: 0.9875 time0.0107
Epoch 247  loss: 0.0129 acc: 1.0000 time0.0109
Epoch 248  loss: 0.0245 acc: 0.9875 time0.0107
Epoch 249  loss: 0.0199 acc: 0.9875 time0.0107
Epoch 250  loss: 0.0384 acc: 0.9875 time0.0106
Epoch 250  loss: 0.0668 acc: 0.9875 Valid  loss: 5.5947  acc: 0.4375  f1: 0.4077
Test  loss: 6.1668 acc: 0.3364 f1: 0.3310 time: 0.0095
VALID: VALID ACC 0.48750001192092896  VALID F1 0.4921970624235006 EPOCH 100
VALID: TEST ACC 0.4029170572757721 TEST F1 0.3904680259957024 EPOCH 100
GLOBAL: TEST ACC 0.45396536588668823 TEST F1 0.40689663438146445 EPOCH 85
Epoch 251  loss: 0.0315 acc: 0.9875 time0.0106
Epoch 252  loss: 0.0271 acc: 0.9875 time0.0108
Epoch 253  loss: 0.0228 acc: 0.9875 time0.0106
Epoch 254  loss: 0.0199 acc: 0.9875 time0.0107
Epoch 255  loss: 0.0114 acc: 1.0000 time0.0108
Epoch 255  loss: 0.0346 acc: 0.9875 Valid  loss: 4.7705  acc: 0.4500  f1: 0.4523
Test  loss: 4.8572 acc: 0.4275 f1: 0.4065 time: 0.0095
Epoch 256  loss: 0.0403 acc: 0.9750 time0.0106
Epoch 257  loss: 0.0554 acc: 0.9875 time0.0108
Epoch 258  loss: 0.0356 acc: 0.9750 time0.0106
Epoch 259  loss: 0.0237 acc: 0.9875 time0.0105
Epoch 260  loss: 0.0178 acc: 0.9875 time0.0106
Epoch 260  loss: 0.0205 acc: 0.9875 Valid  loss: 5.1400  acc: 0.4500  f1: 0.4321
Test  loss: 5.3759 acc: 0.3774 f1: 0.3703 time: 0.0095
Epoch 261  loss: 0.0421 acc: 0.9750 time0.0107
Epoch 262  loss: 0.0284 acc: 0.9875 time0.0107
Epoch 263  loss: 0.0310 acc: 0.9875 time0.0106
Epoch 264  loss: 0.0419 acc: 0.9875 time0.0107
Epoch 265  loss: 0.0407 acc: 0.9875 time0.0106
Epoch 265  loss: 0.0261 acc: 0.9875 Valid  loss: 5.3720  acc: 0.4375  f1: 0.4090
Test  loss: 5.7443 acc: 0.3619 f1: 0.3610 time: 0.0095
Epoch 266  loss: 0.0228 acc: 0.9875 time0.0106
Epoch 267  loss: 0.0205 acc: 0.9875 time0.0109
Epoch 268  loss: 0.0120 acc: 1.0000 time0.0107
Epoch 269  loss: 0.0303 acc: 0.9875 time0.0107
Epoch 270  loss: 0.0619 acc: 0.9875 time0.0106
Epoch 270  loss: 0.0527 acc: 0.9875 Valid  loss: 4.7826  acc: 0.4750  f1: 0.4726
Test  loss: 5.0108 acc: 0.4175 f1: 0.3925 time: 0.0095
Epoch 271  loss: 0.0393 acc: 0.9875 time0.0107
Epoch 272  loss: 0.0329 acc: 0.9875 time0.0108
Epoch 273  loss: 0.0234 acc: 0.9875 time0.0106
Epoch 274  loss: 0.0266 acc: 0.9750 time0.0106
Epoch 275  loss: 0.0291 acc: 0.9875 time0.0107
Epoch 275  loss: 0.0875 acc: 0.9750 Valid  loss: 5.7723  acc: 0.4500  f1: 0.4171
Test  loss: 6.4315 acc: 0.3327 f1: 0.3268 time: 0.0097
Epoch 276  loss: 0.0260 acc: 0.9875 time0.0106
Epoch 277  loss: 0.0477 acc: 0.9875 time0.0107
Epoch 278  loss: 0.0382 acc: 0.9875 time0.0105
Epoch 279  loss: 0.0130 acc: 0.9875 time0.0107
Epoch 280  loss: 0.0187 acc: 0.9875 time0.0106
Epoch 280  loss: 0.0177 acc: 0.9875 Valid  loss: 4.9535  acc: 0.4250  f1: 0.4023
Test  loss: 5.3876 acc: 0.3865 f1: 0.3792 time: 0.0095
Epoch 281  loss: 0.0153 acc: 0.9875 time0.0106
Epoch 282  loss: 0.0365 acc: 0.9875 time0.0107
Epoch 283  loss: 0.0142 acc: 1.0000 time0.0107
Epoch 284  loss: 0.0270 acc: 0.9875 time0.0106
Epoch 285  loss: 0.0227 acc: 0.9875 time0.0106
Epoch 285  loss: 0.0458 acc: 0.9875 Valid  loss: 4.8247  acc: 0.4125  f1: 0.4138
Test  loss: 4.6285 acc: 0.4294 f1: 0.3981 time: 0.0095
Epoch 286  loss: 0.0171 acc: 0.9875 time0.0107
Epoch 287  loss: 0.0430 acc: 0.9875 time0.0108
Epoch 288  loss: 0.0441 acc: 0.9875 time0.0106
Epoch 289  loss: 0.0120 acc: 1.0000 time0.0106
Epoch 290  loss: 0.0266 acc: 0.9875 time0.0107
Epoch 290  loss: 0.0181 acc: 0.9875 Valid  loss: 5.1325  acc: 0.4625  f1: 0.4543
Test  loss: 5.0274 acc: 0.3993 f1: 0.3829 time: 0.0098
Epoch 291  loss: 0.0286 acc: 0.9750 time0.0109
Epoch 292  loss: 0.0168 acc: 1.0000 time0.0108
Epoch 293  loss: 0.0254 acc: 0.9875 time0.0107
Epoch 294  loss: 0.0178 acc: 0.9875 time0.0107
Epoch 295  loss: 0.0137 acc: 1.0000 time0.0106
Epoch 295  loss: 0.0177 acc: 0.9875 Valid  loss: 4.9099  acc: 0.4625  f1: 0.4597
Test  loss: 5.0162 acc: 0.4011 f1: 0.3884 time: 0.0095
Epoch 296  loss: 0.0249 acc: 0.9875 time0.0106
Epoch 297  loss: 0.0189 acc: 0.9875 time0.0106
Epoch 298  loss: 0.0415 acc: 0.9875 time0.0105
Epoch 299  loss: 0.0156 acc: 0.9875 time0.0107
Epoch 300  loss: 0.0223 acc: 0.9875 time0.0107
Epoch 300  loss: 0.0180 acc: 0.9875 Valid  loss: 4.8726  acc: 0.4500  f1: 0.4371
Test  loss: 5.2406 acc: 0.3920 f1: 0.3832 time: 0.0095
VALID: VALID ACC 0.48750001192092896  VALID F1 0.4921970624235006 EPOCH 100
VALID: TEST ACC 0.4029170572757721 TEST F1 0.3904680259957024 EPOCH 100
GLOBAL: TEST ACC 0.45396536588668823 TEST F1 0.40689663438146445 EPOCH 85
Epoch 301  loss: 0.0242 acc: 0.9750 time0.0107
Epoch 302  loss: 0.0229 acc: 0.9750 time0.0106
Epoch 303  loss: 0.0312 acc: 0.9750 time0.0106
Epoch 304  loss: 0.0261 acc: 0.9875 time0.0107
Epoch 305  loss: 0.0370 acc: 0.9750 time0.0107
Epoch 305  loss: 0.0215 acc: 0.9875 Valid  loss: 4.8588  acc: 0.4500  f1: 0.4415
Test  loss: 5.1854 acc: 0.4029 f1: 0.3891 time: 0.0095
Epoch 306  loss: 0.0244 acc: 0.9875 time0.0110
Epoch 307  loss: 0.0178 acc: 1.0000 time0.0109
Epoch 308  loss: 0.0273 acc: 0.9875 time0.0105
Epoch 309  loss: 0.0159 acc: 1.0000 time0.0107
Epoch 310  loss: 0.0373 acc: 0.9875 time0.0107
Epoch 310  loss: 0.0347 acc: 0.9875 Valid  loss: 4.8290  acc: 0.4500  f1: 0.4424
Test  loss: 4.9961 acc: 0.4184 f1: 0.3998 time: 0.0095
Epoch 311  loss: 0.0370 acc: 0.9875 time0.0108
Epoch 312  loss: 0.0175 acc: 0.9875 time0.0108
Epoch 313  loss: 0.0155 acc: 1.0000 time0.0105
Epoch 314  loss: 0.0424 acc: 0.9875 time0.0123
Epoch 315  loss: 0.0334 acc: 0.9875 time0.0108
Epoch 315  loss: 0.0439 acc: 0.9875 Valid  loss: 5.4593  acc: 0.4500  f1: 0.4201
Test  loss: 5.9614 acc: 0.3592 f1: 0.3480 time: 0.0101
Epoch 316  loss: 0.0454 acc: 0.9875 time0.0107
Epoch 317  loss: 0.0264 acc: 0.9875 time0.0107
Epoch 318  loss: 0.0238 acc: 0.9875 time0.0107
Epoch 319  loss: 0.0218 acc: 0.9875 time0.0107
Epoch 320  loss: 0.0229 acc: 0.9875 time0.0106
Epoch 320  loss: 0.0268 acc: 0.9875 Valid  loss: 4.7946  acc: 0.4500  f1: 0.4514
Test  loss: 5.1107 acc: 0.4157 f1: 0.4006 time: 0.0096
Epoch 321  loss: 0.0374 acc: 0.9875 time0.0106
Epoch 322  loss: 0.0431 acc: 0.9875 time0.0106
Epoch 323  loss: 0.0418 acc: 0.9875 time0.0106
Epoch 324  loss: 0.0174 acc: 0.9875 time0.0108
Epoch 325  loss: 0.0225 acc: 0.9875 time0.0107
Epoch 325  loss: 0.0324 acc: 0.9875 Valid  loss: 5.4148  acc: 0.4250  f1: 0.3926
Test  loss: 6.0167 acc: 0.3510 f1: 0.3488 time: 0.0095
Epoch 326  loss: 0.0134 acc: 1.0000 time0.0106
Epoch 327  loss: 0.0226 acc: 0.9875 time0.0107
Epoch 328  loss: 0.0170 acc: 0.9875 time0.0107
Epoch 329  loss: 0.0298 acc: 0.9750 time0.0106
Epoch 330  loss: 0.0284 acc: 0.9875 time0.0106
Epoch 330  loss: 0.0235 acc: 0.9875 Valid  loss: 5.2198  acc: 0.4625  f1: 0.4359
Test  loss: 5.8343 acc: 0.3619 f1: 0.3589 time: 0.0102
Epoch 331  loss: 0.0321 acc: 0.9875 time0.0109
Epoch 332  loss: 0.0222 acc: 0.9875 time0.0110
Epoch 333  loss: 0.0337 acc: 0.9750 time0.0107
Epoch 334  loss: 0.0256 acc: 0.9875 time0.0107
Epoch 335  loss: 0.0306 acc: 0.9875 time0.0106
Epoch 335  loss: 0.0435 acc: 0.9875 Valid  loss: 4.8018  acc: 0.4625  f1: 0.4586
Test  loss: 4.8949 acc: 0.4230 f1: 0.3964 time: 0.0095
Epoch 336  loss: 0.0423 acc: 0.9875 time0.0108
Epoch 337  loss: 0.0226 acc: 0.9875 time0.0108
Epoch 338  loss: 0.0244 acc: 0.9875 time0.0105
Epoch 339  loss: 0.0165 acc: 0.9875 time0.0106
Epoch 340  loss: 0.0333 acc: 0.9750 time0.0107
Epoch 340  loss: 0.0268 acc: 0.9875 Valid  loss: 5.0801  acc: 0.4625  f1: 0.4417
Test  loss: 5.5384 acc: 0.3728 f1: 0.3641 time: 0.0095
Epoch 341  loss: 0.0319 acc: 0.9875 time0.0106
Epoch 342  loss: 0.0262 acc: 0.9875 time0.0107
Epoch 343  loss: 0.0093 acc: 1.0000 time0.0106
Epoch 344  loss: 0.0170 acc: 0.9875 time0.0107
Epoch 345  loss: 0.0347 acc: 0.9875 time0.0107
Epoch 345  loss: 0.0233 acc: 0.9875 Valid  loss: 4.9360  acc: 0.4750  f1: 0.4615
Test  loss: 5.2427 acc: 0.3829 f1: 0.3740 time: 0.0095
Epoch 346  loss: 0.0209 acc: 0.9875 time0.0106
Epoch 347  loss: 0.0293 acc: 0.9750 time0.0107
Epoch 348  loss: 0.0176 acc: 0.9875 time0.0107
Epoch 349  loss: 0.0230 acc: 0.9750 time0.0109
Epoch 350  loss: 0.0273 acc: 0.9875 time0.0106
Epoch 350  loss: 0.0181 acc: 0.9875 Valid  loss: 4.6411  acc: 0.4750  f1: 0.4700
Test  loss: 5.0873 acc: 0.4011 f1: 0.3920 time: 0.0095
VALID: VALID ACC 0.48750001192092896  VALID F1 0.4921970624235006 EPOCH 100
VALID: TEST ACC 0.4029170572757721 TEST F1 0.3904680259957024 EPOCH 100
GLOBAL: TEST ACC 0.45396536588668823 TEST F1 0.40689663438146445 EPOCH 85
Epoch 351  loss: 0.0256 acc: 0.9875 time0.0106
Epoch 352  loss: 0.0238 acc: 0.9875 time0.0109
Epoch 353  loss: 0.0287 acc: 0.9875 time0.0107
Epoch 354  loss: 0.0126 acc: 1.0000 time0.0107
Epoch 355  loss: 0.0274 acc: 0.9875 time0.0109
Epoch 355  loss: 0.0193 acc: 0.9875 Valid  loss: 4.8911  acc: 0.4000  f1: 0.3594
Test  loss: 5.5984 acc: 0.3646 f1: 0.3631 time: 0.0095
Epoch 356  loss: 0.0167 acc: 0.9875 time0.0109
Epoch 357  loss: 0.0117 acc: 1.0000 time0.0109
Epoch 358  loss: 0.0234 acc: 0.9875 time0.0108
Epoch 359  loss: 0.0231 acc: 0.9875 time0.0107
Epoch 360  loss: 0.0264 acc: 0.9875 time0.0107
Epoch 360  loss: 0.0199 acc: 0.9875 Valid  loss: 5.0455  acc: 0.4500  f1: 0.4145
Test  loss: 5.7557 acc: 0.3829 f1: 0.3705 time: 0.0097
Epoch 361  loss: 0.0206 acc: 1.0000 time0.0107
Epoch 362  loss: 0.0300 acc: 0.9875 time0.0109
Epoch 363  loss: 0.0174 acc: 1.0000 time0.0106
Epoch 364  loss: 0.0176 acc: 1.0000 time0.0118
Epoch 365  loss: 0.0192 acc: 0.9875 time0.0107
Epoch 365  loss: 0.0184 acc: 0.9875 Valid  loss: 4.9549  acc: 0.4250  f1: 0.3967
Test  loss: 5.6768 acc: 0.3619 f1: 0.3607 time: 0.0099
Epoch 366  loss: 0.0320 acc: 0.9875 time0.0107
Epoch 367  loss: 0.0200 acc: 0.9875 time0.0105
Epoch 368  loss: 0.0142 acc: 1.0000 time0.0107
Epoch 369  loss: 0.0306 acc: 0.9750 time0.0106
Epoch 370  loss: 0.0230 acc: 0.9875 time0.0106
Epoch 370  loss: 0.0256 acc: 0.9875 Valid  loss: 4.7696  acc: 0.4625  f1: 0.4626
Test  loss: 5.0567 acc: 0.4239 f1: 0.4085 time: 0.0093
Epoch 371  loss: 0.0405 acc: 0.9875 time0.0105
Epoch 372  loss: 0.0250 acc: 0.9875 time0.0107
Epoch 373  loss: 0.0094 acc: 1.0000 time0.0105
Epoch 374  loss: 0.0312 acc: 0.9875 time0.0106
Epoch 375  loss: 0.0193 acc: 0.9875 time0.0108
Epoch 375  loss: 0.0222 acc: 0.9875 Valid  loss: 5.0253  acc: 0.4750  f1: 0.4624
Test  loss: 5.4491 acc: 0.3820 f1: 0.3756 time: 0.0094
Epoch 376  loss: 0.0132 acc: 1.0000 time0.0107
Epoch 377  loss: 0.0230 acc: 0.9875 time0.0106
Epoch 378  loss: 0.0127 acc: 1.0000 time0.0107
Epoch 379  loss: 0.0275 acc: 0.9750 time0.0107
Epoch 380  loss: 0.0355 acc: 0.9875 time0.0107
Epoch 380  loss: 0.0193 acc: 0.9875 Valid  loss: 4.8863  acc: 0.4625  f1: 0.4500
Test  loss: 5.3313 acc: 0.3911 f1: 0.3842 time: 0.0095
Epoch 381  loss: 0.0174 acc: 0.9875 time0.0106
Epoch 382  loss: 0.0303 acc: 0.9875 time0.0107
Epoch 383  loss: 0.0304 acc: 0.9875 time0.0107
Epoch 384  loss: 0.0236 acc: 0.9875 time0.0106
Epoch 385  loss: 0.0218 acc: 0.9875 time0.0107
Epoch 385  loss: 0.0325 acc: 0.9875 Valid  loss: 5.2575  acc: 0.4625  f1: 0.4416
Test  loss: 5.7825 acc: 0.3637 f1: 0.3596 time: 0.0092
Epoch 386  loss: 0.0256 acc: 0.9875 time0.0107
Epoch 387  loss: 0.0102 acc: 1.0000 time0.0107
Epoch 388  loss: 0.0274 acc: 0.9875 time0.0108
Epoch 389  loss: 0.0241 acc: 0.9875 time0.0106
Epoch 390  loss: 0.0143 acc: 1.0000 time0.0108
Epoch 390  loss: 0.0178 acc: 0.9875 Valid  loss: 4.8141  acc: 0.4375  f1: 0.4221
Test  loss: 5.3862 acc: 0.3820 f1: 0.3773 time: 0.0094
Epoch 391  loss: 0.0234 acc: 0.9875 time0.0106
Epoch 392  loss: 0.0298 acc: 0.9750 time0.0106
Epoch 393  loss: 0.0286 acc: 0.9750 time0.0107
Epoch 394  loss: 0.0191 acc: 0.9875 time0.0143
Epoch 395  loss: 0.0167 acc: 0.9875 time0.0107
Epoch 395  loss: 0.0184 acc: 0.9875 Valid  loss: 4.8240  acc: 0.4500  f1: 0.4354
Test  loss: 5.4836 acc: 0.3801 f1: 0.3753 time: 0.0093
Epoch 396  loss: 0.0374 acc: 0.9750 time0.0107
Epoch 397  loss: 0.0152 acc: 0.9875 time0.0106
Epoch 398  loss: 0.0226 acc: 0.9875 time0.0108
Epoch 399  loss: 0.0289 acc: 0.9875 time0.0107
Epoch 400  loss: 0.0165 acc: 0.9875 time0.0107
Epoch 400  loss: 0.0191 acc: 0.9875 Valid  loss: 4.8571  acc: 0.4625  f1: 0.4520
Test  loss: 5.3592 acc: 0.3829 f1: 0.3744 time: 0.0091
VALID: VALID ACC 0.48750001192092896  VALID F1 0.4921970624235006 EPOCH 100
VALID: TEST ACC 0.4029170572757721 TEST F1 0.3904680259957024 EPOCH 100
GLOBAL: TEST ACC 0.45396536588668823 TEST F1 0.40689663438146445 EPOCH 85
Epoch 401  loss: 0.0190 acc: 0.9875 time0.0108
Epoch 402  loss: 0.0237 acc: 0.9875 time0.0107
Epoch 403  loss: 0.0255 acc: 0.9750 time0.0107
Epoch 404  loss: 0.0188 acc: 0.9875 time0.0107
Epoch 405  loss: 0.0156 acc: 0.9875 time0.0107
Epoch 405  loss: 0.0193 acc: 0.9875 Valid  loss: 4.8937  acc: 0.4375  f1: 0.4180
Test  loss: 5.5665 acc: 0.3820 f1: 0.3789 time: 0.0093
Epoch 406  loss: 0.0163 acc: 0.9875 time0.0107
Epoch 407  loss: 0.0230 acc: 0.9875 time0.0107
Epoch 408  loss: 0.0331 acc: 0.9875 time0.0107
Epoch 409  loss: 0.0155 acc: 0.9875 time0.0108
Epoch 410  loss: 0.0383 acc: 0.9875 time0.0106
Epoch 410  loss: 0.0256 acc: 0.9875 Valid  loss: 5.0064  acc: 0.4375  f1: 0.4140
Test  loss: 5.5964 acc: 0.3719 f1: 0.3684 time: 0.0092
Epoch 411  loss: 0.0254 acc: 0.9875 time0.0108
Epoch 412  loss: 0.0260 acc: 0.9750 time0.0105
Epoch 413  loss: 0.0213 acc: 0.9875 time0.0105
Epoch 414  loss: 0.0420 acc: 0.9875 time0.0105
Epoch 415  loss: 0.0415 acc: 0.9750 time0.0106
Epoch 415  loss: 0.0186 acc: 0.9875 Valid  loss: 4.7811  acc: 0.4250  f1: 0.4246
Test  loss: 4.9849 acc: 0.4084 f1: 0.3966 time: 0.0091
Epoch 416  loss: 0.0278 acc: 0.9750 time0.0107
Epoch 417  loss: 0.0265 acc: 0.9875 time0.0107
Epoch 418  loss: 0.0178 acc: 0.9875 time0.0106
Epoch 419  loss: 0.0172 acc: 0.9875 time0.0108
Epoch 420  loss: 0.0150 acc: 1.0000 time0.0106
Epoch 420  loss: 0.0181 acc: 0.9875 Valid  loss: 4.8071  acc: 0.4375  f1: 0.4300
Test  loss: 5.0809 acc: 0.3865 f1: 0.3776 time: 0.0093
Epoch 421  loss: 0.0223 acc: 0.9875 time0.0106
Epoch 422  loss: 0.0244 acc: 0.9750 time0.0107
Epoch 423  loss: 0.0165 acc: 0.9875 time0.0106
Epoch 424  loss: 0.0387 acc: 0.9750 time0.0107
Epoch 425  loss: 0.0178 acc: 0.9875 time0.0107
Epoch 425  loss: 0.0217 acc: 0.9875 Valid  loss: 4.8380  acc: 0.4750  f1: 0.4616
Test  loss: 5.3007 acc: 0.3765 f1: 0.3703 time: 0.0091
Epoch 426  loss: 0.0228 acc: 0.9875 time0.0107
Epoch 427  loss: 0.0286 acc: 0.9875 time0.0106
Epoch 428  loss: 0.0139 acc: 0.9875 time0.0106
Epoch 429  loss: 0.0184 acc: 0.9875 time0.0107
Epoch 430  loss: 0.0195 acc: 0.9875 time0.0107
Epoch 430  loss: 0.0227 acc: 0.9875 Valid  loss: 4.6910  acc: 0.4375  f1: 0.4336
Test  loss: 5.0796 acc: 0.4020 f1: 0.3893 time: 0.0095
Epoch 431  loss: 0.0248 acc: 0.9875 time0.0107
Epoch 432  loss: 0.0129 acc: 0.9875 time0.0107
Epoch 433  loss: 0.0131 acc: 1.0000 time0.0106
Epoch 434  loss: 0.0123 acc: 1.0000 time0.0107
Epoch 435  loss: 0.0284 acc: 0.9750 time0.0106
Epoch 435  loss: 0.0193 acc: 0.9875 Valid  loss: 4.8660  acc: 0.4375  f1: 0.4259
Test  loss: 5.4334 acc: 0.3774 f1: 0.3748 time: 0.0095
Epoch 436  loss: 0.0228 acc: 0.9750 time0.0140
Epoch 437  loss: 0.0193 acc: 0.9875 time0.0108
Epoch 438  loss: 0.0272 acc: 0.9875 time0.0107
Epoch 439  loss: 0.0161 acc: 0.9875 time0.0107
Epoch 440  loss: 0.0111 acc: 1.0000 time0.0106
Epoch 440  loss: 0.0175 acc: 0.9875 Valid  loss: 4.8271  acc: 0.4375  f1: 0.4195
Test  loss: 5.3533 acc: 0.3810 f1: 0.3781 time: 0.0094
Epoch 441  loss: 0.0210 acc: 0.9875 time0.0105
Epoch 442  loss: 0.0134 acc: 1.0000 time0.0107
Epoch 443  loss: 0.0253 acc: 0.9875 time0.0106
Epoch 444  loss: 0.0134 acc: 0.9875 time0.0106
Epoch 445  loss: 0.0099 acc: 1.0000 time0.0106
Epoch 445  loss: 0.0190 acc: 0.9875 Valid  loss: 4.8579  acc: 0.4500  f1: 0.4295
Test  loss: 5.3946 acc: 0.3783 f1: 0.3763 time: 0.0091
Epoch 446  loss: 0.0144 acc: 0.9875 time0.0106
Epoch 447  loss: 0.0172 acc: 0.9875 time0.0107
Epoch 448  loss: 0.0217 acc: 0.9875 time0.0107
Epoch 449  loss: 0.0090 acc: 1.0000 time0.0108
Epoch 450  loss: 0.0125 acc: 1.0000 time0.0107
Epoch 450  loss: 0.0178 acc: 0.9875 Valid  loss: 4.9502  acc: 0.4500  f1: 0.4367
Test  loss: 5.3818 acc: 0.3774 f1: 0.3737 time: 0.0094
VALID: VALID ACC 0.48750001192092896  VALID F1 0.4921970624235006 EPOCH 100
VALID: TEST ACC 0.4029170572757721 TEST F1 0.3904680259957024 EPOCH 100
GLOBAL: TEST ACC 0.45396536588668823 TEST F1 0.40689663438146445 EPOCH 85
Epoch 451  loss: 0.0249 acc: 0.9875 time0.0107
Epoch 452  loss: 0.0174 acc: 0.9875 time0.0107
Epoch 453  loss: 0.0284 acc: 0.9875 time0.0107
Epoch 454  loss: 0.0150 acc: 1.0000 time0.0106
Epoch 455  loss: 0.0289 acc: 0.9750 time0.0107
Epoch 455  loss: 0.0218 acc: 0.9875 Valid  loss: 5.0309  acc: 0.4625  f1: 0.4498
Test  loss: 5.4833 acc: 0.3728 f1: 0.3663 time: 0.0092
Epoch 456  loss: 0.0285 acc: 0.9875 time0.0109
Epoch 457  loss: 0.0088 acc: 1.0000 time0.0107
Epoch 458  loss: 0.0271 acc: 0.9875 time0.0106
Epoch 459  loss: 0.0333 acc: 0.9750 time0.0108
Epoch 460  loss: 0.0142 acc: 0.9875 time0.0106
Epoch 460  loss: 0.0251 acc: 0.9875 Valid  loss: 4.7894  acc: 0.4250  f1: 0.4163
Test  loss: 5.0819 acc: 0.4057 f1: 0.3929 time: 0.0097
Epoch 461  loss: 0.0317 acc: 0.9875 time0.0107
Epoch 462  loss: 0.0337 acc: 0.9875 time0.0105
Epoch 463  loss: 0.0100 acc: 1.0000 time0.0107
Epoch 464  loss: 0.0250 acc: 0.9875 time0.0106
Epoch 465  loss: 0.0234 acc: 0.9875 time0.0106
Epoch 465  loss: 0.0330 acc: 0.9875 Valid  loss: 5.4198  acc: 0.4375  f1: 0.4033
Test  loss: 5.9976 acc: 0.3510 f1: 0.3511 time: 0.0094
Epoch 466  loss: 0.0278 acc: 0.9875 time0.0107
Epoch 467  loss: 0.0294 acc: 0.9875 time0.0105
Epoch 468  loss: 0.0565 acc: 0.9875 time0.0107
Epoch 469  loss: 0.0351 acc: 0.9875 time0.0107
Epoch 470  loss: 0.0273 acc: 0.9750 time0.0106
Epoch 470  loss: 0.0175 acc: 0.9875 Valid  loss: 4.9309  acc: 0.4375  f1: 0.4088
Test  loss: 5.4307 acc: 0.3728 f1: 0.3695 time: 0.0098
Epoch 471  loss: 0.0151 acc: 0.9875 time0.0107
Epoch 472  loss: 0.0417 acc: 0.9875 time0.0107
Epoch 473  loss: 0.0162 acc: 1.0000 time0.0107
Epoch 474  loss: 0.0126 acc: 1.0000 time0.0108
Epoch 475  loss: 0.0277 acc: 0.9875 time0.0107
Epoch 475  loss: 0.0178 acc: 0.9875 Valid  loss: 5.0074  acc: 0.4500  f1: 0.4173
Test  loss: 5.5067 acc: 0.3701 f1: 0.3670 time: 0.0093
Epoch 476  loss: 0.0111 acc: 1.0000 time0.0110
Epoch 477  loss: 0.0213 acc: 0.9875 time0.0108
Epoch 478  loss: 0.0140 acc: 1.0000 time0.0109
Epoch 479  loss: 0.0133 acc: 1.0000 time0.0110
Epoch 480  loss: 0.0252 acc: 0.9875 time0.0138
Epoch 480  loss: 0.0253 acc: 0.9875 Valid  loss: 5.0465  acc: 0.4250  f1: 0.4005
Test  loss: 5.5952 acc: 0.3683 f1: 0.3654 time: 0.0100
Epoch 481  loss: 0.0195 acc: 0.9875 time0.0108
Epoch 482  loss: 0.0219 acc: 0.9875 time0.0105
Epoch 483  loss: 0.0165 acc: 0.9875 time0.0107
Epoch 484  loss: 0.0261 acc: 0.9750 time0.0106
Epoch 485  loss: 0.0203 acc: 0.9875 time0.0105
Epoch 485  loss: 0.0194 acc: 0.9875 Valid  loss: 4.8126  acc: 0.4375  f1: 0.4315
Test  loss: 5.0130 acc: 0.4075 f1: 0.3940 time: 0.0094
Epoch 486  loss: 0.0140 acc: 0.9875 time0.0107
Epoch 487  loss: 0.0272 acc: 0.9875 time0.0105
Epoch 488  loss: 0.0184 acc: 0.9875 time0.0106
Epoch 489  loss: 0.0191 acc: 0.9875 time0.0108
Epoch 490  loss: 0.0216 acc: 0.9875 time0.0107
Epoch 490  loss: 0.0175 acc: 0.9875 Valid  loss: 4.8292  acc: 0.4500  f1: 0.4431
Test  loss: 5.0824 acc: 0.3883 f1: 0.3796 time: 0.0103
Epoch 491  loss: 0.0129 acc: 1.0000 time0.0109
Epoch 492  loss: 0.0365 acc: 0.9750 time0.0109
Epoch 493  loss: 0.0193 acc: 0.9875 time0.0110
Epoch 494  loss: 0.0217 acc: 0.9875 time0.0110
Epoch 495  loss: 0.0207 acc: 0.9875 time0.0109
Epoch 495  loss: 0.0191 acc: 0.9875 Valid  loss: 4.9163  acc: 0.4375  f1: 0.4159
Test  loss: 5.2995 acc: 0.3756 f1: 0.3695 time: 0.0100
Epoch 496  loss: 0.0181 acc: 0.9875 time0.0109
Epoch 497  loss: 0.0169 acc: 0.9875 time0.0109
Epoch 498  loss: 0.0207 acc: 0.9875 time0.0108
Epoch 499  loss: 0.0214 acc: 0.9875 time0.0143
Epoch 500  loss: 0.0172 acc: 0.9875 time0.0105
Epoch 500  loss: 0.0201 acc: 0.9875 Valid  loss: 4.8384  acc: 0.4375  f1: 0.4315
Test  loss: 5.0298 acc: 0.4129 f1: 0.3985 time: 0.0095
VALID: VALID ACC 0.48750001192092896  VALID F1 0.4921970624235006 EPOCH 100
VALID: TEST ACC 0.4029170572757721 TEST F1 0.3904680259957024 EPOCH 100
GLOBAL: TEST ACC 0.45396536588668823 TEST F1 0.40689663438146445 EPOCH 85
Epoch 501  loss: 0.0191 acc: 0.9875 time0.0106
Epoch 502  loss: 0.0249 acc: 0.9875 time0.0107
Epoch 503  loss: 0.0231 acc: 0.9750 time0.0106
Epoch 504  loss: 0.0208 acc: 0.9750 time0.0107
Epoch 505  loss: 0.0217 acc: 0.9750 time0.0107
Epoch 505  loss: 0.0206 acc: 0.9875 Valid  loss: 4.8436  acc: 0.4500  f1: 0.4460
Test  loss: 5.0053 acc: 0.4102 f1: 0.3958 time: 0.0101
Epoch 506  loss: 0.0189 acc: 0.9875 time0.0108
Epoch 507  loss: 0.0145 acc: 0.9875 time0.0108
Epoch 508  loss: 0.0222 acc: 0.9875 time0.0107
Epoch 509  loss: 0.0557 acc: 0.9875 time0.0149
Epoch 510  loss: 0.0211 acc: 0.9750 time0.0108
Epoch 510  loss: 0.0252 acc: 0.9875 Valid  loss: 5.1134  acc: 0.4250  f1: 0.3943
Test  loss: 5.5928 acc: 0.3610 f1: 0.3543 time: 0.0102
Epoch 511  loss: 0.0190 acc: 0.9875 time0.0108
Epoch 512  loss: 0.0179 acc: 0.9875 time0.0106
Epoch 513  loss: 0.0336 acc: 0.9750 time0.0105
Epoch 514  loss: 0.0162 acc: 0.9875 time0.0106
Epoch 515  loss: 0.0151 acc: 0.9875 time0.0106
Epoch 515  loss: 0.0199 acc: 0.9875 Valid  loss: 4.8731  acc: 0.4125  f1: 0.4074
Test  loss: 5.1781 acc: 0.3993 f1: 0.3900 time: 0.0092
Epoch 516  loss: 0.0189 acc: 0.9875 time0.0106
Epoch 517  loss: 0.0165 acc: 0.9875 time0.0107
Epoch 518  loss: 0.0254 acc: 0.9875 time0.0105
Epoch 519  loss: 0.0191 acc: 0.9750 time0.0106
Epoch 520  loss: 0.0379 acc: 0.9875 time0.0106
Epoch 520  loss: 0.0175 acc: 0.9875 Valid  loss: 5.0599  acc: 0.4625  f1: 0.4358
Test  loss: 5.5859 acc: 0.3692 f1: 0.3667 time: 0.0095
Epoch 521  loss: 0.0120 acc: 1.0000 time0.0106
Epoch 522  loss: 0.0118 acc: 1.0000 time0.0107
Epoch 523  loss: 0.0175 acc: 0.9875 time0.0107
Epoch 524  loss: 0.0268 acc: 0.9875 time0.0107
Epoch 525  loss: 0.0297 acc: 0.9875 time0.0106
Epoch 525  loss: 0.0244 acc: 0.9875 Valid  loss: 5.1476  acc: 0.4250  f1: 0.4007
Test  loss: 5.7714 acc: 0.3592 f1: 0.3561 time: 0.0091
Epoch 526  loss: 0.0186 acc: 0.9875 time0.0107
Epoch 527  loss: 0.0330 acc: 0.9875 time0.0106
Epoch 528  loss: 0.0172 acc: 0.9875 time0.0108
Epoch 529  loss: 0.0188 acc: 0.9875 time0.0108
Epoch 530  loss: 0.0299 acc: 0.9875 time0.0107
Epoch 530  loss: 0.0434 acc: 0.9875 Valid  loss: 4.8709  acc: 0.4375  f1: 0.4277
Test  loss: 4.7090 acc: 0.4312 f1: 0.4026 time: 0.0096
Epoch 531  loss: 0.0255 acc: 0.9875 time0.0107
Epoch 532  loss: 0.0530 acc: 0.9875 time0.0192
Epoch 533  loss: 0.0445 acc: 0.9875 time0.0115
Epoch 534  loss: 0.0276 acc: 0.9875 time0.0106
Epoch 535  loss: 0.0168 acc: 0.9875 time0.0107
Epoch 535  loss: 0.0232 acc: 0.9875 Valid  loss: 5.0379  acc: 0.4625  f1: 0.4406
Test  loss: 5.4073 acc: 0.3628 f1: 0.3528 time: 0.0125
Epoch 536  loss: 0.0222 acc: 0.9875 time0.0107
Epoch 537  loss: 0.0299 acc: 0.9875 time0.0106
Epoch 538  loss: 0.0156 acc: 1.0000 time0.0105
Epoch 539  loss: 0.0360 acc: 0.9875 time0.0107
Epoch 540  loss: 0.0314 acc: 0.9875 time0.0106
Epoch 540  loss: 0.0208 acc: 0.9875 Valid  loss: 4.9820  acc: 0.4500  f1: 0.4276
Test  loss: 5.2687 acc: 0.3610 f1: 0.3511 time: 0.0098
Epoch 541  loss: 0.0129 acc: 1.0000 time0.0107
Epoch 542  loss: 0.0285 acc: 0.9875 time0.0106
Epoch 543  loss: 0.0357 acc: 0.9875 time0.0106
Epoch 544  loss: 0.0268 acc: 0.9875 time0.0107
Epoch 545  loss: 0.0275 acc: 0.9875 time0.0107
Epoch 545  loss: 0.0351 acc: 0.9875 Valid  loss: 4.8474  acc: 0.4500  f1: 0.4338
Test  loss: 4.8080 acc: 0.4148 f1: 0.3921 time: 0.0097
Epoch 546  loss: 0.0243 acc: 0.9875 time0.0107
Epoch 547  loss: 0.0218 acc: 0.9875 time0.0106
Epoch 548  loss: 0.0337 acc: 0.9875 time0.0107
Epoch 549  loss: 0.0202 acc: 0.9875 time0.0105
Epoch 550  loss: 0.0241 acc: 0.9750 time0.0106
Epoch 550  loss: 0.0200 acc: 0.9875 Valid  loss: 4.9944  acc: 0.4375  f1: 0.4067
Test  loss: 5.4165 acc: 0.3637 f1: 0.3609 time: 0.0092
VALID: VALID ACC 0.48750001192092896  VALID F1 0.4921970624235006 EPOCH 100
VALID: TEST ACC 0.4029170572757721 TEST F1 0.3904680259957024 EPOCH 100
GLOBAL: TEST ACC 0.45396536588668823 TEST F1 0.40689663438146445 EPOCH 85
Epoch 551  loss: 0.0222 acc: 0.9875 time0.0107
Epoch 552  loss: 0.0264 acc: 0.9875 time0.0105
Epoch 553  loss: 0.0181 acc: 0.9875 time0.0107
Epoch 554  loss: 0.0260 acc: 0.9875 time0.0107
Epoch 555  loss: 0.0237 acc: 0.9875 time0.0107
Epoch 555  loss: 0.0183 acc: 0.9875 Valid  loss: 5.1270  acc: 0.4375  f1: 0.4019
Test  loss: 5.6521 acc: 0.3555 f1: 0.3539 time: 0.0093
Epoch 556  loss: 0.0212 acc: 0.9875 time0.0107
Epoch 557  loss: 0.0271 acc: 0.9875 time0.0107
Epoch 558  loss: 0.0249 acc: 0.9875 time0.0106
Epoch 559  loss: 0.0329 acc: 0.9750 time0.0107
Epoch 560  loss: 0.0258 acc: 0.9875 time0.0107
Epoch 560  loss: 0.0246 acc: 0.9875 Valid  loss: 4.7874  acc: 0.4250  f1: 0.4090
Test  loss: 5.1379 acc: 0.3829 f1: 0.3772 time: 0.0096
Epoch 561  loss: 0.0583 acc: 0.9875 time0.0108
Epoch 562  loss: 0.0182 acc: 0.9875 time0.0107
Epoch 563  loss: 0.0158 acc: 1.0000 time0.0107
Epoch 564  loss: 0.0218 acc: 0.9875 time0.0107
Epoch 565  loss: 0.0121 acc: 1.0000 time0.0107
Epoch 565  loss: 0.0177 acc: 0.9875 Valid  loss: 4.8582  acc: 0.4500  f1: 0.4250
Test  loss: 5.1463 acc: 0.3692 f1: 0.3618 time: 0.0096
Epoch 566  loss: 0.0124 acc: 1.0000 time0.0108
Epoch 567  loss: 0.0145 acc: 1.0000 time0.0105
Epoch 568  loss: 0.0199 acc: 0.9750 time0.0108
Epoch 569  loss: 0.0239 acc: 0.9875 time0.0108
Epoch 570  loss: 0.0279 acc: 0.9875 time0.0108
Epoch 570  loss: 0.0176 acc: 0.9875 Valid  loss: 4.8510  acc: 0.4375  f1: 0.4147
Test  loss: 5.0978 acc: 0.3756 f1: 0.3686 time: 0.0100
Epoch 571  loss: 0.0225 acc: 0.9875 time0.0110
Epoch 572  loss: 0.0187 acc: 0.9875 time0.0107
Epoch 573  loss: 0.0179 acc: 0.9875 time0.0108
Epoch 574  loss: 0.0178 acc: 1.0000 time0.0107
Epoch 575  loss: 0.0158 acc: 0.9875 time0.0107
Epoch 575  loss: 0.0338 acc: 0.9875 Valid  loss: 4.8204  acc: 0.4500  f1: 0.4390
Test  loss: 4.8880 acc: 0.4093 f1: 0.3951 time: 0.0101
Epoch 576  loss: 0.0363 acc: 0.9875 time0.0106
Epoch 577  loss: 0.0211 acc: 0.9875 time0.0107
Epoch 578  loss: 0.0168 acc: 0.9875 time0.0106
Epoch 579  loss: 0.0223 acc: 0.9750 time0.0105
Epoch 580  loss: 0.0220 acc: 0.9750 time0.0106
Epoch 580  loss: 0.0184 acc: 0.9875 Valid  loss: 4.8458  acc: 0.4625  f1: 0.4394
Test  loss: 5.1998 acc: 0.3820 f1: 0.3789 time: 0.0093
Epoch 581  loss: 0.0213 acc: 0.9875 time0.0107
Epoch 582  loss: 0.0181 acc: 0.9875 time0.0106
Epoch 583  loss: 0.0134 acc: 1.0000 time0.0106
Epoch 584  loss: 0.0115 acc: 1.0000 time0.0107
Epoch 585  loss: 0.0289 acc: 0.9875 time0.0108
Epoch 585  loss: 0.0176 acc: 0.9875 Valid  loss: 4.9076  acc: 0.4500  f1: 0.4323
Test  loss: 5.2059 acc: 0.3701 f1: 0.3659 time: 0.0097
Epoch 586  loss: 0.0196 acc: 0.9875 time0.0109
Epoch 587  loss: 0.0217 acc: 0.9875 time0.0108
Epoch 588  loss: 0.0221 acc: 0.9750 time0.0106
Epoch 589  loss: 0.0222 acc: 0.9875 time0.0106
Epoch 590  loss: 0.0167 acc: 0.9875 time0.0107
Epoch 590  loss: 0.0256 acc: 0.9875 Valid  loss: 4.6488  acc: 0.4375  f1: 0.4352
Test  loss: 4.7699 acc: 0.4029 f1: 0.3903 time: 0.0097
Epoch 591  loss: 0.0253 acc: 0.9750 time0.0109
Epoch 592  loss: 0.0322 acc: 0.9875 time0.0106
Epoch 593  loss: 0.0200 acc: 0.9875 time0.0106
Epoch 594  loss: 0.0221 acc: 0.9750 time0.0106
Epoch 595  loss: 0.0171 acc: 1.0000 time0.0105
Epoch 595  loss: 0.0315 acc: 0.9875 Valid  loss: 4.8074  acc: 0.4625  f1: 0.4567
Test  loss: 4.8813 acc: 0.4020 f1: 0.3898 time: 0.0094
Epoch 596  loss: 0.0232 acc: 0.9875 time0.0104
Epoch 597  loss: 0.0160 acc: 0.9875 time0.0104
Epoch 598  loss: 0.0242 acc: 0.9750 time0.0104
Epoch 599  loss: 0.0259 acc: 0.9750 time0.0105
Epoch 600  loss: 0.0424 acc: 0.9750 time0.0104
Epoch 600  loss: 0.0229 acc: 0.9875 Valid  loss: 4.9202  acc: 0.4375  f1: 0.4144
Test  loss: 5.2402 acc: 0.3765 f1: 0.3731 time: 0.0090
VALID: VALID ACC 0.48750001192092896  VALID F1 0.4921970624235006 EPOCH 100
VALID: TEST ACC 0.4029170572757721 TEST F1 0.3904680259957024 EPOCH 100
GLOBAL: TEST ACC 0.45396536588668823 TEST F1 0.40689663438146445 EPOCH 85
Epoch 601  loss: 0.0283 acc: 0.9750 time0.0106
Epoch 602  loss: 0.0326 acc: 0.9875 time0.0105
Epoch 603  loss: 0.0166 acc: 0.9875 time0.0106
Epoch 604  loss: 0.0240 acc: 0.9875 time0.0105
Epoch 605  loss: 0.0214 acc: 0.9875 time0.0106
Epoch 605  loss: 0.0226 acc: 0.9875 Valid  loss: 5.3316  acc: 0.4125  f1: 0.3669
Test  loss: 5.8144 acc: 0.3364 f1: 0.3342 time: 0.0089
Epoch 606  loss: 0.0254 acc: 0.9875 time0.0108
Epoch 607  loss: 0.0382 acc: 0.9875 time0.0107
Epoch 608  loss: 0.0315 acc: 0.9875 time0.0107
Epoch 609  loss: 0.0201 acc: 0.9875 time0.0106
Epoch 610  loss: 0.0353 acc: 0.9875 time0.0105
Epoch 610  loss: 0.0361 acc: 0.9875 Valid  loss: 5.1796  acc: 0.4125  f1: 0.3835
Test  loss: 5.3339 acc: 0.3956 f1: 0.3864 time: 0.0089
Epoch 611  loss: 0.0114 acc: 1.0000 time0.0107
Epoch 612  loss: 0.0169 acc: 0.9875 time0.0106
Epoch 613  loss: 0.0176 acc: 0.9875 time0.0106
Epoch 614  loss: 0.0161 acc: 1.0000 time0.0106
Epoch 615  loss: 0.0258 acc: 0.9875 time0.0106
Epoch 615  loss: 0.0180 acc: 0.9875 Valid  loss: 5.1399  acc: 0.4375  f1: 0.4177
Test  loss: 5.4609 acc: 0.3564 f1: 0.3479 time: 0.0090
Epoch 616  loss: 0.0196 acc: 0.9875 time0.0107
Epoch 617  loss: 0.0186 acc: 0.9875 time0.0106
Epoch 618  loss: 0.0278 acc: 0.9875 time0.0107
Epoch 619  loss: 0.0273 acc: 0.9750 time0.0106
Epoch 620  loss: 0.0321 acc: 0.9875 time0.0106
Epoch 620  loss: 0.0206 acc: 0.9875 Valid  loss: 5.1886  acc: 0.4625  f1: 0.4423
Test  loss: 5.4639 acc: 0.3792 f1: 0.3688 time: 0.0090
Epoch 621  loss: 0.0222 acc: 0.9875 time0.0107
Epoch 622  loss: 0.0177 acc: 0.9875 time0.0106
Epoch 623  loss: 0.0329 acc: 0.9875 time0.0107
Epoch 624  loss: 0.0343 acc: 0.9875 time0.0105
Epoch 625  loss: 0.0215 acc: 0.9875 time0.0106
Epoch 625  loss: 0.0272 acc: 0.9875 Valid  loss: 4.9678  acc: 0.4500  f1: 0.4431
Test  loss: 5.0630 acc: 0.4102 f1: 0.3966 time: 0.0091
Epoch 626  loss: 0.0380 acc: 0.9875 time0.0107
Epoch 627  loss: 0.0182 acc: 0.9875 time0.0106
Epoch 628  loss: 0.0174 acc: 0.9875 time0.0107
Epoch 629  loss: 0.0179 acc: 0.9875 time0.0106
Epoch 630  loss: 0.0250 acc: 0.9750 time0.0106
Epoch 630  loss: 0.0177 acc: 0.9875 Valid  loss: 5.1133  acc: 0.4500  f1: 0.4356
Test  loss: 5.4608 acc: 0.3801 f1: 0.3743 time: 0.0091
Epoch 631  loss: 0.0213 acc: 0.9875 time0.0107
Epoch 632  loss: 0.0302 acc: 0.9875 time0.0107
Epoch 633  loss: 0.0145 acc: 0.9875 time0.0107
Epoch 634  loss: 0.0303 acc: 0.9875 time0.0107
Epoch 635  loss: 0.0278 acc: 0.9750 time0.0107
Epoch 635  loss: 0.0185 acc: 0.9875 Valid  loss: 5.1517  acc: 0.4375  f1: 0.4178
Test  loss: 5.4843 acc: 0.3810 f1: 0.3750 time: 0.0099
Epoch 636  loss: 0.0160 acc: 0.9875 time0.0108
Epoch 637  loss: 0.0233 acc: 0.9750 time0.0108
Epoch 638  loss: 0.0309 acc: 0.9750 time0.0106
Epoch 639  loss: 0.0130 acc: 1.0000 time0.0106
Epoch 640  loss: 0.0202 acc: 0.9875 time0.0105
Epoch 640  loss: 0.0177 acc: 0.9875 Valid  loss: 4.8983  acc: 0.4500  f1: 0.4402
Test  loss: 5.0821 acc: 0.3984 f1: 0.3901 time: 0.0091
Epoch 641  loss: 0.0185 acc: 0.9875 time0.0107
Epoch 642  loss: 0.0242 acc: 0.9750 time0.0106
Epoch 643  loss: 0.0196 acc: 0.9875 time0.0107
Epoch 644  loss: 0.0172 acc: 0.9875 time0.0106
Epoch 645  loss: 0.0200 acc: 0.9875 time0.0106
Epoch 645  loss: 0.0178 acc: 0.9875 Valid  loss: 4.8180  acc: 0.4375  f1: 0.4346
Test  loss: 4.9561 acc: 0.4038 f1: 0.3926 time: 0.0091
Epoch 646  loss: 0.0344 acc: 0.9875 time0.0107
Epoch 647  loss: 0.0108 acc: 1.0000 time0.0107
Epoch 648  loss: 0.0168 acc: 0.9875 time0.0107
Epoch 649  loss: 0.0215 acc: 0.9875 time0.0106
Epoch 650  loss: 0.0168 acc: 0.9875 time0.0108
Epoch 650  loss: 0.0199 acc: 0.9875 Valid  loss: 4.8614  acc: 0.4250  f1: 0.4229
Test  loss: 4.9795 acc: 0.4075 f1: 0.3949 time: 0.0095
VALID: VALID ACC 0.48750001192092896  VALID F1 0.4921970624235006 EPOCH 100
VALID: TEST ACC 0.4029170572757721 TEST F1 0.3904680259957024 EPOCH 100
GLOBAL: TEST ACC 0.45396536588668823 TEST F1 0.40689663438146445 EPOCH 85
Epoch 651  loss: 0.0189 acc: 0.9875 time0.0107
Epoch 652  loss: 0.0204 acc: 0.9875 time0.0107
Epoch 653  loss: 0.0312 acc: 0.9875 time0.0107
Epoch 654  loss: 0.0172 acc: 0.9875 time0.0106
Epoch 655  loss: 0.0189 acc: 0.9875 time0.0106
Epoch 655  loss: 0.0200 acc: 0.9875 Valid  loss: 5.3157  acc: 0.4500  f1: 0.4339
Test  loss: 5.6536 acc: 0.3665 f1: 0.3603 time: 0.0093
Epoch 656  loss: 0.0307 acc: 0.9875 time0.0107
Epoch 657  loss: 0.0200 acc: 0.9875 time0.0108
Epoch 658  loss: 0.0176 acc: 0.9875 time0.0105
Epoch 659  loss: 0.0122 acc: 0.9875 time0.0107
Epoch 660  loss: 0.0177 acc: 0.9875 time0.0106
Epoch 660  loss: 0.0177 acc: 0.9875 Valid  loss: 5.1909  acc: 0.4375  f1: 0.4193
Test  loss: 5.5288 acc: 0.3747 f1: 0.3728 time: 0.0092
Epoch 661  loss: 0.0192 acc: 0.9875 time0.0106
Epoch 662  loss: 0.0214 acc: 0.9875 time0.0106
Epoch 663  loss: 0.0177 acc: 0.9875 time0.0107
Epoch 664  loss: 0.0337 acc: 0.9750 time0.0106
Epoch 665  loss: 0.0135 acc: 0.9875 time0.0107
Epoch 665  loss: 0.0184 acc: 0.9875 Valid  loss: 5.2233  acc: 0.4625  f1: 0.4492
Test  loss: 5.4512 acc: 0.3719 f1: 0.3687 time: 0.0095
Epoch 666  loss: 0.0216 acc: 0.9875 time0.0108
Epoch 667  loss: 0.0198 acc: 0.9875 time0.0108
Epoch 668  loss: 0.0153 acc: 0.9875 time0.0107
Epoch 669  loss: 0.0142 acc: 1.0000 time0.0107
Epoch 670  loss: 0.0197 acc: 0.9875 time0.0107
Epoch 670  loss: 0.0224 acc: 0.9875 Valid  loss: 5.2603  acc: 0.4500  f1: 0.4421
Test  loss: 5.3517 acc: 0.3883 f1: 0.3782 time: 0.0091
Epoch 671  loss: 0.0307 acc: 0.9750 time0.0107
Epoch 672  loss: 0.0203 acc: 0.9875 time0.0106
Epoch 673  loss: 0.0154 acc: 0.9875 time0.0105
Epoch 674  loss: 0.0233 acc: 0.9750 time0.0108
Epoch 675  loss: 0.0175 acc: 0.9875 time0.0107
Epoch 675  loss: 0.0219 acc: 0.9875 Valid  loss: 5.2676  acc: 0.4375  f1: 0.4228
Test  loss: 5.5778 acc: 0.3674 f1: 0.3602 time: 0.0093
Epoch 676  loss: 0.0197 acc: 0.9875 time0.0107
Epoch 677  loss: 0.0158 acc: 0.9875 time0.0107
Epoch 678  loss: 0.0246 acc: 0.9875 time0.0107
Epoch 679  loss: 0.0170 acc: 0.9875 time0.0107
Epoch 680  loss: 0.0202 acc: 0.9875 time0.0106
Epoch 680  loss: 0.0175 acc: 0.9875 Valid  loss: 5.1151  acc: 0.4750  f1: 0.4614
Test  loss: 5.2675 acc: 0.3829 f1: 0.3744 time: 0.0091
Epoch 681  loss: 0.0215 acc: 0.9875 time0.0108
Epoch 682  loss: 0.0240 acc: 0.9875 time0.0107
Epoch 683  loss: 0.0332 acc: 0.9875 time0.0106
Epoch 684  loss: 0.0220 acc: 0.9875 time0.0107
Epoch 685  loss: 0.0162 acc: 0.9875 time0.0108
Epoch 685  loss: 0.0186 acc: 0.9875 Valid  loss: 4.9860  acc: 0.4750  f1: 0.4676
Test  loss: 5.0255 acc: 0.4011 f1: 0.3898 time: 0.0096
Epoch 686  loss: 0.0333 acc: 0.9875 time0.0107
Epoch 687  loss: 0.0274 acc: 0.9875 time0.0106
Epoch 688  loss: 0.0188 acc: 0.9875 time0.0107
Epoch 689  loss: 0.0448 acc: 0.9875 time0.0106
Epoch 690  loss: 0.0220 acc: 0.9875 time0.0106
Epoch 690  loss: 0.0176 acc: 0.9875 Valid  loss: 5.0945  acc: 0.4250  f1: 0.4106
Test  loss: 5.2617 acc: 0.3810 f1: 0.3757 time: 0.0094
Epoch 691  loss: 0.0163 acc: 0.9875 time0.0108
Epoch 692  loss: 0.0131 acc: 1.0000 time0.0106
Epoch 693  loss: 0.0165 acc: 0.9875 time0.0107
Epoch 694  loss: 0.0140 acc: 1.0000 time0.0106
Epoch 695  loss: 0.0170 acc: 0.9875 time0.0106
Epoch 695  loss: 0.0175 acc: 0.9875 Valid  loss: 5.2874  acc: 0.4250  f1: 0.3869
Test  loss: 5.6851 acc: 0.3674 f1: 0.3647 time: 0.0095
Epoch 696  loss: 0.0191 acc: 0.9875 time0.0107
Epoch 697  loss: 0.0263 acc: 0.9875 time0.0105
Epoch 698  loss: 0.0157 acc: 0.9875 time0.0107
Epoch 699  loss: 0.0184 acc: 0.9875 time0.0107
Epoch 700  loss: 0.0228 acc: 0.9750 time0.0108
Epoch 700  loss: 0.0178 acc: 0.9875 Valid  loss: 5.2728  acc: 0.4375  f1: 0.4051
Test  loss: 5.6582 acc: 0.3701 f1: 0.3686 time: 0.0099
VALID: VALID ACC 0.48750001192092896  VALID F1 0.4921970624235006 EPOCH 100
VALID: TEST ACC 0.4029170572757721 TEST F1 0.3904680259957024 EPOCH 100
GLOBAL: TEST ACC 0.45396536588668823 TEST F1 0.40689663438146445 EPOCH 85
Epoch 701  loss: 0.0310 acc: 0.9875 time0.0106
Epoch 702  loss: 0.0161 acc: 0.9875 time0.0107
Epoch 703  loss: 0.0158 acc: 0.9875 time0.0106
Epoch 704  loss: 0.0215 acc: 0.9875 time0.0106
Epoch 705  loss: 0.0274 acc: 0.9875 time0.0106
Epoch 705  loss: 0.0324 acc: 0.9875 Valid  loss: 5.1491  acc: 0.4750  f1: 0.4563
Test  loss: 5.2552 acc: 0.4002 f1: 0.3838 time: 0.0092
Epoch 706  loss: 0.0191 acc: 0.9875 time0.0106
Epoch 707  loss: 0.0183 acc: 0.9875 time0.0106
Epoch 708  loss: 0.0160 acc: 0.9875 time0.0108
Epoch 709  loss: 0.0183 acc: 0.9875 time0.0106
Epoch 710  loss: 0.0227 acc: 0.9875 time0.0108
Epoch 710  loss: 0.0195 acc: 0.9875 Valid  loss: 5.0876  acc: 0.4125  f1: 0.3922
Test  loss: 5.3455 acc: 0.3774 f1: 0.3725 time: 0.0096
Epoch 711  loss: 0.0210 acc: 0.9875 time0.0107
Epoch 712  loss: 0.0199 acc: 0.9750 time0.0107
Epoch 713  loss: 0.0181 acc: 0.9875 time0.0106
Epoch 714  loss: 0.0293 acc: 0.9875 time0.0106
Epoch 715  loss: 0.0271 acc: 0.9875 time0.0106
Epoch 715  loss: 0.0270 acc: 0.9875 Valid  loss: 5.2140  acc: 0.4375  f1: 0.4096
Test  loss: 5.5197 acc: 0.3665 f1: 0.3548 time: 0.0095
Epoch 716  loss: 0.0343 acc: 0.9875 time0.0107
Epoch 717  loss: 0.0148 acc: 0.9875 time0.0106
Epoch 718  loss: 0.0229 acc: 0.9875 time0.0107
Epoch 719  loss: 0.0152 acc: 0.9875 time0.0107
Epoch 720  loss: 0.0178 acc: 0.9875 time0.0107
Epoch 720  loss: 0.0391 acc: 0.9875 Valid  loss: 4.8147  acc: 0.4375  f1: 0.4402
Test  loss: 4.6938 acc: 0.4239 f1: 0.4034 time: 0.0096
Epoch 721  loss: 0.0163 acc: 0.9875 time0.0108
Epoch 722  loss: 0.0400 acc: 0.9875 time0.0107
Epoch 723  loss: 0.0314 acc: 0.9875 time0.0107
Epoch 724  loss: 0.0232 acc: 0.9750 time0.0106
Epoch 725  loss: 0.0293 acc: 0.9875 time0.0106
Epoch 725  loss: 0.0210 acc: 0.9875 Valid  loss: 5.1079  acc: 0.4375  f1: 0.4077
Test  loss: 5.4045 acc: 0.3637 f1: 0.3564 time: 0.0095
Epoch 726  loss: 0.0246 acc: 0.9875 time0.0106
Epoch 727  loss: 0.0162 acc: 0.9875 time0.0107
Epoch 728  loss: 0.0354 acc: 0.9875 time0.0107
Epoch 729  loss: 0.0196 acc: 0.9875 time0.0108
Epoch 730  loss: 0.0183 acc: 0.9875 time0.0107
Epoch 730  loss: 0.0201 acc: 0.9875 Valid  loss: 4.9914  acc: 0.4000  f1: 0.3824
Test  loss: 5.2020 acc: 0.3747 f1: 0.3715 time: 0.0091
Epoch 731  loss: 0.0227 acc: 0.9875 time0.0108
Epoch 732  loss: 0.0270 acc: 0.9875 time0.0107
Epoch 733  loss: 0.0148 acc: 0.9875 time0.0108
Epoch 734  loss: 0.0178 acc: 1.0000 time0.0107
Epoch 735  loss: 0.0382 acc: 0.9875 time0.0107
Epoch 735  loss: 0.0220 acc: 0.9875 Valid  loss: 5.0058  acc: 0.4125  f1: 0.3958
Test  loss: 5.1726 acc: 0.3692 f1: 0.3653 time: 0.0092
Epoch 736  loss: 0.0228 acc: 0.9875 time0.0107
Epoch 737  loss: 0.0105 acc: 1.0000 time0.0107
Epoch 738  loss: 0.0138 acc: 0.9875 time0.0106
Epoch 739  loss: 0.0296 acc: 0.9875 time0.0107
Epoch 740  loss: 0.0310 acc: 0.9875 time0.0107
Epoch 740  loss: 0.0218 acc: 0.9875 Valid  loss: 5.0362  acc: 0.4250  f1: 0.3925
Test  loss: 5.5205 acc: 0.3373 f1: 0.3329 time: 0.0095
Epoch 741  loss: 0.0198 acc: 0.9875 time0.0108
Epoch 742  loss: 0.0218 acc: 0.9875 time0.0107
Epoch 743  loss: 0.0151 acc: 1.0000 time0.0106
Epoch 744  loss: 0.0181 acc: 0.9875 time0.0108
Epoch 745  loss: 0.0132 acc: 1.0000 time0.0108
Epoch 745  loss: 0.0226 acc: 0.9875 Valid  loss: 5.1448  acc: 0.4125  f1: 0.3884
Test  loss: 5.1377 acc: 0.3810 f1: 0.3756 time: 0.0096
Epoch 746  loss: 0.0214 acc: 0.9875 time0.0107
Epoch 747  loss: 0.0308 acc: 0.9875 time0.0107
Epoch 748  loss: 0.0287 acc: 0.9875 time0.0106
Epoch 749  loss: 0.0187 acc: 0.9875 time0.0106
Epoch 750  loss: 0.0202 acc: 0.9875 time0.0108
Epoch 750  loss: 0.0221 acc: 0.9875 Valid  loss: 5.0330  acc: 0.4125  f1: 0.3976
Test  loss: 4.9807 acc: 0.4038 f1: 0.3945 time: 0.0091
VALID: VALID ACC 0.48750001192092896  VALID F1 0.4921970624235006 EPOCH 100
VALID: TEST ACC 0.4029170572757721 TEST F1 0.3904680259957024 EPOCH 100
GLOBAL: TEST ACC 0.45396536588668823 TEST F1 0.40689663438146445 EPOCH 85
Epoch 751  loss: 0.0245 acc: 0.9750 time0.0107
Epoch 752  loss: 0.0257 acc: 0.9875 time0.0107
Epoch 753  loss: 0.0240 acc: 0.9750 time0.0108
Epoch 754  loss: 0.0185 acc: 0.9875 time0.0108
Epoch 755  loss: 0.0139 acc: 1.0000 time0.0108
Epoch 755  loss: 0.0197 acc: 0.9875 Valid  loss: 5.0570  acc: 0.4250  f1: 0.3991
Test  loss: 5.2674 acc: 0.3601 f1: 0.3541 time: 0.0095
Epoch 756  loss: 0.0261 acc: 0.9875 time0.0107
Epoch 757  loss: 0.0105 acc: 1.0000 time0.0107
Epoch 758  loss: 0.0366 acc: 0.9875 time0.0107
Epoch 759  loss: 0.0181 acc: 0.9875 time0.0108
Epoch 760  loss: 0.0210 acc: 0.9875 time0.0107
Epoch 760  loss: 0.0210 acc: 0.9875 Valid  loss: 4.8712  acc: 0.4125  f1: 0.4022
Test  loss: 4.9359 acc: 0.4011 f1: 0.3920 time: 0.0099
Epoch 761  loss: 0.0153 acc: 0.9875 time0.0109
Epoch 762  loss: 0.0285 acc: 0.9875 time0.0107
Epoch 763  loss: 0.0185 acc: 0.9875 time0.0107
Epoch 764  loss: 0.0449 acc: 0.9875 time0.0106
Epoch 765  loss: 0.0196 acc: 0.9875 time0.0107
Epoch 765  loss: 0.0199 acc: 0.9875 Valid  loss: 4.9986  acc: 0.4125  f1: 0.3847
Test  loss: 5.0659 acc: 0.3829 f1: 0.3767 time: 0.0097
Epoch 766  loss: 0.0127 acc: 1.0000 time0.0106
Epoch 767  loss: 0.0164 acc: 0.9875 time0.0107
Epoch 768  loss: 0.0294 acc: 0.9875 time0.0107
Epoch 769  loss: 0.0100 acc: 1.0000 time0.0106
Epoch 770  loss: 0.0255 acc: 0.9750 time0.0105
Epoch 770  loss: 0.0188 acc: 0.9875 Valid  loss: 5.0828  acc: 0.4375  f1: 0.4020
Test  loss: 5.4415 acc: 0.3555 f1: 0.3518 time: 0.0099
Epoch 771  loss: 0.0218 acc: 0.9875 time0.0106
Epoch 772  loss: 0.0151 acc: 0.9875 time0.0105
Epoch 773  loss: 0.0168 acc: 0.9875 time0.0105
Epoch 774  loss: 0.0170 acc: 0.9875 time0.0104
Epoch 775  loss: 0.0366 acc: 0.9875 time0.0105
Epoch 775  loss: 0.0244 acc: 0.9875 Valid  loss: 4.6957  acc: 0.4125  f1: 0.4115
Test  loss: 4.7581 acc: 0.4111 f1: 0.3946 time: 0.0092
Epoch 776  loss: 0.0180 acc: 0.9875 time0.0105
Epoch 777  loss: 0.0232 acc: 0.9875 time0.0105
Epoch 778  loss: 0.0184 acc: 0.9875 time0.0106
Epoch 779  loss: 0.0147 acc: 0.9875 time0.0105
Epoch 780  loss: 0.0217 acc: 0.9875 time0.0104
Epoch 780  loss: 0.0177 acc: 0.9875 Valid  loss: 4.9949  acc: 0.4250  f1: 0.4049
Test  loss: 4.8893 acc: 0.3829 f1: 0.3740 time: 0.0093
Epoch 781  loss: 0.0252 acc: 0.9875 time0.0105
Epoch 782  loss: 0.0180 acc: 0.9875 time0.0104
Epoch 783  loss: 0.0265 acc: 0.9875 time0.0104
Epoch 784  loss: 0.0170 acc: 0.9875 time0.0106
Epoch 785  loss: 0.0347 acc: 0.9750 time0.0104
Epoch 785  loss: 0.0229 acc: 0.9875 Valid  loss: 4.7236  acc: 0.4250  f1: 0.4107
Test  loss: 4.7896 acc: 0.4093 f1: 0.3942 time: 0.0088
Epoch 786  loss: 0.0301 acc: 0.9875 time0.0105
Epoch 787  loss: 0.0155 acc: 1.0000 time0.0104
Epoch 788  loss: 0.0126 acc: 1.0000 time0.0106
Epoch 789  loss: 0.0146 acc: 0.9875 time0.0104
Epoch 790  loss: 0.0192 acc: 0.9875 time0.0104
Epoch 790  loss: 0.0220 acc: 0.9875 Valid  loss: 4.8967  acc: 0.4625  f1: 0.4445
Test  loss: 5.0368 acc: 0.3965 f1: 0.3861 time: 0.0088
Epoch 791  loss: 0.0221 acc: 0.9750 time0.0105
Epoch 792  loss: 0.0144 acc: 0.9875 time0.0105
Epoch 793  loss: 0.0210 acc: 0.9875 time0.0105
Epoch 794  loss: 0.0214 acc: 0.9875 time0.0105
Epoch 795  loss: 0.0293 acc: 0.9875 time0.0104
Epoch 795  loss: 0.0245 acc: 0.9875 Valid  loss: 4.8544  acc: 0.4250  f1: 0.4219
Test  loss: 4.9187 acc: 0.4157 f1: 0.3997 time: 0.0091
Epoch 796  loss: 0.0253 acc: 0.9750 time0.0105
Epoch 797  loss: 0.0278 acc: 0.9875 time0.0106
Epoch 798  loss: 0.0195 acc: 0.9875 time0.0106
Epoch 799  loss: 0.0256 acc: 0.9750 time0.0106
Epoch 800  loss: 0.0182 acc: 0.9875 time0.0106
Epoch 800  loss: 0.0177 acc: 0.9875 Valid  loss: 5.1547  acc: 0.4375  f1: 0.4155
Test  loss: 5.4251 acc: 0.3555 f1: 0.3472 time: 0.0087
VALID: VALID ACC 0.48750001192092896  VALID F1 0.4921970624235006 EPOCH 100
VALID: TEST ACC 0.4029170572757721 TEST F1 0.3904680259957024 EPOCH 100
GLOBAL: TEST ACC 0.45396536588668823 TEST F1 0.40689663438146445 EPOCH 85
Epoch 801  loss: 0.0372 acc: 0.9875 time0.0106
Epoch 802  loss: 0.0205 acc: 0.9750 time0.0105
Epoch 803  loss: 0.0114 acc: 0.9875 time0.0106
Epoch 804  loss: 0.0305 acc: 0.9875 time0.0105
Epoch 805  loss: 0.0249 acc: 0.9875 time0.0105
Epoch 805  loss: 0.0202 acc: 0.9875 Valid  loss: 5.3156  acc: 0.4000  f1: 0.3698
Test  loss: 5.4164 acc: 0.3774 f1: 0.3726 time: 0.0088
Epoch 806  loss: 0.0202 acc: 0.9875 time0.0105
Epoch 807  loss: 0.0183 acc: 0.9875 time0.0106
Epoch 808  loss: 0.0116 acc: 1.0000 time0.0105
Epoch 809  loss: 0.0216 acc: 0.9875 time0.0106
Epoch 810  loss: 0.0348 acc: 0.9750 time0.0105
Epoch 810  loss: 0.0228 acc: 0.9875 Valid  loss: 5.3700  acc: 0.4000  f1: 0.3770
Test  loss: 5.5450 acc: 0.3774 f1: 0.3726 time: 0.0088
Epoch 811  loss: 0.0155 acc: 0.9875 time0.0105
Epoch 812  loss: 0.0166 acc: 0.9875 time0.0105
Epoch 813  loss: 0.0358 acc: 0.9750 time0.0104
Epoch 814  loss: 0.0285 acc: 0.9875 time0.0105
Epoch 815  loss: 0.0266 acc: 0.9875 time0.0106
Epoch 815  loss: 0.0252 acc: 0.9875 Valid  loss: 5.0890  acc: 0.4125  f1: 0.3948
Test  loss: 5.1978 acc: 0.3892 f1: 0.3790 time: 0.0088
Epoch 816  loss: 0.0235 acc: 0.9875 time0.0105
Epoch 817  loss: 0.0186 acc: 0.9875 time0.0105
Epoch 818  loss: 0.0147 acc: 1.0000 time0.0105
Epoch 819  loss: 0.0183 acc: 0.9875 time0.0106
Epoch 820  loss: 0.0189 acc: 0.9875 time0.0107
Epoch 820  loss: 0.0201 acc: 0.9875 Valid  loss: 5.0253  acc: 0.4250  f1: 0.4193
Test  loss: 5.0644 acc: 0.4047 f1: 0.3905 time: 0.0097
Epoch 821  loss: 0.0216 acc: 0.9875 time0.0107
Epoch 822  loss: 0.0263 acc: 0.9875 time0.0107
Epoch 823  loss: 0.0131 acc: 1.0000 time0.0106
Epoch 824  loss: 0.0212 acc: 0.9875 time0.0106
Epoch 825  loss: 0.0129 acc: 1.0000 time0.0106
Epoch 825  loss: 0.0229 acc: 0.9875 Valid  loss: 4.9181  acc: 0.4375  f1: 0.4358
Test  loss: 5.0396 acc: 0.4093 f1: 0.3928 time: 0.0096
Epoch 826  loss: 0.0214 acc: 0.9875 time0.0107
Epoch 827  loss: 0.0209 acc: 0.9875 time0.0106
Epoch 828  loss: 0.0152 acc: 1.0000 time0.0106
Epoch 829  loss: 0.0184 acc: 0.9875 time0.0106
Epoch 830  loss: 0.0230 acc: 0.9875 time0.0107
Epoch 830  loss: 0.0208 acc: 0.9875 Valid  loss: 5.1283  acc: 0.4500  f1: 0.4395
Test  loss: 5.1428 acc: 0.3938 f1: 0.3830 time: 0.0099
Epoch 831  loss: 0.0324 acc: 0.9750 time0.0105
Epoch 832  loss: 0.0142 acc: 1.0000 time0.0105
Epoch 833  loss: 0.0199 acc: 0.9875 time0.0105
Epoch 834  loss: 0.0209 acc: 0.9875 time0.0104
Epoch 835  loss: 0.0196 acc: 0.9875 time0.0104
Epoch 835  loss: 0.0242 acc: 0.9875 Valid  loss: 4.9042  acc: 0.4250  f1: 0.4173
Test  loss: 4.9466 acc: 0.4020 f1: 0.3903 time: 0.0092
Epoch 836  loss: 0.0180 acc: 0.9875 time0.0105
Epoch 837  loss: 0.0252 acc: 0.9875 time0.0105
Epoch 838  loss: 0.0097 acc: 1.0000 time0.0104
Epoch 839  loss: 0.0275 acc: 0.9875 time0.0105
Epoch 840  loss: 0.0272 acc: 0.9875 time0.0105
Epoch 840  loss: 0.0185 acc: 0.9875 Valid  loss: 4.9978  acc: 0.4125  f1: 0.4035
Test  loss: 5.0537 acc: 0.3892 f1: 0.3793 time: 0.0088
Epoch 841  loss: 0.0152 acc: 1.0000 time0.0106
Epoch 842  loss: 0.0114 acc: 1.0000 time0.0105
Epoch 843  loss: 0.0237 acc: 0.9875 time0.0104
Epoch 844  loss: 0.0171 acc: 0.9875 time0.0104
Epoch 845  loss: 0.0136 acc: 0.9875 time0.0105
Epoch 845  loss: 0.0207 acc: 0.9875 Valid  loss: 4.8909  acc: 0.4250  f1: 0.4213
Test  loss: 4.9958 acc: 0.3929 f1: 0.3842 time: 0.0092
Epoch 846  loss: 0.0249 acc: 0.9875 time0.0106
Epoch 847  loss: 0.0283 acc: 0.9875 time0.0106
Epoch 848  loss: 0.0264 acc: 0.9875 time0.0105
Epoch 849  loss: 0.0272 acc: 0.9875 time0.0104
Epoch 850  loss: 0.0160 acc: 0.9875 time0.0104
Epoch 850  loss: 0.0240 acc: 0.9875 Valid  loss: 4.8817  acc: 0.4750  f1: 0.4696
Test  loss: 5.0937 acc: 0.3956 f1: 0.3845 time: 0.0088
VALID: VALID ACC 0.48750001192092896  VALID F1 0.4921970624235006 EPOCH 100
VALID: TEST ACC 0.4029170572757721 TEST F1 0.3904680259957024 EPOCH 100
GLOBAL: TEST ACC 0.45396536588668823 TEST F1 0.40689663438146445 EPOCH 85
Epoch 851  loss: 0.0272 acc: 0.9875 time0.0105
Epoch 852  loss: 0.0144 acc: 0.9875 time0.0105
Epoch 853  loss: 0.0237 acc: 0.9750 time0.0105
Epoch 854  loss: 0.0247 acc: 0.9875 time0.0105
Epoch 855  loss: 0.0230 acc: 0.9750 time0.0105
Epoch 855  loss: 0.0177 acc: 0.9875 Valid  loss: 5.3962  acc: 0.3875  f1: 0.3400
Test  loss: 5.7593 acc: 0.3537 f1: 0.3537 time: 0.0088
Epoch 856  loss: 0.0195 acc: 0.9875 time0.0105
Epoch 857  loss: 0.0164 acc: 0.9875 time0.0105
Epoch 858  loss: 0.0181 acc: 0.9875 time0.0106
Epoch 859  loss: 0.0145 acc: 0.9875 time0.0105
Epoch 860  loss: 0.0310 acc: 0.9875 time0.0105
Epoch 860  loss: 0.0211 acc: 0.9875 Valid  loss: 5.3833  acc: 0.4625  f1: 0.4293
Test  loss: 5.5477 acc: 0.3765 f1: 0.3713 time: 0.0090
Epoch 861  loss: 0.0230 acc: 0.9875 time0.0110
Epoch 862  loss: 0.0240 acc: 0.9750 time0.0106
Epoch 863  loss: 0.0152 acc: 0.9875 time0.0105
Epoch 864  loss: 0.0172 acc: 0.9875 time0.0104
Epoch 865  loss: 0.0123 acc: 1.0000 time0.0106
Epoch 865  loss: 0.0219 acc: 0.9875 Valid  loss: 5.0959  acc: 0.4625  f1: 0.4429
Test  loss: 5.3506 acc: 0.3810 f1: 0.3748 time: 0.0098
Epoch 866  loss: 0.0169 acc: 0.9875 time0.0106
Epoch 867  loss: 0.0169 acc: 0.9875 time0.0105
Epoch 868  loss: 0.0188 acc: 0.9875 time0.0105
Epoch 869  loss: 0.0100 acc: 1.0000 time0.0105
Epoch 870  loss: 0.0146 acc: 0.9875 time0.0106
Epoch 870  loss: 0.0295 acc: 0.9875 Valid  loss: 5.4088  acc: 0.4375  f1: 0.4062
Test  loss: 5.8364 acc: 0.3446 f1: 0.3388 time: 0.0092
Epoch 871  loss: 0.0330 acc: 0.9875 time0.0105
Epoch 872  loss: 0.0357 acc: 0.9875 time0.0105
Epoch 873  loss: 0.0367 acc: 0.9875 time0.0106
Epoch 874  loss: 0.0217 acc: 0.9750 time0.0104
Epoch 875  loss: 0.0279 acc: 0.9750 time0.0106
Epoch 875  loss: 0.0310 acc: 0.9875 Valid  loss: 4.7079  acc: 0.4625  f1: 0.4575
Test  loss: 4.7011 acc: 0.4211 f1: 0.3906 time: 0.0091
Epoch 876  loss: 0.0175 acc: 0.9875 time0.0106
Epoch 877  loss: 0.0228 acc: 0.9875 time0.0105
Epoch 878  loss: 0.0306 acc: 0.9875 time0.0105
Epoch 879  loss: 0.0284 acc: 0.9875 time0.0106
Epoch 880  loss: 0.0137 acc: 1.0000 time0.0106
Epoch 880  loss: 0.0215 acc: 0.9875 Valid  loss: 4.6893  acc: 0.4500  f1: 0.4542
Test  loss: 4.7201 acc: 0.4275 f1: 0.4055 time: 0.0091
Epoch 881  loss: 0.0204 acc: 0.9875 time0.0106
Epoch 882  loss: 0.0280 acc: 0.9875 time0.0106
Epoch 883  loss: 0.0187 acc: 0.9875 time0.0106
Epoch 884  loss: 0.0379 acc: 0.9875 time0.0107
Epoch 885  loss: 0.0237 acc: 0.9875 time0.0105
Epoch 885  loss: 0.0176 acc: 0.9875 Valid  loss: 5.1302  acc: 0.4625  f1: 0.4507
Test  loss: 5.0541 acc: 0.3820 f1: 0.3703 time: 0.0098
Epoch 886  loss: 0.0176 acc: 0.9875 time0.0107
Epoch 887  loss: 0.0272 acc: 0.9875 time0.0106
Epoch 888  loss: 0.0137 acc: 1.0000 time0.0106
Epoch 889  loss: 0.0180 acc: 0.9875 time0.0106
Epoch 890  loss: 0.0184 acc: 0.9875 time0.0105
Epoch 890  loss: 0.0205 acc: 0.9875 Valid  loss: 5.0382  acc: 0.4000  f1: 0.3875
Test  loss: 5.2132 acc: 0.3938 f1: 0.3855 time: 0.0095
Epoch 891  loss: 0.0233 acc: 0.9875 time0.0105
Epoch 892  loss: 0.0133 acc: 1.0000 time0.0104
Epoch 893  loss: 0.0160 acc: 0.9875 time0.0106
Epoch 894  loss: 0.0215 acc: 0.9750 time0.0107
Epoch 895  loss: 0.0252 acc: 0.9750 time0.0105
Epoch 895  loss: 0.0181 acc: 0.9875 Valid  loss: 5.3947  acc: 0.4000  f1: 0.3687
Test  loss: 5.5469 acc: 0.3619 f1: 0.3590 time: 0.0096
Epoch 896  loss: 0.0208 acc: 0.9875 time0.0106
Epoch 897  loss: 0.0198 acc: 0.9875 time0.0105
Epoch 898  loss: 0.0148 acc: 1.0000 time0.0105
Epoch 899  loss: 0.0284 acc: 0.9875 time0.0106
Epoch 900  loss: 0.0222 acc: 0.9875 time0.0105
Epoch 900  loss: 0.0225 acc: 0.9875 Valid  loss: 5.4267  acc: 0.4250  f1: 0.3892
Test  loss: 5.9562 acc: 0.3364 f1: 0.3298 time: 0.0088
VALID: VALID ACC 0.48750001192092896  VALID F1 0.4921970624235006 EPOCH 100
VALID: TEST ACC 0.4029170572757721 TEST F1 0.3904680259957024 EPOCH 100
GLOBAL: TEST ACC 0.45396536588668823 TEST F1 0.40689663438146445 EPOCH 85
Epoch 901  loss: 0.0297 acc: 0.9875 time0.0104
Epoch 902  loss: 0.0305 acc: 0.9875 time0.0104
Epoch 903  loss: 0.0221 acc: 0.9875 time0.0104
Epoch 904  loss: 0.0213 acc: 0.9875 time0.0104
Epoch 905  loss: 0.0153 acc: 0.9875 time0.0105
Epoch 905  loss: 0.0256 acc: 0.9875 Valid  loss: 5.0178  acc: 0.4500  f1: 0.4435
Test  loss: 5.1735 acc: 0.4148 f1: 0.3926 time: 0.0090
Epoch 906  loss: 0.0166 acc: 0.9875 time0.0105
Epoch 907  loss: 0.0169 acc: 0.9875 time0.0106
Epoch 908  loss: 0.0332 acc: 0.9875 time0.0105
Epoch 909  loss: 0.0166 acc: 0.9875 time0.0105
Epoch 910  loss: 0.0248 acc: 0.9875 time0.0106
Epoch 910  loss: 0.0204 acc: 0.9875 Valid  loss: 4.9832  acc: 0.4875  f1: 0.4844
Test  loss: 5.1766 acc: 0.4029 f1: 0.3891 time: 0.0088
Epoch 911  loss: 0.0157 acc: 0.9875 time0.0106
Epoch 912  loss: 0.0248 acc: 0.9750 time0.0106
Epoch 913  loss: 0.0273 acc: 0.9875 time0.0105
Epoch 914  loss: 0.0187 acc: 0.9875 time0.0105
Epoch 915  loss: 0.0232 acc: 0.9875 time0.0105
Epoch 915  loss: 0.0177 acc: 0.9875 Valid  loss: 5.1996  acc: 0.4375  f1: 0.4237
Test  loss: 5.3508 acc: 0.3883 f1: 0.3802 time: 0.0089
Epoch 916  loss: 0.0330 acc: 0.9875 time0.0105
Epoch 917  loss: 0.0186 acc: 0.9875 time0.0105
Epoch 918  loss: 0.0225 acc: 0.9875 time0.0105
Epoch 919  loss: 0.0135 acc: 1.0000 time0.0104
Epoch 920  loss: 0.0185 acc: 0.9875 time0.0104
Epoch 920  loss: 0.0269 acc: 0.9875 Valid  loss: 4.8959  acc: 0.4500  f1: 0.4535
Test  loss: 4.8256 acc: 0.4348 f1: 0.4100 time: 0.0140
Epoch 921  loss: 0.0229 acc: 0.9875 time0.0110
Epoch 922  loss: 0.0244 acc: 0.9750 time0.0104
Epoch 923  loss: 0.0319 acc: 0.9875 time0.0105
Epoch 924  loss: 0.0129 acc: 1.0000 time0.0105
Epoch 925  loss: 0.0225 acc: 0.9875 time0.0105
Epoch 925  loss: 0.0190 acc: 0.9875 Valid  loss: 5.0425  acc: 0.4250  f1: 0.4182
Test  loss: 4.9711 acc: 0.4047 f1: 0.3900 time: 0.0088
Epoch 926  loss: 0.0211 acc: 0.9875 time0.0107
Epoch 927  loss: 0.0324 acc: 0.9875 time0.0106
Epoch 928  loss: 0.0144 acc: 0.9875 time0.0104
Epoch 929  loss: 0.0189 acc: 0.9875 time0.0105
Epoch 930  loss: 0.0208 acc: 0.9875 time0.0105
Epoch 930  loss: 0.0187 acc: 0.9875 Valid  loss: 5.1078  acc: 0.4625  f1: 0.4507
Test  loss: 5.0726 acc: 0.3947 f1: 0.3790 time: 0.0088
Epoch 931  loss: 0.0208 acc: 0.9875 time0.0105
Epoch 932  loss: 0.0132 acc: 1.0000 time0.0105
Epoch 933  loss: 0.0244 acc: 0.9875 time0.0105
Epoch 934  loss: 0.0261 acc: 0.9750 time0.0105
Epoch 935  loss: 0.0281 acc: 0.9875 time0.0105
Epoch 935  loss: 0.0301 acc: 0.9875 Valid  loss: 4.7441  acc: 0.4500  f1: 0.4521
Test  loss: 4.7600 acc: 0.4339 f1: 0.4102 time: 0.0092
Epoch 936  loss: 0.0182 acc: 0.9875 time0.0105
Epoch 937  loss: 0.0176 acc: 0.9875 time0.0105
Epoch 938  loss: 0.0186 acc: 0.9875 time0.0105
Epoch 939  loss: 0.0416 acc: 0.9875 time0.0105
Epoch 940  loss: 0.0148 acc: 1.0000 time0.0105
Epoch 940  loss: 0.0202 acc: 0.9875 Valid  loss: 5.0376  acc: 0.4625  f1: 0.4511
Test  loss: 5.0079 acc: 0.3883 f1: 0.3736 time: 0.0088
Epoch 941  loss: 0.0111 acc: 1.0000 time0.0105
Epoch 942  loss: 0.0243 acc: 0.9750 time0.0105
Epoch 943  loss: 0.0168 acc: 0.9875 time0.0104
Epoch 944  loss: 0.0152 acc: 1.0000 time0.0105
Epoch 945  loss: 0.0130 acc: 1.0000 time0.0106
Epoch 945  loss: 0.0184 acc: 0.9875 Valid  loss: 5.2062  acc: 0.4625  f1: 0.4459
Test  loss: 5.5191 acc: 0.3537 f1: 0.3463 time: 0.0088
Epoch 946  loss: 0.0168 acc: 0.9875 time0.0104
Epoch 947  loss: 0.0235 acc: 0.9875 time0.0105
Epoch 948  loss: 0.0164 acc: 0.9875 time0.0106
Epoch 949  loss: 0.0267 acc: 0.9875 time0.0106
Epoch 950  loss: 0.0269 acc: 0.9875 time0.0105
Epoch 950  loss: 0.0232 acc: 0.9875 Valid  loss: 5.2481  acc: 0.4500  f1: 0.4216
Test  loss: 5.5824 acc: 0.3829 f1: 0.3739 time: 0.0091
VALID: VALID ACC 0.48750001192092896  VALID F1 0.4921970624235006 EPOCH 100
VALID: TEST ACC 0.4029170572757721 TEST F1 0.3904680259957024 EPOCH 100
GLOBAL: TEST ACC 0.45396536588668823 TEST F1 0.40689663438146445 EPOCH 85
Epoch 951  loss: 0.0141 acc: 1.0000 time0.0105
Epoch 952  loss: 0.0174 acc: 0.9875 time0.0105
Epoch 953  loss: 0.0223 acc: 0.9875 time0.0107
Epoch 954  loss: 0.0261 acc: 0.9750 time0.0105
Epoch 955  loss: 0.0217 acc: 0.9875 time0.0106
Epoch 955  loss: 0.0215 acc: 0.9875 Valid  loss: 5.5113  acc: 0.4375  f1: 0.4057
Test  loss: 5.7370 acc: 0.3747 f1: 0.3700 time: 0.0093
Epoch 956  loss: 0.0183 acc: 0.9875 time0.0107
Epoch 957  loss: 0.0171 acc: 0.9875 time0.0106
Epoch 958  loss: 0.0134 acc: 1.0000 time0.0107
Epoch 959  loss: 0.0176 acc: 0.9875 time0.0106
Epoch 960  loss: 0.0222 acc: 0.9750 time0.0106
Epoch 960  loss: 0.0181 acc: 0.9875 Valid  loss: 5.4920  acc: 0.4250  f1: 0.3958
Test  loss: 5.7865 acc: 0.3619 f1: 0.3590 time: 0.0091
Epoch 961  loss: 0.0280 acc: 0.9875 time0.0106
Epoch 962  loss: 0.0133 acc: 0.9875 time0.0106
Epoch 963  loss: 0.0201 acc: 0.9875 time0.0106
Epoch 964  loss: 0.0209 acc: 0.9875 time0.0134
Epoch 965  loss: 0.0179 acc: 1.0000 time0.0105
Epoch 965  loss: 0.0187 acc: 0.9875 Valid  loss: 5.4140  acc: 0.4000  f1: 0.3737
Test  loss: 5.6860 acc: 0.3710 f1: 0.3666 time: 0.0088
Epoch 966  loss: 0.0178 acc: 0.9875 time0.0106
Epoch 967  loss: 0.0341 acc: 0.9750 time0.0105
Epoch 968  loss: 0.0304 acc: 0.9875 time0.0105
Epoch 969  loss: 0.0193 acc: 0.9875 time0.0105
Epoch 970  loss: 0.0209 acc: 0.9875 time0.0104
Epoch 970  loss: 0.0208 acc: 0.9875 Valid  loss: 5.1655  acc: 0.4250  f1: 0.4116
Test  loss: 5.3552 acc: 0.3838 f1: 0.3763 time: 0.0094
Epoch 971  loss: 0.0275 acc: 0.9875 time0.0105
Epoch 972  loss: 0.0149 acc: 1.0000 time0.0105
Epoch 973  loss: 0.0205 acc: 0.9875 time0.0105
Epoch 974  loss: 0.0209 acc: 0.9875 time0.0105
Epoch 975  loss: 0.0152 acc: 0.9875 time0.0106
Epoch 975  loss: 0.0211 acc: 0.9875 Valid  loss: 5.1685  acc: 0.4750  f1: 0.4605
Test  loss: 5.1754 acc: 0.3883 f1: 0.3770 time: 0.0091
Epoch 976  loss: 0.0326 acc: 0.9750 time0.0109
Epoch 977  loss: 0.0180 acc: 0.9875 time0.0106
Epoch 978  loss: 0.0227 acc: 0.9750 time0.0107
Epoch 979  loss: 0.0115 acc: 0.9875 time0.0108
Epoch 980  loss: 0.0198 acc: 0.9750 time0.0105
Epoch 980  loss: 0.0174 acc: 0.9875 Valid  loss: 5.1748  acc: 0.4625  f1: 0.4493
Test  loss: 5.3098 acc: 0.3856 f1: 0.3769 time: 0.0126
Epoch 981  loss: 0.0172 acc: 0.9875 time0.0107
Epoch 982  loss: 0.0206 acc: 0.9875 time0.0106
Epoch 983  loss: 0.0175 acc: 0.9875 time0.0107
Epoch 984  loss: 0.0254 acc: 0.9750 time0.0107
Epoch 985  loss: 0.0237 acc: 0.9875 time0.0106
Epoch 985  loss: 0.0175 acc: 0.9875 Valid  loss: 5.1367  acc: 0.4375  f1: 0.4293
Test  loss: 5.2955 acc: 0.3829 f1: 0.3752 time: 0.0092
Epoch 986  loss: 0.0144 acc: 0.9875 time0.0112
Epoch 987  loss: 0.0154 acc: 1.0000 time0.0110
Epoch 988  loss: 0.0168 acc: 1.0000 time0.0105
Epoch 989  loss: 0.0277 acc: 0.9875 time0.0105
Epoch 990  loss: 0.0168 acc: 1.0000 time0.0105
Epoch 990  loss: 0.0187 acc: 0.9875 Valid  loss: 5.2320  acc: 0.4375  f1: 0.4293
Test  loss: 5.4219 acc: 0.3765 f1: 0.3699 time: 0.0100
Epoch 991  loss: 0.0199 acc: 0.9875 time0.0106
Epoch 992  loss: 0.0253 acc: 0.9875 time0.0106
Epoch 993  loss: 0.0259 acc: 0.9750 time0.0106
Epoch 994  loss: 0.0138 acc: 1.0000 time0.0107
Epoch 995  loss: 0.0209 acc: 0.9750 time0.0106
Epoch 995  loss: 0.0182 acc: 0.9875 Valid  loss: 5.2414  acc: 0.4625  f1: 0.4496
Test  loss: 5.6942 acc: 0.3728 f1: 0.3688 time: 0.0098
Epoch 996  loss: 0.0246 acc: 0.9750 time0.0111
Epoch 997  loss: 0.0184 acc: 0.9875 time0.0110
Epoch 998  loss: 0.0187 acc: 0.9875 time0.0109
Epoch 999  loss: 0.0215 acc: 0.9875 time0.0109
Epoch 1000  loss: 0.0238 acc: 0.9875 time0.0109
Epoch 1000  loss: 0.0175 acc: 0.9875 Valid  loss: 5.2170  acc: 0.4500  f1: 0.4402
Test  loss: 5.4724 acc: 0.3783 f1: 0.3726 time: 0.0097
VALID: VALID ACC 0.48750001192092896  VALID F1 0.4921970624235006 EPOCH 100
VALID: TEST ACC 0.4029170572757721 TEST F1 0.3904680259957024 EPOCH 100
GLOBAL: TEST ACC 0.45396536588668823 TEST F1 0.40689663438146445 EPOCH 85
