/home/lee-j/github/SHINE-EMNLP21/SHINE-Torch/utils.py:9: UserWarning: To copy construct from a tensor, it is recommended to use sourceTensor.clone().detach() or sourceTensor.clone().detach().requires_grad_(True), rather than torch.tensor(sourceTensor).
  return torch.tensor(dicts[dict_type], dtype=torch.float, device=device)
776
709
45956
data process time: 13.805147886276245
268,439 training parameters.
Traceback (most recent call last):
  File "/home/lee-j/github/SHINE-EMNLP21/SHINE-Torch/train.py", line 49, in <module>
    test_acc,best_f1 = trainer.train()
  File "/home/lee-j/github/SHINE-EMNLP21/SHINE-Torch/Trainer.py", line 71, in train
    output = self.model(i)
  File "/home/lee-j/github/SHINE-EMNLP21/.shine/lib/python3.10/site-packages/torch/nn/modules/module.py", line 1501, in _call_impl
    return forward_call(*args, **kwargs)
  File "/home/lee-j/github/SHINE-EMNLP21/SHINE-Torch/model.py", line 64, in forward
    cos_simi_total = torch.matmul(Doc_features, Doc_features.t())
torch.cuda.OutOfMemoryError: CUDA out of memory. Tried to allocate 8.38 GiB (GPU 0; 10.91 GiB total capacity; 3.22 GiB already allocated; 7.10 GiB free; 3.26 GiB reserved in total by PyTorch) If reserved memory is >> allocated memory try setting max_split_size_mb to avoid fragmentation.  See documentation for Memory Management and PYTORCH_CUDA_ALLOC_CONF
/home/lee-j/github/SHINE-EMNLP21/SHINE-Torch/utils.py:9: UserWarning: To copy construct from a tensor, it is recommended to use sourceTensor.clone().detach() or sourceTensor.clone().detach().requires_grad_(True), rather than torch.tensor(sourceTensor).
  return torch.tensor(dicts[dict_type], dtype=torch.float, device=device)
776
709
45956
data process time: 30.458559274673462
268,439 training parameters.
Traceback (most recent call last):
  File "/home/lee-j/github/SHINE-EMNLP21/SHINE-Torch/train.py", line 49, in <module>
    test_acc,best_f1 = trainer.train()
  File "/home/lee-j/github/SHINE-EMNLP21/SHINE-Torch/Trainer.py", line 76, in train
    loss.backward()
  File "/home/lee-j/github/SHINE-EMNLP21/.shine/lib/python3.10/site-packages/torch/_tensor.py", line 487, in backward
    torch.autograd.backward(
  File "/home/lee-j/github/SHINE-EMNLP21/.shine/lib/python3.10/site-packages/torch/autograd/__init__.py", line 200, in backward
    Variable._execution_engine.run_backward(  # Calls into the C++ engine to run the backward pass
torch.cuda.OutOfMemoryError: CUDA out of memory. Tried to allocate 8.38 GiB (GPU 5; 47.54 GiB total capacity; 45.00 GiB already allocated; 1.48 GiB free; 45.06 GiB reserved in total by PyTorch) If reserved memory is >> allocated memory try setting max_split_size_mb to avoid fragmentation.  See documentation for Memory Management and PYTORCH_CUDA_ALLOC_CONF
/home/lee-j/github/SHINE-EMNLP21/SHINE-Torch/utils.py:9: UserWarning: To copy construct from a tensor, it is recommended to use sourceTensor.clone().detach() or sourceTensor.clone().detach().requires_grad_(True), rather than torch.tensor(sourceTensor).
  return torch.tensor(dicts[dict_type], dtype=torch.float, device=device)
776
709
45956
data process time: 31.698500156402588
268,439 training parameters.
Traceback (most recent call last):
  File "/home/lee-j/github/SHINE-EMNLP21/SHINE-Torch/train.py", line 49, in <module>
    test_acc,best_f1 = trainer.train()
  File "/home/lee-j/github/SHINE-EMNLP21/SHINE-Torch/Trainer.py", line 76, in train
    loss.backward()
  File "/home/lee-j/github/SHINE-EMNLP21/.shine/lib/python3.10/site-packages/torch/_tensor.py", line 487, in backward
    torch.autograd.backward(
  File "/home/lee-j/github/SHINE-EMNLP21/.shine/lib/python3.10/site-packages/torch/autograd/__init__.py", line 200, in backward
    Variable._execution_engine.run_backward(  # Calls into the C++ engine to run the backward pass
torch.cuda.OutOfMemoryError: CUDA out of memory. Tried to allocate 8.38 GiB (GPU 5; 47.54 GiB total capacity; 45.00 GiB already allocated; 1.48 GiB free; 45.06 GiB reserved in total by PyTorch) If reserved memory is >> allocated memory try setting max_split_size_mb to avoid fragmentation.  See documentation for Memory Management and PYTORCH_CUDA_ALLOC_CONF
/home/lee-j/github/SHINE-EMNLP21/SHINE-Torch/utils.py:9: UserWarning: To copy construct from a tensor, it is recommended to use sourceTensor.clone().detach() or sourceTensor.clone().detach().requires_grad_(True), rather than torch.tensor(sourceTensor).
  return torch.tensor(dicts[dict_type], dtype=torch.float, device=device)
776
709
45956
data process time: 21.866718530654907
268,439 training parameters.
Traceback (most recent call last):
  File "/home/lee-j/github/SHINE-EMNLP21/SHINE-Torch/train.py", line 49, in <module>
    test_acc,best_f1 = trainer.train()
  File "/home/lee-j/github/SHINE-EMNLP21/SHINE-Torch/Trainer.py", line 76, in train
    loss.backward()
  File "/home/lee-j/github/SHINE-EMNLP21/.shine/lib/python3.10/site-packages/torch/_tensor.py", line 487, in backward
    torch.autograd.backward(
  File "/home/lee-j/github/SHINE-EMNLP21/.shine/lib/python3.10/site-packages/torch/autograd/__init__.py", line 200, in backward
    Variable._execution_engine.run_backward(  # Calls into the C++ engine to run the backward pass
torch.cuda.OutOfMemoryError: CUDA out of memory. Tried to allocate 8.38 GiB (GPU 5; 47.54 GiB total capacity; 45.00 GiB already allocated; 1.48 GiB free; 45.06 GiB reserved in total by PyTorch) If reserved memory is >> allocated memory try setting max_split_size_mb to avoid fragmentation.  See documentation for Memory Management and PYTORCH_CUDA_ALLOC_CONF
/Users/jylee/Desktop/RAP/SHINE-EMNLP21/SHINE-Torch/utils.py:9: UserWarning: To copy construct from a tensor, it is recommended to use sourceTensor.clone().detach() or sourceTensor.clone().detach().requires_grad_(True), rather than torch.tensor(sourceTensor).
  return torch.tensor(dicts[dict_type], dtype=torch.float, device=device)
1 344
1 29
2 1194
3 344
3 96
4 1708
5 1023
5 100
train samples:  60
[310, 179, 20, 6, 23, 227, 242, 193, 158, 86]
valid samples:  60
[71, 330, 247, 60, 135, 249, 126, 185, 338, 140]
test samples:  224
[240, 94, 298, 120, 30, 325, 124, 108, 184, 123]
data process time: 0.08759903907775879
494,803 training parameters.
Epoch 1  loss: 1.0991 acc: 0.3333 time0.0921
Epoch 2  loss: 1.0990 acc: 0.3333 time0.0356
Epoch 3  loss: 1.0937 acc: 0.3667 time0.0385
Epoch 4  loss: 1.0987 acc: 0.2667 time0.0497
Epoch 5  loss: 1.0919 acc: 0.3167 time0.0425
Epoch 5  loss: 1.0995 acc: 0.3333 Valid  loss: 1.0998  acc: 0.3333  macro_f1: 0.1667  micro_f1: 0.3333
Test  loss: 1.1055 acc: 0.3750 f1: 0.1818 time: 0.0160
Epoch 6  loss: 1.0936 acc: 0.4000 time0.0371
Epoch 7  loss: 1.0841 acc: 0.4000 time0.0372
Epoch 8  loss: 1.0881 acc: 0.4333 time0.0347
Epoch 9  loss: 1.0877 acc: 0.4000 time0.0363
Epoch 10  loss: 1.0702 acc: 0.4500 time0.0375
Epoch 10  loss: 1.0783 acc: 0.6167 Valid  loss: 1.0862  acc: 0.4833  macro_f1: 0.4490  micro_f1: 0.4833
Test  loss: 1.0876 acc: 0.5089 f1: 0.4475 time: 0.0149
Epoch 11  loss: 1.0634 acc: 0.5167 time0.0343
Epoch 12  loss: 1.0348 acc: 0.5833 time0.0390
Epoch 13  loss: 0.9963 acc: 0.7667 time0.0330
Epoch 14  loss: 0.9595 acc: 0.7500 time0.0314
Epoch 15  loss: 0.9148 acc: 0.8000 time0.0325
Epoch 15  loss: 0.8293 acc: 0.8167 Valid  loss: 0.9511  acc: 0.6000  macro_f1: 0.5943  micro_f1: 0.6000
Test  loss: 0.9518 acc: 0.6652 f1: 0.6253 time: 0.0134
Epoch 16  loss: 0.8428 acc: 0.8333 time0.0337
Epoch 17  loss: 0.8004 acc: 0.8500 time0.0321
Epoch 18  loss: 0.7187 acc: 0.8000 time0.0318
Epoch 19  loss: 0.6461 acc: 0.8667 time0.0326
Epoch 20  loss: 0.6188 acc: 0.8333 time0.0346
Epoch 20  loss: 0.5068 acc: 0.8833 Valid  loss: 0.9859  acc: 0.6833  macro_f1: 0.6823  micro_f1: 0.6833
Test  loss: 1.0519 acc: 0.6562 f1: 0.6298 time: 0.0153
Epoch 21  loss: 0.5238 acc: 0.8667 time0.0370
Epoch 22  loss: 0.4608 acc: 0.8833 time0.0328
Epoch 23  loss: 0.4212 acc: 0.8833 time0.0332
Epoch 24  loss: 0.4205 acc: 0.8833 time0.0312
Epoch 25  loss: 0.2902 acc: 0.9000 time0.0350
Epoch 25  loss: 0.2963 acc: 0.9333 Valid  loss: 1.4561  acc: 0.6167  macro_f1: 0.6124  micro_f1: 0.6167
Test  loss: 1.2817 acc: 0.6250 f1: 0.5957 time: 0.0139
Epoch 26  loss: 0.3113 acc: 0.9000 time0.0328
Epoch 27  loss: 0.2075 acc: 0.9667 time0.0324
Epoch 28  loss: 0.2260 acc: 0.9000 time0.0331
Epoch 29  loss: 0.2616 acc: 0.8833 time0.0328
Epoch 30  loss: 0.1858 acc: 0.9500 time0.0338
Epoch 30  loss: 0.1656 acc: 0.9667 Valid  loss: 1.9858  acc: 0.6167  macro_f1: 0.6082  micro_f1: 0.6167
Test  loss: 1.6612 acc: 0.6384 f1: 0.6220 time: 0.0133
Epoch 31  loss: 0.2165 acc: 0.9333 time0.0344
Epoch 32  loss: 0.1349 acc: 0.9500 time0.0372
Epoch 33  loss: 0.1433 acc: 0.9333 time0.0332
Epoch 34  loss: 0.1632 acc: 0.9500 time0.0322
Epoch 35  loss: 0.1647 acc: 0.9500 time0.0354
Epoch 35  loss: 0.0822 acc: 0.9667 Valid  loss: 2.5418  acc: 0.6833  macro_f1: 0.6838  micro_f1: 0.6833
Test  loss: 2.2986 acc: 0.6205 f1: 0.6089 time: 0.0147
Epoch 36  loss: 0.1346 acc: 0.9667 time0.0377
Epoch 37  loss: 0.1403 acc: 0.9500 time0.0360
Epoch 38  loss: 0.1332 acc: 0.9333 time0.0350
Epoch 39  loss: 0.1140 acc: 0.9500 time0.0357
Epoch 40  loss: 0.1606 acc: 0.9333 time0.0352
Epoch 40  loss: 0.2110 acc: 0.9500 Valid  loss: 3.1580  acc: 0.7000  macro_f1: 0.6871  micro_f1: 0.7000
Test  loss: 2.0711 acc: 0.6295 f1: 0.6083 time: 0.0142
Epoch 41  loss: 0.1181 acc: 0.9667 time0.0357
Epoch 42  loss: 0.0782 acc: 0.9667 time0.0366
Epoch 43  loss: 0.0427 acc: 0.9667 time0.0364
Epoch 44  loss: 0.1409 acc: 0.9333 time0.0359
Epoch 45  loss: 0.0490 acc: 0.9833 time0.0392
Epoch 45  loss: 0.0100 acc: 1.0000 Valid  loss: 3.1395  acc: 0.6500  macro_f1: 0.6435  micro_f1: 0.6500
Test  loss: 2.8845 acc: 0.6250 f1: 0.6136 time: 0.0169
Epoch 46  loss: 0.0228 acc: 0.9833 time0.0413
Epoch 47  loss: 0.0496 acc: 0.9833 time0.0421
Epoch 48  loss: 0.0842 acc: 0.9500 time0.0397
Epoch 49  loss: 0.1854 acc: 0.9500 time0.0389
Epoch 50  loss: 0.0175 acc: 1.0000 time0.0429
Epoch 50  loss: 0.0152 acc: 1.0000 Valid  loss: 3.2993  acc: 0.6167  macro_f1: 0.6048  micro_f1: 0.6167
Test  loss: 2.9184 acc: 0.6250 f1: 0.6037 time: 0.0161
VALID: VALID ACC 0.699999988079071  MACRO F1 0.6871373307543521 MICRO F1 0.7 EPOCH 40
VALID: TEST ACC 0.6294642686843872 TEST F1 0.6082719702892353 EPOCH 40
GLOBAL: TEST ACC 0.6651785969734192 TEST F1 0.6252520451825622 EPOCH 15
Epoch 51  loss: 0.0326 acc: 0.9833 time0.0419
Epoch 52  loss: 0.0180 acc: 1.0000 time0.0402
Epoch 53  loss: 0.0149 acc: 1.0000 time0.0411
Epoch 54  loss: 0.0126 acc: 1.0000 time0.0414
Epoch 55  loss: 0.0369 acc: 0.9833 time0.0380
Epoch 55  loss: 0.0016 acc: 1.0000 Valid  loss: 2.9584  acc: 0.6333  macro_f1: 0.6276  micro_f1: 0.6333
Test  loss: 3.6109 acc: 0.6116 f1: 0.5939 time: 0.0141
Epoch 56  loss: 0.0135 acc: 1.0000 time0.0404
Epoch 57  loss: 0.0095 acc: 1.0000 time0.0490
Epoch 58  loss: 0.0310 acc: 1.0000 time0.0384
Epoch 59  loss: 0.0112 acc: 1.0000 time0.0378
Epoch 60  loss: 0.0037 acc: 1.0000 time0.0390
Epoch 60  loss: 0.0006 acc: 1.0000 Valid  loss: 3.0608  acc: 0.6833  macro_f1: 0.6723  micro_f1: 0.6833
Test  loss: 3.6027 acc: 0.6205 f1: 0.6024 time: 0.0159
Epoch 61  loss: 0.0166 acc: 1.0000 time0.0384
Epoch 62  loss: 0.0100 acc: 1.0000 time0.0329
Epoch 63  loss: 0.0106 acc: 1.0000 time0.0313
Epoch 64  loss: 0.0082 acc: 1.0000 time0.0363
Epoch 65  loss: 0.0021 acc: 1.0000 time0.0416
Epoch 65  loss: 0.0002 acc: 1.0000 Valid  loss: 3.4113  acc: 0.6500  macro_f1: 0.6296  micro_f1: 0.6500
Test  loss: 3.8025 acc: 0.6339 f1: 0.6134 time: 0.0158
Epoch 66  loss: 0.0160 acc: 1.0000 time0.0387
Epoch 67  loss: 0.1062 acc: 0.9833 time0.0385
Epoch 68  loss: 0.0056 acc: 1.0000 time0.0394
Epoch 69  loss: 0.0016 acc: 1.0000 time0.0376
Epoch 70  loss: 0.0011 acc: 1.0000 time0.0316
Epoch 70  loss: 0.0002 acc: 1.0000 Valid  loss: 3.3658  acc: 0.6667  macro_f1: 0.6616  micro_f1: 0.6667
Test  loss: 4.3738 acc: 0.6295 f1: 0.6098 time: 0.0144
Epoch 71  loss: 0.0649 acc: 0.9833 time0.0338
Epoch 72  loss: 0.0029 acc: 1.0000 time0.0310
Epoch 73  loss: 0.0005 acc: 1.0000 time0.0317
Epoch 74  loss: 0.0021 acc: 1.0000 time0.0332
Epoch 75  loss: 0.0041 acc: 1.0000 time0.0363
Epoch 75  loss: 0.0378 acc: 0.9833 Valid  loss: 3.4164  acc: 0.6500  macro_f1: 0.6426  micro_f1: 0.6500
Test  loss: 4.1097 acc: 0.6161 f1: 0.5946 time: 0.0142
Epoch 76  loss: 0.0607 acc: 0.9833 time0.0350
Epoch 77  loss: 0.0136 acc: 1.0000 time0.0337
Epoch 78  loss: 0.0341 acc: 0.9833 time0.0331
Epoch 79  loss: 0.0313 acc: 0.9833 time0.0321
Epoch 80  loss: 0.0208 acc: 1.0000 time0.0333
Epoch 80  loss: 0.1092 acc: 0.9833 Valid  loss: 4.1867  acc: 0.6333  macro_f1: 0.5963  micro_f1: 0.6333
Test  loss: 3.5347 acc: 0.6027 f1: 0.5394 time: 0.0142
Epoch 81  loss: 0.0231 acc: 0.9833 time0.0379
Epoch 82  loss: 0.0122 acc: 1.0000 time0.0371
Epoch 83  loss: 0.0042 acc: 1.0000 time0.0377
Epoch 84  loss: 0.0010 acc: 1.0000 time0.0365
Epoch 85  loss: 0.0003 acc: 1.0000 time0.0368
Epoch 85  loss: 0.0000 acc: 1.0000 Valid  loss: 3.3691  acc: 0.6500  macro_f1: 0.6296  micro_f1: 0.6500
Test  loss: 3.8014 acc: 0.6518 f1: 0.6387 time: 0.0154
Epoch 86  loss: 0.0004 acc: 1.0000 time0.0352
Epoch 87  loss: 0.0019 acc: 1.0000 time0.0326
Epoch 88  loss: 0.0038 acc: 1.0000 time0.0351
Epoch 89  loss: 0.0022 acc: 1.0000 time0.0359
Epoch 90  loss: 0.0014 acc: 1.0000 time0.0365
Epoch 90  loss: 0.0000 acc: 1.0000 Valid  loss: 3.4341  acc: 0.6333  macro_f1: 0.6302  micro_f1: 0.6333
Test  loss: 4.2467 acc: 0.6384 f1: 0.6211 time: 0.0142
Epoch 91  loss: 0.0092 acc: 1.0000 time0.0341
Epoch 92  loss: 0.0071 acc: 1.0000 time0.0315
Epoch 93  loss: 0.0039 acc: 1.0000 time0.0328
Epoch 94  loss: 0.0105 acc: 1.0000 time0.0328
Epoch 95  loss: 0.0010 acc: 1.0000 time0.0319
Epoch 95  loss: 0.0000 acc: 1.0000 Valid  loss: 3.7878  acc: 0.6333  macro_f1: 0.6283  micro_f1: 0.6333
Test  loss: 4.3550 acc: 0.6116 f1: 0.5967 time: 0.0136
Epoch 96  loss: 0.0002 acc: 1.0000 time0.0322
Epoch 97  loss: 0.0375 acc: 0.9833 time0.0324
Epoch 98  loss: 0.0010 acc: 1.0000 time0.0316
Epoch 99  loss: 0.0170 acc: 0.9833 time0.0326
Epoch 100  loss: 0.0044 acc: 1.0000 time0.0381
Epoch 100  loss: 0.0000 acc: 1.0000 Valid  loss: 3.6929  acc: 0.6333  macro_f1: 0.6260  micro_f1: 0.6333
Test  loss: 4.0114 acc: 0.6518 f1: 0.6359 time: 0.0150
VALID: VALID ACC 0.699999988079071  MACRO F1 0.6871373307543521 MICRO F1 0.7 EPOCH 40
VALID: TEST ACC 0.6294642686843872 TEST F1 0.6082719702892353 EPOCH 40
GLOBAL: TEST ACC 0.6651785969734192 TEST F1 0.6252520451825622 EPOCH 15
Epoch 101  loss: 0.0004 acc: 1.0000 time0.0397
Epoch 102  loss: 0.0008 acc: 1.0000 time0.0442
Epoch 103  loss: 0.0003 acc: 1.0000 time0.0419
Epoch 104  loss: 0.0005 acc: 1.0000 time0.0405
Epoch 105  loss: 0.0003 acc: 1.0000 time0.0421
Epoch 105  loss: 0.0000 acc: 1.0000 Valid  loss: 4.2195  acc: 0.6000  macro_f1: 0.5939  micro_f1: 0.6000
Test  loss: 4.4955 acc: 0.6339 f1: 0.6203 time: 0.0159
Epoch 106  loss: 0.0004 acc: 1.0000 time0.0394
Epoch 107  loss: 0.0016 acc: 1.0000 time0.0390
Epoch 108  loss: 0.0015 acc: 1.0000 time0.0400
Epoch 109  loss: 0.0002 acc: 1.0000 time0.0409
Epoch 110  loss: 0.0006 acc: 1.0000 time0.0383
Epoch 110  loss: 0.0000 acc: 1.0000 Valid  loss: 4.5833  acc: 0.5833  macro_f1: 0.5767  micro_f1: 0.5833
Test  loss: 4.7453 acc: 0.6339 f1: 0.6148 time: 0.0163
Epoch 111  loss: 0.0004 acc: 1.0000 time0.0374
Epoch 112  loss: 0.0005 acc: 1.0000 time0.0355
Epoch 113  loss: 0.0005 acc: 1.0000 time0.0340
Epoch 114  loss: 0.0004 acc: 1.0000 time0.0366
Epoch 115  loss: 0.0010 acc: 1.0000 time0.0376
Epoch 115  loss: 0.0000 acc: 1.0000 Valid  loss: 4.7627  acc: 0.5833  macro_f1: 0.5767  micro_f1: 0.5833
Test  loss: 4.8021 acc: 0.6295 f1: 0.6110 time: 0.0150
Epoch 116  loss: 0.0002 acc: 1.0000 time0.0329
Epoch 117  loss: 0.0001 acc: 1.0000 time0.0323
Epoch 118  loss: 0.0006 acc: 1.0000 time0.0319
Epoch 119  loss: 0.0003 acc: 1.0000 time0.0331
Epoch 120  loss: 0.0006 acc: 1.0000 time0.0376
Epoch 120  loss: 0.0000 acc: 1.0000 Valid  loss: 4.7485  acc: 0.6000  macro_f1: 0.5946  micro_f1: 0.6000
Test  loss: 4.7910 acc: 0.6339 f1: 0.6183 time: 0.0147
Epoch 121  loss: 0.0002 acc: 1.0000 time0.0361
Epoch 122  loss: 0.0002 acc: 1.0000 time0.0505
Epoch 123  loss: 0.0018 acc: 1.0000 time0.0399
Epoch 124  loss: 0.0003 acc: 1.0000 time0.0389
Epoch 125  loss: 0.0008 acc: 1.0000 time0.0357
Epoch 125  loss: 0.0000 acc: 1.0000 Valid  loss: 4.7035  acc: 0.6000  macro_f1: 0.5926  micro_f1: 0.6000
Test  loss: 4.6612 acc: 0.6384 f1: 0.6224 time: 0.0161
Epoch 126  loss: 0.0001 acc: 1.0000 time0.0368
Epoch 127  loss: 0.0002 acc: 1.0000 time0.0365
Epoch 128  loss: 0.0001 acc: 1.0000 time0.0398
Epoch 129  loss: 0.0001 acc: 1.0000 time0.0324
Epoch 130  loss: 0.0001 acc: 1.0000 time0.0328
Epoch 130  loss: 0.0000 acc: 1.0000 Valid  loss: 4.5819  acc: 0.6333  macro_f1: 0.6264  micro_f1: 0.6333
Test  loss: 4.4661 acc: 0.6518 f1: 0.6361 time: 0.0141
Epoch 131  loss: 0.0002 acc: 1.0000 time0.0328
Epoch 132  loss: 0.0001 acc: 1.0000 time0.0363
Epoch 133  loss: 0.0002 acc: 1.0000 time0.0376
Epoch 134  loss: 0.0001 acc: 1.0000 time0.0372
Epoch 135  loss: 0.0001 acc: 1.0000 time0.0383
Epoch 135  loss: 0.0000 acc: 1.0000 Valid  loss: 4.4547  acc: 0.6333  macro_f1: 0.6264  micro_f1: 0.6333
Test  loss: 4.3894 acc: 0.6607 f1: 0.6460 time: 0.0181
Epoch 136  loss: 0.0002 acc: 1.0000 time0.0473
Epoch 137  loss: 0.0000 acc: 1.0000 time0.0375
Epoch 138  loss: 0.0002 acc: 1.0000 time0.0396
Epoch 139  loss: 0.0001 acc: 1.0000 time0.0425
Epoch 140  loss: 0.0000 acc: 1.0000 time0.0433
Epoch 140  loss: 0.0000 acc: 1.0000 Valid  loss: 4.4486  acc: 0.6167  macro_f1: 0.6054  micro_f1: 0.6167
Test  loss: 4.3427 acc: 0.6429 f1: 0.6221 time: 0.0188
Epoch 141  loss: 0.0001 acc: 1.0000 time0.0480
Epoch 142  loss: 0.0002 acc: 1.0000 time0.0455
Epoch 143  loss: 0.0002 acc: 1.0000 time0.0449
Epoch 144  loss: 0.0001 acc: 1.0000 time0.0450
Epoch 145  loss: 0.0002 acc: 1.0000 time0.0447
Epoch 145  loss: 0.0000 acc: 1.0000 Valid  loss: 4.4011  acc: 0.6167  macro_f1: 0.6054  micro_f1: 0.6167
Test  loss: 4.3226 acc: 0.6429 f1: 0.6221 time: 0.0190
Epoch 146  loss: 0.0002 acc: 1.0000 time0.0480
Epoch 147  loss: 0.0011 acc: 1.0000 time0.0402
Epoch 148  loss: 0.0005 acc: 1.0000 time0.0377
Epoch 149  loss: 0.0000 acc: 1.0000 time0.0405
Epoch 150  loss: 0.0001 acc: 1.0000 time0.0356
Epoch 150  loss: 0.0000 acc: 1.0000 Valid  loss: 4.3900  acc: 0.6167  macro_f1: 0.6054  micro_f1: 0.6167
Test  loss: 4.3285 acc: 0.6384 f1: 0.6159 time: 0.0151
VALID: VALID ACC 0.699999988079071  MACRO F1 0.6871373307543521 MICRO F1 0.7 EPOCH 40
VALID: TEST ACC 0.6294642686843872 TEST F1 0.6082719702892353 EPOCH 40
GLOBAL: TEST ACC 0.6651785969734192 TEST F1 0.6252520451825622 EPOCH 15
Epoch 151  loss: 0.0001 acc: 1.0000 time0.0430
Epoch 152  loss: 0.0003 acc: 1.0000 time0.0357
Epoch 153  loss: 0.0006 acc: 1.0000 time0.0366
Epoch 154  loss: 0.0001 acc: 1.0000 time0.0354
Epoch 155  loss: 0.0001 acc: 1.0000 time0.0353
Epoch 155  loss: 0.0000 acc: 1.0000 Valid  loss: 4.4771  acc: 0.6333  macro_f1: 0.6264  micro_f1: 0.6333
Test  loss: 4.3732 acc: 0.6429 f1: 0.6249 time: 0.0151
Epoch 156  loss: 0.0001 acc: 1.0000 time0.0349
Epoch 157  loss: 0.0001 acc: 1.0000 time0.0356
Epoch 158  loss: 0.0001 acc: 1.0000 time0.0437
Epoch 159  loss: 0.0003 acc: 1.0000 time0.0421
Epoch 160  loss: 0.0000 acc: 1.0000 time0.0371
Epoch 160  loss: 0.0000 acc: 1.0000 Valid  loss: 4.4784  acc: 0.6333  macro_f1: 0.6264  micro_f1: 0.6333
Test  loss: 4.4483 acc: 0.6518 f1: 0.6348 time: 0.0147
Epoch 161  loss: 0.0003 acc: 1.0000 time0.0350
Epoch 162  loss: 0.0002 acc: 1.0000 time0.0344
Epoch 163  loss: 0.0001 acc: 1.0000 time0.0375
Epoch 164  loss: 0.0001 acc: 1.0000 time0.0349
Epoch 165  loss: 0.0001 acc: 1.0000 time0.0382
Epoch 165  loss: 0.0000 acc: 1.0000 Valid  loss: 4.5267  acc: 0.6333  macro_f1: 0.6264  micro_f1: 0.6333
Test  loss: 4.4738 acc: 0.6473 f1: 0.6301 time: 0.0147
Epoch 166  loss: 0.0001 acc: 1.0000 time0.0366
Epoch 167  loss: 0.0001 acc: 1.0000 time0.0414
Epoch 168  loss: 0.0001 acc: 1.0000 time0.0374
Epoch 169  loss: 0.0002 acc: 1.0000 time0.0371
Epoch 170  loss: 0.0001 acc: 1.0000 time0.0359
Epoch 170  loss: 0.0000 acc: 1.0000 Valid  loss: 4.5523  acc: 0.6333  macro_f1: 0.6264  micro_f1: 0.6333
Test  loss: 4.4827 acc: 0.6473 f1: 0.6301 time: 0.0179
Epoch 171  loss: 0.0001 acc: 1.0000 time0.0444
Epoch 172  loss: 0.0002 acc: 1.0000 time0.0381
Epoch 173  loss: 0.0000 acc: 1.0000 time0.0380
Epoch 174  loss: 0.0001 acc: 1.0000 time0.0407
Epoch 175  loss: 0.0001 acc: 1.0000 time0.0335
Epoch 175  loss: 0.0000 acc: 1.0000 Valid  loss: 4.5630  acc: 0.6333  macro_f1: 0.6264  micro_f1: 0.6333
Test  loss: 4.4832 acc: 0.6473 f1: 0.6301 time: 0.0141
Epoch 176  loss: 0.0005 acc: 1.0000 time0.0347
Epoch 177  loss: 0.0003 acc: 1.0000 time0.0370
Epoch 178  loss: 0.0019 acc: 1.0000 time0.0407
Epoch 179  loss: 0.0002 acc: 1.0000 time0.0392
Epoch 180  loss: 0.0001 acc: 1.0000 time0.0389
Epoch 180  loss: 0.0000 acc: 1.0000 Valid  loss: 4.6945  acc: 0.6333  macro_f1: 0.6264  micro_f1: 0.6333
Test  loss: 4.4685 acc: 0.6696 f1: 0.6531 time: 0.0143
Epoch 181  loss: 0.0001 acc: 1.0000 time0.0348
Epoch 182  loss: 0.0003 acc: 1.0000 time0.0338
Epoch 183  loss: 0.0001 acc: 1.0000 time0.0330
Epoch 184  loss: 0.0002 acc: 1.0000 time0.0342
Epoch 185  loss: 0.0017 acc: 1.0000 time0.0331
Epoch 185  loss: 0.0000 acc: 1.0000 Valid  loss: 4.7574  acc: 0.6333  macro_f1: 0.6264  micro_f1: 0.6333
Test  loss: 4.4359 acc: 0.6696 f1: 0.6546 time: 0.0140
Epoch 186  loss: 0.0001 acc: 1.0000 time0.0329
Epoch 187  loss: 0.0001 acc: 1.0000 time0.0338
Epoch 188  loss: 0.0000 acc: 1.0000 time0.0378
Epoch 189  loss: 0.0001 acc: 1.0000 time0.0399
Epoch 190  loss: 0.0001 acc: 1.0000 time0.0391
Epoch 190  loss: 0.0000 acc: 1.0000 Valid  loss: 4.7303  acc: 0.6333  macro_f1: 0.6264  micro_f1: 0.6333
Test  loss: 4.3964 acc: 0.6652 f1: 0.6469 time: 0.0144
Epoch 191  loss: 0.0002 acc: 1.0000 time0.0357
Epoch 192  loss: 0.0000 acc: 1.0000 time0.0311
Epoch 193  loss: 0.0001 acc: 1.0000 time0.0329
Epoch 194  loss: 0.0001 acc: 1.0000 time0.0326
Epoch 195  loss: 0.0002 acc: 1.0000 time0.0334
Epoch 195  loss: 0.0000 acc: 1.0000 Valid  loss: 4.7304  acc: 0.6333  macro_f1: 0.6264  micro_f1: 0.6333
Test  loss: 4.3884 acc: 0.6607 f1: 0.6448 time: 0.0135
Epoch 196  loss: 0.0000 acc: 1.0000 time0.0332
Epoch 197  loss: 0.0002 acc: 1.0000 time0.0322
Epoch 198  loss: 0.0001 acc: 1.0000 time0.0326
Epoch 199  loss: 0.0002 acc: 1.0000 time0.0345
Epoch 200  loss: 0.0001 acc: 1.0000 time0.0324
Epoch 200  loss: 0.0000 acc: 1.0000 Valid  loss: 4.7457  acc: 0.6333  macro_f1: 0.6264  micro_f1: 0.6333
Test  loss: 4.3879 acc: 0.6607 f1: 0.6433 time: 0.0135
VALID: VALID ACC 0.699999988079071  MACRO F1 0.6871373307543521 MICRO F1 0.7 EPOCH 40
VALID: TEST ACC 0.6294642686843872 TEST F1 0.6082719702892353 EPOCH 40
GLOBAL: TEST ACC 0.6696428656578064 TEST F1 0.6531339277154635 EPOCH 180
Epoch 201  loss: 0.0001 acc: 1.0000 time0.0384
Epoch 202  loss: 0.0002 acc: 1.0000 time0.0384
Epoch 203  loss: 0.0001 acc: 1.0000 time0.0363
Epoch 204  loss: 0.0001 acc: 1.0000 time0.0371
Epoch 205  loss: 0.0001 acc: 1.0000 time0.0351
Epoch 205  loss: 0.0000 acc: 1.0000 Valid  loss: 4.7100  acc: 0.6333  macro_f1: 0.6264  micro_f1: 0.6333
Test  loss: 4.3897 acc: 0.6518 f1: 0.6320 time: 0.0141
Epoch 206  loss: 0.0000 acc: 1.0000 time0.0413
Epoch 207  loss: 0.0001 acc: 1.0000 time0.0430
Epoch 208  loss: 0.0000 acc: 1.0000 time0.0381
Epoch 209  loss: 0.0003 acc: 1.0000 time0.0388
Epoch 210  loss: 0.0000 acc: 1.0000 time0.0381
Epoch 210  loss: 0.0000 acc: 1.0000 Valid  loss: 4.7035  acc: 0.6167  macro_f1: 0.6060  micro_f1: 0.6167
Test  loss: 4.3822 acc: 0.6518 f1: 0.6320 time: 0.0152
Epoch 211  loss: 0.0002 acc: 1.0000 time0.0368
Epoch 212  loss: 0.0001 acc: 1.0000 time0.0329
Epoch 213  loss: 0.0001 acc: 1.0000 time0.0323
Epoch 214  loss: 0.0001 acc: 1.0000 time0.0358
Epoch 215  loss: 0.0004 acc: 1.0000 time0.0381
Epoch 215  loss: 0.0000 acc: 1.0000 Valid  loss: 4.6161  acc: 0.6333  macro_f1: 0.6264  micro_f1: 0.6333
Test  loss: 4.3706 acc: 0.6518 f1: 0.6320 time: 0.0147
Epoch 216  loss: 0.0003 acc: 1.0000 time0.0383
Epoch 217  loss: 0.0001 acc: 1.0000 time0.0426
Epoch 218  loss: 0.0000 acc: 1.0000 time0.0396
Epoch 219  loss: 0.0001 acc: 1.0000 time0.0351
Epoch 220  loss: 0.0000 acc: 1.0000 time0.0336
Epoch 220  loss: 0.0000 acc: 1.0000 Valid  loss: 4.6723  acc: 0.6333  macro_f1: 0.6264  micro_f1: 0.6333
Test  loss: 4.3745 acc: 0.6562 f1: 0.6369 time: 0.0134
Epoch 221  loss: 0.0001 acc: 1.0000 time0.0334
Epoch 222  loss: 0.0001 acc: 1.0000 time0.0323
Epoch 223  loss: 0.0001 acc: 1.0000 time0.0335
Epoch 224  loss: 0.0001 acc: 1.0000 time0.0395
Epoch 225  loss: 0.0000 acc: 1.0000 time0.0426
Epoch 225  loss: 0.0000 acc: 1.0000 Valid  loss: 4.6639  acc: 0.6333  macro_f1: 0.6264  micro_f1: 0.6333
Test  loss: 4.3806 acc: 0.6562 f1: 0.6369 time: 0.0147
Epoch 226  loss: 0.0011 acc: 1.0000 time0.0490
Epoch 227  loss: 0.0002 acc: 1.0000 time0.0493
Epoch 228  loss: 0.0004 acc: 1.0000 time0.0367
Epoch 229  loss: 0.0005 acc: 1.0000 time0.0392
Epoch 230  loss: 0.0001 acc: 1.0000 time0.0379
Epoch 230  loss: 0.0000 acc: 1.0000 Valid  loss: 4.4979  acc: 0.6333  macro_f1: 0.6264  micro_f1: 0.6333
Test  loss: 4.4082 acc: 0.6518 f1: 0.6333 time: 0.0150
Epoch 231  loss: 0.0000 acc: 1.0000 time0.0355
Epoch 232  loss: 0.0001 acc: 1.0000 time0.0331
Epoch 233  loss: 0.0001 acc: 1.0000 time0.0333
Epoch 234  loss: 0.0002 acc: 1.0000 time0.0336
Epoch 235  loss: 0.0001 acc: 1.0000 time0.0329
Epoch 235  loss: 0.0000 acc: 1.0000 Valid  loss: 4.4229  acc: 0.6333  macro_f1: 0.6264  micro_f1: 0.6333
Test  loss: 4.4576 acc: 0.6429 f1: 0.6263 time: 0.0138
Epoch 236  loss: 0.0001 acc: 1.0000 time0.0326
Epoch 237  loss: 0.0004 acc: 1.0000 time0.0319
Epoch 238  loss: 0.0008 acc: 1.0000 time0.0365
Epoch 239  loss: 0.0000 acc: 1.0000 time0.0357
Epoch 240  loss: 0.0001 acc: 1.0000 time0.0352
Epoch 240  loss: 0.0000 acc: 1.0000 Valid  loss: 4.6657  acc: 0.6333  macro_f1: 0.6294  micro_f1: 0.6333
Test  loss: 4.7294 acc: 0.6384 f1: 0.6206 time: 0.0142
Epoch 241  loss: 0.0001 acc: 1.0000 time0.0339
Epoch 242  loss: 0.0003 acc: 1.0000 time0.0341
Epoch 243  loss: 0.0004 acc: 1.0000 time0.0334
Epoch 244  loss: 0.0012 acc: 1.0000 time0.0346
Epoch 245  loss: 0.0001 acc: 1.0000 time0.0357
Epoch 245  loss: 0.0000 acc: 1.0000 Valid  loss: 4.7504  acc: 0.6167  macro_f1: 0.6119  micro_f1: 0.6167
Test  loss: 4.8756 acc: 0.6250 f1: 0.6073 time: 0.0139
Epoch 246  loss: 0.0005 acc: 1.0000 time0.0299
Epoch 247  loss: 0.0001 acc: 1.0000 time0.0305
Epoch 248  loss: 0.0001 acc: 1.0000 time0.0353
Epoch 249  loss: 0.0002 acc: 1.0000 time0.0349
Epoch 250  loss: 0.0002 acc: 1.0000 time0.0366
Epoch 250  loss: 0.0000 acc: 1.0000 Valid  loss: 4.7270  acc: 0.6333  macro_f1: 0.6296  micro_f1: 0.6333
Test  loss: 4.8226 acc: 0.6384 f1: 0.6203 time: 0.0140
VALID: VALID ACC 0.699999988079071  MACRO F1 0.6871373307543521 MICRO F1 0.7 EPOCH 40
VALID: TEST ACC 0.6294642686843872 TEST F1 0.6082719702892353 EPOCH 40
GLOBAL: TEST ACC 0.6696428656578064 TEST F1 0.6531339277154635 EPOCH 180
Epoch 251  loss: 0.0000 acc: 1.0000 time0.0330
Epoch 252  loss: 0.0001 acc: 1.0000 time0.0335
Epoch 253  loss: 0.0000 acc: 1.0000 time0.0324
Epoch 254  loss: 0.0001 acc: 1.0000 time0.0328
Epoch 255  loss: 0.0001 acc: 1.0000 time0.0330
Epoch 255  loss: 0.0000 acc: 1.0000 Valid  loss: 4.7115  acc: 0.6333  macro_f1: 0.6264  micro_f1: 0.6333
Test  loss: 4.7529 acc: 0.6429 f1: 0.6249 time: 0.0135
Epoch 256  loss: 0.0001 acc: 1.0000 time0.0329
Epoch 257  loss: 0.0002 acc: 1.0000 time0.0335
Epoch 258  loss: 0.0001 acc: 1.0000 time0.0327
Epoch 259  loss: 0.0001 acc: 1.0000 time0.0311
Epoch 260  loss: 0.0001 acc: 1.0000 time0.0311
Epoch 260  loss: 0.0000 acc: 1.0000 Valid  loss: 4.7014  acc: 0.6333  macro_f1: 0.6264  micro_f1: 0.6333
Test  loss: 4.6943 acc: 0.6473 f1: 0.6298 time: 0.0149
Epoch 261  loss: 0.0000 acc: 1.0000 time0.0368
Epoch 262  loss: 0.0000 acc: 1.0000 time0.0377
Epoch 263  loss: 0.0000 acc: 1.0000 time0.0372
Epoch 264  loss: 0.0002 acc: 1.0000 time0.0309
Epoch 265  loss: 0.0000 acc: 1.0000 time0.0316
Epoch 265  loss: 0.0000 acc: 1.0000 Valid  loss: 4.7328  acc: 0.6333  macro_f1: 0.6264  micro_f1: 0.6333
Test  loss: 4.6435 acc: 0.6562 f1: 0.6383 time: 0.0135
Epoch 266  loss: 0.0001 acc: 1.0000 time0.0310
Epoch 267  loss: 0.0001 acc: 1.0000 time0.0332
Epoch 268  loss: 0.0001 acc: 1.0000 time0.0328
Epoch 269  loss: 0.0004 acc: 1.0000 time0.0309
Epoch 270  loss: 0.0000 acc: 1.0000 time0.0345
Epoch 270  loss: 0.0000 acc: 1.0000 Valid  loss: 4.6464  acc: 0.6333  macro_f1: 0.6264  micro_f1: 0.6333
Test  loss: 4.6156 acc: 0.6652 f1: 0.6482 time: 0.0135
Epoch 271  loss: 0.0000 acc: 1.0000 time0.0331
Epoch 272  loss: 0.0001 acc: 1.0000 time0.0307
Epoch 273  loss: 0.0002 acc: 1.0000 time0.0368
Epoch 274  loss: 0.0007 acc: 1.0000 time0.0384
Epoch 275  loss: 0.0001 acc: 1.0000 time0.0326
Epoch 275  loss: 0.0000 acc: 1.0000 Valid  loss: 4.6036  acc: 0.6333  macro_f1: 0.6264  micro_f1: 0.6333
Test  loss: 4.5618 acc: 0.6652 f1: 0.6496 time: 0.0146
Epoch 276  loss: 0.0002 acc: 1.0000 time0.0395
Epoch 277  loss: 0.0001 acc: 1.0000 time0.0415
Epoch 278  loss: 0.0001 acc: 1.0000 time0.0372
Epoch 279  loss: 0.0004 acc: 1.0000 time0.0337
Epoch 280  loss: 0.0000 acc: 1.0000 time0.0344
Epoch 280  loss: 0.0000 acc: 1.0000 Valid  loss: 4.6146  acc: 0.6333  macro_f1: 0.6264  micro_f1: 0.6333
Test  loss: 4.5480 acc: 0.6607 f1: 0.6460 time: 0.0136
Epoch 281  loss: 0.0004 acc: 1.0000 time0.0332
Epoch 282  loss: 0.0001 acc: 1.0000 time0.0326
Epoch 283  loss: 0.0000 acc: 1.0000 time0.0337
Epoch 284  loss: 0.0002 acc: 1.0000 time0.0317
Epoch 285  loss: 0.0000 acc: 1.0000 time0.0354
Epoch 285  loss: 0.0000 acc: 1.0000 Valid  loss: 4.5544  acc: 0.6333  macro_f1: 0.6264  micro_f1: 0.6333
Test  loss: 4.4950 acc: 0.6607 f1: 0.6446 time: 0.0154
Epoch 286  loss: 0.0000 acc: 1.0000 time0.0322
Epoch 287  loss: 0.0001 acc: 1.0000 time0.0328
Epoch 288  loss: 0.0001 acc: 1.0000 time0.0327
Epoch 289  loss: 0.0001 acc: 1.0000 time0.0338
Epoch 290  loss: 0.0001 acc: 1.0000 time0.0406
Epoch 290  loss: 0.0000 acc: 1.0000 Valid  loss: 4.4954  acc: 0.6333  macro_f1: 0.6264  micro_f1: 0.6333
Test  loss: 4.4722 acc: 0.6473 f1: 0.6274 time: 0.0157
Epoch 291  loss: 0.0001 acc: 1.0000 time0.0385
Epoch 292  loss: 0.0000 acc: 1.0000 time0.0341
Epoch 293  loss: 0.0001 acc: 1.0000 time0.0338
Epoch 294  loss: 0.0009 acc: 1.0000 time0.0355
Epoch 295  loss: 0.0001 acc: 1.0000 time0.0384
Epoch 295  loss: 0.0000 acc: 1.0000 Valid  loss: 4.3103  acc: 0.6333  macro_f1: 0.6221  micro_f1: 0.6333
Test  loss: 4.4293 acc: 0.6518 f1: 0.6309 time: 0.0139
Epoch 296  loss: 0.0001 acc: 1.0000 time0.0306
Epoch 297  loss: 0.0001 acc: 1.0000 time0.0322
Epoch 298  loss: 0.0000 acc: 1.0000 time0.0334
Epoch 299  loss: 0.0000 acc: 1.0000 time0.0324
Epoch 300  loss: 0.0000 acc: 1.0000 time0.0360
Epoch 300  loss: 0.0000 acc: 1.0000 Valid  loss: 4.3316  acc: 0.6333  macro_f1: 0.6211  micro_f1: 0.6333
Test  loss: 4.3656 acc: 0.6429 f1: 0.6220 time: 0.0149
VALID: VALID ACC 0.699999988079071  MACRO F1 0.6871373307543521 MICRO F1 0.7 EPOCH 40
VALID: TEST ACC 0.6294642686843872 TEST F1 0.6082719702892353 EPOCH 40
GLOBAL: TEST ACC 0.6696428656578064 TEST F1 0.6531339277154635 EPOCH 180
Epoch 301  loss: 0.0001 acc: 1.0000 time0.0339
Epoch 302  loss: 0.0001 acc: 1.0000 time0.0327
Epoch 303  loss: 0.0001 acc: 1.0000 time0.0323
Epoch 304  loss: 0.0002 acc: 1.0000 time0.0381
Epoch 305  loss: 0.0001 acc: 1.0000 time0.0354
Epoch 305  loss: 0.0000 acc: 1.0000 Valid  loss: 4.3476  acc: 0.6333  macro_f1: 0.6211  micro_f1: 0.6333
Test  loss: 4.3456 acc: 0.6384 f1: 0.6141 time: 0.0158
Epoch 306  loss: 0.0002 acc: 1.0000 time0.0351
Epoch 307  loss: 0.0002 acc: 1.0000 time0.0342
Epoch 308  loss: 0.0001 acc: 1.0000 time0.0308
Epoch 309  loss: 0.0001 acc: 1.0000 time0.0334
Epoch 310  loss: 0.0001 acc: 1.0000 time0.0326
Epoch 310  loss: 0.0000 acc: 1.0000 Valid  loss: 4.3510  acc: 0.6333  macro_f1: 0.6221  micro_f1: 0.6333
Test  loss: 4.3458 acc: 0.6429 f1: 0.6208 time: 0.0134
Epoch 311  loss: 0.0011 acc: 1.0000 time0.0362
Epoch 312  loss: 0.0001 acc: 1.0000 time0.0333
Epoch 313  loss: 0.0001 acc: 1.0000 time0.0335
Epoch 314  loss: 0.0001 acc: 1.0000 time0.0327
Epoch 315  loss: 0.0002 acc: 1.0000 time0.0320
Epoch 315  loss: 0.0000 acc: 1.0000 Valid  loss: 4.4264  acc: 0.6333  macro_f1: 0.6264  micro_f1: 0.6333
Test  loss: 4.3801 acc: 0.6518 f1: 0.6322 time: 0.0139
Epoch 316  loss: 0.0001 acc: 1.0000 time0.0358
Epoch 317  loss: 0.0001 acc: 1.0000 time0.0381
Epoch 318  loss: 0.0007 acc: 1.0000 time0.0378
Epoch 319  loss: 0.0001 acc: 1.0000 time0.0418
Epoch 320  loss: 0.0001 acc: 1.0000 time0.0389
Epoch 320  loss: 0.0000 acc: 1.0000 Valid  loss: 4.5061  acc: 0.6333  macro_f1: 0.6264  micro_f1: 0.6333
Test  loss: 4.4325 acc: 0.6384 f1: 0.6180 time: 0.0164
Epoch 321  loss: 0.0001 acc: 1.0000 time0.0328
Epoch 322  loss: 0.0001 acc: 1.0000 time0.0339
Epoch 323  loss: 0.0001 acc: 1.0000 time0.0340
Epoch 324  loss: 0.0001 acc: 1.0000 time0.0328
Epoch 325  loss: 0.0001 acc: 1.0000 time0.0323
Epoch 325  loss: 0.0000 acc: 1.0000 Valid  loss: 4.5128  acc: 0.6333  macro_f1: 0.6264  micro_f1: 0.6333
Test  loss: 4.4967 acc: 0.6384 f1: 0.6206 time: 0.0134
Epoch 326  loss: 0.0001 acc: 1.0000 time0.0337
Epoch 327  loss: 0.0000 acc: 1.0000 time0.0335
Epoch 328  loss: 0.0000 acc: 1.0000 time0.0330
Epoch 329  loss: 0.0002 acc: 1.0000 time0.0328
Epoch 330  loss: 0.0000 acc: 1.0000 time0.0324
Epoch 330  loss: 0.0000 acc: 1.0000 Valid  loss: 4.4763  acc: 0.6333  macro_f1: 0.6264  micro_f1: 0.6333
Test  loss: 4.5135 acc: 0.6339 f1: 0.6160 time: 0.0142
Epoch 331  loss: 0.0001 acc: 1.0000 time0.0344
Epoch 332  loss: 0.0000 acc: 1.0000 time0.0331
Epoch 333  loss: 0.0001 acc: 1.0000 time0.0307
Epoch 334  loss: 0.0001 acc: 1.0000 time0.0312
Epoch 335  loss: 0.0001 acc: 1.0000 time0.0339
Epoch 335  loss: 0.0000 acc: 1.0000 Valid  loss: 4.4545  acc: 0.6333  macro_f1: 0.6264  micro_f1: 0.6333
Test  loss: 4.5088 acc: 0.6339 f1: 0.6160 time: 0.0142
Epoch 336  loss: 0.0001 acc: 1.0000 time0.0311
Epoch 337  loss: 0.0001 acc: 1.0000 time0.0316
Epoch 338  loss: 0.0001 acc: 1.0000 time0.0325
Epoch 339  loss: 0.0001 acc: 1.0000 time0.0340
Epoch 340  loss: 0.0001 acc: 1.0000 time0.0330
Epoch 340  loss: 0.0000 acc: 1.0000 Valid  loss: 4.4268  acc: 0.6333  macro_f1: 0.6264  micro_f1: 0.6333
Test  loss: 4.4926 acc: 0.6339 f1: 0.6160 time: 0.0140
Epoch 341  loss: 0.0002 acc: 1.0000 time0.0323
Epoch 342  loss: 0.0001 acc: 1.0000 time0.0385
Epoch 343  loss: 0.0001 acc: 1.0000 time0.0391
Epoch 344  loss: 0.0002 acc: 1.0000 time0.0389
Epoch 345  loss: 0.0003 acc: 1.0000 time0.0337
Epoch 345  loss: 0.0000 acc: 1.0000 Valid  loss: 4.3854  acc: 0.6333  macro_f1: 0.6264  micro_f1: 0.6333
Test  loss: 4.4791 acc: 0.6384 f1: 0.6206 time: 0.0166
Epoch 346  loss: 0.0001 acc: 1.0000 time0.0354
Epoch 347  loss: 0.0001 acc: 1.0000 time0.0330
Epoch 348  loss: 0.0002 acc: 1.0000 time0.0334
Epoch 349  loss: 0.0000 acc: 1.0000 time0.0336
Epoch 350  loss: 0.0001 acc: 1.0000 time0.0336
Epoch 350  loss: 0.0000 acc: 1.0000 Valid  loss: 4.2932  acc: 0.6333  macro_f1: 0.6266  micro_f1: 0.6333
Test  loss: 4.4473 acc: 0.6429 f1: 0.6232 time: 0.0132
VALID: VALID ACC 0.699999988079071  MACRO F1 0.6871373307543521 MICRO F1 0.7 EPOCH 40
VALID: TEST ACC 0.6294642686843872 TEST F1 0.6082719702892353 EPOCH 40
GLOBAL: TEST ACC 0.6696428656578064 TEST F1 0.6531339277154635 EPOCH 180
Epoch 351  loss: 0.0002 acc: 1.0000 time0.0340
Epoch 352  loss: 0.0001 acc: 1.0000 time0.0341
Epoch 353  loss: 0.0001 acc: 1.0000 time0.0342
Epoch 354  loss: 0.0001 acc: 1.0000 time0.0331
Epoch 355  loss: 0.0001 acc: 1.0000 time0.0310
Epoch 355  loss: 0.0000 acc: 1.0000 Valid  loss: 4.1727  acc: 0.6333  macro_f1: 0.6266  micro_f1: 0.6333
Test  loss: 4.4519 acc: 0.6384 f1: 0.6195 time: 0.0137
Epoch 356  loss: 0.0001 acc: 1.0000 time0.0330
Epoch 357  loss: 0.0001 acc: 1.0000 time0.0423
Epoch 358  loss: 0.0001 acc: 1.0000 time0.0396
Epoch 359  loss: 0.0002 acc: 1.0000 time0.0386
Epoch 360  loss: 0.0001 acc: 1.0000 time0.0343
Epoch 360  loss: 0.0000 acc: 1.0000 Valid  loss: 4.1615  acc: 0.6333  macro_f1: 0.6266  micro_f1: 0.6333
Test  loss: 4.4342 acc: 0.6384 f1: 0.6195 time: 0.0152
Epoch 361  loss: 0.0002 acc: 1.0000 time0.0341
Epoch 362  loss: 0.0001 acc: 1.0000 time0.0326
Epoch 363  loss: 0.0000 acc: 1.0000 time0.0339
Epoch 364  loss: 0.0001 acc: 1.0000 time0.0332
Epoch 365  loss: 0.0000 acc: 1.0000 time0.0342
Epoch 365  loss: 0.0000 acc: 1.0000 Valid  loss: 4.1812  acc: 0.6333  macro_f1: 0.6266  micro_f1: 0.6333
Test  loss: 4.4104 acc: 0.6429 f1: 0.6232 time: 0.0156
Epoch 366  loss: 0.0001 acc: 1.0000 time0.0389
Epoch 367  loss: 0.0001 acc: 1.0000 time0.0381
Epoch 368  loss: 0.0000 acc: 1.0000 time0.0333
Epoch 369  loss: 0.0006 acc: 1.0000 time0.0340
Epoch 370  loss: 0.0000 acc: 1.0000 time0.0329
Epoch 370  loss: 0.0000 acc: 1.0000 Valid  loss: 4.1803  acc: 0.6333  macro_f1: 0.6266  micro_f1: 0.6333
Test  loss: 4.4071 acc: 0.6429 f1: 0.6232 time: 0.0135
Epoch 371  loss: 0.0004 acc: 1.0000 time0.0315
Epoch 372  loss: 0.0001 acc: 1.0000 time0.0409
Epoch 373  loss: 0.0002 acc: 1.0000 time0.0339
Epoch 374  loss: 0.0001 acc: 1.0000 time0.0329
Epoch 375  loss: 0.0001 acc: 1.0000 time0.0388
Epoch 375  loss: 0.0000 acc: 1.0000 Valid  loss: 4.2863  acc: 0.6333  macro_f1: 0.6266  micro_f1: 0.6333
Test  loss: 4.4292 acc: 0.6429 f1: 0.6232 time: 0.0166
Epoch 376  loss: 0.0001 acc: 1.0000 time0.0406
Epoch 377  loss: 0.0001 acc: 1.0000 time0.0380
Epoch 378  loss: 0.0002 acc: 1.0000 time0.0407
Epoch 379  loss: 0.0001 acc: 1.0000 time0.0467
Epoch 380  loss: 0.0003 acc: 1.0000 time0.0417
Epoch 380  loss: 0.0000 acc: 1.0000 Valid  loss: 4.3596  acc: 0.6500  macro_f1: 0.6464  micro_f1: 0.6500
Test  loss: 4.4386 acc: 0.6384 f1: 0.6196 time: 0.0160
Epoch 381  loss: 0.0003 acc: 1.0000 time0.0427
Epoch 382  loss: 0.0000 acc: 1.0000 time0.0416
Epoch 383  loss: 0.0005 acc: 1.0000 time0.0421
Epoch 384  loss: 0.0001 acc: 1.0000 time0.0437
Epoch 385  loss: 0.0001 acc: 1.0000 time0.0395
Epoch 385  loss: 0.0000 acc: 1.0000 Valid  loss: 4.3463  acc: 0.6500  macro_f1: 0.6463  micro_f1: 0.6500
Test  loss: 4.4489 acc: 0.6339 f1: 0.6150 time: 0.0148
Epoch 386  loss: 0.0002 acc: 1.0000 time0.0404
Epoch 387  loss: 0.0001 acc: 1.0000 time0.0412
Epoch 388  loss: 0.0001 acc: 1.0000 time0.0425
Epoch 389  loss: 0.0001 acc: 1.0000 time0.0418
Epoch 390  loss: 0.0004 acc: 1.0000 time0.0406
Epoch 390  loss: 0.0000 acc: 1.0000 Valid  loss: 4.2665  acc: 0.6333  macro_f1: 0.6266  micro_f1: 0.6333
Test  loss: 4.4670 acc: 0.6250 f1: 0.6067 time: 0.0172
Epoch 391  loss: 0.0001 acc: 1.0000 time0.0355
Epoch 392  loss: 0.0001 acc: 1.0000 time0.0344
Epoch 393  loss: 0.0001 acc: 1.0000 time0.0314
Epoch 394  loss: 0.0001 acc: 1.0000 time0.0336
Epoch 395  loss: 0.0001 acc: 1.0000 time0.0327
Epoch 395  loss: 0.0000 acc: 1.0000 Valid  loss: 4.1920  acc: 0.6333  macro_f1: 0.6266  micro_f1: 0.6333
Test  loss: 4.4809 acc: 0.6295 f1: 0.6112 time: 0.0141
Epoch 396  loss: 0.0000 acc: 1.0000 time0.0341
Epoch 397  loss: 0.0001 acc: 1.0000 time0.0336
Epoch 398  loss: 0.0001 acc: 1.0000 time0.0311
Epoch 399  loss: 0.0000 acc: 1.0000 time0.0332
Epoch 400  loss: 0.0001 acc: 1.0000 time0.0319
Epoch 400  loss: 0.0000 acc: 1.0000 Valid  loss: 4.1838  acc: 0.6333  macro_f1: 0.6266  micro_f1: 0.6333
Test  loss: 4.4503 acc: 0.6339 f1: 0.6158 time: 0.0138
VALID: VALID ACC 0.699999988079071  MACRO F1 0.6871373307543521 MICRO F1 0.7 EPOCH 40
VALID: TEST ACC 0.6294642686843872 TEST F1 0.6082719702892353 EPOCH 40
GLOBAL: TEST ACC 0.6696428656578064 TEST F1 0.6531339277154635 EPOCH 180
Epoch 401  loss: 0.0001 acc: 1.0000 time0.0336
Epoch 402  loss: 0.0000 acc: 1.0000 time0.0341
Epoch 403  loss: 0.0001 acc: 1.0000 time0.0405
Epoch 404  loss: 0.0000 acc: 1.0000 time0.0428
Epoch 405  loss: 0.0001 acc: 1.0000 time0.0431
Epoch 405  loss: 0.0000 acc: 1.0000 Valid  loss: 4.2025  acc: 0.6333  macro_f1: 0.6266  micro_f1: 0.6333
Test  loss: 4.4331 acc: 0.6384 f1: 0.6195 time: 0.0166
Epoch 406  loss: 0.0001 acc: 1.0000 time0.0415
Epoch 407  loss: 0.0001 acc: 1.0000 time0.0399
Epoch 408  loss: 0.0001 acc: 1.0000 time0.0345
Epoch 409  loss: 0.0001 acc: 1.0000 time0.0366
Epoch 410  loss: 0.0002 acc: 1.0000 time0.0364
Epoch 410  loss: 0.0000 acc: 1.0000 Valid  loss: 4.2260  acc: 0.6333  macro_f1: 0.6266  micro_f1: 0.6333
Test  loss: 4.4121 acc: 0.6339 f1: 0.6149 time: 0.0150
Epoch 411  loss: 0.0001 acc: 1.0000 time0.0378
Epoch 412  loss: 0.0001 acc: 1.0000 time0.0322
Epoch 413  loss: 0.0002 acc: 1.0000 time0.0323
Epoch 414  loss: 0.0000 acc: 1.0000 time0.0319
Epoch 415  loss: 0.0003 acc: 1.0000 time0.0316
Epoch 415  loss: 0.0000 acc: 1.0000 Valid  loss: 4.3661  acc: 0.6333  macro_f1: 0.6264  micro_f1: 0.6333
Test  loss: 4.4187 acc: 0.6295 f1: 0.6105 time: 0.0137
Epoch 416  loss: 0.0001 acc: 1.0000 time0.0314
Epoch 417  loss: 0.0000 acc: 1.0000 time0.0344
Epoch 418  loss: 0.0001 acc: 1.0000 time0.0327
Epoch 419  loss: 0.0001 acc: 1.0000 time0.0335
Epoch 420  loss: 0.0002 acc: 1.0000 time0.0324
Epoch 420  loss: 0.0000 acc: 1.0000 Valid  loss: 4.3933  acc: 0.6333  macro_f1: 0.6264  micro_f1: 0.6333
Test  loss: 4.4459 acc: 0.6295 f1: 0.6129 time: 0.0133
Epoch 421  loss: 0.0001 acc: 1.0000 time0.0333
Epoch 422  loss: 0.0001 acc: 1.0000 time0.0328
Epoch 423  loss: 0.0001 acc: 1.0000 time0.0388
Epoch 424  loss: 0.0000 acc: 1.0000 time0.0396
Epoch 425  loss: 0.0001 acc: 1.0000 time0.0349
Epoch 425  loss: 0.0000 acc: 1.0000 Valid  loss: 4.3833  acc: 0.6333  macro_f1: 0.6264  micro_f1: 0.6333
Test  loss: 4.4384 acc: 0.6295 f1: 0.6129 time: 0.0144
Epoch 426  loss: 0.0001 acc: 1.0000 time0.0377
Epoch 427  loss: 0.0005 acc: 1.0000 time0.0340
Epoch 428  loss: 0.0001 acc: 1.0000 time0.0388
Epoch 429  loss: 0.0001 acc: 1.0000 time0.0344
Epoch 430  loss: 0.0001 acc: 1.0000 time0.0324
Epoch 430  loss: 0.0000 acc: 1.0000 Valid  loss: 4.2642  acc: 0.6333  macro_f1: 0.6266  micro_f1: 0.6333
Test  loss: 4.4092 acc: 0.6250 f1: 0.6059 time: 0.0137
Epoch 431  loss: 0.0000 acc: 1.0000 time0.0339
Epoch 432  loss: 0.0001 acc: 1.0000 time0.0320
Epoch 433  loss: 0.0001 acc: 1.0000 time0.0306
Epoch 434  loss: 0.0001 acc: 1.0000 time0.0371
Epoch 435  loss: 0.0002 acc: 1.0000 time0.0385
Epoch 435  loss: 0.0000 acc: 1.0000 Valid  loss: 4.1391  acc: 0.6333  macro_f1: 0.6266  micro_f1: 0.6333
Test  loss: 4.4121 acc: 0.6250 f1: 0.6067 time: 0.0158
Epoch 436  loss: 0.0003 acc: 1.0000 time0.0342
Epoch 437  loss: 0.0001 acc: 1.0000 time0.0325
Epoch 438  loss: 0.0003 acc: 1.0000 time0.0339
Epoch 439  loss: 0.0000 acc: 1.0000 time0.0369
Epoch 440  loss: 0.0007 acc: 1.0000 time0.0378
Epoch 440  loss: 0.0000 acc: 1.0000 Valid  loss: 4.1516  acc: 0.6333  macro_f1: 0.6266  micro_f1: 0.6333
Test  loss: 4.4087 acc: 0.6250 f1: 0.6067 time: 0.0161
Epoch 441  loss: 0.0001 acc: 1.0000 time0.0397
Epoch 442  loss: 0.0001 acc: 1.0000 time0.0395
Epoch 443  loss: 0.0001 acc: 1.0000 time0.0356
Epoch 444  loss: 0.0001 acc: 1.0000 time0.0308
Epoch 445  loss: 0.0000 acc: 1.0000 time0.0330
Epoch 445  loss: 0.0000 acc: 1.0000 Valid  loss: 4.1661  acc: 0.6333  macro_f1: 0.6266  micro_f1: 0.6333
Test  loss: 4.3392 acc: 0.6339 f1: 0.6123 time: 0.0151
Epoch 446  loss: 0.0001 acc: 1.0000 time0.0345
Epoch 447  loss: 0.0002 acc: 1.0000 time0.0393
Epoch 448  loss: 0.0003 acc: 1.0000 time0.0398
Epoch 449  loss: 0.0000 acc: 1.0000 time0.0444
Epoch 450  loss: 0.0001 acc: 1.0000 time0.0362
Epoch 450  loss: 0.0000 acc: 1.0000 Valid  loss: 4.2018  acc: 0.6333  macro_f1: 0.6266  micro_f1: 0.6333
Test  loss: 4.3405 acc: 0.6339 f1: 0.6123 time: 0.0135
VALID: VALID ACC 0.699999988079071  MACRO F1 0.6871373307543521 MICRO F1 0.7 EPOCH 40
VALID: TEST ACC 0.6294642686843872 TEST F1 0.6082719702892353 EPOCH 40
GLOBAL: TEST ACC 0.6696428656578064 TEST F1 0.6531339277154635 EPOCH 180
Epoch 451  loss: 0.0001 acc: 1.0000 time0.0348
Epoch 452  loss: 0.0001 acc: 1.0000 time0.0336
Epoch 453  loss: 0.0001 acc: 1.0000 time0.0351
Epoch 454  loss: 0.0002 acc: 1.0000 time0.0350
Epoch 455  loss: 0.0001 acc: 1.0000 time0.0318
Epoch 455  loss: 0.0000 acc: 1.0000 Valid  loss: 4.1998  acc: 0.6333  macro_f1: 0.6266  micro_f1: 0.6333
Test  loss: 4.3285 acc: 0.6339 f1: 0.6123 time: 0.0148
Epoch 456  loss: 0.0001 acc: 1.0000 time0.0352
Epoch 457  loss: 0.0001 acc: 1.0000 time0.0348
Epoch 458  loss: 0.0001 acc: 1.0000 time0.0339
Epoch 459  loss: 0.0001 acc: 1.0000 time0.0347
Epoch 460  loss: 0.0001 acc: 1.0000 time0.0340
Epoch 460  loss: 0.0000 acc: 1.0000 Valid  loss: 4.1943  acc: 0.6333  macro_f1: 0.6266  micro_f1: 0.6333
Test  loss: 4.3286 acc: 0.6339 f1: 0.6123 time: 0.0140
Epoch 461  loss: 0.0006 acc: 1.0000 time0.0341
Epoch 462  loss: 0.0001 acc: 1.0000 time0.0367
Epoch 463  loss: 0.0001 acc: 1.0000 time0.0346
Epoch 464  loss: 0.0002 acc: 1.0000 time0.0339
Epoch 465  loss: 0.0001 acc: 1.0000 time0.0342
Epoch 465  loss: 0.0000 acc: 1.0000 Valid  loss: 4.3551  acc: 0.6333  macro_f1: 0.6264  micro_f1: 0.6333
Test  loss: 4.3767 acc: 0.6339 f1: 0.6150 time: 0.0133
Epoch 466  loss: 0.0001 acc: 1.0000 time0.0309
Epoch 467  loss: 0.0001 acc: 1.0000 time0.0328
Epoch 468  loss: 0.0001 acc: 1.0000 time0.0334
Epoch 469  loss: 0.0001 acc: 1.0000 time0.0333
Epoch 470  loss: 0.0001 acc: 1.0000 time0.0346
Epoch 470  loss: 0.0000 acc: 1.0000 Valid  loss: 4.3955  acc: 0.6500  macro_f1: 0.6464  micro_f1: 0.6500
Test  loss: 4.3887 acc: 0.6384 f1: 0.6212 time: 0.0142
Epoch 471  loss: 0.0002 acc: 1.0000 time0.0340
Epoch 472  loss: 0.0014 acc: 1.0000 time0.0327
Epoch 473  loss: 0.0001 acc: 1.0000 time0.0336
Epoch 474  loss: 0.0001 acc: 1.0000 time0.0327
Epoch 475  loss: 0.0001 acc: 1.0000 time0.0327
Epoch 475  loss: 0.0000 acc: 1.0000 Valid  loss: 4.1512  acc: 0.6667  macro_f1: 0.6643  micro_f1: 0.6667
Test  loss: 4.4591 acc: 0.6116 f1: 0.5948 time: 0.0134
Epoch 476  loss: 0.0001 acc: 1.0000 time0.0317
Epoch 477  loss: 0.0001 acc: 1.0000 time0.0382
Epoch 478  loss: 0.0002 acc: 1.0000 time0.0349
Epoch 479  loss: 0.0001 acc: 1.0000 time0.0324
Epoch 480  loss: 0.0005 acc: 1.0000 time0.0311
Epoch 480  loss: 0.0000 acc: 1.0000 Valid  loss: 4.0412  acc: 0.6667  macro_f1: 0.6647  micro_f1: 0.6667
Test  loss: 4.4510 acc: 0.6250 f1: 0.6093 time: 0.0138
Epoch 481  loss: 0.0001 acc: 1.0000 time0.0322
Epoch 482  loss: 0.0001 acc: 1.0000 time0.0338
Epoch 483  loss: 0.0001 acc: 1.0000 time0.0324
Epoch 484  loss: 0.0001 acc: 1.0000 time0.0342
Epoch 485  loss: 0.0003 acc: 1.0000 time0.0334
Epoch 485  loss: 0.0000 acc: 1.0000 Valid  loss: 4.0132  acc: 0.6667  macro_f1: 0.6616  micro_f1: 0.6667
Test  loss: 4.3802 acc: 0.6205 f1: 0.6001 time: 0.0133
Epoch 486  loss: 0.0001 acc: 1.0000 time0.0325
Epoch 487  loss: 0.0002 acc: 1.0000 time0.0316
Epoch 488  loss: 0.0001 acc: 1.0000 time0.0349
Epoch 489  loss: 0.0002 acc: 1.0000 time0.0334
Epoch 490  loss: 0.0001 acc: 1.0000 time0.0308
Epoch 490  loss: 0.0000 acc: 1.0000 Valid  loss: 4.0069  acc: 0.6833  macro_f1: 0.6776  micro_f1: 0.6833
Test  loss: 4.3408 acc: 0.6295 f1: 0.6099 time: 0.0132
Epoch 491  loss: 0.0001 acc: 1.0000 time0.0307
Epoch 492  loss: 0.0001 acc: 1.0000 time0.0335
Epoch 493  loss: 0.0002 acc: 1.0000 time0.0331
Epoch 494  loss: 0.0001 acc: 1.0000 time0.0342
Epoch 495  loss: 0.0000 acc: 1.0000 time0.0318
Epoch 495  loss: 0.0000 acc: 1.0000 Valid  loss: 4.0835  acc: 0.6667  macro_f1: 0.6615  micro_f1: 0.6667
Test  loss: 4.2775 acc: 0.6295 f1: 0.6065 time: 0.0137
Epoch 496  loss: 0.0000 acc: 1.0000 time0.0329
Epoch 497  loss: 0.0003 acc: 1.0000 time0.0309
Epoch 498  loss: 0.0002 acc: 1.0000 time0.0324
Epoch 499  loss: 0.0002 acc: 1.0000 time0.0323
Epoch 500  loss: 0.0001 acc: 1.0000 time0.0343
Epoch 500  loss: 0.0000 acc: 1.0000 Valid  loss: 4.1599  acc: 0.6333  macro_f1: 0.6266  micro_f1: 0.6333
Test  loss: 4.2717 acc: 0.6295 f1: 0.6085 time: 0.0139
VALID: VALID ACC 0.699999988079071  MACRO F1 0.6871373307543521 MICRO F1 0.7 EPOCH 40
VALID: TEST ACC 0.6294642686843872 TEST F1 0.6082719702892353 EPOCH 40
GLOBAL: TEST ACC 0.6696428656578064 TEST F1 0.6531339277154635 EPOCH 180
Epoch 501  loss: 0.0001 acc: 1.0000 time0.0321
Epoch 502  loss: 0.0001 acc: 1.0000 time0.0330
Epoch 503  loss: 0.0000 acc: 1.0000 time0.0329
Epoch 504  loss: 0.0004 acc: 1.0000 time0.0329
Epoch 505  loss: 0.0001 acc: 1.0000 time0.0324
Epoch 505  loss: 0.0000 acc: 1.0000 Valid  loss: 4.2270  acc: 0.6333  macro_f1: 0.6266  micro_f1: 0.6333
Test  loss: 4.2678 acc: 0.6295 f1: 0.6113 time: 0.0139
Epoch 506  loss: 0.0001 acc: 1.0000 time0.0331
Epoch 507  loss: 0.0002 acc: 1.0000 time0.0338
Epoch 508  loss: 0.0001 acc: 1.0000 time0.0334
Epoch 509  loss: 0.0001 acc: 1.0000 time0.0340
Epoch 510  loss: 0.0002 acc: 1.0000 time0.0328
Epoch 510  loss: 0.0000 acc: 1.0000 Valid  loss: 4.2595  acc: 0.6333  macro_f1: 0.6264  micro_f1: 0.6333
Test  loss: 4.2735 acc: 0.6295 f1: 0.6113 time: 0.0136
Epoch 511  loss: 0.0001 acc: 1.0000 time0.0331
Epoch 512  loss: 0.0001 acc: 1.0000 time0.0335
Epoch 513  loss: 0.0001 acc: 1.0000 time0.0309
Epoch 514  loss: 0.0001 acc: 1.0000 time0.0328
Epoch 515  loss: 0.0001 acc: 1.0000 time0.0321
Epoch 515  loss: 0.0000 acc: 1.0000 Valid  loss: 4.2095  acc: 0.6333  macro_f1: 0.6266  micro_f1: 0.6333
Test  loss: 4.2474 acc: 0.6339 f1: 0.6159 time: 0.0147
Epoch 516  loss: 0.0001 acc: 1.0000 time0.0313
Epoch 517  loss: 0.0002 acc: 1.0000 time0.0337
Epoch 518  loss: 0.0001 acc: 1.0000 time0.0339
Epoch 519  loss: 0.0001 acc: 1.0000 time0.0333
Epoch 520  loss: 0.0001 acc: 1.0000 time0.0324
Epoch 520  loss: 0.0000 acc: 1.0000 Valid  loss: 4.2171  acc: 0.6333  macro_f1: 0.6266  micro_f1: 0.6333
Test  loss: 4.2683 acc: 0.6295 f1: 0.6113 time: 0.0135
Epoch 521  loss: 0.0002 acc: 1.0000 time0.0339
Epoch 522  loss: 0.0001 acc: 1.0000 time0.0336
Epoch 523  loss: 0.0002 acc: 1.0000 time0.0331
Epoch 524  loss: 0.0003 acc: 1.0000 time0.0326
Epoch 525  loss: 0.0001 acc: 1.0000 time0.0321
Epoch 525  loss: 0.0000 acc: 1.0000 Valid  loss: 4.1428  acc: 0.6333  macro_f1: 0.6266  micro_f1: 0.6333
Test  loss: 4.2432 acc: 0.6384 f1: 0.6205 time: 0.0142
Epoch 526  loss: 0.0003 acc: 1.0000 time0.0324
Epoch 527  loss: 0.0002 acc: 1.0000 time0.0332
Epoch 528  loss: 0.0001 acc: 1.0000 time0.0316
Epoch 529  loss: 0.0001 acc: 1.0000 time0.0320
Epoch 530  loss: 0.0001 acc: 1.0000 time0.0325
Epoch 530  loss: 0.0000 acc: 1.0000 Valid  loss: 4.1010  acc: 0.6333  macro_f1: 0.6266  micro_f1: 0.6333
Test  loss: 4.2406 acc: 0.6295 f1: 0.6076 time: 0.0132
Epoch 531  loss: 0.0001 acc: 1.0000 time0.0335
Epoch 532  loss: 0.0001 acc: 1.0000 time0.0334
Epoch 533  loss: 0.0001 acc: 1.0000 time0.0314
Epoch 534  loss: 0.0001 acc: 1.0000 time0.0335
Epoch 535  loss: 0.0001 acc: 1.0000 time0.0390
Epoch 535  loss: 0.0000 acc: 1.0000 Valid  loss: 4.0959  acc: 0.6333  macro_f1: 0.6266  micro_f1: 0.6333
Test  loss: 4.2393 acc: 0.6250 f1: 0.6030 time: 0.0137
Epoch 536  loss: 0.0001 acc: 1.0000 time0.0327
Epoch 537  loss: 0.0001 acc: 1.0000 time0.0322
Epoch 538  loss: 0.0000 acc: 1.0000 time0.0405
Epoch 539  loss: 0.0002 acc: 1.0000 time0.0403
Epoch 540  loss: 0.0003 acc: 1.0000 time0.0379
Epoch 540  loss: 0.0000 acc: 1.0000 Valid  loss: 4.0776  acc: 0.6333  macro_f1: 0.6266  micro_f1: 0.6333
Test  loss: 4.2481 acc: 0.6250 f1: 0.6030 time: 0.0147
Epoch 541  loss: 0.0001 acc: 1.0000 time0.0378
Epoch 542  loss: 0.0001 acc: 1.0000 time0.0351
Epoch 543  loss: 0.0002 acc: 1.0000 time0.0345
Epoch 544  loss: 0.0003 acc: 1.0000 time0.0337
Epoch 545  loss: 0.0001 acc: 1.0000 time0.0339
Epoch 545  loss: 0.0000 acc: 1.0000 Valid  loss: 4.0754  acc: 0.6333  macro_f1: 0.6266  micro_f1: 0.6333
Test  loss: 4.2648 acc: 0.6205 f1: 0.5986 time: 0.0143
Epoch 546  loss: 0.0001 acc: 1.0000 time0.0377
Epoch 547  loss: 0.0001 acc: 1.0000 time0.0390
Epoch 548  loss: 0.0001 acc: 1.0000 time0.0582
Epoch 549  loss: 0.0001 acc: 1.0000 time0.0529
Epoch 550  loss: 0.0001 acc: 1.0000 time0.0391
Epoch 550  loss: 0.0000 acc: 1.0000 Valid  loss: 4.0546  acc: 0.6333  macro_f1: 0.6266  micro_f1: 0.6333
Test  loss: 4.2671 acc: 0.6205 f1: 0.5986 time: 0.0150
VALID: VALID ACC 0.699999988079071  MACRO F1 0.6871373307543521 MICRO F1 0.7 EPOCH 40
VALID: TEST ACC 0.6294642686843872 TEST F1 0.6082719702892353 EPOCH 40
GLOBAL: TEST ACC 0.6696428656578064 TEST F1 0.6531339277154635 EPOCH 180
Epoch 551  loss: 0.0002 acc: 1.0000 time0.0381
Epoch 552  loss: 0.0001 acc: 1.0000 time0.0395
Epoch 553  loss: 0.0001 acc: 1.0000 time0.0380
Epoch 554  loss: 0.0001 acc: 1.0000 time0.0378
Epoch 555  loss: 0.0001 acc: 1.0000 time0.0377
Epoch 555  loss: 0.0000 acc: 1.0000 Valid  loss: 4.0317  acc: 0.6500  macro_f1: 0.6430  micro_f1: 0.6500
Test  loss: 4.2703 acc: 0.6205 f1: 0.5986 time: 0.0150
Epoch 556  loss: 0.0001 acc: 1.0000 time0.0365
Epoch 557  loss: 0.0001 acc: 1.0000 time0.0368
Epoch 558  loss: 0.0001 acc: 1.0000 time0.0359
Epoch 559  loss: 0.0001 acc: 1.0000 time0.0369
Epoch 560  loss: 0.0001 acc: 1.0000 time0.0342
Epoch 560  loss: 0.0000 acc: 1.0000 Valid  loss: 4.0319  acc: 0.6500  macro_f1: 0.6453  micro_f1: 0.6500
Test  loss: 4.2856 acc: 0.6205 f1: 0.6013 time: 0.0137
Epoch 561  loss: 0.0001 acc: 1.0000 time0.0328
Epoch 562  loss: 0.0003 acc: 1.0000 time0.0336
Epoch 563  loss: 0.0001 acc: 1.0000 time0.0373
Epoch 564  loss: 0.0002 acc: 1.0000 time0.0375
Epoch 565  loss: 0.0000 acc: 1.0000 time0.0383
Epoch 565  loss: 0.0000 acc: 1.0000 Valid  loss: 4.0637  acc: 0.6500  macro_f1: 0.6463  micro_f1: 0.6500
Test  loss: 4.2952 acc: 0.6250 f1: 0.6051 time: 0.0151
Epoch 566  loss: 0.0001 acc: 1.0000 time0.0398
Epoch 567  loss: 0.0001 acc: 1.0000 time0.0455
Epoch 568  loss: 0.0002 acc: 1.0000 time0.0415
Epoch 569  loss: 0.0002 acc: 1.0000 time0.0407
Epoch 570  loss: 0.0001 acc: 1.0000 time0.0415
Epoch 570  loss: 0.0000 acc: 1.0000 Valid  loss: 4.1596  acc: 0.6500  macro_f1: 0.6463  micro_f1: 0.6500
Test  loss: 4.2811 acc: 0.6339 f1: 0.6141 time: 0.0179
Epoch 571  loss: 0.0002 acc: 1.0000 time0.0391
Epoch 572  loss: 0.0001 acc: 1.0000 time0.0384
Epoch 573  loss: 0.0001 acc: 1.0000 time0.0385
Epoch 574  loss: 0.0002 acc: 1.0000 time0.0388
Epoch 575  loss: 0.0001 acc: 1.0000 time0.0407
Epoch 575  loss: 0.0000 acc: 1.0000 Valid  loss: 4.1663  acc: 0.6500  macro_f1: 0.6463  micro_f1: 0.6500
Test  loss: 4.2825 acc: 0.6339 f1: 0.6150 time: 0.0166
Epoch 576  loss: 0.0001 acc: 1.0000 time0.0369
Epoch 577  loss: 0.0001 acc: 1.0000 time0.0390
Epoch 578  loss: 0.0002 acc: 1.0000 time0.0364
Epoch 579  loss: 0.0000 acc: 1.0000 time0.0401
Epoch 580  loss: 0.0007 acc: 1.0000 time0.0432
Epoch 580  loss: 0.0000 acc: 1.0000 Valid  loss: 4.0654  acc: 0.6500  macro_f1: 0.6463  micro_f1: 0.6500
Test  loss: 4.2774 acc: 0.6295 f1: 0.6096 time: 0.0171
Epoch 581  loss: 0.0001 acc: 1.0000 time0.0405
Epoch 582  loss: 0.0001 acc: 1.0000 time0.0375
Epoch 583  loss: 0.0002 acc: 1.0000 time0.0395
Epoch 584  loss: 0.0003 acc: 1.0000 time0.0419
Epoch 585  loss: 0.0001 acc: 1.0000 time0.0394
Epoch 585  loss: 0.0000 acc: 1.0000 Valid  loss: 3.9730  acc: 0.6667  macro_f1: 0.6585  micro_f1: 0.6667
Test  loss: 4.2802 acc: 0.6250 f1: 0.6028 time: 0.0153
Epoch 586  loss: 0.0002 acc: 1.0000 time0.0397
Epoch 587  loss: 0.0001 acc: 1.0000 time0.0400
Epoch 588  loss: 0.0001 acc: 1.0000 time0.0382
Epoch 589  loss: 0.0001 acc: 1.0000 time0.0398
Epoch 590  loss: 0.0000 acc: 1.0000 time0.0396
Epoch 590  loss: 0.0000 acc: 1.0000 Valid  loss: 3.9584  acc: 0.6833  macro_f1: 0.6776  micro_f1: 0.6833
Test  loss: 4.2734 acc: 0.6250 f1: 0.6019 time: 0.0153
Epoch 591  loss: 0.0001 acc: 1.0000 time0.0423
Epoch 592  loss: 0.0001 acc: 1.0000 time0.0399
Epoch 593  loss: 0.0002 acc: 1.0000 time0.0459
Epoch 594  loss: 0.0001 acc: 1.0000 time0.0409
Epoch 595  loss: 0.0001 acc: 1.0000 time0.0399
Epoch 595  loss: 0.0000 acc: 1.0000 Valid  loss: 3.9555  acc: 0.6833  macro_f1: 0.6776  micro_f1: 0.6833
Test  loss: 4.2894 acc: 0.6250 f1: 0.6019 time: 0.0170
Epoch 596  loss: 0.0001 acc: 1.0000 time0.0364
Epoch 597  loss: 0.0001 acc: 1.0000 time0.0337
Epoch 598  loss: 0.0001 acc: 1.0000 time0.0336
Epoch 599  loss: 0.0001 acc: 1.0000 time0.0348
Epoch 600  loss: 0.0003 acc: 1.0000 time0.0320
Epoch 600  loss: 0.0000 acc: 1.0000 Valid  loss: 3.9580  acc: 0.6667  macro_f1: 0.6585  micro_f1: 0.6667
Test  loss: 4.2873 acc: 0.6250 f1: 0.6028 time: 0.0136
VALID: VALID ACC 0.699999988079071  MACRO F1 0.6871373307543521 MICRO F1 0.7 EPOCH 40
VALID: TEST ACC 0.6294642686843872 TEST F1 0.6082719702892353 EPOCH 40
GLOBAL: TEST ACC 0.6696428656578064 TEST F1 0.6531339277154635 EPOCH 180
Epoch 601  loss: 0.0005 acc: 1.0000 time0.0335
Epoch 602  loss: 0.0002 acc: 1.0000 time0.0327
Epoch 603  loss: 0.0000 acc: 1.0000 time0.0348
Epoch 604  loss: 0.0001 acc: 1.0000 time0.0341
Epoch 605  loss: 0.0001 acc: 1.0000 time0.0346
Epoch 605  loss: 0.0000 acc: 1.0000 Valid  loss: 4.0479  acc: 0.6500  macro_f1: 0.6430  micro_f1: 0.6500
Test  loss: 4.2999 acc: 0.6250 f1: 0.6059 time: 0.0138
Epoch 606  loss: 0.0001 acc: 1.0000 time0.0340
Epoch 607  loss: 0.0002 acc: 1.0000 time0.0352
Epoch 608  loss: 0.0002 acc: 1.0000 time0.0352
Epoch 609  loss: 0.0001 acc: 1.0000 time0.0322
Epoch 610  loss: 0.0001 acc: 1.0000 time0.0327
Epoch 610  loss: 0.0000 acc: 1.0000 Valid  loss: 4.1265  acc: 0.6500  macro_f1: 0.6463  micro_f1: 0.6500
Test  loss: 4.2650 acc: 0.6339 f1: 0.6141 time: 0.0132
Epoch 611  loss: 0.0001 acc: 1.0000 time0.0315
Epoch 612  loss: 0.0001 acc: 1.0000 time0.0325
Epoch 613  loss: 0.0001 acc: 1.0000 time0.0335
Epoch 614  loss: 0.0001 acc: 1.0000 time0.0354
Epoch 615  loss: 0.0000 acc: 1.0000 time0.0376
Epoch 615  loss: 0.0000 acc: 1.0000 Valid  loss: 4.1357  acc: 0.6500  macro_f1: 0.6463  micro_f1: 0.6500
Test  loss: 4.2690 acc: 0.6339 f1: 0.6141 time: 0.0164
Epoch 616  loss: 0.0002 acc: 1.0000 time0.0352
Epoch 617  loss: 0.0001 acc: 1.0000 time0.0363
Epoch 618  loss: 0.0002 acc: 1.0000 time0.0379
Epoch 619  loss: 0.0000 acc: 1.0000 time0.0349
Epoch 620  loss: 0.0001 acc: 1.0000 time0.0397
Epoch 620  loss: 0.0000 acc: 1.0000 Valid  loss: 4.1325  acc: 0.6500  macro_f1: 0.6463  micro_f1: 0.6500
Test  loss: 4.2681 acc: 0.6339 f1: 0.6141 time: 0.0143
Epoch 621  loss: 0.0001 acc: 1.0000 time0.0339
Epoch 622  loss: 0.0001 acc: 1.0000 time0.0333
Epoch 623  loss: 0.0004 acc: 1.0000 time0.0319
Epoch 624  loss: 0.0001 acc: 1.0000 time0.0329
Epoch 625  loss: 0.0001 acc: 1.0000 time0.0308
Epoch 625  loss: 0.0000 acc: 1.0000 Valid  loss: 4.1289  acc: 0.6500  macro_f1: 0.6463  micro_f1: 0.6500
Test  loss: 4.2581 acc: 0.6384 f1: 0.6178 time: 0.0141
Epoch 626  loss: 0.0001 acc: 1.0000 time0.0327
Epoch 627  loss: 0.0004 acc: 1.0000 time0.0343
Epoch 628  loss: 0.0001 acc: 1.0000 time0.0343
Epoch 629  loss: 0.0001 acc: 1.0000 time0.0337
Epoch 630  loss: 0.0001 acc: 1.0000 time0.0319
Epoch 630  loss: 0.0000 acc: 1.0000 Valid  loss: 4.0464  acc: 0.6500  macro_f1: 0.6467  micro_f1: 0.6500
Test  loss: 4.2727 acc: 0.6295 f1: 0.6096 time: 0.0133
Epoch 631  loss: 0.0001 acc: 1.0000 time0.0341
Epoch 632  loss: 0.0001 acc: 1.0000 time0.0317
Epoch 633  loss: 0.0000 acc: 1.0000 time0.0350
Epoch 634  loss: 0.0014 acc: 1.0000 time0.0388
Epoch 635  loss: 0.0001 acc: 1.0000 time0.0387
Epoch 635  loss: 0.0000 acc: 1.0000 Valid  loss: 4.0266  acc: 0.6667  macro_f1: 0.6574  micro_f1: 0.6667
Test  loss: 4.1330 acc: 0.6473 f1: 0.6261 time: 0.0159
Epoch 636  loss: 0.0000 acc: 1.0000 time0.0426
Epoch 637  loss: 0.0003 acc: 1.0000 time0.0413
Epoch 638  loss: 0.0004 acc: 1.0000 time0.0404
Epoch 639  loss: 0.0001 acc: 1.0000 time0.0344
Epoch 640  loss: 0.0001 acc: 1.0000 time0.0336
Epoch 640  loss: 0.0000 acc: 1.0000 Valid  loss: 4.1591  acc: 0.6500  macro_f1: 0.6417  micro_f1: 0.6500
Test  loss: 3.9826 acc: 0.6562 f1: 0.6328 time: 0.0156
Epoch 641  loss: 0.0001 acc: 1.0000 time0.0382
Epoch 642  loss: 0.0003 acc: 1.0000 time0.0388
Epoch 643  loss: 0.0001 acc: 1.0000 time0.0398
Epoch 644  loss: 0.0001 acc: 1.0000 time0.0385
Epoch 645  loss: 0.0002 acc: 1.0000 time0.0344
Epoch 645  loss: 0.0000 acc: 1.0000 Valid  loss: 4.2577  acc: 0.6500  macro_f1: 0.6417  micro_f1: 0.6500
Test  loss: 3.9302 acc: 0.6652 f1: 0.6426 time: 0.0147
Epoch 646  loss: 0.0001 acc: 1.0000 time0.0321
Epoch 647  loss: 0.0003 acc: 1.0000 time0.0316
Epoch 648  loss: 0.0001 acc: 1.0000 time0.0362
Epoch 649  loss: 0.0001 acc: 1.0000 time0.0309
Epoch 650  loss: 0.0001 acc: 1.0000 time0.0321
Epoch 650  loss: 0.0000 acc: 1.0000 Valid  loss: 4.2968  acc: 0.6500  macro_f1: 0.6417  micro_f1: 0.6500
Test  loss: 3.9453 acc: 0.6652 f1: 0.6469 time: 0.0135
VALID: VALID ACC 0.699999988079071  MACRO F1 0.6871373307543521 MICRO F1 0.7 EPOCH 40
VALID: TEST ACC 0.6294642686843872 TEST F1 0.6082719702892353 EPOCH 40
GLOBAL: TEST ACC 0.6696428656578064 TEST F1 0.6531339277154635 EPOCH 180
Epoch 651  loss: 0.0002 acc: 1.0000 time0.0334
Epoch 652  loss: 0.0001 acc: 1.0000 time0.0321
Epoch 653  loss: 0.0002 acc: 1.0000 time0.0333
Epoch 654  loss: 0.0001 acc: 1.0000 time0.0327
Epoch 655  loss: 0.0002 acc: 1.0000 time0.0343
Epoch 655  loss: 0.0000 acc: 1.0000 Valid  loss: 4.2342  acc: 0.6500  macro_f1: 0.6417  micro_f1: 0.6500
Test  loss: 4.0024 acc: 0.6607 f1: 0.6406 time: 0.0134
Epoch 656  loss: 0.0001 acc: 1.0000 time0.0316
Epoch 657  loss: 0.0001 acc: 1.0000 time0.0336
Epoch 658  loss: 0.0000 acc: 1.0000 time0.0339
Epoch 659  loss: 0.0002 acc: 1.0000 time0.0315
Epoch 660  loss: 0.0004 acc: 1.0000 time0.0319
Epoch 660  loss: 0.0000 acc: 1.0000 Valid  loss: 4.1636  acc: 0.6500  macro_f1: 0.6417  micro_f1: 0.6500
Test  loss: 4.0824 acc: 0.6429 f1: 0.6215 time: 0.0141
Epoch 661  loss: 0.0001 acc: 1.0000 time0.0323
Epoch 662  loss: 0.0002 acc: 1.0000 time0.0311
Epoch 663  loss: 0.0001 acc: 1.0000 time0.0338
Epoch 664  loss: 0.0002 acc: 1.0000 time0.0338
Epoch 665  loss: 0.0003 acc: 1.0000 time0.0385
Epoch 665  loss: 0.0000 acc: 1.0000 Valid  loss: 4.0397  acc: 0.6333  macro_f1: 0.6255  micro_f1: 0.6333
Test  loss: 4.1617 acc: 0.6384 f1: 0.6168 time: 0.0146
Epoch 666  loss: 0.0001 acc: 1.0000 time0.0343
Epoch 667  loss: 0.0002 acc: 1.0000 time0.0319
Epoch 668  loss: 0.0001 acc: 1.0000 time0.0325
Epoch 669  loss: 0.0001 acc: 1.0000 time0.0333
Epoch 670  loss: 0.0003 acc: 1.0000 time0.0339
Epoch 670  loss: 0.0000 acc: 1.0000 Valid  loss: 4.0868  acc: 0.6500  macro_f1: 0.6453  micro_f1: 0.6500
Test  loss: 4.2491 acc: 0.6250 f1: 0.6051 time: 0.0133
Epoch 671  loss: 0.0001 acc: 1.0000 time0.0342
Epoch 672  loss: 0.0002 acc: 1.0000 time0.0311
Epoch 673  loss: 0.0001 acc: 1.0000 time0.0317
Epoch 674  loss: 0.0002 acc: 1.0000 time0.0337
Epoch 675  loss: 0.0001 acc: 1.0000 time0.0318
Epoch 675  loss: 0.0000 acc: 1.0000 Valid  loss: 4.3579  acc: 0.6500  macro_f1: 0.6471  micro_f1: 0.6500
Test  loss: 4.2771 acc: 0.6295 f1: 0.6097 time: 0.0144
Epoch 676  loss: 0.0000 acc: 1.0000 time0.0337
Epoch 677  loss: 0.0001 acc: 1.0000 time0.0337
Epoch 678  loss: 0.0002 acc: 1.0000 time0.0319
Epoch 679  loss: 0.0003 acc: 1.0000 time0.0325
Epoch 680  loss: 0.0001 acc: 1.0000 time0.0308
Epoch 680  loss: 0.0000 acc: 1.0000 Valid  loss: 4.3937  acc: 0.6333  macro_f1: 0.6294  micro_f1: 0.6333
Test  loss: 4.2873 acc: 0.6250 f1: 0.6045 time: 0.0142
Epoch 681  loss: 0.0002 acc: 1.0000 time0.0328
Epoch 682  loss: 0.0001 acc: 1.0000 time0.0303
Epoch 683  loss: 0.0001 acc: 1.0000 time0.0319
Epoch 684  loss: 0.0001 acc: 1.0000 time0.0320
Epoch 685  loss: 0.0001 acc: 1.0000 time0.0314
Epoch 685  loss: 0.0000 acc: 1.0000 Valid  loss: 4.3760  acc: 0.6500  macro_f1: 0.6471  micro_f1: 0.6500
Test  loss: 4.3097 acc: 0.6295 f1: 0.6089 time: 0.0135
Epoch 686  loss: 0.0001 acc: 1.0000 time0.0324
Epoch 687  loss: 0.0001 acc: 1.0000 time0.0335
Epoch 688  loss: 0.0001 acc: 1.0000 time0.0303
Epoch 689  loss: 0.0002 acc: 1.0000 time0.0310
Epoch 690  loss: 0.0001 acc: 1.0000 time0.0349
Epoch 690  loss: 0.0000 acc: 1.0000 Valid  loss: 4.3093  acc: 0.6500  macro_f1: 0.6473  micro_f1: 0.6500
Test  loss: 4.3038 acc: 0.6295 f1: 0.6097 time: 0.0137
Epoch 691  loss: 0.0001 acc: 1.0000 time0.0351
Epoch 692  loss: 0.0003 acc: 1.0000 time0.0400
Epoch 693  loss: 0.0001 acc: 1.0000 time0.0358
Epoch 694  loss: 0.0001 acc: 1.0000 time0.0358
Epoch 695  loss: 0.0001 acc: 1.0000 time0.0363
Epoch 695  loss: 0.0000 acc: 1.0000 Valid  loss: 4.2241  acc: 0.6333  macro_f1: 0.6296  micro_f1: 0.6333
Test  loss: 4.2930 acc: 0.6205 f1: 0.6013 time: 0.0146
Epoch 696  loss: 0.0001 acc: 1.0000 time0.0379
Epoch 697  loss: 0.0001 acc: 1.0000 time0.0355
Epoch 698  loss: 0.0001 acc: 1.0000 time0.0313
Epoch 699  loss: 0.0002 acc: 1.0000 time0.0346
Epoch 700  loss: 0.0001 acc: 1.0000 time0.0333
Epoch 700  loss: 0.0000 acc: 1.0000 Valid  loss: 4.1874  acc: 0.6333  macro_f1: 0.6296  micro_f1: 0.6333
Test  loss: 4.3041 acc: 0.6250 f1: 0.6049 time: 0.0142
VALID: VALID ACC 0.699999988079071  MACRO F1 0.6871373307543521 MICRO F1 0.7 EPOCH 40
VALID: TEST ACC 0.6294642686843872 TEST F1 0.6082719702892353 EPOCH 40
GLOBAL: TEST ACC 0.6696428656578064 TEST F1 0.6531339277154635 EPOCH 180
Epoch 701  loss: 0.0001 acc: 1.0000 time0.0333
Epoch 702  loss: 0.0001 acc: 1.0000 time0.0312
Epoch 703  loss: 0.0001 acc: 1.0000 time0.0340
Epoch 704  loss: 0.0001 acc: 1.0000 time0.0335
Epoch 705  loss: 0.0002 acc: 1.0000 time0.0341
Epoch 705  loss: 0.0000 acc: 1.0000 Valid  loss: 4.0166  acc: 0.6667  macro_f1: 0.6619  micro_f1: 0.6667
Test  loss: 4.3020 acc: 0.6205 f1: 0.6003 time: 0.0135
Epoch 706  loss: 0.0001 acc: 1.0000 time0.0332
Epoch 707  loss: 0.0001 acc: 1.0000 time0.0333
Epoch 708  loss: 0.0002 acc: 1.0000 time0.0332
Epoch 709  loss: 0.0001 acc: 1.0000 time0.0334
Epoch 710  loss: 0.0002 acc: 1.0000 time0.0327
Epoch 710  loss: 0.0000 acc: 1.0000 Valid  loss: 4.1601  acc: 0.6500  macro_f1: 0.6459  micro_f1: 0.6500
Test  loss: 4.3034 acc: 0.6205 f1: 0.6003 time: 0.0133
Epoch 711  loss: 0.0001 acc: 1.0000 time0.0335
Epoch 712  loss: 0.0002 acc: 1.0000 time0.0350
Epoch 713  loss: 0.0002 acc: 1.0000 time0.0381
Epoch 714  loss: 0.0001 acc: 1.0000 time0.0342
Epoch 715  loss: 0.0002 acc: 1.0000 time0.0330
Epoch 715  loss: 0.0000 acc: 1.0000 Valid  loss: 4.1867  acc: 0.6500  macro_f1: 0.6480  micro_f1: 0.6500
Test  loss: 4.3138 acc: 0.6205 f1: 0.5979 time: 0.0135
Epoch 716  loss: 0.0001 acc: 1.0000 time0.0331
Epoch 717  loss: 0.0001 acc: 1.0000 time0.0322
Epoch 718  loss: 0.0001 acc: 1.0000 time0.0316
Epoch 719  loss: 0.0003 acc: 1.0000 time0.0477
Epoch 720  loss: 0.0001 acc: 1.0000 time0.0401
Epoch 720  loss: 0.0000 acc: 1.0000 Valid  loss: 4.1654  acc: 0.6667  macro_f1: 0.6647  micro_f1: 0.6667
Test  loss: 4.3369 acc: 0.6161 f1: 0.5953 time: 0.0154
Epoch 721  loss: 0.0001 acc: 1.0000 time0.0402
Epoch 722  loss: 0.0003 acc: 1.0000 time0.0391
Epoch 723  loss: 0.0001 acc: 1.0000 time0.0411
Epoch 724  loss: 0.0001 acc: 1.0000 time0.0378
Epoch 725  loss: 0.0001 acc: 1.0000 time0.0392
Epoch 725  loss: 0.0000 acc: 1.0000 Valid  loss: 4.1475  acc: 0.6667  macro_f1: 0.6647  micro_f1: 0.6667
Test  loss: 4.3559 acc: 0.6161 f1: 0.5983 time: 0.0157
Epoch 726  loss: 0.0001 acc: 1.0000 time0.0395
Epoch 727  loss: 0.0001 acc: 1.0000 time0.0396
Epoch 728  loss: 0.0018 acc: 1.0000 time0.0398
Epoch 729  loss: 0.0000 acc: 1.0000 time0.0406
Epoch 730  loss: 0.0001 acc: 1.0000 time0.0462
Epoch 730  loss: 0.0000 acc: 1.0000 Valid  loss: 4.1091  acc: 0.6333  macro_f1: 0.6266  micro_f1: 0.6333
Test  loss: 4.2097 acc: 0.6473 f1: 0.6270 time: 0.0173
Epoch 731  loss: 0.0001 acc: 1.0000 time0.0360
Epoch 732  loss: 0.0001 acc: 1.0000 time0.0350
Epoch 733  loss: 0.0001 acc: 1.0000 time0.0351
Epoch 734  loss: 0.0002 acc: 1.0000 time0.0335
Epoch 735  loss: 0.0011 acc: 1.0000 time0.0340
Epoch 735  loss: 0.0000 acc: 1.0000 Valid  loss: 4.3433  acc: 0.6333  macro_f1: 0.6256  micro_f1: 0.6333
Test  loss: 4.0972 acc: 0.6652 f1: 0.6443 time: 0.0141
Epoch 736  loss: 0.0000 acc: 1.0000 time0.0316
Epoch 737  loss: 0.0002 acc: 1.0000 time0.0317
Epoch 738  loss: 0.0001 acc: 1.0000 time0.0326
Epoch 739  loss: 0.0001 acc: 1.0000 time0.0326
Epoch 740  loss: 0.0002 acc: 1.0000 time0.0328
Epoch 740  loss: 0.0000 acc: 1.0000 Valid  loss: 4.0642  acc: 0.6667  macro_f1: 0.6570  micro_f1: 0.6667
Test  loss: 4.0474 acc: 0.6429 f1: 0.6255 time: 0.0133
Epoch 741  loss: 0.0001 acc: 1.0000 time0.0337
Epoch 742  loss: 0.0001 acc: 1.0000 time0.0339
Epoch 743  loss: 0.0002 acc: 1.0000 time0.0331
Epoch 744  loss: 0.0002 acc: 1.0000 time0.0342
Epoch 745  loss: 0.0002 acc: 1.0000 time0.0402
Epoch 745  loss: 0.0000 acc: 1.0000 Valid  loss: 3.9633  acc: 0.6667  macro_f1: 0.6571  micro_f1: 0.6667
Test  loss: 4.0686 acc: 0.6384 f1: 0.6181 time: 0.0159
Epoch 746  loss: 0.0002 acc: 1.0000 time0.0395
Epoch 747  loss: 0.0003 acc: 1.0000 time0.0375
Epoch 748  loss: 0.0002 acc: 1.0000 time0.0396
Epoch 749  loss: 0.0006 acc: 1.0000 time0.0365
Epoch 750  loss: 0.0001 acc: 1.0000 time0.0360
Epoch 750  loss: 0.0000 acc: 1.0000 Valid  loss: 4.0462  acc: 0.6667  macro_f1: 0.6585  micro_f1: 0.6667
Test  loss: 4.2476 acc: 0.6384 f1: 0.6158 time: 0.0146
VALID: VALID ACC 0.699999988079071  MACRO F1 0.6871373307543521 MICRO F1 0.7 EPOCH 40
VALID: TEST ACC 0.6294642686843872 TEST F1 0.6082719702892353 EPOCH 40
GLOBAL: TEST ACC 0.6696428656578064 TEST F1 0.6531339277154635 EPOCH 180
Epoch 751  loss: 0.0001 acc: 1.0000 time0.0388
Epoch 752  loss: 0.0001 acc: 1.0000 time0.0351
Epoch 753  loss: 0.0002 acc: 1.0000 time0.0353
Epoch 754  loss: 0.0001 acc: 1.0000 time0.0370
Epoch 755  loss: 0.0001 acc: 1.0000 time0.0362
Epoch 755  loss: 0.0000 acc: 1.0000 Valid  loss: 4.4990  acc: 0.6333  macro_f1: 0.6294  micro_f1: 0.6333
Test  loss: 4.4045 acc: 0.6384 f1: 0.6178 time: 0.0134
Epoch 756  loss: 0.0002 acc: 1.0000 time0.0327
Epoch 757  loss: 0.0001 acc: 1.0000 time0.0349
Epoch 758  loss: 0.0001 acc: 1.0000 time0.0330
Epoch 759  loss: 0.0001 acc: 1.0000 time0.0350
Epoch 760  loss: 0.0003 acc: 1.0000 time0.0339
Epoch 760  loss: 0.0000 acc: 1.0000 Valid  loss: 4.5856  acc: 0.6333  macro_f1: 0.6302  micro_f1: 0.6333
Test  loss: 4.5514 acc: 0.6295 f1: 0.6094 time: 0.0138
Epoch 761  loss: 0.0002 acc: 1.0000 time0.0343
Epoch 762  loss: 0.0001 acc: 1.0000 time0.0324
Epoch 763  loss: 0.0001 acc: 1.0000 time0.0338
Epoch 764  loss: 0.0002 acc: 1.0000 time0.0315
Epoch 765  loss: 0.0003 acc: 1.0000 time0.0318
Epoch 765  loss: 0.0000 acc: 1.0000 Valid  loss: 4.5095  acc: 0.6500  macro_f1: 0.6480  micro_f1: 0.6500
Test  loss: 4.5359 acc: 0.6250 f1: 0.6077 time: 0.0143
Epoch 766  loss: 0.0001 acc: 1.0000 time0.0322
Epoch 767  loss: 0.0001 acc: 1.0000 time0.0336
Epoch 768  loss: 0.0004 acc: 1.0000 time0.0322
Epoch 769  loss: 0.0001 acc: 1.0000 time0.0336
Epoch 770  loss: 0.0001 acc: 1.0000 time0.0308
Epoch 770  loss: 0.0000 acc: 1.0000 Valid  loss: 4.2705  acc: 0.6667  macro_f1: 0.6647  micro_f1: 0.6667
Test  loss: 4.4200 acc: 0.6250 f1: 0.6059 time: 0.0136
Epoch 771  loss: 0.0002 acc: 1.0000 time0.0327
Epoch 772  loss: 0.0001 acc: 1.0000 time0.0380
Epoch 773  loss: 0.0001 acc: 1.0000 time0.0412
Epoch 774  loss: 0.0001 acc: 1.0000 time0.0400
Epoch 775  loss: 0.0001 acc: 1.0000 time0.0403
Epoch 775  loss: 0.0000 acc: 1.0000 Valid  loss: 4.1652  acc: 0.6833  macro_f1: 0.6804  micro_f1: 0.6833
Test  loss: 4.3791 acc: 0.6250 f1: 0.6069 time: 0.0172
Epoch 776  loss: 0.0001 acc: 1.0000 time0.0358
Epoch 777  loss: 0.0002 acc: 1.0000 time0.0342
Epoch 778  loss: 0.0001 acc: 1.0000 time0.0331
Epoch 779  loss: 0.0001 acc: 1.0000 time0.0316
Epoch 780  loss: 0.0001 acc: 1.0000 time0.0347
Epoch 780  loss: 0.0000 acc: 1.0000 Valid  loss: 3.9799  acc: 0.7000  macro_f1: 0.6957  micro_f1: 0.7000
Test  loss: 4.3406 acc: 0.6295 f1: 0.6105 time: 0.0148
Epoch 781  loss: 0.0002 acc: 1.0000 time0.0373
Epoch 782  loss: 0.0001 acc: 1.0000 time0.0410
Epoch 783  loss: 0.0001 acc: 1.0000 time0.0394
Epoch 784  loss: 0.0001 acc: 1.0000 time0.0431
Epoch 785  loss: 0.0001 acc: 1.0000 time0.0422
Epoch 785  loss: 0.0000 acc: 1.0000 Valid  loss: 3.9626  acc: 0.6833  macro_f1: 0.6766  micro_f1: 0.6833
Test  loss: 4.3005 acc: 0.6250 f1: 0.6036 time: 0.0164
Epoch 786  loss: 0.0001 acc: 1.0000 time0.0407
Epoch 787  loss: 0.0002 acc: 1.0000 time0.0404
Epoch 788  loss: 0.0001 acc: 1.0000 time0.0437
Epoch 789  loss: 0.0003 acc: 1.0000 time0.0486
Epoch 790  loss: 0.0001 acc: 1.0000 time0.0444
Epoch 790  loss: 0.0000 acc: 1.0000 Valid  loss: 4.1529  acc: 0.6833  macro_f1: 0.6799  micro_f1: 0.6833
Test  loss: 4.3337 acc: 0.6295 f1: 0.6085 time: 0.0181
Epoch 791  loss: 0.0001 acc: 1.0000 time0.0422
Epoch 792  loss: 0.0001 acc: 1.0000 time0.0416
Epoch 793  loss: 0.0001 acc: 1.0000 time0.0456
Epoch 794  loss: 0.0000 acc: 1.0000 time0.0531
Epoch 795  loss: 0.0001 acc: 1.0000 time0.0474
Epoch 795  loss: 0.0000 acc: 1.0000 Valid  loss: 4.3306  acc: 0.6333  macro_f1: 0.6295  micro_f1: 0.6333
Test  loss: 4.3313 acc: 0.6339 f1: 0.6134 time: 0.0193
Epoch 796  loss: 0.0003 acc: 1.0000 time0.0497
Epoch 797  loss: 0.0001 acc: 1.0000 time0.0391
Epoch 798  loss: 0.0001 acc: 1.0000 time0.0409
Epoch 799  loss: 0.0001 acc: 1.0000 time0.0396
Epoch 800  loss: 0.0004 acc: 1.0000 time0.0381
Epoch 800  loss: 0.0000 acc: 1.0000 Valid  loss: 4.3152  acc: 0.6333  macro_f1: 0.6295  micro_f1: 0.6333
Test  loss: 4.3532 acc: 0.6205 f1: 0.6000 time: 0.0155
VALID: VALID ACC 0.699999988079071  MACRO F1 0.6871373307543521 MICRO F1 0.7 EPOCH 40
VALID: TEST ACC 0.6294642686843872 TEST F1 0.6082719702892353 EPOCH 40
GLOBAL: TEST ACC 0.6696428656578064 TEST F1 0.6531339277154635 EPOCH 180
Epoch 801  loss: 0.0001 acc: 1.0000 time0.0392
Epoch 802  loss: 0.0000 acc: 1.0000 time0.0402
Epoch 803  loss: 0.0002 acc: 1.0000 time0.0420
Epoch 804  loss: 0.0002 acc: 1.0000 time0.0377
Epoch 805  loss: 0.0001 acc: 1.0000 time0.0364
Epoch 805  loss: 0.0000 acc: 1.0000 Valid  loss: 4.2383  acc: 0.6667  macro_f1: 0.6647  micro_f1: 0.6667
Test  loss: 4.3638 acc: 0.6250 f1: 0.6059 time: 0.0142
Epoch 806  loss: 0.0001 acc: 1.0000 time0.0374
Epoch 807  loss: 0.0001 acc: 1.0000 time0.0392
Epoch 808  loss: 0.0003 acc: 1.0000 time0.0372
Epoch 809  loss: 0.0002 acc: 1.0000 time0.0396
Epoch 810  loss: 0.0001 acc: 1.0000 time0.0394
Epoch 810  loss: 0.0000 acc: 1.0000 Valid  loss: 4.1586  acc: 0.6833  macro_f1: 0.6810  micro_f1: 0.6833
Test  loss: 4.3525 acc: 0.6339 f1: 0.6139 time: 0.0167
Epoch 811  loss: 0.0003 acc: 1.0000 time0.0367
Epoch 812  loss: 0.0001 acc: 1.0000 time0.0359
Epoch 813  loss: 0.0000 acc: 1.0000 time0.0391
Epoch 814  loss: 0.0002 acc: 1.0000 time0.0382
Epoch 815  loss: 0.0002 acc: 1.0000 time0.0342
Epoch 815  loss: 0.0000 acc: 1.0000 Valid  loss: 4.1377  acc: 0.6833  macro_f1: 0.6804  micro_f1: 0.6833
Test  loss: 4.3709 acc: 0.6295 f1: 0.6100 time: 0.0142
Epoch 816  loss: 0.0001 acc: 1.0000 time0.0389
Epoch 817  loss: 0.0001 acc: 1.0000 time0.0381
Epoch 818  loss: 0.0001 acc: 1.0000 time0.0463
Epoch 819  loss: 0.0002 acc: 1.0000 time0.0457
Epoch 820  loss: 0.0005 acc: 1.0000 time0.0489
Epoch 820  loss: 0.0000 acc: 1.0000 Valid  loss: 4.1659  acc: 0.6833  macro_f1: 0.6810  micro_f1: 0.6833
Test  loss: 4.3363 acc: 0.6205 f1: 0.5996 time: 0.0248
Epoch 821  loss: 0.0001 acc: 1.0000 time0.0407
Epoch 822  loss: 0.0001 acc: 1.0000 time0.0395
Epoch 823  loss: 0.0003 acc: 1.0000 time0.0401
Epoch 824  loss: 0.0002 acc: 1.0000 time0.0367
Epoch 825  loss: 0.0001 acc: 1.0000 time0.0329
Epoch 825  loss: 0.0000 acc: 1.0000 Valid  loss: 4.3710  acc: 0.6167  macro_f1: 0.6092  micro_f1: 0.6167
Test  loss: 4.2449 acc: 0.6518 f1: 0.6289 time: 0.0143
Epoch 826  loss: 0.0001 acc: 1.0000 time0.0385
Epoch 827  loss: 0.0001 acc: 1.0000 time0.0406
Epoch 828  loss: 0.0001 acc: 1.0000 time0.0396
Epoch 829  loss: 0.0001 acc: 1.0000 time0.0373
Epoch 830  loss: 0.0002 acc: 1.0000 time0.0398
Epoch 830  loss: 0.0000 acc: 1.0000 Valid  loss: 4.5182  acc: 0.6000  macro_f1: 0.5924  micro_f1: 0.6000
Test  loss: 4.2021 acc: 0.6562 f1: 0.6347 time: 0.0161
Epoch 831  loss: 0.0002 acc: 1.0000 time0.0396
Epoch 832  loss: 0.0001 acc: 1.0000 time0.0381
Epoch 833  loss: 0.0005 acc: 1.0000 time0.0372
Epoch 834  loss: 0.0001 acc: 1.0000 time0.0373
Epoch 835  loss: 0.0001 acc: 1.0000 time0.0425
Epoch 835  loss: 0.0000 acc: 1.0000 Valid  loss: 4.2664  acc: 0.6500  macro_f1: 0.6417  micro_f1: 0.6500
Test  loss: 4.1937 acc: 0.6518 f1: 0.6289 time: 0.0162
Epoch 836  loss: 0.0001 acc: 1.0000 time0.0421
Epoch 837  loss: 0.0001 acc: 1.0000 time0.0409
Epoch 838  loss: 0.0006 acc: 1.0000 time0.0435
Epoch 839  loss: 0.0002 acc: 1.0000 time0.0407
Epoch 840  loss: 0.0001 acc: 1.0000 time0.0387
Epoch 840  loss: 0.0000 acc: 1.0000 Valid  loss: 4.2779  acc: 0.6333  macro_f1: 0.6294  micro_f1: 0.6333
Test  loss: 4.3487 acc: 0.6518 f1: 0.6317 time: 0.0152
Epoch 841  loss: 0.0002 acc: 1.0000 time0.0366
Epoch 842  loss: 0.0002 acc: 1.0000 time0.0375
Epoch 843  loss: 0.0002 acc: 1.0000 time0.0433
Epoch 844  loss: 0.0001 acc: 1.0000 time0.0450
Epoch 845  loss: 0.0003 acc: 1.0000 time0.0334
Epoch 845  loss: 0.0000 acc: 1.0000 Valid  loss: 4.5570  acc: 0.6167  macro_f1: 0.6119  micro_f1: 0.6167
Test  loss: 4.5014 acc: 0.6384 f1: 0.6203 time: 0.0143
Epoch 846  loss: 0.0002 acc: 1.0000 time0.0338
Epoch 847  loss: 0.0001 acc: 1.0000 time0.0438
Epoch 848  loss: 0.0001 acc: 1.0000 time0.0348
Epoch 849  loss: 0.0002 acc: 1.0000 time0.0400
Epoch 850  loss: 0.0001 acc: 1.0000 time0.0376
Epoch 850  loss: 0.0000 acc: 1.0000 Valid  loss: 4.5512  acc: 0.6333  macro_f1: 0.6299  micro_f1: 0.6333
Test  loss: 4.5513 acc: 0.6250 f1: 0.6084 time: 0.0162
VALID: VALID ACC 0.699999988079071  MACRO F1 0.6871373307543521 MICRO F1 0.7 EPOCH 40
VALID: TEST ACC 0.6294642686843872 TEST F1 0.6082719702892353 EPOCH 40
GLOBAL: TEST ACC 0.6696428656578064 TEST F1 0.6531339277154635 EPOCH 180
Epoch 851  loss: 0.0001 acc: 1.0000 time0.0341
Epoch 852  loss: 0.0003 acc: 1.0000 time0.0357
Epoch 853  loss: 0.0001 acc: 1.0000 time0.0381
Epoch 854  loss: 0.0001 acc: 1.0000 time0.0355
Epoch 855  loss: 0.0001 acc: 1.0000 time0.0343
Epoch 855  loss: 0.0000 acc: 1.0000 Valid  loss: 4.4827  acc: 0.6500  macro_f1: 0.6480  micro_f1: 0.6500
Test  loss: 4.5383 acc: 0.6295 f1: 0.6121 time: 0.0149
Epoch 856  loss: 0.0002 acc: 1.0000 time0.0353
Epoch 857  loss: 0.0001 acc: 1.0000 time0.0328
Epoch 858  loss: 0.0001 acc: 1.0000 time0.0330
Epoch 859  loss: 0.0002 acc: 1.0000 time0.0325
Epoch 860  loss: 0.0001 acc: 1.0000 time0.0319
Epoch 860  loss: 0.0000 acc: 1.0000 Valid  loss: 4.2797  acc: 0.6667  macro_f1: 0.6647  micro_f1: 0.6667
Test  loss: 4.4783 acc: 0.6295 f1: 0.6120 time: 0.0143
Epoch 861  loss: 0.0001 acc: 1.0000 time0.0333
Epoch 862  loss: 0.0001 acc: 1.0000 time0.0325
Epoch 863  loss: 0.0007 acc: 1.0000 time0.0317
Epoch 864  loss: 0.0003 acc: 1.0000 time0.0339
Epoch 865  loss: 0.0001 acc: 1.0000 time0.0326
Epoch 865  loss: 0.0000 acc: 1.0000 Valid  loss: 4.1382  acc: 0.6833  macro_f1: 0.6796  micro_f1: 0.6833
Test  loss: 4.3265 acc: 0.6429 f1: 0.6242 time: 0.0139
Epoch 866  loss: 0.0001 acc: 1.0000 time0.0322
Epoch 867  loss: 0.0001 acc: 1.0000 time0.0335
Epoch 868  loss: 0.0001 acc: 1.0000 time0.0321
Epoch 869  loss: 0.0005 acc: 1.0000 time0.0317
Epoch 870  loss: 0.0001 acc: 1.0000 time0.0339
Epoch 870  loss: 0.0000 acc: 1.0000 Valid  loss: 4.2266  acc: 0.6500  macro_f1: 0.6417  micro_f1: 0.6500
Test  loss: 4.1415 acc: 0.6473 f1: 0.6252 time: 0.0142
Epoch 871  loss: 0.0001 acc: 1.0000 time0.0325
Epoch 872  loss: 0.0007 acc: 1.0000 time0.0335
Epoch 873  loss: 0.0001 acc: 1.0000 time0.0340
Epoch 874  loss: 0.0001 acc: 1.0000 time0.0348
Epoch 875  loss: 0.0000 acc: 1.0000 time0.0319
Epoch 875  loss: 0.0000 acc: 1.0000 Valid  loss: 4.2460  acc: 0.6667  macro_f1: 0.6605  micro_f1: 0.6667
Test  loss: 4.2444 acc: 0.6384 f1: 0.6151 time: 0.0141
Epoch 876  loss: 0.0001 acc: 1.0000 time0.0334
Epoch 877  loss: 0.0000 acc: 1.0000 time0.0326
Epoch 878  loss: 0.0001 acc: 1.0000 time0.0378
Epoch 879  loss: 0.0001 acc: 1.0000 time0.0350
Epoch 880  loss: 0.0001 acc: 1.0000 time0.0337
Epoch 880  loss: 0.0000 acc: 1.0000 Valid  loss: 4.2468  acc: 0.6833  macro_f1: 0.6796  micro_f1: 0.6833
Test  loss: 4.3496 acc: 0.6295 f1: 0.6077 time: 0.0135
Epoch 881  loss: 0.0001 acc: 1.0000 time0.0314
Epoch 882  loss: 0.0002 acc: 1.0000 time0.0338
Epoch 883  loss: 0.0001 acc: 1.0000 time0.0317
Epoch 884  loss: 0.0001 acc: 1.0000 time0.0328
Epoch 885  loss: 0.0001 acc: 1.0000 time0.0322
Epoch 885  loss: 0.0000 acc: 1.0000 Valid  loss: 4.2743  acc: 0.6833  macro_f1: 0.6796  micro_f1: 0.6833
Test  loss: 4.3978 acc: 0.6339 f1: 0.6115 time: 0.0140
Epoch 886  loss: 0.0001 acc: 1.0000 time0.0329
Epoch 887  loss: 0.0001 acc: 1.0000 time0.0358
Epoch 888  loss: 0.0001 acc: 1.0000 time0.0342
Epoch 889  loss: 0.0003 acc: 1.0000 time0.0344
Epoch 890  loss: 0.0001 acc: 1.0000 time0.0352
Epoch 890  loss: 0.0000 acc: 1.0000 Valid  loss: 4.2655  acc: 0.6833  macro_f1: 0.6796  micro_f1: 0.6833
Test  loss: 4.4074 acc: 0.6339 f1: 0.6115 time: 0.0153
Epoch 891  loss: 0.0001 acc: 1.0000 time0.0341
Epoch 892  loss: 0.0002 acc: 1.0000 time0.0355
Epoch 893  loss: 0.0001 acc: 1.0000 time0.0336
Epoch 894  loss: 0.0002 acc: 1.0000 time0.0326
Epoch 895  loss: 0.0001 acc: 1.0000 time0.0353
Epoch 895  loss: 0.0000 acc: 1.0000 Valid  loss: 4.2942  acc: 0.6667  macro_f1: 0.6633  micro_f1: 0.6667
Test  loss: 4.4155 acc: 0.6339 f1: 0.6141 time: 0.0136
Epoch 896  loss: 0.0001 acc: 1.0000 time0.0323
Epoch 897  loss: 0.0000 acc: 1.0000 time0.0354
Epoch 898  loss: 0.0001 acc: 1.0000 time0.0408
Epoch 899  loss: 0.0002 acc: 1.0000 time0.0392
Epoch 900  loss: 0.0002 acc: 1.0000 time0.0357
Epoch 900  loss: 0.0000 acc: 1.0000 Valid  loss: 4.2790  acc: 0.6667  macro_f1: 0.6633  micro_f1: 0.6667
Test  loss: 4.3989 acc: 0.6339 f1: 0.6141 time: 0.0141
VALID: VALID ACC 0.699999988079071  MACRO F1 0.6871373307543521 MICRO F1 0.7 EPOCH 40
VALID: TEST ACC 0.6294642686843872 TEST F1 0.6082719702892353 EPOCH 40
GLOBAL: TEST ACC 0.6696428656578064 TEST F1 0.6531339277154635 EPOCH 180
Epoch 901  loss: 0.0003 acc: 1.0000 time0.0376
Epoch 902  loss: 0.0001 acc: 1.0000 time0.0327
Epoch 903  loss: 0.0001 acc: 1.0000 time0.0348
Epoch 904  loss: 0.0001 acc: 1.0000 time0.0343
Epoch 905  loss: 0.0001 acc: 1.0000 time0.0321
Epoch 905  loss: 0.0000 acc: 1.0000 Valid  loss: 4.2781  acc: 0.6667  macro_f1: 0.6637  micro_f1: 0.6667
Test  loss: 4.3275 acc: 0.6295 f1: 0.6070 time: 0.0139
Epoch 906  loss: 0.0001 acc: 1.0000 time0.0334
Epoch 907  loss: 0.0001 acc: 1.0000 time0.0317
Epoch 908  loss: 0.0001 acc: 1.0000 time0.0312
Epoch 909  loss: 0.0001 acc: 1.0000 time0.0325
Epoch 910  loss: 0.0001 acc: 1.0000 time0.0330
Epoch 910  loss: 0.0000 acc: 1.0000 Valid  loss: 4.3539  acc: 0.6333  macro_f1: 0.6289  micro_f1: 0.6333
Test  loss: 4.3098 acc: 0.6429 f1: 0.6207 time: 0.0135
Epoch 911  loss: 0.0002 acc: 1.0000 time0.0308
Epoch 912  loss: 0.0000 acc: 1.0000 time0.0314
Epoch 913  loss: 0.0000 acc: 1.0000 time0.0333
Epoch 914  loss: 0.0001 acc: 1.0000 time0.0329
Epoch 915  loss: 0.0002 acc: 1.0000 time0.0341
Epoch 915  loss: 0.0000 acc: 1.0000 Valid  loss: 4.2411  acc: 0.6667  macro_f1: 0.6637  micro_f1: 0.6667
Test  loss: 4.2723 acc: 0.6473 f1: 0.6243 time: 0.0136
Epoch 916  loss: 0.0001 acc: 1.0000 time0.0321
Epoch 917  loss: 0.0001 acc: 1.0000 time0.0340
Epoch 918  loss: 0.0001 acc: 1.0000 time0.0323
Epoch 919  loss: 0.0001 acc: 1.0000 time0.0328
Epoch 920  loss: 0.0001 acc: 1.0000 time0.0371
Epoch 920  loss: 0.0000 acc: 1.0000 Valid  loss: 4.1876  acc: 0.6667  macro_f1: 0.6628  micro_f1: 0.6667
Test  loss: 4.2755 acc: 0.6384 f1: 0.6159 time: 0.0153
Epoch 921  loss: 0.0000 acc: 1.0000 time0.0369
Epoch 922  loss: 0.0001 acc: 1.0000 time0.0356
Epoch 923  loss: 0.0001 acc: 1.0000 time0.0351
Epoch 924  loss: 0.0002 acc: 1.0000 time0.0358
Epoch 925  loss: 0.0001 acc: 1.0000 time0.0343
Epoch 925  loss: 0.0000 acc: 1.0000 Valid  loss: 4.1722  acc: 0.6833  macro_f1: 0.6796  micro_f1: 0.6833
Test  loss: 4.3147 acc: 0.6339 f1: 0.6113 time: 0.0142
Epoch 926  loss: 0.0001 acc: 1.0000 time0.0368
Epoch 927  loss: 0.0001 acc: 1.0000 time0.0334
Epoch 928  loss: 0.0002 acc: 1.0000 time0.0334
Epoch 929  loss: 0.0000 acc: 1.0000 time0.0322
Epoch 930  loss: 0.0001 acc: 1.0000 time0.0328
Epoch 930  loss: 0.0000 acc: 1.0000 Valid  loss: 4.1913  acc: 0.6833  macro_f1: 0.6796  micro_f1: 0.6833
Test  loss: 4.3209 acc: 0.6384 f1: 0.6151 time: 0.0147
Epoch 931  loss: 0.0001 acc: 1.0000 time0.0346
Epoch 932  loss: 0.0001 acc: 1.0000 time0.0351
Epoch 933  loss: 0.0001 acc: 1.0000 time0.0338
Epoch 934  loss: 0.0003 acc: 1.0000 time0.0314
Epoch 935  loss: 0.0001 acc: 1.0000 time0.0320
Epoch 935  loss: 0.0000 acc: 1.0000 Valid  loss: 4.2361  acc: 0.6667  macro_f1: 0.6633  micro_f1: 0.6667
Test  loss: 4.3331 acc: 0.6339 f1: 0.6115 time: 0.0134
Epoch 936  loss: 0.0001 acc: 1.0000 time0.0328
Epoch 937  loss: 0.0001 acc: 1.0000 time0.0325
Epoch 938  loss: 0.0001 acc: 1.0000 time0.0358
Epoch 939  loss: 0.0001 acc: 1.0000 time0.0328
Epoch 940  loss: 0.0001 acc: 1.0000 time0.0339
Epoch 940  loss: 0.0000 acc: 1.0000 Valid  loss: 4.2207  acc: 0.6667  macro_f1: 0.6633  micro_f1: 0.6667
Test  loss: 4.3250 acc: 0.6339 f1: 0.6115 time: 0.0135
Epoch 941  loss: 0.0003 acc: 1.0000 time0.0338
Epoch 942  loss: 0.0003 acc: 1.0000 time0.0334
Epoch 943  loss: 0.0005 acc: 1.0000 time0.0317
Epoch 944  loss: 0.0001 acc: 1.0000 time0.0317
Epoch 945  loss: 0.0001 acc: 1.0000 time0.0308
Epoch 945  loss: 0.0000 acc: 1.0000 Valid  loss: 4.1756  acc: 0.6833  macro_f1: 0.6796  micro_f1: 0.6833
Test  loss: 4.2880 acc: 0.6384 f1: 0.6151 time: 0.0139
Epoch 946  loss: 0.0001 acc: 1.0000 time0.0312
Epoch 947  loss: 0.0001 acc: 1.0000 time0.0320
Epoch 948  loss: 0.0002 acc: 1.0000 time0.0317
Epoch 949  loss: 0.0001 acc: 1.0000 time0.0323
Epoch 950  loss: 0.0001 acc: 1.0000 time0.0324
Epoch 950  loss: 0.0000 acc: 1.0000 Valid  loss: 4.1338  acc: 0.6833  macro_f1: 0.6796  micro_f1: 0.6833
Test  loss: 4.2711 acc: 0.6384 f1: 0.6151 time: 0.0131
VALID: VALID ACC 0.699999988079071  MACRO F1 0.6871373307543521 MICRO F1 0.7 EPOCH 40
VALID: TEST ACC 0.6294642686843872 TEST F1 0.6082719702892353 EPOCH 40
GLOBAL: TEST ACC 0.6696428656578064 TEST F1 0.6531339277154635 EPOCH 180
Epoch 951  loss: 0.0001 acc: 1.0000 time0.0341
Epoch 952  loss: 0.0001 acc: 1.0000 time0.0323
Epoch 953  loss: 0.0001 acc: 1.0000 time0.0333
Epoch 954  loss: 0.0001 acc: 1.0000 time0.0346
Epoch 955  loss: 0.0001 acc: 1.0000 time0.0398
Epoch 955  loss: 0.0000 acc: 1.0000 Valid  loss: 4.1709  acc: 0.6667  macro_f1: 0.6628  micro_f1: 0.6667
Test  loss: 4.2672 acc: 0.6384 f1: 0.6151 time: 0.0137
Epoch 956  loss: 0.0001 acc: 1.0000 time0.0332
Epoch 957  loss: 0.0003 acc: 1.0000 time0.0338
Epoch 958  loss: 0.0001 acc: 1.0000 time0.0369
Epoch 959  loss: 0.0001 acc: 1.0000 time0.0333
Epoch 960  loss: 0.0003 acc: 1.0000 time0.0312
Epoch 960  loss: 0.0000 acc: 1.0000 Valid  loss: 4.1491  acc: 0.6667  macro_f1: 0.6628  micro_f1: 0.6667
Test  loss: 4.2596 acc: 0.6384 f1: 0.6151 time: 0.0134
Epoch 961  loss: 0.0001 acc: 1.0000 time0.0368
Epoch 962  loss: 0.0001 acc: 1.0000 time0.0347
Epoch 963  loss: 0.0002 acc: 1.0000 time0.0341
Epoch 964  loss: 0.0003 acc: 1.0000 time0.0345
Epoch 965  loss: 0.0002 acc: 1.0000 time0.0317
Epoch 965  loss: 0.0000 acc: 1.0000 Valid  loss: 4.1730  acc: 0.6667  macro_f1: 0.6628  micro_f1: 0.6667
Test  loss: 4.2776 acc: 0.6384 f1: 0.6151 time: 0.0134
Epoch 966  loss: 0.0003 acc: 1.0000 time0.0377
Epoch 967  loss: 0.0002 acc: 1.0000 time0.0336
Epoch 968  loss: 0.0002 acc: 1.0000 time0.0401
Epoch 969  loss: 0.0001 acc: 1.0000 time0.0376
Epoch 970  loss: 0.0001 acc: 1.0000 time0.0329
Epoch 970  loss: 0.0000 acc: 1.0000 Valid  loss: 4.1990  acc: 0.6667  macro_f1: 0.6628  micro_f1: 0.6667
Test  loss: 4.2827 acc: 0.6384 f1: 0.6151 time: 0.0147
Epoch 971  loss: 0.0002 acc: 1.0000 time0.0358
Epoch 972  loss: 0.0001 acc: 1.0000 time0.0343
Epoch 973  loss: 0.0001 acc: 1.0000 time0.0331
Epoch 974  loss: 0.0001 acc: 1.0000 time0.0339
Epoch 975  loss: 0.0002 acc: 1.0000 time0.0332
Epoch 975  loss: 0.0000 acc: 1.0000 Valid  loss: 4.2452  acc: 0.6667  macro_f1: 0.6633  micro_f1: 0.6667
Test  loss: 4.3046 acc: 0.6384 f1: 0.6151 time: 0.0134
Epoch 976  loss: 0.0001 acc: 1.0000 time0.0312
Epoch 977  loss: 0.0001 acc: 1.0000 time0.0333
Epoch 978  loss: 0.0001 acc: 1.0000 time0.0324
Epoch 979  loss: 0.0000 acc: 1.0000 time0.0354
Epoch 980  loss: 0.0002 acc: 1.0000 time0.0320
Epoch 980  loss: 0.0000 acc: 1.0000 Valid  loss: 4.2263  acc: 0.6667  macro_f1: 0.6637  micro_f1: 0.6667
Test  loss: 4.3047 acc: 0.6295 f1: 0.6079 time: 0.0138
Epoch 981  loss: 0.0001 acc: 1.0000 time0.0333
Epoch 982  loss: 0.0002 acc: 1.0000 time0.0330
Epoch 983  loss: 0.0002 acc: 1.0000 time0.0341
Epoch 984  loss: 0.0001 acc: 1.0000 time0.0324
Epoch 985  loss: 0.0001 acc: 1.0000 time0.0328
Epoch 985  loss: 0.0000 acc: 1.0000 Valid  loss: 4.3148  acc: 0.6500  macro_f1: 0.6463  micro_f1: 0.6500
Test  loss: 4.2727 acc: 0.6384 f1: 0.6143 time: 0.0135
Epoch 986  loss: 0.0001 acc: 1.0000 time0.0337
Epoch 987  loss: 0.0001 acc: 1.0000 time0.0313
Epoch 988  loss: 0.0001 acc: 1.0000 time0.0326
Epoch 989  loss: 0.0001 acc: 1.0000 time0.0380
Epoch 990  loss: 0.0002 acc: 1.0000 time0.0322
Epoch 990  loss: 0.0000 acc: 1.0000 Valid  loss: 4.3208  acc: 0.6500  macro_f1: 0.6463  micro_f1: 0.6500
Test  loss: 4.2731 acc: 0.6384 f1: 0.6143 time: 0.0140
Epoch 991  loss: 0.0001 acc: 1.0000 time0.0333
Epoch 992  loss: 0.0001 acc: 1.0000 time0.0328
Epoch 993  loss: 0.0001 acc: 1.0000 time0.0326
Epoch 994  loss: 0.0000 acc: 1.0000 time0.0307
Epoch 995  loss: 0.0001 acc: 1.0000 time0.0334
Epoch 995  loss: 0.0000 acc: 1.0000 Valid  loss: 4.2376  acc: 0.6667  macro_f1: 0.6637  micro_f1: 0.6667
Test  loss: 4.2388 acc: 0.6339 f1: 0.6088 time: 0.0135
Epoch 996  loss: 0.0001 acc: 1.0000 time0.0338
Epoch 997  loss: 0.0002 acc: 1.0000 time0.0317
Epoch 998  loss: 0.0001 acc: 1.0000 time0.0333
Epoch 999  loss: 0.0001 acc: 1.0000 time0.0322
Epoch 1000  loss: 0.0002 acc: 1.0000 time0.0323
Epoch 1000  loss: 0.0000 acc: 1.0000 Valid  loss: 4.2084  acc: 0.6667  macro_f1: 0.6628  micro_f1: 0.6667
Test  loss: 4.2299 acc: 0.6384 f1: 0.6151 time: 0.0135
VALID: VALID ACC 0.699999988079071  MACRO F1 0.6871373307543521 MICRO F1 0.7 EPOCH 40
VALID: TEST ACC 0.6294642686843872 TEST F1 0.6082719702892353 EPOCH 40
GLOBAL: TEST ACC 0.6696428656578064 TEST F1 0.6531339277154635 EPOCH 180
