/home/lee-j/github/SHINE-EMNLP21/SHINE-Torch/utils.py:9: UserWarning: To copy construct from a tensor, it is recommended to use sourceTensor.clone().detach() or sourceTensor.clone().detach().requires_grad_(True), rather than torch.tensor(sourceTensor).
  return torch.tensor(dicts[dict_type], dtype=torch.float, device=device)
887
636
4429
data process time: 3.0729029178619385
270,650 training parameters.
Epoch 1  loss: 3.9143 acc: 0.0090 time0.4414
Epoch 2  loss: 3.9107 acc: 0.0293 time0.1069
Epoch 3  loss: 3.9089 acc: 0.0158 time0.1022
Epoch 4  loss: 3.9051 acc: 0.0293 time0.0973
Epoch 5  loss: 3.9035 acc: 0.0282 time0.0956
Epoch 5  loss: 3.9020 acc: 0.0225 Valid  loss: 3.8881  acc: 0.0314  f1: 0.0017
Test  loss: 3.8965 acc: 0.0199 f1: 0.0013 time: 0.0484
Epoch 6  loss: 3.8982 acc: 0.0361 time0.0934
Epoch 7  loss: 3.8960 acc: 0.0304 time0.0933
Epoch 8  loss: 3.8950 acc: 0.0214 time0.0942
Epoch 9  loss: 3.8848 acc: 0.0316 time0.0937
Epoch 10  loss: 3.8829 acc: 0.0316 time0.0932
Epoch 10  loss: 3.8730 acc: 0.0225 Valid  loss: 3.8311  acc: 0.0314  f1: 0.0017
Test  loss: 3.8256 acc: 0.0199 f1: 0.0013 time: 0.0467
Epoch 11  loss: 3.8819 acc: 0.0304 time0.0934
Epoch 12  loss: 3.8710 acc: 0.0293 time0.0938
Epoch 13  loss: 3.8651 acc: 0.0338 time0.0935
Epoch 14  loss: 3.8609 acc: 0.0338 time0.0937
Epoch 15  loss: 3.8479 acc: 0.0349 time0.0939
Epoch 15  loss: 3.8102 acc: 0.0800 Valid  loss: 3.7552  acc: 0.1038  f1: 0.0463
Test  loss: 3.7300 acc: 0.1391 f1: 0.0615 time: 0.0467
Epoch 16  loss: 3.8327 acc: 0.0564 time0.0945
Epoch 17  loss: 3.8177 acc: 0.0462 time0.0938
Epoch 18  loss: 3.7969 acc: 0.0575 time0.0937
Epoch 19  loss: 3.7776 acc: 0.0586 time0.0936
Epoch 20  loss: 3.7502 acc: 0.0676 time0.0941
Epoch 20  loss: 3.6558 acc: 0.0744 Valid  loss: 3.6155  acc: 0.0881  f1: 0.0245
Test  loss: 3.5388 acc: 0.0991 f1: 0.0276 time: 0.0460
Epoch 21  loss: 3.7187 acc: 0.0699 time0.0937
Epoch 22  loss: 3.6710 acc: 0.0857 time0.0939
Epoch 23  loss: 3.6358 acc: 0.0823 time0.0937
Epoch 24  loss: 3.5983 acc: 0.0913 time0.0936
Epoch 25  loss: 3.5393 acc: 0.0891 time0.0939
Epoch 25  loss: 3.4591 acc: 0.0857 Valid  loss: 3.5491  acc: 0.0943  f1: 0.0307
Test  loss: 3.4072 acc: 0.1553 f1: 0.0450 time: 0.0462
Epoch 26  loss: 3.4941 acc: 0.0800 time0.0940
Epoch 27  loss: 3.4769 acc: 0.0778 time0.0937
Epoch 28  loss: 3.4533 acc: 0.0834 time0.0935
Epoch 29  loss: 3.3786 acc: 0.0924 time0.0939
Epoch 30  loss: 3.3582 acc: 0.0992 time0.0937
Epoch 30  loss: 3.2794 acc: 0.1071 Valid  loss: 3.4978  acc: 0.1289  f1: 0.0563
Test  loss: 3.3345 acc: 0.1840 f1: 0.0578 time: 0.0461
Epoch 31  loss: 3.3277 acc: 0.0924 time0.0940
Epoch 32  loss: 3.2988 acc: 0.1105 time0.0936
Epoch 33  loss: 3.2691 acc: 0.1003 time0.0934
Epoch 34  loss: 3.2614 acc: 0.0992 time0.0938
Epoch 35  loss: 3.2604 acc: 0.1026 time0.0936
Epoch 35  loss: 3.0898 acc: 0.1342 Valid  loss: 3.3158  acc: 0.1415  f1: 0.0799
Test  loss: 3.1840 acc: 0.1571 f1: 0.0729 time: 0.0467
Epoch 36  loss: 3.1737 acc: 0.1240 time0.0938
Epoch 37  loss: 3.1299 acc: 0.1195 time0.0935
Epoch 38  loss: 3.1005 acc: 0.1285 time0.0942
Epoch 39  loss: 3.0585 acc: 0.1556 time0.0941
Epoch 40  loss: 3.0380 acc: 0.1421 time0.0935
Epoch 40  loss: 2.8701 acc: 0.1759 Valid  loss: 3.2755  acc: 0.1541  f1: 0.0876
Test  loss: 3.0617 acc: 0.2576 f1: 0.0881 time: 0.0462
Epoch 41  loss: 2.9862 acc: 0.1669 time0.0952
Epoch 42  loss: 2.9709 acc: 0.1657 time0.0939
Epoch 43  loss: 2.9326 acc: 0.1680 time0.0944
Epoch 44  loss: 2.8732 acc: 0.1849 time0.0940
Epoch 45  loss: 2.9158 acc: 0.1578 time0.0940
Epoch 45  loss: 2.6595 acc: 0.2435 Valid  loss: 3.1304  acc: 0.2248  f1: 0.1360
Test  loss: 2.9995 acc: 0.2811 f1: 0.1110 time: 0.0463
Epoch 46  loss: 2.8088 acc: 0.1905 time0.0939
Epoch 47  loss: 2.8475 acc: 0.1635 time0.0938
Epoch 48  loss: 2.8098 acc: 0.1657 time0.0941
Epoch 49  loss: 2.7656 acc: 0.2029 time0.0941
Epoch 50  loss: 2.8092 acc: 0.1871 time0.0941
Epoch 50  loss: 2.6003 acc: 0.2221 Valid  loss: 3.0896  acc: 0.2123  f1: 0.1500
Test  loss: 3.0616 acc: 0.2368 f1: 0.1152 time: 0.0464
VALID: VALID ACC 0.22484275698661804  VALID F1 0.13601570484304984 EPOCH 45
VALID: TEST ACC 0.2811018228530884 TEST F1 0.11099194589130032 EPOCH 45
GLOBAL: TEST ACC 0.2811018228530884 TEST F1 0.11099194589130032 EPOCH 45
Epoch 51  loss: 2.7129 acc: 0.1883 time0.0936
Epoch 52  loss: 2.6204 acc: 0.2007 time0.0940
Epoch 53  loss: 2.7328 acc: 0.2029 time0.0936
Epoch 54  loss: 2.6324 acc: 0.1883 time0.0937
Epoch 55  loss: 2.7503 acc: 0.1759 time0.0941
Epoch 55  loss: 2.4313 acc: 0.2537 Valid  loss: 3.2638  acc: 0.2107  f1: 0.1307
Test  loss: 3.0862 acc: 0.2827 f1: 0.1076 time: 0.0463
Epoch 56  loss: 2.5738 acc: 0.2153 time0.0936
Epoch 57  loss: 2.5794 acc: 0.2074 time0.0935
Epoch 58  loss: 2.6678 acc: 0.1826 time0.0940
Epoch 59  loss: 2.5939 acc: 0.2232 time0.0939
Epoch 60  loss: 2.6239 acc: 0.1928 time0.0939
Epoch 60  loss: 2.8000 acc: 0.1838 Valid  loss: 3.5480  acc: 0.1855  f1: 0.1106
Test  loss: 3.1187 acc: 0.2312 f1: 0.0704 time: 0.0459
Epoch 61  loss: 2.7901 acc: 0.1443 time0.0942
Epoch 62  loss: 2.5889 acc: 0.2063 time0.0935
Epoch 63  loss: 2.6396 acc: 0.1939 time0.0938
Epoch 64  loss: 2.4675 acc: 0.2289 time0.0941
Epoch 65  loss: 2.5144 acc: 0.2153 time0.0941
Epoch 65  loss: 2.5171 acc: 0.2345 Valid  loss: 3.3258  acc: 0.2280  f1: 0.1393
Test  loss: 3.1725 acc: 0.2330 f1: 0.0858 time: 0.0467
Epoch 66  loss: 2.5028 acc: 0.2289 time0.0940
Epoch 67  loss: 2.4436 acc: 0.2368 time0.0938
Epoch 68  loss: 2.4450 acc: 0.2345 time0.0940
Epoch 69  loss: 2.4961 acc: 0.2255 time0.0937
Epoch 70  loss: 2.4161 acc: 0.2289 time0.0941
Epoch 70  loss: 2.3029 acc: 0.2875 Valid  loss: 3.0993  acc: 0.2421  f1: 0.1700
Test  loss: 2.9991 acc: 0.3249 f1: 0.1032 time: 0.0464
Epoch 71  loss: 2.3851 acc: 0.2424 time0.0943
Epoch 72  loss: 2.5455 acc: 0.1973 time0.0933
Epoch 73  loss: 2.3415 acc: 0.2616 time0.0938
Epoch 74  loss: 2.4109 acc: 0.2548 time0.0936
Epoch 75  loss: 2.3737 acc: 0.2334 time0.0938
Epoch 75  loss: 2.3013 acc: 0.3055 Valid  loss: 3.1283  acc: 0.2201  f1: 0.1589
Test  loss: 2.9947 acc: 0.2904 f1: 0.1111 time: 0.0462
Epoch 76  loss: 2.3103 acc: 0.2582 time0.0941
Epoch 77  loss: 2.3401 acc: 0.2706 time0.0939
Epoch 78  loss: 2.4425 acc: 0.2176 time0.0939
Epoch 79  loss: 2.2711 acc: 0.2480 time0.0935
Epoch 80  loss: 2.3036 acc: 0.2796 time0.0939
Epoch 80  loss: 2.1493 acc: 0.3360 Valid  loss: 3.2515  acc: 0.2280  f1: 0.1714
Test  loss: 3.5096 acc: 0.2615 f1: 0.1167 time: 0.0463
Epoch 81  loss: 2.2124 acc: 0.2841 time0.0946
Epoch 82  loss: 2.2111 acc: 0.2773 time0.0942
Epoch 83  loss: 2.1699 acc: 0.3078 time0.0940
Epoch 84  loss: 2.1399 acc: 0.2875 time0.0939
Epoch 85  loss: 2.0695 acc: 0.3021 time0.0943
Epoch 85  loss: 1.9358 acc: 0.4126 Valid  loss: 3.1417  acc: 0.2358  f1: 0.1837
Test  loss: 3.2770 acc: 0.3120 f1: 0.1367 time: 0.0465
Epoch 86  loss: 2.1113 acc: 0.3089 time0.0949
Epoch 87  loss: 2.0576 acc: 0.3236 time0.0941
Epoch 88  loss: 2.0362 acc: 0.3269 time0.0942
Epoch 89  loss: 2.0244 acc: 0.3439 time0.0934
Epoch 90  loss: 2.1003 acc: 0.3123 time0.0937
Epoch 90  loss: 1.8581 acc: 0.3923 Valid  loss: 3.6715  acc: 0.2531  f1: 0.1712
Test  loss: 3.8156 acc: 0.2705 f1: 0.1045 time: 0.0465
Epoch 91  loss: 2.0809 acc: 0.3247 time0.0942
Epoch 92  loss: 2.0362 acc: 0.3236 time0.0940
Epoch 93  loss: 2.0967 acc: 0.3303 time0.0939
Epoch 94  loss: 2.0468 acc: 0.3315 time0.0943
Epoch 95  loss: 2.1264 acc: 0.3213 time0.0939
Epoch 95  loss: 2.0029 acc: 0.3653 Valid  loss: 4.1424  acc: 0.2343  f1: 0.1546
Test  loss: 4.3679 acc: 0.2592 f1: 0.1021 time: 0.0466
Epoch 96  loss: 2.1605 acc: 0.3236 time0.0938
Epoch 97  loss: 2.2069 acc: 0.3258 time0.0941
Epoch 98  loss: 1.9847 acc: 0.3664 time0.0938
Epoch 99  loss: 2.0152 acc: 0.3450 time0.0944
Epoch 100  loss: 2.0462 acc: 0.3303 time0.0944
Epoch 100  loss: 2.3331 acc: 0.3213 Valid  loss: 3.8575  acc: 0.2217  f1: 0.1563
Test  loss: 3.5007 acc: 0.3247 f1: 0.1102 time: 0.0465
VALID: VALID ACC 0.25314465165138245  VALID F1 0.17115409441413437 EPOCH 90
VALID: TEST ACC 0.27048996090888977 TEST F1 0.10453351521843296 EPOCH 90
GLOBAL: TEST ACC 0.32490405440330505 TEST F1 0.103168313430925 EPOCH 70
Epoch 101  loss: 2.2010 acc: 0.3044 time0.0934
Epoch 102  loss: 1.9704 acc: 0.3574 time0.0939
Epoch 103  loss: 2.0144 acc: 0.3315 time0.0939
Epoch 104  loss: 2.1024 acc: 0.3326 time0.0940
Epoch 105  loss: 1.8678 acc: 0.3980 time0.0941
Epoch 105  loss: 2.4073 acc: 0.2988 Valid  loss: 3.9065  acc: 0.2201  f1: 0.1755
Test  loss: 3.5469 acc: 0.2800 f1: 0.1008 time: 0.0466
Epoch 106  loss: 2.0738 acc: 0.3382 time0.0953
Epoch 107  loss: 1.9796 acc: 0.3709 time0.0940
Epoch 108  loss: 1.9597 acc: 0.3608 time0.0935
Epoch 109  loss: 2.1425 acc: 0.2920 time0.0942
Epoch 110  loss: 1.8978 acc: 0.3641 time0.0938
Epoch 110  loss: 1.8143 acc: 0.4138 Valid  loss: 3.8394  acc: 0.2453  f1: 0.1717
Test  loss: 3.8074 acc: 0.3111 f1: 0.1282 time: 0.0469
Epoch 111  loss: 1.8583 acc: 0.4014 time0.0936
Epoch 112  loss: 2.1762 acc: 0.3145 time0.0939
Epoch 113  loss: 1.9885 acc: 0.3664 time0.0940
Epoch 114  loss: 1.7455 acc: 0.4149 time0.0942
Epoch 115  loss: 2.2546 acc: 0.3315 time0.0938
Epoch 115  loss: 2.4692 acc: 0.2762 Valid  loss: 3.8266  acc: 0.2186  f1: 0.1745
Test  loss: 4.6680 acc: 0.2156 f1: 0.1057 time: 0.0462
Epoch 116  loss: 2.1858 acc: 0.3033 time0.0940
Epoch 117  loss: 1.8617 acc: 0.3946 time0.0943
Epoch 118  loss: 1.7938 acc: 0.4216 time0.0941
Epoch 119  loss: 1.9864 acc: 0.3641 time0.0940
Epoch 120  loss: 1.9248 acc: 0.4115 time0.0942
Epoch 120  loss: 1.9223 acc: 0.4002 Valid  loss: 3.4073  acc: 0.2862  f1: 0.2201
Test  loss: 3.4749 acc: 0.3865 f1: 0.1583 time: 0.0465
Epoch 121  loss: 1.9155 acc: 0.3777 time0.0945
Epoch 122  loss: 1.8076 acc: 0.4059 time0.0942
Epoch 123  loss: 1.8467 acc: 0.4002 time0.0943
Epoch 124  loss: 1.7126 acc: 0.4386 time0.0946
Epoch 125  loss: 1.5978 acc: 0.4780 time0.0948
Epoch 125  loss: 1.6418 acc: 0.4758 Valid  loss: 3.3348  acc: 0.3019  f1: 0.2410
Test  loss: 3.2567 acc: 0.3784 f1: 0.1507 time: 0.0469
Epoch 126  loss: 1.7064 acc: 0.4600 time0.0939
Epoch 127  loss: 1.5743 acc: 0.4893 time0.0936
Epoch 128  loss: 1.5188 acc: 0.5130 time0.0940
Epoch 129  loss: 1.4978 acc: 0.5039 time0.0942
Epoch 130  loss: 1.5606 acc: 0.4938 time0.0938
Epoch 130  loss: 1.4092 acc: 0.5648 Valid  loss: 3.4867  acc: 0.3066  f1: 0.2345
Test  loss: 3.9136 acc: 0.3814 f1: 0.1531 time: 0.0463
Epoch 131  loss: 1.5136 acc: 0.5017 time0.0942
Epoch 132  loss: 1.5643 acc: 0.4904 time0.0944
Epoch 133  loss: 1.4182 acc: 0.5626 time0.0952
Epoch 134  loss: 1.5836 acc: 0.4758 time0.0944
Epoch 135  loss: 1.4111 acc: 0.5085 time0.0938
Epoch 135  loss: 1.3147 acc: 0.5761 Valid  loss: 3.7616  acc: 0.3428  f1: 0.2568
Test  loss: 4.0222 acc: 0.3865 f1: 0.1593 time: 0.0470
Epoch 136  loss: 1.3924 acc: 0.5468 time0.0941
Epoch 137  loss: 1.4182 acc: 0.5389 time0.0939
Epoch 138  loss: 1.4098 acc: 0.5242 time0.0942
Epoch 139  loss: 1.4124 acc: 0.5310 time0.0943
Epoch 140  loss: 1.4180 acc: 0.5231 time0.0943
Epoch 140  loss: 1.2176 acc: 0.5908 Valid  loss: 4.2618  acc: 0.3223  f1: 0.2480
Test  loss: 4.6047 acc: 0.3728 f1: 0.1529 time: 0.0468
Epoch 141  loss: 1.3005 acc: 0.5468 time0.0943
Epoch 142  loss: 1.3679 acc: 0.5479 time0.0942
Epoch 143  loss: 1.3083 acc: 0.5536 time0.0940
Epoch 144  loss: 1.3501 acc: 0.5648 time0.0944
Epoch 145  loss: 1.2768 acc: 0.5705 time0.0947
Epoch 145  loss: 1.1551 acc: 0.6167 Valid  loss: 4.6464  acc: 0.3255  f1: 0.2364
Test  loss: 5.0339 acc: 0.3594 f1: 0.1497 time: 0.0468
Epoch 146  loss: 1.2311 acc: 0.5750 time0.0946
Epoch 147  loss: 1.3942 acc: 0.5389 time0.0944
Epoch 148  loss: 1.2797 acc: 0.5862 time0.0945
Epoch 149  loss: 1.2825 acc: 0.5693 time0.0943
Epoch 150  loss: 1.0962 acc: 0.6167 time0.0942
Epoch 150  loss: 1.0967 acc: 0.6404 Valid  loss: 4.7203  acc: 0.3491  f1: 0.2467
Test  loss: 5.0325 acc: 0.3572 f1: 0.1568 time: 0.0465
VALID: VALID ACC 0.349056601524353  VALID F1 0.24665318074256093 EPOCH 150
VALID: TEST ACC 0.3571912348270416 TEST F1 0.15677360572197085 EPOCH 150
GLOBAL: TEST ACC 0.38654324412345886 TEST F1 0.15830983701364368 EPOCH 120
Epoch 151  loss: 1.1832 acc: 0.5919 time0.0943
Epoch 152  loss: 1.2230 acc: 0.5806 time0.0939
Epoch 153  loss: 1.2579 acc: 0.6009 time0.0943
Epoch 154  loss: 1.2954 acc: 0.5536 time0.0941
Epoch 155  loss: 1.1740 acc: 0.6099 time0.0944
Epoch 155  loss: 0.9476 acc: 0.6776 Valid  loss: 4.7453  acc: 0.3616  f1: 0.2682
Test  loss: 4.9038 acc: 0.3777 f1: 0.1734 time: 0.0466
Epoch 156  loss: 1.0720 acc: 0.6573 time0.0948
Epoch 157  loss: 1.0911 acc: 0.6291 time0.0948
Epoch 158  loss: 1.0774 acc: 0.6404 time0.0944
Epoch 159  loss: 1.0548 acc: 0.6449 time0.0944
Epoch 160  loss: 1.1661 acc: 0.5975 time0.0943
Epoch 160  loss: 1.2040 acc: 0.6088 Valid  loss: 5.2085  acc: 0.3318  f1: 0.2460
Test  loss: 5.0005 acc: 0.3981 f1: 0.1644 time: 0.0460
Epoch 161  loss: 1.1519 acc: 0.6099 time0.0941
Epoch 162  loss: 1.1936 acc: 0.6043 time0.0941
Epoch 163  loss: 1.1959 acc: 0.6054 time0.0944
Epoch 164  loss: 1.2055 acc: 0.6144 time0.0945
Epoch 165  loss: 1.0691 acc: 0.6359 time0.0946
Epoch 165  loss: 1.3388 acc: 0.5660 Valid  loss: 4.8676  acc: 0.3223  f1: 0.2655
Test  loss: 5.4563 acc: 0.3479 f1: 0.1587 time: 0.0465
Epoch 166  loss: 1.1813 acc: 0.6054 time0.0946
Epoch 167  loss: 1.3148 acc: 0.5784 time0.0943
Epoch 168  loss: 1.2935 acc: 0.5761 time0.0947
Epoch 169  loss: 0.9522 acc: 0.6629 time0.0953
Epoch 170  loss: 1.1919 acc: 0.5953 time0.0942
Epoch 170  loss: 1.3041 acc: 0.6167 Valid  loss: 4.9333  acc: 0.3286  f1: 0.2524
Test  loss: 5.5730 acc: 0.3701 f1: 0.1634 time: 0.0468
Epoch 171  loss: 1.2276 acc: 0.5862 time0.0941
Epoch 172  loss: 0.9729 acc: 0.6911 time0.0946
Epoch 173  loss: 1.1226 acc: 0.6392 time0.0942
Epoch 174  loss: 1.0453 acc: 0.6561 time0.0940
Epoch 175  loss: 0.9516 acc: 0.7001 time0.0943
Epoch 175  loss: 1.6869 acc: 0.5209 Valid  loss: 5.2798  acc: 0.3145  f1: 0.2347
Test  loss: 5.9128 acc: 0.3267 f1: 0.1435 time: 0.0465
Epoch 176  loss: 1.2981 acc: 0.5626 time0.0941
Epoch 177  loss: 1.1566 acc: 0.6009 time0.0941
Epoch 178  loss: 1.1953 acc: 0.6065 time0.0941
Epoch 179  loss: 0.9826 acc: 0.6787 time0.0943
Epoch 180  loss: 1.1017 acc: 0.6347 time0.0946
Epoch 180  loss: 1.6199 acc: 0.5445 Valid  loss: 5.0157  acc: 0.3160  f1: 0.2629
Test  loss: 5.2013 acc: 0.3502 f1: 0.1560 time: 0.0465
Epoch 181  loss: 1.1780 acc: 0.6077 time0.0945
Epoch 182  loss: 0.9746 acc: 0.6855 time0.0944
Epoch 183  loss: 1.0009 acc: 0.6584 time0.0945
Epoch 184  loss: 1.2177 acc: 0.5919 time0.0946
Epoch 185  loss: 0.9892 acc: 0.6697 time0.0962
Epoch 185  loss: 1.2102 acc: 0.6077 Valid  loss: 5.8155  acc: 0.3365  f1: 0.2482
Test  loss: 5.7868 acc: 0.3829 f1: 0.1667 time: 0.0464
Epoch 186  loss: 1.0829 acc: 0.6528 time0.0944
Epoch 187  loss: 0.8793 acc: 0.7012 time0.0948
Epoch 188  loss: 1.1535 acc: 0.6291 time0.0938
Epoch 189  loss: 0.9411 acc: 0.6821 time0.0949
Epoch 190  loss: 0.8310 acc: 0.7272 time0.0949
Epoch 190  loss: 1.2599 acc: 0.6212 Valid  loss: 5.6698  acc: 0.3318  f1: 0.2568
Test  loss: 6.1358 acc: 0.3628 f1: 0.1681 time: 0.0468
Epoch 191  loss: 1.0596 acc: 0.6336 time0.0941
Epoch 192  loss: 1.0281 acc: 0.6426 time0.0943
Epoch 193  loss: 0.8871 acc: 0.7069 time0.0945
Epoch 194  loss: 0.8148 acc: 0.7283 time0.0952
Epoch 195  loss: 0.8761 acc: 0.7148 time0.0951
Epoch 195  loss: 1.4959 acc: 0.5558 Valid  loss: 5.1599  acc: 0.3050  f1: 0.2569
Test  loss: 5.3734 acc: 0.3633 f1: 0.1627 time: 0.0463
Epoch 196  loss: 1.0405 acc: 0.6449 time0.0944
Epoch 197  loss: 0.9251 acc: 0.6843 time0.0941
Epoch 198  loss: 0.9639 acc: 0.6866 time0.0946
Epoch 199  loss: 1.0054 acc: 0.6573 time0.0943
Epoch 200  loss: 1.0226 acc: 0.6561 time0.0944
Epoch 200  loss: 0.7461 acc: 0.7587 Valid  loss: 5.3896  acc: 0.3569  f1: 0.2489
Test  loss: 5.9784 acc: 0.3899 f1: 0.1812 time: 0.0464
VALID: VALID ACC 0.3616352081298828  VALID F1 0.26822924881336624 EPOCH 155
VALID: TEST ACC 0.3777376413345337 TEST F1 0.1734322049215347 EPOCH 155
GLOBAL: TEST ACC 0.3980582654476166 TEST F1 0.16437365060414064 EPOCH 160
Epoch 201  loss: 0.7482 acc: 0.7723 time0.0950
Epoch 202  loss: 0.8551 acc: 0.7136 time0.0947
Epoch 203  loss: 0.9590 acc: 0.6843 time0.0950
Epoch 204  loss: 0.8261 acc: 0.7238 time0.0940
Epoch 205  loss: 0.8120 acc: 0.7148 time0.0945
Epoch 205  loss: 0.7402 acc: 0.7452 Valid  loss: 5.5843  acc: 0.3553  f1: 0.2593
Test  loss: 6.3918 acc: 0.3859 f1: 0.1714 time: 0.0465
Epoch 206  loss: 0.7073 acc: 0.7756 time0.0951
Epoch 207  loss: 0.7584 acc: 0.7486 time0.0950
Epoch 208  loss: 0.8292 acc: 0.7238 time0.0950
Epoch 209  loss: 0.7326 acc: 0.7723 time0.0948
Epoch 210  loss: 0.8055 acc: 0.7610 time0.0952
Epoch 210  loss: 0.7526 acc: 0.7723 Valid  loss: 5.3512  acc: 0.3648  f1: 0.2789
Test  loss: 6.1685 acc: 0.4071 f1: 0.1817 time: 0.0472
Epoch 211  loss: 0.7293 acc: 0.7644 time0.0950
Epoch 212  loss: 0.7437 acc: 0.7384 time0.0949
Epoch 213  loss: 0.7795 acc: 0.7362 time0.0949
Epoch 214  loss: 0.7036 acc: 0.7576 time0.0951
Epoch 215  loss: 0.6807 acc: 0.7835 time0.0947
Epoch 215  loss: 0.7170 acc: 0.7678 Valid  loss: 5.9028  acc: 0.3522  f1: 0.2507
Test  loss: 6.5672 acc: 0.3622 f1: 0.1781 time: 0.0468
Epoch 216  loss: 0.7422 acc: 0.7565 time0.0942
Epoch 217  loss: 0.7838 acc: 0.7159 time0.0941
Epoch 218  loss: 0.6682 acc: 0.7666 time0.0945
Epoch 219  loss: 0.6880 acc: 0.7802 time0.0949
Epoch 220  loss: 0.7370 acc: 0.7452 time0.0947
Epoch 220  loss: 0.7832 acc: 0.7824 Valid  loss: 5.9081  acc: 0.3522  f1: 0.2641
Test  loss: 6.6000 acc: 0.3863 f1: 0.1784 time: 0.0464
Epoch 221  loss: 0.7083 acc: 0.7756 time0.0942
Epoch 222  loss: 0.7248 acc: 0.7678 time0.0940
Epoch 223  loss: 0.6187 acc: 0.8140 time0.0949
Epoch 224  loss: 0.8839 acc: 0.7260 time0.0952
Epoch 225  loss: 0.6033 acc: 0.8005 time0.0947
Epoch 225  loss: 0.6336 acc: 0.7847 Valid  loss: 6.6905  acc: 0.3506  f1: 0.2502
Test  loss: 7.5686 acc: 0.3716 f1: 0.1726 time: 0.0465
Epoch 226  loss: 0.6910 acc: 0.7700 time0.0949
Epoch 227  loss: 0.6258 acc: 0.7993 time0.0942
Epoch 228  loss: 0.8184 acc: 0.7204 time0.0947
Epoch 229  loss: 0.6159 acc: 0.7892 time0.0950
Epoch 230  loss: 0.8678 acc: 0.7069 time0.0948
Epoch 230  loss: 1.3770 acc: 0.6359 Valid  loss: 6.1062  acc: 0.3475  f1: 0.2951
Test  loss: 7.2587 acc: 0.3251 f1: 0.1631 time: 0.0464
Epoch 231  loss: 0.8638 acc: 0.6979 time0.0953
Epoch 232  loss: 0.6896 acc: 0.7632 time0.0948
Epoch 233  loss: 0.8955 acc: 0.7069 time0.0947
Epoch 234  loss: 0.5852 acc: 0.7982 time0.0946
Epoch 235  loss: 0.8516 acc: 0.7283 time0.0957
Epoch 235  loss: 1.1399 acc: 0.6911 Valid  loss: 6.5000  acc: 0.3381  f1: 0.2726
Test  loss: 7.7814 acc: 0.3439 f1: 0.1699 time: 0.0469
Epoch 236  loss: 0.8649 acc: 0.7057 time0.0955
Epoch 237  loss: 0.7499 acc: 0.7520 time0.0955
Epoch 238  loss: 0.7421 acc: 0.7610 time0.0949
Epoch 239  loss: 0.9030 acc: 0.7069 time0.0948
Epoch 240  loss: 0.7336 acc: 0.7587 time0.0945
Epoch 240  loss: 0.8710 acc: 0.7373 Valid  loss: 6.0515  acc: 0.3412  f1: 0.2886
Test  loss: 7.1342 acc: 0.4103 f1: 0.1921 time: 0.0471
Epoch 241  loss: 0.8430 acc: 0.7182 time0.0949
Epoch 242  loss: 0.7168 acc: 0.7756 time0.0950
Epoch 243  loss: 0.5576 acc: 0.8185 time0.0941
Epoch 244  loss: 0.6125 acc: 0.7858 time0.0948
Epoch 245  loss: 0.6690 acc: 0.7644 time0.0951
Epoch 245  loss: 0.6202 acc: 0.8072 Valid  loss: 7.0120  acc: 0.3648  f1: 0.2665
Test  loss: 7.9141 acc: 0.3926 f1: 0.1838 time: 0.0467
Epoch 246  loss: 0.6091 acc: 0.7869 time0.0943
Epoch 247  loss: 0.6084 acc: 0.8129 time0.0945
Epoch 248  loss: 0.6074 acc: 0.8005 time0.0949
Epoch 249  loss: 0.6152 acc: 0.7959 time0.0950
Epoch 250  loss: 0.6467 acc: 0.7880 time0.0945
Epoch 250  loss: 0.4977 acc: 0.8422 Valid  loss: 6.8936  acc: 0.3742  f1: 0.2637
Test  loss: 7.4255 acc: 0.3804 f1: 0.1767 time: 0.0462
VALID: VALID ACC 0.3742138147354126  VALID F1 0.2636704891314963 EPOCH 250
VALID: TEST ACC 0.38044705986976624 TEST F1 0.17672310616755027 EPOCH 250
GLOBAL: TEST ACC 0.41025063395500183 TEST F1 0.1921029306302441 EPOCH 240
Epoch 251  loss: 0.5758 acc: 0.8129 time0.0952
Epoch 252  loss: 0.6982 acc: 0.7711 time0.0945
Epoch 253  loss: 0.5502 acc: 0.8196 time0.0951
Epoch 254  loss: 0.6549 acc: 0.7802 time0.0945
Epoch 255  loss: 0.7010 acc: 0.7666 time0.0945
Epoch 255  loss: 0.6528 acc: 0.8005 Valid  loss: 6.8825  acc: 0.3443  f1: 0.2518
Test  loss: 7.0982 acc: 0.4136 f1: 0.1783 time: 0.0469
Epoch 256  loss: 0.6039 acc: 0.8309 time0.0961
Epoch 257  loss: 0.5937 acc: 0.7982 time0.0951
Epoch 258  loss: 0.8620 acc: 0.7035 time0.0950
Epoch 259  loss: 0.5333 acc: 0.8185 time0.0949
Epoch 260  loss: 0.7560 acc: 0.7610 time0.0948
Epoch 260  loss: 0.7278 acc: 0.8038 Valid  loss: 7.0823  acc: 0.3569  f1: 0.2618
Test  loss: 7.0699 acc: 0.4317 f1: 0.1863 time: 0.0465
Epoch 261  loss: 0.5706 acc: 0.8038 time0.0952
Epoch 262  loss: 0.5699 acc: 0.8095 time0.0953
Epoch 263  loss: 0.5665 acc: 0.8151 time0.0951
Epoch 264  loss: 0.6047 acc: 0.7948 time0.0949
Epoch 265  loss: 0.5785 acc: 0.8005 time0.0947
Epoch 265  loss: 0.5835 acc: 0.8298 Valid  loss: 6.9069  acc: 0.3538  f1: 0.2588
Test  loss: 7.2111 acc: 0.4089 f1: 0.1874 time: 0.0466
Epoch 266  loss: 0.5263 acc: 0.8444 time0.0949
Epoch 267  loss: 0.6657 acc: 0.7903 time0.0951
Epoch 268  loss: 0.5197 acc: 0.8309 time0.0950
Epoch 269  loss: 0.6004 acc: 0.8005 time0.0949
Epoch 270  loss: 0.5662 acc: 0.7959 time0.0947
Epoch 270  loss: 0.7057 acc: 0.7892 Valid  loss: 6.9923  acc: 0.3664  f1: 0.2800
Test  loss: 7.4053 acc: 0.4145 f1: 0.1873 time: 0.0463
Epoch 271  loss: 0.6329 acc: 0.7813 time0.0953
Epoch 272  loss: 0.5598 acc: 0.8129 time0.0954
Epoch 273  loss: 0.5656 acc: 0.8140 time0.0946
Epoch 274  loss: 0.5925 acc: 0.8083 time0.0945
Epoch 275  loss: 0.4929 acc: 0.8377 time0.0955
Epoch 275  loss: 0.4461 acc: 0.8670 Valid  loss: 7.2584  acc: 0.3711  f1: 0.2729
Test  loss: 7.9845 acc: 0.4114 f1: 0.1911 time: 0.0471
Epoch 276  loss: 0.4974 acc: 0.8241 time0.0948
Epoch 277  loss: 0.4441 acc: 0.8557 time0.0952
Epoch 278  loss: 0.4820 acc: 0.8365 time0.0947
Epoch 279  loss: 0.4249 acc: 0.8625 time0.0955
Epoch 280  loss: 0.5746 acc: 0.8061 time0.0953
Epoch 280  loss: 0.5000 acc: 0.8523 Valid  loss: 7.0065  acc: 0.3695  f1: 0.2765
Test  loss: 7.3890 acc: 0.4098 f1: 0.1939 time: 0.0473
Epoch 281  loss: 0.4482 acc: 0.8579 time0.0948
Epoch 282  loss: 0.4998 acc: 0.8354 time0.0942
Epoch 283  loss: 0.4616 acc: 0.8433 time0.0951
Epoch 284  loss: 0.4710 acc: 0.8534 time0.0954
Epoch 285  loss: 0.5374 acc: 0.8151 time0.0951
Epoch 285  loss: 0.5040 acc: 0.8467 Valid  loss: 7.7004  acc: 0.3805  f1: 0.2754
Test  loss: 8.1201 acc: 0.3872 f1: 0.1800 time: 0.0468
Epoch 286  loss: 0.5078 acc: 0.8253 time0.0950
Epoch 287  loss: 0.4581 acc: 0.8602 time0.0947
Epoch 288  loss: 0.4255 acc: 0.8591 time0.0956
Epoch 289  loss: 0.4522 acc: 0.8534 time0.0952
Epoch 290  loss: 0.5480 acc: 0.8174 time0.0947
Epoch 290  loss: 0.5006 acc: 0.8512 Valid  loss: 7.1523  acc: 0.3884  f1: 0.3053
Test  loss: 7.9986 acc: 0.4163 f1: 0.1957 time: 0.0466
Epoch 291  loss: 0.4424 acc: 0.8636 time0.0952
Epoch 292  loss: 0.4530 acc: 0.8455 time0.0946
Epoch 293  loss: 0.4832 acc: 0.8444 time0.0952
Epoch 294  loss: 0.3785 acc: 0.8715 time0.0950
Epoch 295  loss: 0.5181 acc: 0.8241 time0.0948
Epoch 295  loss: 0.5783 acc: 0.8331 Valid  loss: 7.2438  acc: 0.3522  f1: 0.2759
Test  loss: 7.8508 acc: 0.4184 f1: 0.1926 time: 0.0467
Epoch 296  loss: 0.5363 acc: 0.8377 time0.0957
Epoch 297  loss: 0.3872 acc: 0.8681 time0.0952
Epoch 298  loss: 0.7609 acc: 0.7508 time0.0954
Epoch 299  loss: 0.4575 acc: 0.8467 time0.0952
Epoch 300  loss: 1.0488 acc: 0.6809 time0.0949
Epoch 300  loss: 0.8347 acc: 0.7565 Valid  loss: 9.5672  acc: 0.3475  f1: 0.2425
Test  loss: 10.5623 acc: 0.3287 f1: 0.1609 time: 0.0472
VALID: VALID ACC 0.3883647620677948  VALID F1 0.3053228882315037 EPOCH 290
VALID: TEST ACC 0.41634681820869446 TEST F1 0.19568787001899646 EPOCH 290
GLOBAL: TEST ACC 0.4317001700401306 TEST F1 0.18626477990053225 EPOCH 260
Epoch 301  loss: 0.8128 acc: 0.7384 time0.0961
Epoch 302  loss: 0.8588 acc: 0.7294 time0.0949
Epoch 303  loss: 0.7164 acc: 0.7587 time0.0949
Epoch 304  loss: 1.2412 acc: 0.6359 time0.0951
Epoch 305  loss: 0.6068 acc: 0.8016 time0.0949
Epoch 305  loss: 1.4805 acc: 0.6381 Valid  loss: 8.1344  acc: 0.3302  f1: 0.2355
Test  loss: 9.7151 acc: 0.3459 f1: 0.1559 time: 0.0463
Epoch 306  loss: 0.8628 acc: 0.7384 time0.0956
Epoch 307  loss: 1.1853 acc: 0.6505 time0.0944
Epoch 308  loss: 0.4096 acc: 0.8929 time0.0948
Epoch 309  loss: 0.9771 acc: 0.6933 time0.0950
Epoch 310  loss: 0.6581 acc: 0.7914 time0.0951
Epoch 310  loss: 0.9110 acc: 0.7554 Valid  loss: 7.1939  acc: 0.3365  f1: 0.2500
Test  loss: 8.2118 acc: 0.3473 f1: 0.1672 time: 0.0468
Epoch 311  loss: 0.5941 acc: 0.7847 time0.0953
Epoch 312  loss: 0.5776 acc: 0.8016 time0.0947
Epoch 313  loss: 0.6736 acc: 0.7745 time0.0954
Epoch 314  loss: 0.5317 acc: 0.7959 time0.0953
Epoch 315  loss: 0.5782 acc: 0.8140 time0.0951
Epoch 315  loss: 0.9173 acc: 0.7182 Valid  loss: 6.7058  acc: 0.3491  f1: 0.2675
Test  loss: 7.3255 acc: 0.3854 f1: 0.1853 time: 0.0466
Epoch 316  loss: 0.6363 acc: 0.7802 time0.0956
Epoch 317  loss: 0.5488 acc: 0.8117 time0.0946
Epoch 318  loss: 0.4712 acc: 0.8478 time0.0950
Epoch 319  loss: 0.5069 acc: 0.8478 time0.0953
Epoch 320  loss: 0.4535 acc: 0.8636 time0.0952
Epoch 320  loss: 0.5385 acc: 0.8433 Valid  loss: 6.3174  acc: 0.3994  f1: 0.3019
Test  loss: 7.1682 acc: 0.4098 f1: 0.1919 time: 0.0465
Epoch 321  loss: 0.4940 acc: 0.8478 time0.0948
Epoch 322  loss: 0.5135 acc: 0.8399 time0.0951
Epoch 323  loss: 0.3964 acc: 0.8692 time0.0958
Epoch 324  loss: 0.4986 acc: 0.8241 time0.0958
Epoch 325  loss: 0.4328 acc: 0.8658 time0.0952
Epoch 325  loss: 0.3800 acc: 0.8861 Valid  loss: 6.6206  acc: 0.3758  f1: 0.2807
Test  loss: 7.7108 acc: 0.3924 f1: 0.1888 time: 0.0466
Epoch 326  loss: 0.3755 acc: 0.8816 time0.0953
Epoch 327  loss: 0.4471 acc: 0.8523 time0.0950
Epoch 328  loss: 0.3786 acc: 0.8906 time0.0955
Epoch 329  loss: 0.3737 acc: 0.8760 time0.0956
Epoch 330  loss: 0.4263 acc: 0.8636 time0.0958
Epoch 330  loss: 0.3787 acc: 0.8906 Valid  loss: 6.9334  acc: 0.3821  f1: 0.2808
Test  loss: 7.9925 acc: 0.3958 f1: 0.1927 time: 0.0468
Epoch 331  loss: 0.5372 acc: 0.8354 time0.0949
Epoch 332  loss: 0.3843 acc: 0.8805 time0.0951
Epoch 333  loss: 0.3935 acc: 0.8805 time0.0952
Epoch 334  loss: 0.4307 acc: 0.8602 time0.0954
Epoch 335  loss: 0.3991 acc: 0.8749 time0.0961
Epoch 335  loss: 0.3465 acc: 0.8974 Valid  loss: 7.1043  acc: 0.3836  f1: 0.2739
Test  loss: 8.2126 acc: 0.3899 f1: 0.1898 time: 0.0465
Epoch 336  loss: 0.3760 acc: 0.8850 time0.0948
Epoch 337  loss: 0.4421 acc: 0.8591 time0.0951
Epoch 338  loss: 0.4063 acc: 0.8794 time0.0951
Epoch 339  loss: 0.3274 acc: 0.8929 time0.0954
Epoch 340  loss: 0.4989 acc: 0.8433 time0.0962
Epoch 340  loss: 0.4515 acc: 0.8794 Valid  loss: 6.9326  acc: 0.3899  f1: 0.2965
Test  loss: 8.0704 acc: 0.4044 f1: 0.1933 time: 0.0463
Epoch 341  loss: 0.3889 acc: 0.8760 time0.0953
Epoch 342  loss: 0.3628 acc: 0.8850 time0.0950
Epoch 343  loss: 0.3524 acc: 0.8782 time0.0957
Epoch 344  loss: 0.4773 acc: 0.8455 time0.0956
Epoch 345  loss: 0.4011 acc: 0.8625 time0.0957
Epoch 345  loss: 0.4638 acc: 0.8749 Valid  loss: 7.0893  acc: 0.3899  f1: 0.2838
Test  loss: 8.0322 acc: 0.4179 f1: 0.2003 time: 0.0467
Epoch 346  loss: 0.4204 acc: 0.8636 time0.0953
Epoch 347  loss: 0.4680 acc: 0.8534 time0.0951
Epoch 348  loss: 0.4307 acc: 0.8670 time0.0948
Epoch 349  loss: 0.3435 acc: 0.8963 time0.0953
Epoch 350  loss: 0.4869 acc: 0.8286 time0.0957
Epoch 350  loss: 0.4734 acc: 0.8455 Valid  loss: 7.9476  acc: 0.3758  f1: 0.2939
Test  loss: 9.0803 acc: 0.3362 f1: 0.1844 time: 0.0470
VALID: VALID ACC 0.39937105774879456  VALID F1 0.3019226698006063 EPOCH 320
VALID: TEST ACC 0.40979906916618347 TEST F1 0.19193446591961272 EPOCH 320
GLOBAL: TEST ACC 0.4317001700401306 TEST F1 0.18626477990053225 EPOCH 260
Epoch 351  loss: 0.5328 acc: 0.8241 time0.0946
Epoch 352  loss: 0.3359 acc: 0.8952 time0.0947
Epoch 353  loss: 0.4319 acc: 0.8579 time0.0951
Epoch 354  loss: 0.3668 acc: 0.8884 time0.0956
Epoch 355  loss: 0.4102 acc: 0.8681 time0.0959
Epoch 355  loss: 0.3408 acc: 0.9042 Valid  loss: 7.9691  acc: 0.3836  f1: 0.2792
Test  loss: 9.0985 acc: 0.3669 f1: 0.1947 time: 0.0468
Epoch 356  loss: 0.3892 acc: 0.8839 time0.0951
Epoch 357  loss: 0.3871 acc: 0.8828 time0.0948
Epoch 358  loss: 0.5760 acc: 0.8117 time0.0960
Epoch 359  loss: 0.3514 acc: 0.8794 time0.0963
Epoch 360  loss: 0.5852 acc: 0.8162 time0.0953
Epoch 360  loss: 0.5926 acc: 0.8286 Valid  loss: 8.5361  acc: 0.3616  f1: 0.2573
Test  loss: 9.9943 acc: 0.3687 f1: 0.1817 time: 0.0467
Epoch 361  loss: 0.3618 acc: 0.8828 time0.0954
Epoch 362  loss: 0.5590 acc: 0.8264 time0.0954
Epoch 363  loss: 0.3345 acc: 0.8974 time0.0957
Epoch 364  loss: 0.4987 acc: 0.8253 time0.0955
Epoch 365  loss: 0.4047 acc: 0.8546 time0.0954
Epoch 365  loss: 0.4072 acc: 0.8749 Valid  loss: 8.1411  acc: 0.3726  f1: 0.2663
Test  loss: 9.3936 acc: 0.3829 f1: 0.1925 time: 0.0470
Epoch 366  loss: 0.3502 acc: 0.8861 time0.0953
Epoch 367  loss: 0.3906 acc: 0.8816 time0.0955
Epoch 368  loss: 0.4257 acc: 0.8703 time0.0958
Epoch 369  loss: 0.3420 acc: 0.8884 time0.0959
Epoch 370  loss: 0.3042 acc: 0.9132 time0.0946
Epoch 370  loss: 0.5325 acc: 0.8331 Valid  loss: 7.6581  acc: 0.3679  f1: 0.2669
Test  loss: 8.6598 acc: 0.3908 f1: 0.1969 time: 0.0472
Epoch 371  loss: 0.3544 acc: 0.8749 time0.0964
Epoch 372  loss: 0.2917 acc: 0.9042 time0.0959
Epoch 373  loss: 0.2649 acc: 0.9143 time0.0955
Epoch 374  loss: 0.4209 acc: 0.8613 time0.0955
Epoch 375  loss: 0.2609 acc: 0.9200 time0.0952
Epoch 375  loss: 0.5253 acc: 0.8579 Valid  loss: 7.7919  acc: 0.3711  f1: 0.2768
Test  loss: 8.6073 acc: 0.3926 f1: 0.1950 time: 0.0466
Epoch 376  loss: 0.3452 acc: 0.8963 time0.0958
Epoch 377  loss: 0.2885 acc: 0.9076 time0.0955
Epoch 378  loss: 0.2950 acc: 0.8997 time0.0956
Epoch 379  loss: 0.2992 acc: 0.8997 time0.0958
Epoch 380  loss: 0.2957 acc: 0.9042 time0.0952
Epoch 380  loss: 0.5414 acc: 0.8591 Valid  loss: 7.9440  acc: 0.3695  f1: 0.2758
Test  loss: 9.3976 acc: 0.3768 f1: 0.1885 time: 0.0467
Epoch 381  loss: 0.3737 acc: 0.8884 time0.0955
Epoch 382  loss: 0.2891 acc: 0.9098 time0.0954
Epoch 383  loss: 0.4200 acc: 0.8467 time0.0959
Epoch 384  loss: 0.2703 acc: 0.9177 time0.0956
Epoch 385  loss: 0.3230 acc: 0.8873 time0.0952
Epoch 385  loss: 0.3704 acc: 0.9042 Valid  loss: 8.5049  acc: 0.3899  f1: 0.2819
Test  loss: 10.1100 acc: 0.3829 f1: 0.1900 time: 0.0467
Epoch 386  loss: 0.3025 acc: 0.8929 time0.0958
Epoch 387  loss: 0.2827 acc: 0.9154 time0.0954
Epoch 388  loss: 0.3970 acc: 0.8782 time0.0962
Epoch 389  loss: 0.4293 acc: 0.8658 time0.0953
Epoch 390  loss: 0.4437 acc: 0.8534 time0.0956
Epoch 390  loss: 0.3398 acc: 0.9098 Valid  loss: 8.2992  acc: 0.3821  f1: 0.2717
Test  loss: 9.8874 acc: 0.3942 f1: 0.1934 time: 0.0470
Epoch 391  loss: 0.3235 acc: 0.8918 time0.0956
Epoch 392  loss: 0.3358 acc: 0.8850 time0.0952
Epoch 393  loss: 0.2972 acc: 0.9121 time0.0959
Epoch 394  loss: 0.2675 acc: 0.9143 time0.0955
Epoch 395  loss: 0.3536 acc: 0.8884 time0.0954
Epoch 395  loss: 0.4136 acc: 0.8906 Valid  loss: 8.2125  acc: 0.3884  f1: 0.2931
Test  loss: 9.8375 acc: 0.4012 f1: 0.2002 time: 0.0468
Epoch 396  loss: 0.3215 acc: 0.9030 time0.0959
Epoch 397  loss: 0.3170 acc: 0.8997 time0.0960
Epoch 398  loss: 0.4046 acc: 0.8557 time0.0963
Epoch 399  loss: 0.3310 acc: 0.8997 time0.0959
Epoch 400  loss: 0.3961 acc: 0.8658 time0.0955
Epoch 400  loss: 0.4405 acc: 0.8906 Valid  loss: 8.5584  acc: 0.3836  f1: 0.2802
Test  loss: 9.8999 acc: 0.3965 f1: 0.1942 time: 0.0468
VALID: VALID ACC 0.39937105774879456  VALID F1 0.3019226698006063 EPOCH 320
VALID: TEST ACC 0.40979906916618347 TEST F1 0.19193446591961272 EPOCH 320
GLOBAL: TEST ACC 0.4317001700401306 TEST F1 0.18626477990053225 EPOCH 260
Epoch 401  loss: 0.2907 acc: 0.9042 time0.0956
Epoch 402  loss: 0.4847 acc: 0.8354 time0.0955
Epoch 403  loss: 0.2608 acc: 0.9121 time0.0964
Epoch 404  loss: 0.3521 acc: 0.8839 time0.0960
Epoch 405  loss: 0.4766 acc: 0.8523 time0.0951
Epoch 405  loss: 0.2707 acc: 0.9335 Valid  loss: 9.0064  acc: 0.3947  f1: 0.2814
Test  loss: 9.9490 acc: 0.3983 f1: 0.1966 time: 0.0463
Epoch 406  loss: 0.2690 acc: 0.9233 time0.0953
Epoch 407  loss: 0.4017 acc: 0.8715 time0.0957
Epoch 408  loss: 0.3664 acc: 0.8839 time0.0961
Epoch 409  loss: 0.3636 acc: 0.8906 time0.0962
Epoch 410  loss: 0.3355 acc: 0.9019 time0.0955
Epoch 410  loss: 0.3900 acc: 0.8816 Valid  loss: 9.1102  acc: 0.3695  f1: 0.2732
Test  loss: 9.8013 acc: 0.3762 f1: 0.1890 time: 0.0470
Epoch 411  loss: 0.3694 acc: 0.8771 time0.0955
Epoch 412  loss: 0.3621 acc: 0.8816 time0.0958
Epoch 413  loss: 0.3620 acc: 0.8805 time0.0961
Epoch 414  loss: 0.2995 acc: 0.9042 time0.0960
Epoch 415  loss: 0.2882 acc: 0.9132 time0.0952
Epoch 415  loss: 0.3971 acc: 0.9019 Valid  loss: 8.7561  acc: 0.3884  f1: 0.2732
Test  loss: 8.8606 acc: 0.4349 f1: 0.2025 time: 0.0467
Epoch 416  loss: 0.2646 acc: 0.9166 time0.0954
Epoch 417  loss: 0.2692 acc: 0.9166 time0.0950
Epoch 418  loss: 0.3135 acc: 0.8985 time0.0957
Epoch 419  loss: 0.2754 acc: 0.9132 time0.0967
Epoch 420  loss: 0.2960 acc: 0.9053 time0.0964
Epoch 420  loss: 0.4000 acc: 0.9064 Valid  loss: 9.1183  acc: 0.3836  f1: 0.2704
Test  loss: 9.6270 acc: 0.4100 f1: 0.1929 time: 0.0471
Epoch 421  loss: 0.2088 acc: 0.9346 time0.0960
Epoch 422  loss: 0.3797 acc: 0.8760 time0.0955
Epoch 423  loss: 0.2204 acc: 0.9402 time0.0955
Epoch 424  loss: 0.3976 acc: 0.8828 time0.0958
Epoch 425  loss: 0.3403 acc: 0.8974 time0.0958
Epoch 425  loss: 0.3692 acc: 0.8873 Valid  loss: 9.8523  acc: 0.3947  f1: 0.2895
Test  loss: 11.2057 acc: 0.3816 f1: 0.1899 time: 0.0466
Epoch 426  loss: 0.4105 acc: 0.8636 time0.0960
Epoch 427  loss: 0.3716 acc: 0.8816 time0.0960
Epoch 428  loss: 0.4137 acc: 0.8568 time0.0961
Epoch 429  loss: 0.2709 acc: 0.9053 time0.0953
Epoch 430  loss: 0.5051 acc: 0.8399 time0.0958
Epoch 430  loss: 0.4604 acc: 0.8884 Valid  loss: 8.3380  acc: 0.3868  f1: 0.2928
Test  loss: 9.2520 acc: 0.4358 f1: 0.2048 time: 0.0470
Epoch 431  loss: 0.3138 acc: 0.8906 time0.0965
Epoch 432  loss: 0.3263 acc: 0.8861 time0.0964
Epoch 433  loss: 0.4326 acc: 0.8591 time0.0962
Epoch 434  loss: 0.2277 acc: 0.9188 time0.0958
Epoch 435  loss: 0.4484 acc: 0.8546 time0.0963
Epoch 435  loss: 0.4292 acc: 0.8794 Valid  loss: 8.8143  acc: 0.3664  f1: 0.2874
Test  loss: 10.4576 acc: 0.3922 f1: 0.1902 time: 0.0474
Epoch 436  loss: 0.3237 acc: 0.8974 time0.0960
Epoch 437  loss: 0.2831 acc: 0.9188 time0.0960
Epoch 438  loss: 0.4258 acc: 0.8625 time0.0959
Epoch 439  loss: 0.3045 acc: 0.9076 time0.0956
Epoch 440  loss: 0.3561 acc: 0.8895 time0.0956
Epoch 440  loss: 0.5259 acc: 0.8557 Valid  loss: 9.2887  acc: 0.3412  f1: 0.2634
Test  loss: 11.1093 acc: 0.3780 f1: 0.1774 time: 0.0468
Epoch 441  loss: 0.3573 acc: 0.8918 time0.0953
Epoch 442  loss: 0.3024 acc: 0.9030 time0.0963
Epoch 443  loss: 0.2695 acc: 0.9132 time0.0966
Epoch 444  loss: 0.3350 acc: 0.8839 time0.0963
Epoch 445  loss: 0.2357 acc: 0.9267 time0.0958
Epoch 445  loss: 0.5104 acc: 0.8647 Valid  loss: 8.6124  acc: 0.3899  f1: 0.3017
Test  loss: 9.3428 acc: 0.4218 f1: 0.1984 time: 0.0471
Epoch 446  loss: 0.2797 acc: 0.9064 time0.0958
Epoch 447  loss: 0.2878 acc: 0.9064 time0.0963
Epoch 448  loss: 0.3179 acc: 0.8850 time0.0956
Epoch 449  loss: 0.3719 acc: 0.8895 time0.0955
Epoch 450  loss: 0.2100 acc: 0.9357 time0.0958
Epoch 450  loss: 0.7594 acc: 0.7948 Valid  loss: 8.8649  acc: 0.3553  f1: 0.2873
Test  loss: 9.2487 acc: 0.4186 f1: 0.2003 time: 0.0469
VALID: VALID ACC 0.39937105774879456  VALID F1 0.3019226698006063 EPOCH 320
VALID: TEST ACC 0.40979906916618347 TEST F1 0.19193446591961272 EPOCH 320
GLOBAL: TEST ACC 0.43576428294181824 TEST F1 0.20480083479100458 EPOCH 430
Epoch 451  loss: 0.6350 acc: 0.8027 time0.0955
Epoch 452  loss: 0.2546 acc: 0.9222 time0.0967
Epoch 453  loss: 0.4867 acc: 0.8275 time0.0959
Epoch 454  loss: 0.2331 acc: 0.9188 time0.0957
Epoch 455  loss: 0.3575 acc: 0.8760 time0.0954
Epoch 455  loss: 0.5185 acc: 0.8579 Valid  loss: 8.6930  acc: 0.3852  f1: 0.2952
Test  loss: 8.6937 acc: 0.4534 f1: 0.2083 time: 0.0473
Epoch 456  loss: 0.3500 acc: 0.8873 time0.0963
Epoch 457  loss: 0.2293 acc: 0.9222 time0.0957
Epoch 458  loss: 0.5142 acc: 0.8354 time0.0963
Epoch 459  loss: 0.2512 acc: 0.9098 time0.0964
Epoch 460  loss: 0.2583 acc: 0.9188 time0.0952
Epoch 460  loss: 0.5530 acc: 0.8647 Valid  loss: 9.3573  acc: 0.3852  f1: 0.2725
Test  loss: 9.2643 acc: 0.4213 f1: 0.1933 time: 0.0467
Epoch 461  loss: 0.3501 acc: 0.8850 time0.0958
Epoch 462  loss: 0.3030 acc: 0.9087 time0.0958
Epoch 463  loss: 0.2680 acc: 0.9098 time0.0968
Epoch 464  loss: 0.2900 acc: 0.9087 time0.0964
Epoch 465  loss: 0.3077 acc: 0.8929 time0.0962
Epoch 465  loss: 0.3674 acc: 0.9076 Valid  loss: 8.9057  acc: 0.3774  f1: 0.2855
Test  loss: 9.6776 acc: 0.4240 f1: 0.2033 time: 0.0465
Epoch 466  loss: 0.2186 acc: 0.9346 time0.0961
Epoch 467  loss: 0.3960 acc: 0.8805 time0.0967
Epoch 468  loss: 0.2859 acc: 0.9098 time0.0962
Epoch 469  loss: 0.3220 acc: 0.8985 time0.0959
Epoch 470  loss: 0.2493 acc: 0.9290 time0.0967
Epoch 470  loss: 0.5007 acc: 0.8658 Valid  loss: 9.6867  acc: 0.3632  f1: 0.2588
Test  loss: 11.5028 acc: 0.3886 f1: 0.1887 time: 0.0466
Epoch 471  loss: 0.4047 acc: 0.8703 time0.0977
Epoch 472  loss: 0.2917 acc: 0.9109 time0.0959
Epoch 473  loss: 0.3724 acc: 0.8850 time0.0959
Epoch 474  loss: 0.3493 acc: 0.8974 time0.0966
Epoch 475  loss: 0.3013 acc: 0.9188 time0.0970
Epoch 475  loss: 0.3934 acc: 0.9042 Valid  loss: 9.2622  acc: 0.3774  f1: 0.2717
Test  loss: 10.6062 acc: 0.3972 f1: 0.1942 time: 0.0474
Epoch 476  loss: 0.2778 acc: 0.9053 time0.0963
Epoch 477  loss: 0.2852 acc: 0.9109 time0.0971
Epoch 478  loss: 0.2347 acc: 0.9222 time0.0963
Epoch 479  loss: 0.2282 acc: 0.9324 time0.0962
Epoch 480  loss: 0.2745 acc: 0.9109 time0.0959
Epoch 480  loss: 0.2905 acc: 0.9290 Valid  loss: 8.8782  acc: 0.4104  f1: 0.2931
Test  loss: 9.2986 acc: 0.4353 f1: 0.2101 time: 0.0465
Epoch 481  loss: 0.2150 acc: 0.9414 time0.0961
Epoch 482  loss: 0.2023 acc: 0.9335 time0.0966
Epoch 483  loss: 0.2095 acc: 0.9380 time0.0961
Epoch 484  loss: 0.1799 acc: 0.9481 time0.0959
Epoch 485  loss: 0.2431 acc: 0.9188 time0.0960
Epoch 485  loss: 0.2533 acc: 0.9290 Valid  loss: 8.8921  acc: 0.4041  f1: 0.2885
Test  loss: 9.7852 acc: 0.4222 f1: 0.2049 time: 0.0473
Epoch 486  loss: 0.1885 acc: 0.9380 time0.0962
Epoch 487  loss: 0.2369 acc: 0.9211 time0.0961
Epoch 488  loss: 0.2185 acc: 0.9324 time0.0966
Epoch 489  loss: 0.1981 acc: 0.9448 time0.0965
Epoch 490  loss: 0.2178 acc: 0.9256 time0.0957
Epoch 490  loss: 0.3111 acc: 0.9290 Valid  loss: 9.4199  acc: 0.3994  f1: 0.2863
Test  loss: 10.0699 acc: 0.4184 f1: 0.1976 time: 0.0472
Epoch 491  loss: 0.2103 acc: 0.9267 time0.0964
Epoch 492  loss: 0.2360 acc: 0.9245 time0.0958
Epoch 493  loss: 0.1758 acc: 0.9504 time0.0963
Epoch 494  loss: 0.2204 acc: 0.9256 time0.0983
Epoch 495  loss: 0.2355 acc: 0.9301 time0.0966
Epoch 495  loss: 0.2282 acc: 0.9357 Valid  loss: 9.6397  acc: 0.4041  f1: 0.2846
Test  loss: 10.6493 acc: 0.4139 f1: 0.2027 time: 0.0484
Epoch 496  loss: 0.1758 acc: 0.9515 time0.0965
Epoch 497  loss: 0.2863 acc: 0.9177 time0.0960
Epoch 498  loss: 0.2090 acc: 0.9425 time0.0961
Epoch 499  loss: 0.2027 acc: 0.9425 time0.0956
Epoch 500  loss: 0.1705 acc: 0.9493 time0.0969
Epoch 500  loss: 0.2822 acc: 0.9324 Valid  loss: 9.3467  acc: 0.3947  f1: 0.2949
Test  loss: 11.1361 acc: 0.4141 f1: 0.2056 time: 0.0469
VALID: VALID ACC 0.4103773534297943  VALID F1 0.293134249483848 EPOCH 480
VALID: TEST ACC 0.4353127181529999 TEST F1 0.21012450698601995 EPOCH 480
GLOBAL: TEST ACC 0.4533754885196686 TEST F1 0.20827790811326025 EPOCH 455
Epoch 501  loss: 0.1962 acc: 0.9369 time0.0960
Epoch 502  loss: 0.2395 acc: 0.9256 time0.0963
Epoch 503  loss: 0.1599 acc: 0.9470 time0.0962
Epoch 504  loss: 0.2202 acc: 0.9278 time0.0960
Epoch 505  loss: 0.2944 acc: 0.9166 time0.0954
Epoch 505  loss: 0.3779 acc: 0.9132 Valid  loss: 9.5696  acc: 0.3836  f1: 0.2787
Test  loss: 10.6979 acc: 0.4231 f1: 0.2037 time: 0.0467
Epoch 506  loss: 0.1716 acc: 0.9481 time0.0969
Epoch 507  loss: 0.2480 acc: 0.9233 time0.0958
Epoch 508  loss: 0.2279 acc: 0.9211 time0.0963
Epoch 509  loss: 0.2455 acc: 0.9200 time0.0967
Epoch 510  loss: 0.1948 acc: 0.9402 time0.0965
Epoch 510  loss: 0.2825 acc: 0.9324 Valid  loss: 10.1854  acc: 0.4025  f1: 0.2869
Test  loss: 10.1008 acc: 0.4281 f1: 0.2022 time: 0.0467
Epoch 511  loss: 0.2308 acc: 0.9267 time0.0968
Epoch 512  loss: 0.2454 acc: 0.9245 time0.0955
Epoch 513  loss: 0.2013 acc: 0.9402 time0.0960
Epoch 514  loss: 0.2338 acc: 0.9324 time0.0967
Epoch 515  loss: 0.2192 acc: 0.9312 time0.0963
Epoch 515  loss: 0.1899 acc: 0.9493 Valid  loss: 9.5078  acc: 0.4104  f1: 0.2996
Test  loss: 10.9878 acc: 0.4098 f1: 0.2038 time: 0.0470
Epoch 516  loss: 0.2036 acc: 0.9470 time0.0974
Epoch 517  loss: 0.1695 acc: 0.9425 time0.0970
Epoch 518  loss: 0.2146 acc: 0.9290 time0.0962
Epoch 519  loss: 0.2453 acc: 0.9200 time0.0962
Epoch 520  loss: 0.1752 acc: 0.9402 time0.0965
Epoch 520  loss: 0.4513 acc: 0.8805 Valid  loss: 9.9943  acc: 0.3868  f1: 0.2803
Test  loss: 11.8396 acc: 0.4039 f1: 0.1907 time: 0.0481
Epoch 521  loss: 0.3338 acc: 0.8816 time0.0966
Epoch 522  loss: 0.2874 acc: 0.9177 time0.0970
Epoch 523  loss: 0.1842 acc: 0.9481 time0.0956
Epoch 524  loss: 0.2699 acc: 0.9076 time0.0956
Epoch 525  loss: 0.2575 acc: 0.9143 time0.0967
Epoch 525  loss: 0.3368 acc: 0.9301 Valid  loss: 9.7513  acc: 0.3931  f1: 0.2819
Test  loss: 11.2141 acc: 0.4093 f1: 0.1955 time: 0.0477
Epoch 526  loss: 0.2002 acc: 0.9369 time0.0966
Epoch 527  loss: 0.3094 acc: 0.8952 time0.0965
Epoch 528  loss: 0.1855 acc: 0.9436 time0.0964
Epoch 529  loss: 0.2172 acc: 0.9290 time0.0962
Epoch 530  loss: 0.3142 acc: 0.8873 time0.0963
Epoch 530  loss: 0.2619 acc: 0.9380 Valid  loss: 9.5810  acc: 0.4182  f1: 0.2935
Test  loss: 10.0700 acc: 0.4172 f1: 0.2050 time: 0.0472
Epoch 531  loss: 0.1561 acc: 0.9459 time0.0968
Epoch 532  loss: 0.1669 acc: 0.9493 time0.0956
Epoch 533  loss: 0.3526 acc: 0.8895 time0.0965
Epoch 534  loss: 0.2158 acc: 0.9301 time0.0965
Epoch 535  loss: 0.2673 acc: 0.9154 time0.0963
Epoch 535  loss: 0.2281 acc: 0.9369 Valid  loss: 10.0011  acc: 0.4025  f1: 0.2948
Test  loss: 10.8378 acc: 0.3951 f1: 0.2033 time: 0.0471
Epoch 536  loss: 0.1992 acc: 0.9357 time0.0964
Epoch 537  loss: 0.1832 acc: 0.9448 time0.0965
Epoch 538  loss: 0.2188 acc: 0.9346 time0.0959
Epoch 539  loss: 0.1917 acc: 0.9436 time0.0967
Epoch 540  loss: 0.1495 acc: 0.9504 time0.0968
Epoch 540  loss: 0.3211 acc: 0.9109 Valid  loss: 10.7571  acc: 0.3821  f1: 0.2716
Test  loss: 12.5424 acc: 0.3935 f1: 0.1911 time: 0.0467
Epoch 541  loss: 0.2237 acc: 0.9278 time0.0962
Epoch 542  loss: 0.1704 acc: 0.9436 time0.0963
Epoch 543  loss: 0.1809 acc: 0.9436 time0.0960
Epoch 544  loss: 0.2690 acc: 0.9087 time0.0960
Epoch 545  loss: 0.1889 acc: 0.9414 time0.0968
Epoch 545  loss: 0.2324 acc: 0.9414 Valid  loss: 10.6132  acc: 0.3994  f1: 0.2768
Test  loss: 11.8294 acc: 0.3859 f1: 0.1963 time: 0.0477
Epoch 546  loss: 0.1839 acc: 0.9346 time0.0968
Epoch 547  loss: 0.2176 acc: 0.9256 time0.0966
Epoch 548  loss: 0.2039 acc: 0.9312 time0.0969
Epoch 549  loss: 0.2324 acc: 0.9301 time0.0965
Epoch 550  loss: 0.1421 acc: 0.9617 time0.0968
Epoch 550  loss: 0.2500 acc: 0.9312 Valid  loss: 10.6892  acc: 0.4025  f1: 0.2808
Test  loss: 10.9972 acc: 0.3667 f1: 0.1918 time: 0.0474
VALID: VALID ACC 0.41823896765708923  VALID F1 0.2935155608016095 EPOCH 530
VALID: TEST ACC 0.4172499477863312 TEST F1 0.20501801747199852 EPOCH 530
GLOBAL: TEST ACC 0.4533754885196686 TEST F1 0.20827790811326025 EPOCH 455
Epoch 551  loss: 0.1720 acc: 0.9459 time0.0959
Epoch 552  loss: 0.2671 acc: 0.9098 time0.0959
Epoch 553  loss: 0.1776 acc: 0.9414 time0.0962
Epoch 554  loss: 0.3324 acc: 0.8805 time0.0966
Epoch 555  loss: 0.2273 acc: 0.9278 time0.0965
Epoch 555  loss: 0.3462 acc: 0.9132 Valid  loss: 11.4943  acc: 0.3805  f1: 0.2680
Test  loss: 12.5847 acc: 0.3793 f1: 0.1956 time: 0.0476
Epoch 556  loss: 0.3459 acc: 0.8816 time0.0965
Epoch 557  loss: 0.3183 acc: 0.8850 time0.0961
Epoch 558  loss: 0.3190 acc: 0.9087 time0.0957
Epoch 559  loss: 0.4830 acc: 0.8613 time0.0964
Epoch 560  loss: 0.2495 acc: 0.9222 time0.0968
Epoch 560  loss: 1.3195 acc: 0.7148 Valid  loss: 10.7793  acc: 0.3443  f1: 0.2589
Test  loss: 13.3533 acc: 0.3572 f1: 0.1799 time: 0.0481
Epoch 561  loss: 0.5470 acc: 0.8444 time0.0963
Epoch 562  loss: 0.3486 acc: 0.8906 time0.0970
Epoch 563  loss: 0.5181 acc: 0.8410 time0.0965
Epoch 564  loss: 0.4173 acc: 0.8602 time0.0961
Epoch 565  loss: 0.5037 acc: 0.8343 time0.0964
Epoch 565  loss: 0.5022 acc: 0.8782 Valid  loss: 10.6403  acc: 0.3742  f1: 0.2694
Test  loss: 12.7127 acc: 0.3838 f1: 0.1804 time: 0.0477
Epoch 566  loss: 0.2870 acc: 0.9109 time0.0963
Epoch 567  loss: 1.0424 acc: 0.7317 time0.0974
Epoch 568  loss: 0.3594 acc: 0.8952 time0.0966
Epoch 569  loss: 1.3768 acc: 0.6573 time0.0968
Epoch 570  loss: 0.3467 acc: 0.8974 time0.0962
Epoch 570  loss: 1.8515 acc: 0.6437 Valid  loss: 12.1213  acc: 0.2877  f1: 0.1996
Test  loss: 13.1287 acc: 0.3281 f1: 0.1464 time: 0.0473
Epoch 571  loss: 0.9967 acc: 0.7520 time0.0966
Epoch 572  loss: 0.6893 acc: 0.7869 time0.0962
Epoch 573  loss: 0.4573 acc: 0.8467 time0.0967
Epoch 574  loss: 0.4783 acc: 0.8489 time0.0962
Epoch 575  loss: 0.8305 acc: 0.7508 time0.0964
Epoch 575  loss: 0.8790 acc: 0.7621 Valid  loss: 9.0050  acc: 0.3553  f1: 0.2806
Test  loss: 8.3440 acc: 0.3664 f1: 0.1811 time: 0.0469
Epoch 576  loss: 0.4521 acc: 0.8455 time0.0973
Epoch 577  loss: 0.2785 acc: 0.9019 time0.0966
Epoch 578  loss: 0.5554 acc: 0.8241 time0.0964
Epoch 579  loss: 0.6748 acc: 0.8106 time0.0966
Epoch 580  loss: 0.4698 acc: 0.8670 time0.0970
Epoch 580  loss: 0.6427 acc: 0.8467 Valid  loss: 9.4812  acc: 0.3632  f1: 0.2678
Test  loss: 10.0100 acc: 0.3922 f1: 0.1826 time: 0.0479
Epoch 581  loss: 0.4839 acc: 0.8478 time0.0975
Epoch 582  loss: 0.2646 acc: 0.9154 time0.0969
Epoch 583  loss: 0.5412 acc: 0.8422 time0.0973
Epoch 584  loss: 0.4077 acc: 0.8681 time0.0969
Epoch 585  loss: 0.4315 acc: 0.8613 time0.0964
Epoch 585  loss: 0.4238 acc: 0.8737 Valid  loss: 7.9316  acc: 0.3947  f1: 0.2922
Test  loss: 7.8375 acc: 0.4511 f1: 0.2090 time: 0.0470
Epoch 586  loss: 0.3175 acc: 0.8963 time0.0961
Epoch 587  loss: 0.3021 acc: 0.8974 time0.0966
Epoch 588  loss: 0.2955 acc: 0.9143 time0.0969
Epoch 589  loss: 0.3668 acc: 0.8861 time0.0968
Epoch 590  loss: 0.2974 acc: 0.9177 time0.0966
Epoch 590  loss: 0.6132 acc: 0.8219 Valid  loss: 8.0955  acc: 0.3648  f1: 0.2890
Test  loss: 8.7131 acc: 0.4247 f1: 0.1953 time: 0.0472
Epoch 591  loss: 0.2953 acc: 0.9087 time0.0959
Epoch 592  loss: 0.2650 acc: 0.9211 time0.0968
Epoch 593  loss: 0.2630 acc: 0.9098 time0.0957
Epoch 594  loss: 0.3891 acc: 0.8579 time0.0963
Epoch 595  loss: 0.2260 acc: 0.9357 time0.0967
Epoch 595  loss: 0.8328 acc: 0.7880 Valid  loss: 7.8147  acc: 0.3742  f1: 0.2921
Test  loss: 7.9674 acc: 0.4279 f1: 0.2037 time: 0.0476
Epoch 596  loss: 0.4254 acc: 0.8771 time0.0966
Epoch 597  loss: 0.1943 acc: 0.9402 time0.0964
Epoch 598  loss: 0.4299 acc: 0.8613 time0.0967
Epoch 599  loss: 0.2612 acc: 0.9177 time0.0968
Epoch 600  loss: 0.2921 acc: 0.9098 time0.0971
Epoch 600  loss: 0.5523 acc: 0.8501 Valid  loss: 8.0391  acc: 0.3868  f1: 0.2948
Test  loss: 8.7149 acc: 0.4191 f1: 0.2010 time: 0.0483
VALID: VALID ACC 0.41823896765708923  VALID F1 0.2935155608016095 EPOCH 530
VALID: TEST ACC 0.4172499477863312 TEST F1 0.20501801747199852 EPOCH 530
GLOBAL: TEST ACC 0.4533754885196686 TEST F1 0.20827790811326025 EPOCH 455
Epoch 601  loss: 0.2743 acc: 0.9042 time0.0966
Epoch 602  loss: 0.2881 acc: 0.9098 time0.0962
Epoch 603  loss: 0.2648 acc: 0.9166 time0.0965
Epoch 604  loss: 0.1938 acc: 0.9425 time0.0970
Epoch 605  loss: 0.2305 acc: 0.9233 time0.0966
Epoch 605  loss: 0.3781 acc: 0.8997 Valid  loss: 7.9278  acc: 0.3962  f1: 0.3193
Test  loss: 8.7773 acc: 0.4306 f1: 0.2077 time: 0.0473
Epoch 606  loss: 0.2001 acc: 0.9459 time0.0968
Epoch 607  loss: 0.1844 acc: 0.9515 time0.0969
Epoch 608  loss: 0.2189 acc: 0.9324 time0.0970
Epoch 609  loss: 0.2029 acc: 0.9369 time0.0966
Epoch 610  loss: 0.1618 acc: 0.9481 time0.0973
Epoch 610  loss: 0.2599 acc: 0.9335 Valid  loss: 8.4963  acc: 0.4041  f1: 0.3101
Test  loss: 9.4900 acc: 0.4380 f1: 0.2081 time: 0.0478
Epoch 611  loss: 0.2048 acc: 0.9448 time0.0967
Epoch 612  loss: 0.1808 acc: 0.9448 time0.0967
Epoch 613  loss: 0.1859 acc: 0.9448 time0.0971
Epoch 614  loss: 0.2134 acc: 0.9233 time0.0969
Epoch 615  loss: 0.1941 acc: 0.9369 time0.0963
Epoch 615  loss: 0.2719 acc: 0.9312 Valid  loss: 8.9340  acc: 0.3978  f1: 0.2992
Test  loss: 9.8032 acc: 0.4182 f1: 0.2025 time: 0.0472
Epoch 616  loss: 0.1569 acc: 0.9605 time0.0965
Epoch 617  loss: 0.1817 acc: 0.9560 time0.0968
Epoch 618  loss: 0.1598 acc: 0.9639 time0.0967
Epoch 619  loss: 0.1554 acc: 0.9549 time0.0966
Epoch 620  loss: 0.1881 acc: 0.9380 time0.0965
Epoch 620  loss: 0.1988 acc: 0.9414 Valid  loss: 8.8215  acc: 0.4119  f1: 0.3013
Test  loss: 9.8969 acc: 0.4112 f1: 0.2029 time: 0.0469
Epoch 621  loss: 0.1620 acc: 0.9459 time0.0963
Epoch 622  loss: 0.1507 acc: 0.9572 time0.0969
Epoch 623  loss: 0.1725 acc: 0.9481 time0.0967
Epoch 624  loss: 0.1765 acc: 0.9515 time0.0971
Epoch 625  loss: 0.1604 acc: 0.9572 time0.0975
Epoch 625  loss: 0.3388 acc: 0.9233 Valid  loss: 9.4056  acc: 0.4057  f1: 0.3034
Test  loss: 10.7937 acc: 0.4042 f1: 0.1931 time: 0.0476
Epoch 626  loss: 0.2452 acc: 0.9188 time0.0962
Epoch 627  loss: 0.1631 acc: 0.9526 time0.0969
Epoch 628  loss: 0.1679 acc: 0.9572 time0.0968
Epoch 629  loss: 0.1689 acc: 0.9459 time0.0962
Epoch 630  loss: 0.1254 acc: 0.9673 time0.0966
Epoch 630  loss: 0.2810 acc: 0.9278 Valid  loss: 9.3553  acc: 0.4025  f1: 0.2987
Test  loss: 9.8851 acc: 0.4301 f1: 0.2046 time: 0.0473
Epoch 631  loss: 0.1460 acc: 0.9538 time0.0966
Epoch 632  loss: 0.2372 acc: 0.9200 time0.0962
Epoch 633  loss: 0.1505 acc: 0.9639 time0.0967
Epoch 634  loss: 0.2067 acc: 0.9301 time0.0970
Epoch 635  loss: 0.1565 acc: 0.9594 time0.0965
Epoch 635  loss: 0.2872 acc: 0.9278 Valid  loss: 9.5230  acc: 0.4072  f1: 0.2980
Test  loss: 10.7935 acc: 0.4200 f1: 0.2028 time: 0.0471
Epoch 636  loss: 0.1396 acc: 0.9549 time0.0969
Epoch 637  loss: 0.1642 acc: 0.9538 time0.0967
Epoch 638  loss: 0.1857 acc: 0.9493 time0.0970
Epoch 639  loss: 0.1533 acc: 0.9560 time0.0962
Epoch 640  loss: 0.1958 acc: 0.9448 time0.0965
Epoch 640  loss: 0.2335 acc: 0.9391 Valid  loss: 9.2082  acc: 0.3931  f1: 0.2891
Test  loss: 10.9307 acc: 0.4046 f1: 0.2045 time: 0.0474
Epoch 641  loss: 0.1503 acc: 0.9526 time0.0985
Epoch 642  loss: 0.1766 acc: 0.9448 time0.0972
Epoch 643  loss: 0.1484 acc: 0.9538 time0.0974
Epoch 644  loss: 0.1334 acc: 0.9572 time0.0978
Epoch 645  loss: 0.2065 acc: 0.9380 time0.0970
Epoch 645  loss: 0.2792 acc: 0.9369 Valid  loss: 10.2144  acc: 0.4119  f1: 0.3107
Test  loss: 10.8636 acc: 0.4200 f1: 0.2008 time: 0.0474
Epoch 646  loss: 0.1482 acc: 0.9560 time0.0976
Epoch 647  loss: 0.1483 acc: 0.9515 time0.0966
Epoch 648  loss: 0.1747 acc: 0.9357 time0.0974
Epoch 649  loss: 0.1403 acc: 0.9583 time0.0973
Epoch 650  loss: 0.1233 acc: 0.9696 time0.0970
Epoch 650  loss: 0.3127 acc: 0.9233 Valid  loss: 10.9442  acc: 0.4104  f1: 0.3109
Test  loss: 11.6114 acc: 0.4005 f1: 0.1935 time: 0.0476
VALID: VALID ACC 0.41823896765708923  VALID F1 0.2935155608016095 EPOCH 530
VALID: TEST ACC 0.4172499477863312 TEST F1 0.20501801747199852 EPOCH 530
GLOBAL: TEST ACC 0.4533754885196686 TEST F1 0.20827790811326025 EPOCH 455
Epoch 651  loss: 0.1982 acc: 0.9380 time0.0964
Epoch 652  loss: 0.1319 acc: 0.9662 time0.0974
Epoch 653  loss: 0.1417 acc: 0.9572 time0.0963
Epoch 654  loss: 0.2058 acc: 0.9414 time0.0967
Epoch 655  loss: 0.1504 acc: 0.9493 time0.0967
Epoch 655  loss: 0.2252 acc: 0.9470 Valid  loss: 10.1432  acc: 0.4041  f1: 0.2939
Test  loss: 10.9315 acc: 0.3985 f1: 0.2017 time: 0.0476
Epoch 656  loss: 0.1838 acc: 0.9414 time0.0965
Epoch 657  loss: 0.2096 acc: 0.9369 time0.0967
Epoch 658  loss: 0.1662 acc: 0.9459 time0.0971
Epoch 659  loss: 0.1518 acc: 0.9560 time0.0970
Epoch 660  loss: 0.1669 acc: 0.9414 time0.0968
Epoch 660  loss: 0.2020 acc: 0.9425 Valid  loss: 10.6708  acc: 0.4230  f1: 0.3011
Test  loss: 11.7137 acc: 0.4037 f1: 0.2006 time: 0.0469
Epoch 661  loss: 0.1873 acc: 0.9425 time0.0982
Epoch 662  loss: 0.1814 acc: 0.9436 time0.0971
Epoch 663  loss: 0.1356 acc: 0.9594 time0.0968
Epoch 664  loss: 0.1985 acc: 0.9369 time0.0973
Epoch 665  loss: 0.1565 acc: 0.9549 time0.0975
Epoch 665  loss: 0.1917 acc: 0.9459 Valid  loss: 9.9846  acc: 0.4119  f1: 0.2945
Test  loss: 10.6784 acc: 0.4265 f1: 0.2080 time: 0.0472
Epoch 666  loss: 0.1813 acc: 0.9436 time0.0971
Epoch 667  loss: 0.1842 acc: 0.9346 time0.0974
Epoch 668  loss: 0.1832 acc: 0.9369 time0.0967
Epoch 669  loss: 0.1931 acc: 0.9402 time0.0968
Epoch 670  loss: 0.1534 acc: 0.9481 time0.0965
Epoch 670  loss: 0.3247 acc: 0.9267 Valid  loss: 10.2325  acc: 0.4041  f1: 0.3051
Test  loss: 11.6752 acc: 0.4028 f1: 0.1974 time: 0.0471
Epoch 671  loss: 0.1822 acc: 0.9402 time0.0981
Epoch 672  loss: 0.1956 acc: 0.9369 time0.0965
Epoch 673  loss: 0.1694 acc: 0.9414 time0.0971
Epoch 674  loss: 0.2336 acc: 0.9290 time0.0964
Epoch 675  loss: 0.1904 acc: 0.9312 time0.0967
Epoch 675  loss: 0.3722 acc: 0.9166 Valid  loss: 10.3434  acc: 0.3868  f1: 0.2986
Test  loss: 12.1537 acc: 0.4028 f1: 0.1956 time: 0.0473
Epoch 676  loss: 0.1849 acc: 0.9335 time0.0963
Epoch 677  loss: 0.2447 acc: 0.9245 time0.0964
Epoch 678  loss: 0.1281 acc: 0.9651 time0.0967
Epoch 679  loss: 0.2140 acc: 0.9245 time0.0969
Epoch 680  loss: 0.1360 acc: 0.9549 time0.0969
Epoch 680  loss: 0.2607 acc: 0.9346 Valid  loss: 9.8793  acc: 0.3994  f1: 0.3045
Test  loss: 11.4838 acc: 0.4125 f1: 0.2105 time: 0.0471
Epoch 681  loss: 0.1465 acc: 0.9470 time0.0965
Epoch 682  loss: 0.2293 acc: 0.9346 time0.0970
Epoch 683  loss: 0.1266 acc: 0.9673 time0.0965
Epoch 684  loss: 0.1434 acc: 0.9572 time0.0969
Epoch 685  loss: 0.2124 acc: 0.9312 time0.0967
Epoch 685  loss: 0.2216 acc: 0.9504 Valid  loss: 10.1375  acc: 0.4167  f1: 0.2963
Test  loss: 11.2439 acc: 0.4236 f1: 0.2057 time: 0.0480
Epoch 686  loss: 0.1141 acc: 0.9651 time0.0970
Epoch 687  loss: 0.1462 acc: 0.9572 time0.0973
Epoch 688  loss: 0.1642 acc: 0.9380 time0.0971
Epoch 689  loss: 0.1935 acc: 0.9414 time0.0969
Epoch 690  loss: 0.1542 acc: 0.9470 time0.0969
Epoch 690  loss: 0.3076 acc: 0.9154 Valid  loss: 11.2313  acc: 0.3836  f1: 0.2685
Test  loss: 11.2190 acc: 0.4157 f1: 0.1962 time: 0.0475
Epoch 691  loss: 0.2094 acc: 0.9278 time0.0968
Epoch 692  loss: 0.1345 acc: 0.9538 time0.0965
Epoch 693  loss: 0.1302 acc: 0.9628 time0.0966
Epoch 694  loss: 0.1548 acc: 0.9459 time0.0973
Epoch 695  loss: 0.1600 acc: 0.9538 time0.0982
Epoch 695  loss: 0.2086 acc: 0.9425 Valid  loss: 10.7906  acc: 0.4057  f1: 0.3082
Test  loss: 12.6639 acc: 0.3976 f1: 0.2018 time: 0.0478
Epoch 696  loss: 0.1479 acc: 0.9594 time0.0969
Epoch 697  loss: 0.1197 acc: 0.9639 time0.0979
Epoch 698  loss: 0.1464 acc: 0.9414 time0.0982
Epoch 699  loss: 0.2097 acc: 0.9357 time0.0969
Epoch 700  loss: 0.1082 acc: 0.9696 time0.0967
Epoch 700  loss: 0.2671 acc: 0.9391 Valid  loss: 10.8475  acc: 0.4214  f1: 0.3044
Test  loss: 12.0224 acc: 0.4150 f1: 0.2028 time: 0.0471
VALID: VALID ACC 0.4229559600353241  VALID F1 0.3011176434030359 EPOCH 660
VALID: TEST ACC 0.40370288491249084 TEST F1 0.20057284117420524 EPOCH 660
GLOBAL: TEST ACC 0.4533754885196686 TEST F1 0.20827790811326025 EPOCH 455
Epoch 701  loss: 0.1709 acc: 0.9526 time0.0978
Epoch 702  loss: 0.1276 acc: 0.9651 time0.0960
Epoch 703  loss: 0.1344 acc: 0.9538 time0.0967
Epoch 704  loss: 0.1379 acc: 0.9628 time0.0971
Epoch 705  loss: 0.1221 acc: 0.9651 time0.0973
Epoch 705  loss: 0.2367 acc: 0.9425 Valid  loss: 10.4802  acc: 0.4182  f1: 0.2991
Test  loss: 10.9972 acc: 0.4301 f1: 0.2086 time: 0.0476
Epoch 706  loss: 0.1379 acc: 0.9549 time0.0973
Epoch 707  loss: 0.1434 acc: 0.9572 time0.0963
Epoch 708  loss: 0.1254 acc: 0.9594 time0.0970
Epoch 709  loss: 0.1408 acc: 0.9617 time0.0967
Epoch 710  loss: 0.1230 acc: 0.9605 time0.0968
Epoch 710  loss: 0.1823 acc: 0.9515 Valid  loss: 10.6324  acc: 0.4119  f1: 0.3032
Test  loss: 12.6457 acc: 0.4053 f1: 0.2004 time: 0.0479
Epoch 711  loss: 0.1236 acc: 0.9639 time0.0967
Epoch 712  loss: 0.1105 acc: 0.9684 time0.0970
Epoch 713  loss: 0.1133 acc: 0.9673 time0.0969
Epoch 714  loss: 0.1478 acc: 0.9515 time0.0968
Epoch 715  loss: 0.1203 acc: 0.9673 time0.0969
Epoch 715  loss: 0.1697 acc: 0.9594 Valid  loss: 10.5088  acc: 0.4119  f1: 0.2996
Test  loss: 11.9569 acc: 0.4103 f1: 0.2034 time: 0.0472
Epoch 716  loss: 0.1022 acc: 0.9729 time0.0959
Epoch 717  loss: 0.1466 acc: 0.9617 time0.0968
Epoch 718  loss: 0.1261 acc: 0.9684 time0.0961
Epoch 719  loss: 0.1205 acc: 0.9662 time0.0965
Epoch 720  loss: 0.1245 acc: 0.9617 time0.0974
Epoch 720  loss: 0.2649 acc: 0.9357 Valid  loss: 10.9231  acc: 0.3962  f1: 0.2823
Test  loss: 11.8064 acc: 0.4306 f1: 0.2076 time: 0.0480
Epoch 721  loss: 0.1181 acc: 0.9617 time0.0980
Epoch 722  loss: 0.1139 acc: 0.9684 time0.0972
Epoch 723  loss: 0.1267 acc: 0.9651 time0.0981
Epoch 724  loss: 0.1402 acc: 0.9572 time0.0971
Epoch 725  loss: 0.1389 acc: 0.9605 time0.0965
Epoch 725  loss: 0.1834 acc: 0.9628 Valid  loss: 10.9336  acc: 0.4182  f1: 0.3091
Test  loss: 12.4012 acc: 0.4170 f1: 0.2076 time: 0.0473
Epoch 726  loss: 0.1012 acc: 0.9707 time0.0977
Epoch 727  loss: 0.1430 acc: 0.9481 time0.0967
Epoch 728  loss: 0.1727 acc: 0.9448 time0.0976
Epoch 729  loss: 0.1334 acc: 0.9572 time0.0976
Epoch 730  loss: 0.1652 acc: 0.9448 time0.0975
Epoch 730  loss: 0.1781 acc: 0.9526 Valid  loss: 10.2092  acc: 0.3978  f1: 0.2921
Test  loss: 12.0810 acc: 0.4105 f1: 0.2090 time: 0.0475
Epoch 731  loss: 0.1349 acc: 0.9617 time0.0979
Epoch 732  loss: 0.1699 acc: 0.9459 time0.0966
Epoch 733  loss: 0.1333 acc: 0.9617 time0.0962
Epoch 734  loss: 0.0993 acc: 0.9696 time0.0970
Epoch 735  loss: 0.1631 acc: 0.9481 time0.0971
Epoch 735  loss: 0.3255 acc: 0.9278 Valid  loss: 10.6833  acc: 0.4009  f1: 0.2942
Test  loss: 12.0772 acc: 0.4177 f1: 0.2046 time: 0.0471
Epoch 736  loss: 0.1345 acc: 0.9572 time0.0981
Epoch 737  loss: 0.1679 acc: 0.9481 time0.0977
Epoch 738  loss: 0.1237 acc: 0.9639 time0.0973
Epoch 739  loss: 0.1615 acc: 0.9493 time0.0974
Epoch 740  loss: 0.1147 acc: 0.9662 time0.0978
Epoch 740  loss: 0.3091 acc: 0.9335 Valid  loss: 11.0091  acc: 0.3947  f1: 0.2797
Test  loss: 11.9350 acc: 0.4276 f1: 0.2064 time: 0.0474
Epoch 741  loss: 0.1443 acc: 0.9594 time0.0969
Epoch 742  loss: 0.1112 acc: 0.9696 time0.0978
Epoch 743  loss: 0.1173 acc: 0.9673 time0.0969
Epoch 744  loss: 0.1435 acc: 0.9605 time0.0963
Epoch 745  loss: 0.1163 acc: 0.9639 time0.0972
Epoch 745  loss: 0.1438 acc: 0.9651 Valid  loss: 11.3014  acc: 0.4198  f1: 0.3029
Test  loss: 12.8375 acc: 0.4060 f1: 0.2055 time: 0.0475
Epoch 746  loss: 0.1140 acc: 0.9673 time0.0965
Epoch 747  loss: 0.1007 acc: 0.9707 time0.0975
Epoch 748  loss: 0.1218 acc: 0.9639 time0.0971
Epoch 749  loss: 0.1375 acc: 0.9572 time0.0975
Epoch 750  loss: 0.1375 acc: 0.9628 time0.0975
Epoch 750  loss: 0.1774 acc: 0.9605 Valid  loss: 10.7542  acc: 0.4057  f1: 0.2963
Test  loss: 12.8746 acc: 0.3990 f1: 0.2041 time: 0.0475
VALID: VALID ACC 0.4229559600353241  VALID F1 0.3011176434030359 EPOCH 660
VALID: TEST ACC 0.40370288491249084 TEST F1 0.20057284117420524 EPOCH 660
GLOBAL: TEST ACC 0.4533754885196686 TEST F1 0.20827790811326025 EPOCH 455
Epoch 751  loss: 0.1110 acc: 0.9684 time0.0969
Epoch 752  loss: 0.1591 acc: 0.9572 time0.0970
Epoch 753  loss: 0.1325 acc: 0.9605 time0.0970
Epoch 754  loss: 0.1278 acc: 0.9684 time0.0966
Epoch 755  loss: 0.1264 acc: 0.9628 time0.0969
Epoch 755  loss: 0.2220 acc: 0.9414 Valid  loss: 10.9489  acc: 0.4088  f1: 0.2918
Test  loss: 11.4565 acc: 0.4457 f1: 0.2103 time: 0.0476
Epoch 756  loss: 0.1391 acc: 0.9572 time0.0976
Epoch 757  loss: 0.0958 acc: 0.9718 time0.0978
Epoch 758  loss: 0.1381 acc: 0.9526 time0.0981
Epoch 759  loss: 0.0949 acc: 0.9786 time0.0960
Epoch 760  loss: 0.1304 acc: 0.9549 time0.0966
Epoch 760  loss: 0.1926 acc: 0.9493 Valid  loss: 10.9447  acc: 0.4261  f1: 0.3076
Test  loss: 12.7060 acc: 0.4222 f1: 0.2052 time: 0.0472
Epoch 761  loss: 0.1135 acc: 0.9673 time0.0964
Epoch 762  loss: 0.1095 acc: 0.9639 time0.0968
Epoch 763  loss: 0.1489 acc: 0.9560 time0.0962
Epoch 764  loss: 0.1126 acc: 0.9662 time0.0971
Epoch 765  loss: 0.1143 acc: 0.9639 time0.0973
Epoch 765  loss: 0.1705 acc: 0.9560 Valid  loss: 10.9377  acc: 0.4088  f1: 0.3043
Test  loss: 13.5578 acc: 0.4005 f1: 0.2024 time: 0.0472
Epoch 766  loss: 0.1504 acc: 0.9572 time0.0971
Epoch 767  loss: 0.1396 acc: 0.9583 time0.0977
Epoch 768  loss: 0.1024 acc: 0.9684 time0.0971
Epoch 769  loss: 0.1706 acc: 0.9560 time0.0977
Epoch 770  loss: 0.1106 acc: 0.9673 time0.0978
Epoch 770  loss: 0.1905 acc: 0.9560 Valid  loss: 11.0875  acc: 0.4135  f1: 0.2978
Test  loss: 12.5992 acc: 0.4163 f1: 0.2091 time: 0.0480
Epoch 771  loss: 0.1018 acc: 0.9786 time0.0971
Epoch 772  loss: 0.1347 acc: 0.9549 time0.0970
Epoch 773  loss: 0.1244 acc: 0.9628 time0.0980
Epoch 774  loss: 0.1065 acc: 0.9628 time0.0982
Epoch 775  loss: 0.1067 acc: 0.9718 time0.0966
Epoch 775  loss: 0.3181 acc: 0.9324 Valid  loss: 11.6074  acc: 0.3962  f1: 0.2808
Test  loss: 12.4252 acc: 0.4261 f1: 0.2014 time: 0.0470
Epoch 776  loss: 0.1084 acc: 0.9729 time0.0970
Epoch 777  loss: 0.1547 acc: 0.9526 time0.0966
Epoch 778  loss: 0.1117 acc: 0.9628 time0.0971
Epoch 779  loss: 0.1097 acc: 0.9617 time0.0973
Epoch 780  loss: 0.1648 acc: 0.9436 time0.0974
Epoch 780  loss: 0.1556 acc: 0.9560 Valid  loss: 10.9598  acc: 0.4057  f1: 0.2960
Test  loss: 12.6225 acc: 0.4166 f1: 0.2135 time: 0.0479
Epoch 781  loss: 0.1256 acc: 0.9617 time0.0970
Epoch 782  loss: 0.0788 acc: 0.9831 time0.0971
Epoch 783  loss: 0.1152 acc: 0.9628 time0.0974
Epoch 784  loss: 0.1085 acc: 0.9763 time0.0971
Epoch 785  loss: 0.1022 acc: 0.9673 time0.0961
Epoch 785  loss: 0.1821 acc: 0.9526 Valid  loss: 11.4367  acc: 0.4324  f1: 0.3096
Test  loss: 12.8216 acc: 0.4195 f1: 0.2043 time: 0.0491
Epoch 786  loss: 0.1370 acc: 0.9583 time0.0975
Epoch 787  loss: 0.0878 acc: 0.9797 time0.0970
Epoch 788  loss: 0.1280 acc: 0.9651 time0.0973
Epoch 789  loss: 0.1087 acc: 0.9696 time0.0974
Epoch 790  loss: 0.1503 acc: 0.9549 time0.0971
Epoch 790  loss: 0.2213 acc: 0.9515 Valid  loss: 11.9635  acc: 0.4119  f1: 0.2933
Test  loss: 12.2416 acc: 0.4240 f1: 0.2040 time: 0.0471
Epoch 791  loss: 0.1364 acc: 0.9605 time0.0991
Epoch 792  loss: 0.1665 acc: 0.9470 time0.0973
Epoch 793  loss: 0.1393 acc: 0.9583 time0.0975
Epoch 794  loss: 0.1057 acc: 0.9696 time0.0971
Epoch 795  loss: 0.1517 acc: 0.9538 time0.0969
Epoch 795  loss: 0.1468 acc: 0.9707 Valid  loss: 10.9336  acc: 0.4198  f1: 0.3157
Test  loss: 12.7160 acc: 0.4218 f1: 0.2141 time: 0.0477
Epoch 796  loss: 0.0992 acc: 0.9696 time0.0991
Epoch 797  loss: 0.1285 acc: 0.9583 time0.0970
Epoch 798  loss: 0.1350 acc: 0.9538 time0.0967
Epoch 799  loss: 0.1363 acc: 0.9538 time0.0974
Epoch 800  loss: 0.1042 acc: 0.9718 time0.0963
Epoch 800  loss: 0.3396 acc: 0.9132 Valid  loss: 11.9458  acc: 0.3774  f1: 0.2808
Test  loss: 14.6663 acc: 0.3870 f1: 0.1948 time: 0.0474
VALID: VALID ACC 0.43238991498947144  VALID F1 0.3095711246379205 EPOCH 785
VALID: TEST ACC 0.41950780153274536 TEST F1 0.20426985323908484 EPOCH 785
GLOBAL: TEST ACC 0.4533754885196686 TEST F1 0.20827790811326025 EPOCH 455
Epoch 801  loss: 0.1808 acc: 0.9402 time0.0969
Epoch 802  loss: 0.1806 acc: 0.9391 time0.0978
Epoch 803  loss: 0.1287 acc: 0.9538 time0.0968
Epoch 804  loss: 0.1476 acc: 0.9560 time0.0978
Epoch 805  loss: 0.1407 acc: 0.9560 time0.0971
Epoch 805  loss: 0.2062 acc: 0.9481 Valid  loss: 11.5449  acc: 0.4230  f1: 0.3044
Test  loss: 12.2695 acc: 0.4331 f1: 0.2076 time: 0.0472
Epoch 806  loss: 0.1153 acc: 0.9684 time0.0965
Epoch 807  loss: 0.1177 acc: 0.9684 time0.0979
Epoch 808  loss: 0.1282 acc: 0.9594 time0.0973
Epoch 809  loss: 0.1508 acc: 0.9504 time0.0978
Epoch 810  loss: 0.1219 acc: 0.9651 time0.0969
Epoch 810  loss: 0.2472 acc: 0.9335 Valid  loss: 11.8199  acc: 0.4182  f1: 0.3079
Test  loss: 11.5426 acc: 0.3895 f1: 0.1943 time: 0.0473
Epoch 811  loss: 0.1181 acc: 0.9594 time0.0962
Epoch 812  loss: 0.1713 acc: 0.9504 time0.0966
Epoch 813  loss: 0.1166 acc: 0.9617 time0.0968
Epoch 814  loss: 0.1056 acc: 0.9696 time0.0979
Epoch 815  loss: 0.1557 acc: 0.9448 time0.0984
Epoch 815  loss: 0.2343 acc: 0.9436 Valid  loss: 11.5595  acc: 0.4072  f1: 0.2978
Test  loss: 13.8098 acc: 0.4069 f1: 0.1987 time: 0.0478
Epoch 816  loss: 0.1253 acc: 0.9662 time0.0979
Epoch 817  loss: 0.0880 acc: 0.9775 time0.0971
Epoch 818  loss: 0.1124 acc: 0.9696 time0.0980
Epoch 819  loss: 0.1035 acc: 0.9707 time0.0975
Epoch 820  loss: 0.1052 acc: 0.9684 time0.0976
Epoch 820  loss: 0.1921 acc: 0.9560 Valid  loss: 11.9742  acc: 0.4308  f1: 0.3099
Test  loss: 12.3594 acc: 0.4258 f1: 0.2056 time: 0.0471
Epoch 821  loss: 0.0959 acc: 0.9696 time0.0989
Epoch 822  loss: 0.1010 acc: 0.9718 time0.0974
Epoch 823  loss: 0.0906 acc: 0.9741 time0.0979
Epoch 824  loss: 0.1159 acc: 0.9707 time0.0965
Epoch 825  loss: 0.1298 acc: 0.9639 time0.0965
Epoch 825  loss: 0.1666 acc: 0.9605 Valid  loss: 11.9311  acc: 0.4230  f1: 0.3067
Test  loss: 13.6400 acc: 0.4191 f1: 0.2018 time: 0.0473
Epoch 826  loss: 0.0968 acc: 0.9729 time0.0978
Epoch 827  loss: 0.0975 acc: 0.9741 time0.0962
Epoch 828  loss: 0.0958 acc: 0.9786 time0.0972
Epoch 829  loss: 0.0989 acc: 0.9684 time0.0982
Epoch 830  loss: 0.1095 acc: 0.9673 time0.0972
Epoch 830  loss: 0.1353 acc: 0.9662 Valid  loss: 11.8240  acc: 0.4198  f1: 0.2977
Test  loss: 12.7617 acc: 0.4170 f1: 0.2069 time: 0.0473
Epoch 831  loss: 0.1091 acc: 0.9673 time0.0971
Epoch 832  loss: 0.1075 acc: 0.9707 time0.0980
Epoch 833  loss: 0.0967 acc: 0.9696 time0.0966
Epoch 834  loss: 0.1536 acc: 0.9560 time0.0968
Epoch 835  loss: 0.1041 acc: 0.9741 time0.0967
Epoch 835  loss: 0.1829 acc: 0.9538 Valid  loss: 12.3106  acc: 0.4057  f1: 0.2963
Test  loss: 13.8967 acc: 0.3983 f1: 0.2026 time: 0.0473
Epoch 836  loss: 0.1605 acc: 0.9470 time0.0968
Epoch 837  loss: 0.1161 acc: 0.9617 time0.0968
Epoch 838  loss: 0.0956 acc: 0.9741 time0.0971
Epoch 839  loss: 0.1805 acc: 0.9549 time0.0974
Epoch 840  loss: 0.1013 acc: 0.9684 time0.0978
Epoch 840  loss: 0.2725 acc: 0.9324 Valid  loss: 12.8671  acc: 0.4041  f1: 0.2972
Test  loss: 14.8116 acc: 0.3861 f1: 0.1935 time: 0.0483
Epoch 841  loss: 0.1859 acc: 0.9278 time0.0971
Epoch 842  loss: 0.0985 acc: 0.9763 time0.0982
Epoch 843  loss: 0.1621 acc: 0.9549 time0.0988
Epoch 844  loss: 0.1145 acc: 0.9718 time0.0972
Epoch 845  loss: 0.1367 acc: 0.9605 time0.0971
Epoch 845  loss: 0.2540 acc: 0.9211 Valid  loss: 11.6066  acc: 0.3962  f1: 0.2914
Test  loss: 12.3551 acc: 0.3683 f1: 0.1977 time: 0.0473
Epoch 846  loss: 0.1581 acc: 0.9481 time0.0980
Epoch 847  loss: 0.1124 acc: 0.9673 time0.0972
Epoch 848  loss: 0.1400 acc: 0.9617 time0.0973
Epoch 849  loss: 0.1700 acc: 0.9459 time0.0973
Epoch 850  loss: 0.1205 acc: 0.9651 time0.0976
Epoch 850  loss: 0.2726 acc: 0.9312 Valid  loss: 12.2222  acc: 0.3962  f1: 0.2825
Test  loss: 12.9785 acc: 0.4069 f1: 0.2018 time: 0.0473
VALID: VALID ACC 0.43238991498947144  VALID F1 0.3095711246379205 EPOCH 785
VALID: TEST ACC 0.41950780153274536 TEST F1 0.20426985323908484 EPOCH 785
GLOBAL: TEST ACC 0.4533754885196686 TEST F1 0.20827790811326025 EPOCH 455
Epoch 851  loss: 0.1961 acc: 0.9335 time0.0979
Epoch 852  loss: 0.1268 acc: 0.9651 time0.0971
Epoch 853  loss: 0.1648 acc: 0.9549 time0.0972
Epoch 854  loss: 0.0972 acc: 0.9628 time0.0971
Epoch 855  loss: 0.1266 acc: 0.9628 time0.0972
Epoch 855  loss: 0.2446 acc: 0.9402 Valid  loss: 11.5437  acc: 0.4057  f1: 0.2993
Test  loss: 13.1131 acc: 0.4105 f1: 0.2077 time: 0.0477
Epoch 856  loss: 0.1709 acc: 0.9425 time0.0974
Epoch 857  loss: 0.1038 acc: 0.9662 time0.0973
Epoch 858  loss: 0.3163 acc: 0.9008 time0.0985
Epoch 859  loss: 0.2143 acc: 0.9312 time0.0990
Epoch 860  loss: 0.2475 acc: 0.9222 time0.0970
Epoch 860  loss: 0.2328 acc: 0.9459 Valid  loss: 12.3358  acc: 0.3947  f1: 0.3013
Test  loss: 13.5882 acc: 0.3798 f1: 0.2033 time: 0.0486
Epoch 861  loss: 0.2405 acc: 0.9245 time0.0976
Epoch 862  loss: 0.2999 acc: 0.9121 time0.0980
Epoch 863  loss: 0.3448 acc: 0.8974 time0.0973
Epoch 864  loss: 0.2015 acc: 0.9436 time0.0983
Epoch 865  loss: 0.2386 acc: 0.9222 time0.0964
Epoch 865  loss: 0.1813 acc: 0.9526 Valid  loss: 11.8377  acc: 0.4151  f1: 0.2991
Test  loss: 13.6103 acc: 0.3877 f1: 0.2055 time: 0.0472
Epoch 866  loss: 0.1580 acc: 0.9459 time0.0986
Epoch 867  loss: 0.1804 acc: 0.9448 time0.0976
Epoch 868  loss: 0.1441 acc: 0.9549 time0.0967
Epoch 869  loss: 0.1378 acc: 0.9583 time0.0975
Epoch 870  loss: 0.1451 acc: 0.9583 time0.0973
Epoch 870  loss: 0.2031 acc: 0.9493 Valid  loss: 11.0778  acc: 0.4182  f1: 0.3251
Test  loss: 13.2154 acc: 0.4051 f1: 0.2070 time: 0.0474
Epoch 871  loss: 0.1385 acc: 0.9526 time0.0984
Epoch 872  loss: 0.1306 acc: 0.9594 time0.0975
Epoch 873  loss: 0.1922 acc: 0.9312 time0.0979
Epoch 874  loss: 0.0993 acc: 0.9684 time0.0968
Epoch 875  loss: 0.1527 acc: 0.9617 time0.0969
Epoch 875  loss: 0.3439 acc: 0.9188 Valid  loss: 12.0832  acc: 0.3947  f1: 0.2978
Test  loss: 12.9272 acc: 0.4283 f1: 0.2003 time: 0.0473
Epoch 876  loss: 0.1626 acc: 0.9526 time0.0966
Epoch 877  loss: 0.1309 acc: 0.9651 time0.0962
Epoch 878  loss: 0.1361 acc: 0.9560 time0.0965
Epoch 879  loss: 0.1435 acc: 0.9526 time0.0982
Epoch 880  loss: 0.1432 acc: 0.9504 time0.0982
Epoch 880  loss: 0.1517 acc: 0.9605 Valid  loss: 10.9078  acc: 0.4340  f1: 0.3249
Test  loss: 12.3315 acc: 0.4159 f1: 0.2066 time: 0.0474
Epoch 881  loss: 0.0825 acc: 0.9741 time0.0982
Epoch 882  loss: 0.1277 acc: 0.9605 time0.0988
Epoch 883  loss: 0.1519 acc: 0.9538 time0.0991
Epoch 884  loss: 0.1046 acc: 0.9684 time0.0998
Epoch 885  loss: 0.0961 acc: 0.9696 time0.0999
Epoch 885  loss: 0.1860 acc: 0.9515 Valid  loss: 11.0527  acc: 0.4182  f1: 0.3002
Test  loss: 13.2213 acc: 0.4042 f1: 0.2027 time: 0.0484
Epoch 886  loss: 0.1063 acc: 0.9651 time0.0989
Epoch 887  loss: 0.1102 acc: 0.9639 time0.0991
Epoch 888  loss: 0.1014 acc: 0.9741 time0.0992
Epoch 889  loss: 0.1272 acc: 0.9594 time0.0990
Epoch 890  loss: 0.0904 acc: 0.9707 time0.0974
Epoch 890  loss: 0.2714 acc: 0.9391 Valid  loss: 10.9453  acc: 0.4119  f1: 0.3040
Test  loss: 11.8180 acc: 0.4265 f1: 0.2086 time: 0.0475
Epoch 891  loss: 0.1277 acc: 0.9617 time0.0972
Epoch 892  loss: 0.1090 acc: 0.9729 time0.0974
Epoch 893  loss: 0.1252 acc: 0.9572 time0.0968
Epoch 894  loss: 0.1010 acc: 0.9741 time0.0974
Epoch 895  loss: 0.0893 acc: 0.9752 time0.0982
Epoch 895  loss: 0.1736 acc: 0.9572 Valid  loss: 10.8364  acc: 0.4403  f1: 0.3359
Test  loss: 11.9667 acc: 0.4224 f1: 0.2166 time: 0.0481
Epoch 896  loss: 0.1200 acc: 0.9639 time0.0973
Epoch 897  loss: 0.1182 acc: 0.9684 time0.0977
Epoch 898  loss: 0.1085 acc: 0.9662 time0.0977
Epoch 899  loss: 0.1059 acc: 0.9617 time0.0979
Epoch 900  loss: 0.1227 acc: 0.9639 time0.0983
Epoch 900  loss: 0.1784 acc: 0.9560 Valid  loss: 11.5329  acc: 0.4230  f1: 0.3103
Test  loss: 12.8265 acc: 0.4141 f1: 0.2038 time: 0.0475
VALID: VALID ACC 0.44025155901908875  VALID F1 0.33587503068637303 EPOCH 895
VALID: TEST ACC 0.4224430024623871 TEST F1 0.21664115241921778 EPOCH 895
GLOBAL: TEST ACC 0.4533754885196686 TEST F1 0.20827790811326025 EPOCH 455
Epoch 901  loss: 0.1327 acc: 0.9560 time0.0974
Epoch 902  loss: 0.0896 acc: 0.9707 time0.0973
Epoch 903  loss: 0.1258 acc: 0.9662 time0.0971
Epoch 904  loss: 0.1307 acc: 0.9651 time0.0976
Epoch 905  loss: 0.0871 acc: 0.9752 time0.0975
Epoch 905  loss: 0.2361 acc: 0.9425 Valid  loss: 11.8843  acc: 0.4119  f1: 0.2961
Test  loss: 12.0333 acc: 0.4328 f1: 0.2100 time: 0.0476
Epoch 906  loss: 0.1138 acc: 0.9639 time0.0982
Epoch 907  loss: 0.1191 acc: 0.9639 time0.0982
Epoch 908  loss: 0.0877 acc: 0.9752 time0.0981
Epoch 909  loss: 0.0945 acc: 0.9763 time0.0971
Epoch 910  loss: 0.1141 acc: 0.9662 time0.0975
Epoch 910  loss: 0.2167 acc: 0.9481 Valid  loss: 10.9895  acc: 0.3962  f1: 0.2997
Test  loss: 13.4033 acc: 0.4161 f1: 0.2107 time: 0.0475
Epoch 911  loss: 0.1224 acc: 0.9651 time0.0984
Epoch 912  loss: 0.0867 acc: 0.9808 time0.0980
Epoch 913  loss: 0.0952 acc: 0.9763 time0.0978
Epoch 914  loss: 0.1293 acc: 0.9718 time0.0981
Epoch 915  loss: 0.1380 acc: 0.9583 time0.0984
Epoch 915  loss: 0.2019 acc: 0.9459 Valid  loss: 11.5572  acc: 0.4167  f1: 0.2973
Test  loss: 12.2136 acc: 0.4322 f1: 0.2094 time: 0.0476
Epoch 916  loss: 0.1173 acc: 0.9651 time0.0983
Epoch 917  loss: 0.0880 acc: 0.9741 time0.0983
Epoch 918  loss: 0.1001 acc: 0.9741 time0.0976
Epoch 919  loss: 0.1091 acc: 0.9673 time0.0972
Epoch 920  loss: 0.0881 acc: 0.9673 time0.0979
Epoch 920  loss: 0.2435 acc: 0.9402 Valid  loss: 10.9900  acc: 0.4261  f1: 0.3056
Test  loss: 12.3916 acc: 0.4247 f1: 0.2083 time: 0.0481
Epoch 921  loss: 0.1267 acc: 0.9583 time0.0982
Epoch 922  loss: 0.1530 acc: 0.9526 time0.0979
Epoch 923  loss: 0.1050 acc: 0.9684 time0.0977
Epoch 924  loss: 0.1297 acc: 0.9583 time0.0980
Epoch 925  loss: 0.1163 acc: 0.9639 time0.0982
Epoch 925  loss: 0.3576 acc: 0.9200 Valid  loss: 10.6139  acc: 0.4072  f1: 0.3050
Test  loss: 12.0697 acc: 0.4209 f1: 0.2133 time: 0.0477
Epoch 926  loss: 0.1407 acc: 0.9594 time0.0982
Epoch 927  loss: 0.0856 acc: 0.9707 time0.0978
Epoch 928  loss: 0.1458 acc: 0.9594 time0.0975
Epoch 929  loss: 0.1245 acc: 0.9684 time0.0969
Epoch 930  loss: 0.1040 acc: 0.9696 time0.0974
Epoch 930  loss: 0.5740 acc: 0.8715 Valid  loss: 11.5478  acc: 0.3758  f1: 0.2823
Test  loss: 13.4666 acc: 0.3947 f1: 0.1970 time: 0.0480
Epoch 931  loss: 0.1496 acc: 0.9504 time0.0981
Epoch 932  loss: 0.0971 acc: 0.9752 time0.0978
Epoch 933  loss: 0.1028 acc: 0.9729 time0.0982
Epoch 934  loss: 0.1124 acc: 0.9651 time0.0985
Epoch 935  loss: 0.0898 acc: 0.9718 time0.0988
Epoch 935  loss: 0.2078 acc: 0.9493 Valid  loss: 11.5192  acc: 0.4151  f1: 0.2980
Test  loss: 12.5393 acc: 0.4285 f1: 0.2084 time: 0.0478
Epoch 936  loss: 0.1194 acc: 0.9662 time0.0992
Epoch 937  loss: 0.0774 acc: 0.9808 time0.0997
Epoch 938  loss: 0.1237 acc: 0.9605 time0.1000
Epoch 939  loss: 0.0965 acc: 0.9651 time0.1006
Epoch 940  loss: 0.0956 acc: 0.9696 time0.1017
Epoch 940  loss: 0.1928 acc: 0.9515 Valid  loss: 12.1954  acc: 0.4135  f1: 0.2964
Test  loss: 13.3577 acc: 0.4118 f1: 0.2035 time: 0.0487
Epoch 941  loss: 0.1104 acc: 0.9628 time0.0996
Epoch 942  loss: 0.1322 acc: 0.9583 time0.1000
Epoch 943  loss: 0.1304 acc: 0.9639 time0.0996
Epoch 944  loss: 0.1381 acc: 0.9515 time0.0987
Epoch 945  loss: 0.0976 acc: 0.9707 time0.0989
Epoch 945  loss: 0.2330 acc: 0.9436 Valid  loss: 11.7972  acc: 0.4041  f1: 0.2960
Test  loss: 13.5971 acc: 0.4170 f1: 0.2030 time: 0.0481
Epoch 946  loss: 0.0973 acc: 0.9763 time0.0986
Epoch 947  loss: 0.1181 acc: 0.9639 time0.0985
Epoch 948  loss: 0.1232 acc: 0.9617 time0.0979
Epoch 949  loss: 0.0997 acc: 0.9729 time0.0982
Epoch 950  loss: 0.0898 acc: 0.9797 time0.0983
Epoch 950  loss: 0.3491 acc: 0.9222 Valid  loss: 11.3551  acc: 0.3978  f1: 0.3004
Test  loss: 11.9353 acc: 0.4179 f1: 0.2081 time: 0.0478
VALID: VALID ACC 0.44025155901908875  VALID F1 0.33587503068637303 EPOCH 895
VALID: TEST ACC 0.4224430024623871 TEST F1 0.21664115241921778 EPOCH 895
GLOBAL: TEST ACC 0.4533754885196686 TEST F1 0.20827790811326025 EPOCH 455
Epoch 951  loss: 0.1365 acc: 0.9617 time0.0981
Epoch 952  loss: 0.0914 acc: 0.9741 time0.0979
Epoch 953  loss: 0.0919 acc: 0.9763 time0.0980
Epoch 954  loss: 0.1300 acc: 0.9707 time0.0982
Epoch 955  loss: 0.0949 acc: 0.9729 time0.0996
Epoch 955  loss: 0.2261 acc: 0.9549 Valid  loss: 11.5876  acc: 0.4088  f1: 0.2921
Test  loss: 13.0280 acc: 0.4161 f1: 0.2051 time: 0.0481
Epoch 956  loss: 0.0833 acc: 0.9775 time0.0999
Epoch 957  loss: 0.0992 acc: 0.9684 time0.0995
Epoch 958  loss: 0.1101 acc: 0.9696 time0.0992
Epoch 959  loss: 0.0834 acc: 0.9729 time0.0996
Epoch 960  loss: 0.1388 acc: 0.9628 time0.0989
Epoch 960  loss: 0.2110 acc: 0.9583 Valid  loss: 11.8931  acc: 0.4135  f1: 0.2983
Test  loss: 13.5866 acc: 0.4206 f1: 0.2058 time: 0.0478
Epoch 961  loss: 0.1002 acc: 0.9718 time0.0975
Epoch 962  loss: 0.0900 acc: 0.9775 time0.0975
Epoch 963  loss: 0.0962 acc: 0.9696 time0.0974
Epoch 964  loss: 0.0836 acc: 0.9696 time0.0982
Epoch 965  loss: 0.0719 acc: 0.9831 time0.0973
Epoch 965  loss: 0.2319 acc: 0.9481 Valid  loss: 12.2973  acc: 0.4324  f1: 0.3113
Test  loss: 13.5834 acc: 0.4195 f1: 0.2053 time: 0.0477
Epoch 966  loss: 0.0703 acc: 0.9853 time0.0964
Epoch 967  loss: 0.1382 acc: 0.9628 time0.0973
Epoch 968  loss: 0.1336 acc: 0.9662 time0.0975
Epoch 969  loss: 0.1005 acc: 0.9684 time0.0986
Epoch 970  loss: 0.1256 acc: 0.9628 time0.0999
Epoch 970  loss: 0.1696 acc: 0.9572 Valid  loss: 11.4795  acc: 0.4230  f1: 0.3208
Test  loss: 13.3363 acc: 0.4193 f1: 0.2127 time: 0.0491
Epoch 971  loss: 0.0714 acc: 0.9808 time0.0994
Epoch 972  loss: 0.0833 acc: 0.9797 time0.0995
Epoch 973  loss: 0.0872 acc: 0.9752 time0.0993
Epoch 974  loss: 0.1032 acc: 0.9684 time0.1000
Epoch 975  loss: 0.0815 acc: 0.9820 time0.1001
Epoch 975  loss: 0.2285 acc: 0.9436 Valid  loss: 11.7173  acc: 0.4135  f1: 0.2975
Test  loss: 12.4663 acc: 0.4376 f1: 0.2085 time: 0.0483
Epoch 976  loss: 0.1002 acc: 0.9684 time0.0997
Epoch 977  loss: 0.0883 acc: 0.9763 time0.0981
Epoch 978  loss: 0.0901 acc: 0.9673 time0.0991
Epoch 979  loss: 0.0792 acc: 0.9775 time0.0989
Epoch 980  loss: 0.1046 acc: 0.9673 time0.0979
Epoch 980  loss: 0.1752 acc: 0.9549 Valid  loss: 11.8772  acc: 0.4324  f1: 0.3226
Test  loss: 13.1710 acc: 0.4229 f1: 0.2098 time: 0.0480
Epoch 981  loss: 0.0791 acc: 0.9831 time0.0982
Epoch 982  loss: 0.1373 acc: 0.9707 time0.0980
Epoch 983  loss: 0.0916 acc: 0.9752 time0.0977
Epoch 984  loss: 0.0857 acc: 0.9752 time0.0983
Epoch 985  loss: 0.0828 acc: 0.9752 time0.0989
Epoch 985  loss: 0.1729 acc: 0.9560 Valid  loss: 12.3593  acc: 0.4245  f1: 0.3093
Test  loss: 14.1731 acc: 0.4118 f1: 0.2027 time: 0.0486
Epoch 986  loss: 0.0925 acc: 0.9741 time0.0991
Epoch 987  loss: 0.0590 acc: 0.9853 time0.0999
Epoch 988  loss: 0.0826 acc: 0.9808 time0.1009
Epoch 989  loss: 0.0969 acc: 0.9741 time0.1012
Epoch 990  loss: 0.0714 acc: 0.9752 time0.1009
Epoch 990  loss: 0.1651 acc: 0.9605 Valid  loss: 12.0133  acc: 0.4182  f1: 0.2992
Test  loss: 13.2625 acc: 0.4166 f1: 0.2089 time: 0.0490
Epoch 991  loss: 0.0889 acc: 0.9763 time0.1010
Epoch 992  loss: 0.0802 acc: 0.9808 time0.1000
Epoch 993  loss: 0.0993 acc: 0.9707 time0.0987
Epoch 994  loss: 0.1025 acc: 0.9752 time0.0985
Epoch 995  loss: 0.1011 acc: 0.9696 time0.0981
Epoch 995  loss: 0.3529 acc: 0.9177 Valid  loss: 11.2778  acc: 0.4151  f1: 0.3054
Test  loss: 12.4639 acc: 0.4060 f1: 0.2053 time: 0.0478
Epoch 996  loss: 0.0942 acc: 0.9741 time0.0981
Epoch 997  loss: 0.1142 acc: 0.9673 time0.0979
Epoch 998  loss: 0.0646 acc: 0.9820 time0.0986
Epoch 999  loss: 0.1355 acc: 0.9572 time0.0986
Epoch 1000  loss: 0.0925 acc: 0.9684 time0.0982
Epoch 1000  loss: 0.3924 acc: 0.9143 Valid  loss: 11.9951  acc: 0.4057  f1: 0.2914
Test  loss: 13.6961 acc: 0.4177 f1: 0.1995 time: 0.0482
VALID: VALID ACC 0.44025155901908875  VALID F1 0.33587503068637303 EPOCH 895
VALID: TEST ACC 0.4224430024623871 TEST F1 0.21664115241921778 EPOCH 895
GLOBAL: TEST ACC 0.4533754885196686 TEST F1 0.20827790811326025 EPOCH 455
