/Users/jylee/Desktop/RAP/SHINE-EMNLP21/SHINE-Torch_no-ent/utils.py:9: UserWarning: To copy construct from a tensor, it is recommended to use sourceTensor.clone().detach() or sourceTensor.clone().detach().requires_grad_(True), rather than torch.tensor(sourceTensor).
  return torch.tensor(dicts[dict_type], dtype=torch.float, device=device)
1 596
1 28
2 1758
3 596
3 100
4 2420
5 1486
5 100
Traceback (most recent call last):
  File "/Users/jylee/Desktop/RAP/SHINE-EMNLP21/SHINE-Torch_no-ent/train.py", line 50, in <module>
    trainer = Trainer(params)
              ^^^^^^^^^^^^^^^
  File "/Users/jylee/Desktop/RAP/SHINE-EMNLP21/SHINE-Torch_no-ent/Trainer.py", line 33, in __init__
    self.adj_dict, self.features_dict, self.train_idx, self.valid_idx, self.test_idx, self.labels, self.nums_node = self.load_data()
                                                                                                                    ^^^^^^^^^^^^^^^^
  File "/Users/jylee/Desktop/RAP/SHINE-EMNLP21/SHINE-Torch_no-ent/Trainer.py", line 219, in load_data
    labels = json.load(open(self.data_path + './fine_labels.json'))
                       ^^^^^^^^^^^^^^^^^^^^^^^^^^^^^^^^^^^^^^^^^^^
FileNotFoundError: [Errno 2] No such file or directory: '../data/./nu_data/./fine_labels.json'
/Users/jylee/Desktop/RAP/SHINE-EMNLP21/SHINE-Torch_no-ent/utils.py:9: UserWarning: To copy construct from a tensor, it is recommended to use sourceTensor.clone().detach() or sourceTensor.clone().detach().requires_grad_(True), rather than torch.tensor(sourceTensor).
  return torch.tensor(dicts[dict_type], dtype=torch.float, device=device)
1 596
1 28
2 1758
3 596
3 100
4 2420
5 1486
5 100
Traceback (most recent call last):
  File "/Users/jylee/Desktop/RAP/SHINE-EMNLP21/SHINE-Torch_no-ent/train.py", line 50, in <module>
    trainer = Trainer(params)
              ^^^^^^^^^^^^^^^
  File "/Users/jylee/Desktop/RAP/SHINE-EMNLP21/SHINE-Torch_no-ent/Trainer.py", line 33, in __init__
    self.adj_dict, self.features_dict, self.train_idx, self.valid_idx, self.test_idx, self.labels, self.nums_node = self.load_data()
                                                                                                                    ^^^^^^^^^^^^^^^^
  File "/Users/jylee/Desktop/RAP/SHINE-EMNLP21/SHINE-Torch_no-ent/Trainer.py", line 219, in load_data
    labels = json.load(open(self.data_path + './fine_labels.json'))
                       ^^^^^^^^^^^^^^^^^^^^^^^^^^^^^^^^^^^^^^^^^^^
FileNotFoundError: [Errno 2] No such file or directory: '../data/./nu_data/./fine_labels.json'
/Users/jylee/Desktop/RAP/SHINE-EMNLP21/SHINE-Torch_no-ent/utils.py:9: UserWarning: To copy construct from a tensor, it is recommended to use sourceTensor.clone().detach() or sourceTensor.clone().detach().requires_grad_(True), rather than torch.tensor(sourceTensor).
  return torch.tensor(dicts[dict_type], dtype=torch.float, device=device)
1 596
1 28
2 1758
3 596
3 100
4 2420
5 1486
5 100
train samples:  333
[286, 386, 209, 93, 284, 155, 5, 45, 116, 358]
valid samples:  84
[152, 397, 411, 94, 70, 415, 388, 220, 39, 55]
test samples:  179
[417, 418, 419, 420, 421, 422, 423, 424, 425, 426]
data process time: 0.1308879852294922
in_features_dim [0, 28, 1758, 100, 2420, 100, 2068]
out_features_dim [3, 200, 200, 200, 200, 200, 200]
494,803 training parameters.
Traceback (most recent call last):
  File "/Users/jylee/Desktop/RAP/SHINE-EMNLP21/SHINE-Torch_no-ent/train.py", line 51, in <module>
    best_test_f1, best_test_precision, best_test_recall = trainer.train()
                                                          ^^^^^^^^^^^^^^^
  File "/Users/jylee/Desktop/RAP/SHINE-EMNLP21/SHINE-Torch_no-ent/Trainer.py", line 80, in train
    output = self.model(i)
             ^^^^^^^^^^^^^
  File "/Users/jylee/Desktop/RAP/SHINE-EMNLP21/.shine/lib/python3.11/site-packages/torch/nn/modules/module.py", line 1511, in _wrapped_call_impl
    return self._call_impl(*args, **kwargs)
           ^^^^^^^^^^^^^^^^^^^^^^^^^^^^^^^^
  File "/Users/jylee/Desktop/RAP/SHINE-EMNLP21/.shine/lib/python3.11/site-packages/torch/nn/modules/module.py", line 1520, in _call_impl
    return forward_call(*args, **kwargs)
           ^^^^^^^^^^^^^^^^^^^^^^^^^^^^^
  File "/Users/jylee/Desktop/RAP/SHINE-EMNLP21/SHINE-Torch_no-ent/model.py", line 87, in forward
    refined_text_input_normed = self.embed_component()
                                ^^^^^^^^^^^^^^^^^^^^^^
  File "/Users/jylee/Desktop/RAP/SHINE-EMNLP21/SHINE-Torch_no-ent/model.py", line 77, in embed_component
    refined_text_input = aggregate(self.adj, output, self.type_num - 1) 
                         ^^^^^^^^^^^^^^^^^^^^^^^^^^^^^^^^^^^^^^^^^^^^^^
  File "/Users/jylee/Desktop/RAP/SHINE-EMNLP21/SHINE-Torch_no-ent/utils.py", line 18, in aggregate
    aggregate_output.append(torch.matmul(adj, input[i]) / (torch.sum(adj, dim=-1).unsqueeze(-1) + 1e-9))
                                              ~~~~~^^^
IndexError: list index out of range
